[0.016s] Invoking command in '/home/keny/MANOS_ws/build/custom_msg': CMAKE_PREFIX_PATH=${CMAKE_PREFIX_PATH}:/home/keny/MANOS_ws/install/host_listener_package:/home/keny/MANOS_ws/install/hand_detector:/home/keny/MANOS_ws/install/castelet:/home/keny/MANOS_ws/install/camera:/opt/ros/galactic /usr/bin/cmake --build /home/keny/MANOS_ws/build/custom_msg -- -j16 -l16
[0.032s] [  2%] Built target custom_msg__cpp
[0.033s] [ 12%] Built target custom_msg__rosidl_generator_c
[0.041s] [ 28%] Built target custom_msg__rosidl_typesupport_c
[0.041s] [ 33%] Built target custom_msg__rosidl_typesupport_cpp
[0.041s] [ 43%] Built target custom_msg__rosidl_typesupport_introspection_c
[0.041s] [ 53%] Built target custom_msg__rosidl_typesupport_introspection_cpp
[0.041s] [ 64%] Built target custom_msg__rosidl_typesupport_fastrtps_cpp
[0.049s] [ 74%] Built target custom_msg__rosidl_typesupport_fastrtps_c
[0.055s] [ 74%] Built target custom_msg
[0.061s] [ 76%] Built target custom_msg__py
[0.068s] [ 84%] Built target custom_msg__python
[0.077s] [ 89%] Built target custom_msg__rosidl_typesupport_fastrtps_c__pyext
[0.077s] [ 94%] Built target custom_msg__rosidl_typesupport_introspection_c__pyext
[0.077s] [100%] Built target custom_msg__rosidl_typesupport_c__pyext
[0.081s] Invoked command in '/home/keny/MANOS_ws/build/custom_msg' returned '0': CMAKE_PREFIX_PATH=${CMAKE_PREFIX_PATH}:/home/keny/MANOS_ws/install/host_listener_package:/home/keny/MANOS_ws/install/hand_detector:/home/keny/MANOS_ws/install/castelet:/home/keny/MANOS_ws/install/camera:/opt/ros/galactic /usr/bin/cmake --build /home/keny/MANOS_ws/build/custom_msg -- -j16 -l16
[0.176s] Invoking command in '/home/keny/MANOS_ws/build/custom_msg': CMAKE_PREFIX_PATH=${CMAKE_PREFIX_PATH}:/home/keny/MANOS_ws/install/host_listener_package:/home/keny/MANOS_ws/install/hand_detector:/home/keny/MANOS_ws/install/castelet:/home/keny/MANOS_ws/install/camera:/opt/ros/galactic /usr/bin/cmake --install /home/keny/MANOS_ws/build/custom_msg
[0.182s] -- Install configuration: ""
[0.182s] -- Up-to-date: /home/keny/MANOS_ws/install/custom_msg/share/ament_index/resource_index/rosidl_interfaces/custom_msg
[0.182s] -- Up-to-date: /home/keny/MANOS_ws/install/custom_msg/include/custom_msg
[0.182s] -- Up-to-date: /home/keny/MANOS_ws/install/custom_msg/include/custom_msg/msg
[0.183s] -- Up-to-date: /home/keny/MANOS_ws/install/custom_msg/include/custom_msg/msg/detail
[0.183s] -- Up-to-date: /home/keny/MANOS_ws/install/custom_msg/include/custom_msg/msg/detail/list_string__functions.h
[0.183s] -- Up-to-date: /home/keny/MANOS_ws/install/custom_msg/include/custom_msg/msg/detail/pos__functions.c
[0.183s] -- Up-to-date: /home/keny/MANOS_ws/install/custom_msg/include/custom_msg/msg/detail/list_string__type_support.h
[0.183s] -- Up-to-date: /home/keny/MANOS_ws/install/custom_msg/include/custom_msg/msg/detail/pos__type_support.h
[0.183s] -- Up-to-date: /home/keny/MANOS_ws/install/custom_msg/include/custom_msg/msg/detail/list_string__functions.c
[0.184s] -- Up-to-date: /home/keny/MANOS_ws/install/custom_msg/include/custom_msg/msg/detail/pos__struct.h
[0.184s] -- Up-to-date: /home/keny/MANOS_ws/install/custom_msg/include/custom_msg/msg/detail/list_string__struct.h
[0.184s] -- Up-to-date: /home/keny/MANOS_ws/install/custom_msg/include/custom_msg/msg/detail/pos__functions.h
[0.184s] -- Up-to-date: /home/keny/MANOS_ws/install/custom_msg/include/custom_msg/msg/rosidl_generator_c__visibility_control.h
[0.184s] -- Up-to-date: /home/keny/MANOS_ws/install/custom_msg/include/custom_msg/msg/list_string.h
[0.184s] -- Up-to-date: /home/keny/MANOS_ws/install/custom_msg/include/custom_msg/msg/pos.h
[0.185s] -- Up-to-date: /home/keny/MANOS_ws/install/custom_msg/share/custom_msg/environment/library_path.sh
[0.185s] -- Up-to-date: /home/keny/MANOS_ws/install/custom_msg/share/custom_msg/environment/library_path.dsv
[0.185s] -- Up-to-date: /home/keny/MANOS_ws/install/custom_msg/lib/libcustom_msg__rosidl_generator_c.so
[0.185s] -- Up-to-date: /home/keny/MANOS_ws/install/custom_msg/include/custom_msg
[0.185s] -- Up-to-date: /home/keny/MANOS_ws/install/custom_msg/include/custom_msg/msg
[0.186s] -- Up-to-date: /home/keny/MANOS_ws/install/custom_msg/include/custom_msg/msg/rosidl_typesupport_fastrtps_c__visibility_control.h
[0.186s] -- Up-to-date: /home/keny/MANOS_ws/install/custom_msg/include/custom_msg/msg/detail
[0.186s] -- Up-to-date: /home/keny/MANOS_ws/install/custom_msg/include/custom_msg/msg/detail/pos__rosidl_typesupport_fastrtps_c.h
[0.186s] -- Up-to-date: /home/keny/MANOS_ws/install/custom_msg/include/custom_msg/msg/detail/list_string__rosidl_typesupport_fastrtps_c.h
[0.186s] -- Up-to-date: /home/keny/MANOS_ws/install/custom_msg/lib/libcustom_msg__rosidl_typesupport_fastrtps_c.so
[0.186s] -- Up-to-date: /home/keny/MANOS_ws/install/custom_msg/include/custom_msg
[0.186s] -- Up-to-date: /home/keny/MANOS_ws/install/custom_msg/include/custom_msg/msg
[0.187s] -- Up-to-date: /home/keny/MANOS_ws/install/custom_msg/include/custom_msg/msg/detail
[0.187s] -- Up-to-date: /home/keny/MANOS_ws/install/custom_msg/include/custom_msg/msg/detail/dds_fastrtps
[0.187s] -- Up-to-date: /home/keny/MANOS_ws/install/custom_msg/include/custom_msg/msg/detail/list_string__rosidl_typesupport_fastrtps_cpp.hpp
[0.187s] -- Up-to-date: /home/keny/MANOS_ws/install/custom_msg/include/custom_msg/msg/detail/pos__rosidl_typesupport_fastrtps_cpp.hpp
[0.187s] -- Up-to-date: /home/keny/MANOS_ws/install/custom_msg/include/custom_msg/msg/rosidl_typesupport_fastrtps_cpp__visibility_control.h
[0.187s] -- Up-to-date: /home/keny/MANOS_ws/install/custom_msg/lib/libcustom_msg__rosidl_typesupport_fastrtps_cpp.so
[0.187s] -- Up-to-date: /home/keny/MANOS_ws/install/custom_msg/include/custom_msg
[0.187s] -- Up-to-date: /home/keny/MANOS_ws/install/custom_msg/include/custom_msg/msg
[0.187s] -- Up-to-date: /home/keny/MANOS_ws/install/custom_msg/include/custom_msg/msg/detail
[0.187s] -- Up-to-date: /home/keny/MANOS_ws/install/custom_msg/include/custom_msg/msg/detail/list_string__type_support.c
[0.188s] -- Up-to-date: /home/keny/MANOS_ws/install/custom_msg/include/custom_msg/msg/detail/pos__type_support.c
[0.188s] -- Up-to-date: /home/keny/MANOS_ws/install/custom_msg/include/custom_msg/msg/detail/pos__rosidl_typesupport_introspection_c.h
[0.188s] -- Up-to-date: /home/keny/MANOS_ws/install/custom_msg/include/custom_msg/msg/detail/list_string__rosidl_typesupport_introspection_c.h
[0.188s] -- Up-to-date: /home/keny/MANOS_ws/install/custom_msg/include/custom_msg/msg/rosidl_typesupport_introspection_c__visibility_control.h
[0.188s] -- Up-to-date: /home/keny/MANOS_ws/install/custom_msg/lib/libcustom_msg__rosidl_typesupport_introspection_c.so
[0.188s] -- Up-to-date: /home/keny/MANOS_ws/install/custom_msg/lib/libcustom_msg__rosidl_typesupport_c.so
[0.188s] -- Up-to-date: /home/keny/MANOS_ws/install/custom_msg/include/custom_msg
[0.188s] -- Up-to-date: /home/keny/MANOS_ws/install/custom_msg/include/custom_msg/msg
[0.188s] -- Up-to-date: /home/keny/MANOS_ws/install/custom_msg/include/custom_msg/msg/pos.hpp
[0.188s] -- Up-to-date: /home/keny/MANOS_ws/install/custom_msg/include/custom_msg/msg/list_string.hpp
[0.188s] -- Up-to-date: /home/keny/MANOS_ws/install/custom_msg/include/custom_msg/msg/detail
[0.189s] -- Up-to-date: /home/keny/MANOS_ws/install/custom_msg/include/custom_msg/msg/detail/list_string__builder.hpp
[0.189s] -- Up-to-date: /home/keny/MANOS_ws/install/custom_msg/include/custom_msg/msg/detail/pos__struct.hpp
[0.189s] -- Up-to-date: /home/keny/MANOS_ws/install/custom_msg/include/custom_msg/msg/detail/list_string__traits.hpp
[0.189s] -- Up-to-date: /home/keny/MANOS_ws/install/custom_msg/include/custom_msg/msg/detail/pos__traits.hpp
[0.189s] -- Up-to-date: /home/keny/MANOS_ws/install/custom_msg/include/custom_msg/msg/detail/list_string__struct.hpp
[0.189s] -- Up-to-date: /home/keny/MANOS_ws/install/custom_msg/include/custom_msg/msg/detail/pos__builder.hpp
[0.189s] -- Up-to-date: /home/keny/MANOS_ws/install/custom_msg/include/custom_msg
[0.189s] -- Up-to-date: /home/keny/MANOS_ws/install/custom_msg/include/custom_msg/msg
[0.189s] -- Up-to-date: /home/keny/MANOS_ws/install/custom_msg/include/custom_msg/msg/detail
[0.189s] -- Up-to-date: /home/keny/MANOS_ws/install/custom_msg/include/custom_msg/msg/detail/pos__type_support.cpp
[0.189s] -- Up-to-date: /home/keny/MANOS_ws/install/custom_msg/include/custom_msg/msg/detail/list_string__type_support.cpp
[0.190s] -- Up-to-date: /home/keny/MANOS_ws/install/custom_msg/include/custom_msg/msg/detail/list_string__rosidl_typesupport_introspection_cpp.hpp
[0.190s] -- Up-to-date: /home/keny/MANOS_ws/install/custom_msg/include/custom_msg/msg/detail/pos__rosidl_typesupport_introspection_cpp.hpp
[0.190s] -- Up-to-date: /home/keny/MANOS_ws/install/custom_msg/lib/libcustom_msg__rosidl_typesupport_introspection_cpp.so
[0.190s] -- Up-to-date: /home/keny/MANOS_ws/install/custom_msg/lib/libcustom_msg__rosidl_typesupport_cpp.so
[0.190s] -- Up-to-date: /home/keny/MANOS_ws/install/custom_msg/share/custom_msg/environment/pythonpath.sh
[0.190s] -- Up-to-date: /home/keny/MANOS_ws/install/custom_msg/share/custom_msg/environment/pythonpath.dsv
[0.190s] -- Up-to-date: /home/keny/MANOS_ws/install/custom_msg/lib/python3.8/site-packages/custom_msg/__init__.py
[0.220s] -- Up-to-date: /home/keny/MANOS_ws/install/custom_msg/lib/python3.8/site-packages/custom_msg/msg
[0.220s] -- Up-to-date: /home/keny/MANOS_ws/install/custom_msg/lib/python3.8/site-packages/custom_msg/msg/_list_string_s.c
[0.220s] -- Up-to-date: /home/keny/MANOS_ws/install/custom_msg/lib/python3.8/site-packages/custom_msg/msg/_list_string.py
[0.220s] -- Up-to-date: /home/keny/MANOS_ws/install/custom_msg/lib/python3.8/site-packages/custom_msg/msg/_pos.py
[0.220s] -- Up-to-date: /home/keny/MANOS_ws/install/custom_msg/lib/python3.8/site-packages/custom_msg/msg/__init__.py
[0.220s] -- Up-to-date: /home/keny/MANOS_ws/install/custom_msg/lib/python3.8/site-packages/custom_msg/msg/_pos_s.c
[0.220s] -- Up-to-date: /home/keny/MANOS_ws/install/custom_msg/lib/python3.8/site-packages/custom_msg/custom_msg_s__rosidl_typesupport_fastrtps_c.cpython-38-x86_64-linux-gnu.so
[0.220s] -- Up-to-date: /home/keny/MANOS_ws/install/custom_msg/lib/python3.8/site-packages/custom_msg/custom_msg_s__rosidl_typesupport_introspection_c.cpython-38-x86_64-linux-gnu.so
[0.220s] -- Up-to-date: /home/keny/MANOS_ws/install/custom_msg/lib/python3.8/site-packages/custom_msg/custom_msg_s__rosidl_typesupport_c.cpython-38-x86_64-linux-gnu.so
[0.220s] -- Up-to-date: /home/keny/MANOS_ws/install/custom_msg/lib/libcustom_msg__python.so
[0.221s] -- Up-to-date: /home/keny/MANOS_ws/install/custom_msg/share/custom_msg/msg/ListString.idl
[0.221s] -- Up-to-date: /home/keny/MANOS_ws/install/custom_msg/share/custom_msg/msg/Pos.idl
[0.221s] -- Up-to-date: /home/keny/MANOS_ws/install/custom_msg/share/custom_msg/msg/ListString.msg
[0.221s] -- Up-to-date: /home/keny/MANOS_ws/install/custom_msg/share/custom_msg/msg/Pos.msg
[0.221s] -- Up-to-date: /home/keny/MANOS_ws/install/custom_msg/share/ament_index/resource_index/package_run_dependencies/custom_msg
[0.221s] -- Up-to-date: /home/keny/MANOS_ws/install/custom_msg/share/ament_index/resource_index/parent_prefix_path/custom_msg
[0.221s] -- Up-to-date: /home/keny/MANOS_ws/install/custom_msg/share/custom_msg/environment/ament_prefix_path.sh
[0.221s] -- Up-to-date: /home/keny/MANOS_ws/install/custom_msg/share/custom_msg/environment/ament_prefix_path.dsv
[0.221s] -- Up-to-date: /home/keny/MANOS_ws/install/custom_msg/share/custom_msg/environment/path.sh
[0.222s] -- Up-to-date: /home/keny/MANOS_ws/install/custom_msg/share/custom_msg/environment/path.dsv
[0.222s] -- Up-to-date: /home/keny/MANOS_ws/install/custom_msg/share/custom_msg/local_setup.bash
[0.222s] -- Up-to-date: /home/keny/MANOS_ws/install/custom_msg/share/custom_msg/local_setup.sh
[0.222s] -- Up-to-date: /home/keny/MANOS_ws/install/custom_msg/share/custom_msg/local_setup.zsh
[0.222s] -- Up-to-date: /home/keny/MANOS_ws/install/custom_msg/share/custom_msg/local_setup.dsv
[0.222s] -- Installing: /home/keny/MANOS_ws/install/custom_msg/share/custom_msg/package.dsv
[0.222s] -- Up-to-date: /home/keny/MANOS_ws/install/custom_msg/share/ament_index/resource_index/packages/custom_msg
[0.222s] -- Up-to-date: /home/keny/MANOS_ws/install/custom_msg/share/custom_msg/cmake/custom_msg__rosidl_generator_cExport.cmake
[0.222s] -- Up-to-date: /home/keny/MANOS_ws/install/custom_msg/share/custom_msg/cmake/custom_msg__rosidl_generator_cExport-noconfig.cmake
[0.222s] -- Up-to-date: /home/keny/MANOS_ws/install/custom_msg/share/custom_msg/cmake/custom_msg__rosidl_typesupport_introspection_cExport.cmake
[0.222s] -- Up-to-date: /home/keny/MANOS_ws/install/custom_msg/share/custom_msg/cmake/custom_msg__rosidl_typesupport_introspection_cExport-noconfig.cmake
[0.222s] -- Up-to-date: /home/keny/MANOS_ws/install/custom_msg/share/custom_msg/cmake/custom_msg__rosidl_typesupport_cExport.cmake
[0.222s] -- Up-to-date: /home/keny/MANOS_ws/install/custom_msg/share/custom_msg/cmake/custom_msg__rosidl_typesupport_cExport-noconfig.cmake
[0.222s] -- Up-to-date: /home/keny/MANOS_ws/install/custom_msg/share/custom_msg/cmake/custom_msg__rosidl_generator_cppExport.cmake
[0.222s] -- Up-to-date: /home/keny/MANOS_ws/install/custom_msg/share/custom_msg/cmake/custom_msg__rosidl_typesupport_introspection_cppExport.cmake
[0.223s] -- Up-to-date: /home/keny/MANOS_ws/install/custom_msg/share/custom_msg/cmake/custom_msg__rosidl_typesupport_introspection_cppExport-noconfig.cmake
[0.223s] -- Up-to-date: /home/keny/MANOS_ws/install/custom_msg/share/custom_msg/cmake/custom_msg__rosidl_typesupport_cppExport.cmake
[0.223s] -- Up-to-date: /home/keny/MANOS_ws/install/custom_msg/share/custom_msg/cmake/custom_msg__rosidl_typesupport_cppExport-noconfig.cmake
[0.223s] -- Up-to-date: /home/keny/MANOS_ws/install/custom_msg/share/custom_msg/cmake/rosidl_cmake-extras.cmake
[0.223s] -- Up-to-date: /home/keny/MANOS_ws/install/custom_msg/share/custom_msg/cmake/ament_cmake_export_dependencies-extras.cmake
[0.223s] -- Up-to-date: /home/keny/MANOS_ws/install/custom_msg/share/custom_msg/cmake/ament_cmake_export_libraries-extras.cmake
[0.223s] -- Up-to-date: /home/keny/MANOS_ws/install/custom_msg/share/custom_msg/cmake/ament_cmake_export_targets-extras.cmake
[0.223s] -- Up-to-date: /home/keny/MANOS_ws/install/custom_msg/share/custom_msg/cmake/ament_cmake_export_include_directories-extras.cmake
[0.224s] -- Up-to-date: /home/keny/MANOS_ws/install/custom_msg/share/custom_msg/cmake/rosidl_cmake_export_typesupport_libraries-extras.cmake
[0.224s] -- Up-to-date: /home/keny/MANOS_ws/install/custom_msg/share/custom_msg/cmake/rosidl_cmake_export_typesupport_targets-extras.cmake
[0.225s] -- Up-to-date: /home/keny/MANOS_ws/install/custom_msg/share/custom_msg/cmake/custom_msgConfig.cmake
[0.225s] -- Up-to-date: /home/keny/MANOS_ws/install/custom_msg/share/custom_msg/cmake/custom_msgConfig-version.cmake
[0.226s] -- Up-to-date: /home/keny/MANOS_ws/install/custom_msg/share/custom_msg/package.xml
[0.227s] Invoked command in '/home/keny/MANOS_ws/build/custom_msg' returned '0': CMAKE_PREFIX_PATH=${CMAKE_PREFIX_PATH}:/home/keny/MANOS_ws/install/host_listener_package:/home/keny/MANOS_ws/install/hand_detector:/home/keny/MANOS_ws/install/castelet:/home/keny/MANOS_ws/install/camera:/opt/ros/galactic /usr/bin/cmake --install /home/keny/MANOS_ws/build/custom_msg
