[0.941s] Invoking command in '/home/field/MANOS/src/host_listener_package': AMENT_PREFIX_PATH=/home/field/MANOS/install/custom_msg:${AMENT_PREFIX_PATH} CMAKE_PREFIX_PATH=/home/field/MANOS/install/custom_msg LD_LIBRARY_PATH=/home/field/MANOS/install/custom_msg/lib:${LD_LIBRARY_PATH} PYTHONPATH=/home/field/MANOS/build/host_listener_package/prefix_override:/home/field/MANOS/install/host_listener_package/lib/python3.8/site-packages:/home/field/MANOS/install/custom_msg/lib/python3.8/site-packages:/opt/ros/galactic/lib/python3.8/site-packages:/home/field/acs/src/behaviors/ /usr/bin/python3 setup.py egg_info --egg-base ../../build/host_listener_package build --build-base /home/field/MANOS/build/host_listener_package/build install --record /home/field/MANOS/build/host_listener_package/install.log --single-version-externally-managed
[1.046s] running egg_info
[1.046s] creating ../../build/host_listener_package/host_listener_package.egg-info
[1.046s] writing ../../build/host_listener_package/host_listener_package.egg-info/PKG-INFO
[1.047s] writing dependency_links to ../../build/host_listener_package/host_listener_package.egg-info/dependency_links.txt
[1.047s] writing entry points to ../../build/host_listener_package/host_listener_package.egg-info/entry_points.txt
[1.047s] writing requirements to ../../build/host_listener_package/host_listener_package.egg-info/requires.txt
[1.047s] writing top-level names to ../../build/host_listener_package/host_listener_package.egg-info/top_level.txt
[1.047s] writing manifest file '../../build/host_listener_package/host_listener_package.egg-info/SOURCES.txt'
[1.073s] reading manifest file '../../build/host_listener_package/host_listener_package.egg-info/SOURCES.txt'
[1.073s] writing manifest file '../../build/host_listener_package/host_listener_package.egg-info/SOURCES.txt'
[1.073s] running build
[1.073s] running build_py
[1.073s] creating /home/field/MANOS/build/host_listener_package/build
[1.073s] creating /home/field/MANOS/build/host_listener_package/build/lib
[1.073s] creating /home/field/MANOS/build/host_listener_package/build/lib/host_listener_package
[1.073s] copying host_listener_package/__init__.py -> /home/field/MANOS/build/host_listener_package/build/lib/host_listener_package
[1.073s] copying host_listener_package/host_listener.py -> /home/field/MANOS/build/host_listener_package/build/lib/host_listener_package
[1.073s] running install
[1.075s] running install_lib
[1.077s] creating /home/field/MANOS/install/host_listener_package/lib/python3.8/site-packages/host_listener_package
[1.077s] copying /home/field/MANOS/build/host_listener_package/build/lib/host_listener_package/__init__.py -> /home/field/MANOS/install/host_listener_package/lib/python3.8/site-packages/host_listener_package
[1.077s] copying /home/field/MANOS/build/host_listener_package/build/lib/host_listener_package/host_listener.py -> /home/field/MANOS/install/host_listener_package/lib/python3.8/site-packages/host_listener_package
[1.077s] byte-compiling /home/field/MANOS/install/host_listener_package/lib/python3.8/site-packages/host_listener_package/__init__.py to __init__.cpython-38.pyc
[1.077s] byte-compiling /home/field/MANOS/install/host_listener_package/lib/python3.8/site-packages/host_listener_package/host_listener.py to host_listener.cpython-38.pyc
[1.077s] running install_data
[1.078s] creating /home/field/MANOS/install/host_listener_package/share/ament_index
[1.078s] creating /home/field/MANOS/install/host_listener_package/share/ament_index/resource_index
[1.078s] creating /home/field/MANOS/install/host_listener_package/share/ament_index/resource_index/packages
[1.078s] copying resource/host_listener_package -> /home/field/MANOS/install/host_listener_package/share/ament_index/resource_index/packages
[1.078s] copying package.xml -> /home/field/MANOS/install/host_listener_package/share/host_listener_package
[1.078s] running install_egg_info
[1.079s] Copying ../../build/host_listener_package/host_listener_package.egg-info to /home/field/MANOS/install/host_listener_package/lib/python3.8/site-packages/host_listener_package-0.0.0-py3.8.egg-info
[1.079s] running install_scripts
[1.086s] Installing host_listener script to /home/field/MANOS/install/host_listener_package/lib/host_listener_package
[1.086s] writing list of installed files to '/home/field/MANOS/build/host_listener_package/install.log'
[1.100s] Invoked command in '/home/field/MANOS/src/host_listener_package' returned '0': AMENT_PREFIX_PATH=/home/field/MANOS/install/custom_msg:${AMENT_PREFIX_PATH} CMAKE_PREFIX_PATH=/home/field/MANOS/install/custom_msg LD_LIBRARY_PATH=/home/field/MANOS/install/custom_msg/lib:${LD_LIBRARY_PATH} PYTHONPATH=/home/field/MANOS/build/host_listener_package/prefix_override:/home/field/MANOS/install/host_listener_package/lib/python3.8/site-packages:/home/field/MANOS/install/custom_msg/lib/python3.8/site-packages:/opt/ros/galactic/lib/python3.8/site-packages:/home/field/acs/src/behaviors/ /usr/bin/python3 setup.py egg_info --egg-base ../../build/host_listener_package build --build-base /home/field/MANOS/build/host_listener_package/build install --record /home/field/MANOS/build/host_listener_package/install.log --single-version-externally-managed
