[4.781s] Invoking command in '/home/keny/MANOS_ws/src/camera': PYTHONPATH=/home/keny/MANOS_ws/build/camera/prefix_override:/home/keny/MANOS_ws/install/camera/lib/python3.8/site-packages:/home/keny/MANOS_ws/install/custom_msg/lib/python3.8/site-packages:/home/keny/MANOS_ws/install/manos_manager/lib/python3.8/site-packages:/home/keny/MANOS_ws/install/host_listener_package/lib/python3.8/site-packages:/home/keny/MANOS_ws/install/hand_detector/lib/python3.8/site-packages:/home/keny/MANOS_ws/install/castelet/lib/python3.8/site-packages:/home/keny/MANOS_ws/install/camera/lib/python3.8/site-packages:/home/keny/MANOS_ws/install/CustomRosController/lib/python3.8/site-packages:/opt/ros/galactic/lib/python3.8/site-packages:/home/keny/acs/src/behaviors/ /usr/bin/python3 setup.py egg_info --egg-base ../../build/camera build --build-base /home/keny/MANOS_ws/build/camera/build install --record /home/keny/MANOS_ws/build/camera/install.log --single-version-externally-managed
[5.460s] running egg_info
[5.462s] writing ../../build/camera/camera.egg-info/PKG-INFO
[5.463s] writing dependency_links to ../../build/camera/camera.egg-info/dependency_links.txt
[5.464s] writing entry points to ../../build/camera/camera.egg-info/entry_points.txt
[5.464s] writing requirements to ../../build/camera/camera.egg-info/requires.txt
[5.464s] writing top-level names to ../../build/camera/camera.egg-info/top_level.txt
[5.549s] reading manifest file '../../build/camera/camera.egg-info/SOURCES.txt'
[5.551s] writing manifest file '../../build/camera/camera.egg-info/SOURCES.txt'
[5.552s] running build
[5.552s] running build_py
[5.553s] running install
[5.554s] running install_lib
[5.558s] running install_data
[5.560s] running install_egg_info
[5.565s] removing '/home/keny/MANOS_ws/install/camera/lib/python3.8/site-packages/camera-0.0.0-py3.8.egg-info' (and everything under it)
[5.567s] Copying ../../build/camera/camera.egg-info to /home/keny/MANOS_ws/install/camera/lib/python3.8/site-packages/camera-0.0.0-py3.8.egg-info
[5.569s] running install_scripts
[5.611s] Installing camera script to /home/keny/MANOS_ws/install/camera/lib/camera
[5.611s] writing list of installed files to '/home/keny/MANOS_ws/build/camera/install.log'
[5.668s] Invoked command in '/home/keny/MANOS_ws/src/camera' returned '0': PYTHONPATH=/home/keny/MANOS_ws/build/camera/prefix_override:/home/keny/MANOS_ws/install/camera/lib/python3.8/site-packages:/home/keny/MANOS_ws/install/custom_msg/lib/python3.8/site-packages:/home/keny/MANOS_ws/install/manos_manager/lib/python3.8/site-packages:/home/keny/MANOS_ws/install/host_listener_package/lib/python3.8/site-packages:/home/keny/MANOS_ws/install/hand_detector/lib/python3.8/site-packages:/home/keny/MANOS_ws/install/castelet/lib/python3.8/site-packages:/home/keny/MANOS_ws/install/camera/lib/python3.8/site-packages:/home/keny/MANOS_ws/install/CustomRosController/lib/python3.8/site-packages:/opt/ros/galactic/lib/python3.8/site-packages:/home/keny/acs/src/behaviors/ /usr/bin/python3 setup.py egg_info --egg-base ../../build/camera build --build-base /home/keny/MANOS_ws/build/camera/build install --record /home/keny/MANOS_ws/build/camera/install.log --single-version-externally-managed
