[4.652s] Invoking command in '/home/field/MANOS/src/camera': CMAKE_PREFIX_PATH=/home/field/MANOS/install/custom_msg:/home/field/MANOS/install/servo_control LD_LIBRARY_PATH=/home/field/MANOS/install/custom_msg/lib:/usr/local/cuda/lib64:/home/field/MANOS/install/servo_control/lib:/opt/ros/galactic/opt/yaml_cpp_vendor/lib:/opt/ros/galactic/opt/rviz_ogre_vendor/lib:/opt/ros/galactic/lib/x86_64-linux-gnu:/opt/ros/galactic/lib PYTHONPATH=/home/field/MANOS/build/camera/prefix_override:/home/field/MANOS/install/camera/lib/python3.8/site-packages:/home/field/MANOS/install/custom_msg/lib/python3.8/site-packages:/home/field/MANOS/install/servo_control/lib/python3.8/site-packages:/home/field/MANOS/install/manos_manager/lib/python3.8/site-packages:/home/field/MANOS/install/host_listener_package/lib/python3.8/site-packages:/home/field/MANOS/install/hand_detector/lib/python3.8/site-packages:/home/field/MANOS/install/custom_ros_controller/lib/python3.8/site-packages:/home/field/MANOS/install/castelet/lib/python3.8/site-packages:/home/field/MANOS/install/camera/lib/python3.8/site-packages:/opt/ros/galactic/lib/python3.8/site-packages /usr/bin/python3 setup.py egg_info --egg-base ../../build/camera build --build-base /home/field/MANOS/build/camera/build install --record /home/field/MANOS/build/camera/install.log --single-version-externally-managed
[4.782s] running egg_info
[4.783s] writing ../../build/camera/camera.egg-info/PKG-INFO
[4.783s] writing dependency_links to ../../build/camera/camera.egg-info/dependency_links.txt
[4.783s] writing entry points to ../../build/camera/camera.egg-info/entry_points.txt
[4.783s] writing requirements to ../../build/camera/camera.egg-info/requires.txt
[4.783s] writing top-level names to ../../build/camera/camera.egg-info/top_level.txt
[4.803s] reading manifest file '../../build/camera/camera.egg-info/SOURCES.txt'
[4.804s] writing manifest file '../../build/camera/camera.egg-info/SOURCES.txt'
[4.804s] running build
[4.804s] running build_py
[4.805s] running install
[4.805s] running install_lib
[4.805s] running install_data
[4.805s] running install_egg_info
[4.806s] removing '/home/field/MANOS/install/camera/lib/python3.8/site-packages/camera-0.0.0-py3.8.egg-info' (and everything under it)
[4.807s] Copying ../../build/camera/camera.egg-info to /home/field/MANOS/install/camera/lib/python3.8/site-packages/camera-0.0.0-py3.8.egg-info
[4.808s] running install_scripts
[4.823s] Installing cam script to /home/field/MANOS/install/camera/lib/camera
[4.823s] Installing camera script to /home/field/MANOS/install/camera/lib/camera
[4.824s] writing list of installed files to '/home/field/MANOS/build/camera/install.log'
[5.170s] Invoked command in '/home/field/MANOS/src/camera' returned '0': CMAKE_PREFIX_PATH=/home/field/MANOS/install/custom_msg:/home/field/MANOS/install/servo_control LD_LIBRARY_PATH=/home/field/MANOS/install/custom_msg/lib:/usr/local/cuda/lib64:/home/field/MANOS/install/servo_control/lib:/opt/ros/galactic/opt/yaml_cpp_vendor/lib:/opt/ros/galactic/opt/rviz_ogre_vendor/lib:/opt/ros/galactic/lib/x86_64-linux-gnu:/opt/ros/galactic/lib PYTHONPATH=/home/field/MANOS/build/camera/prefix_override:/home/field/MANOS/install/camera/lib/python3.8/site-packages:/home/field/MANOS/install/custom_msg/lib/python3.8/site-packages:/home/field/MANOS/install/servo_control/lib/python3.8/site-packages:/home/field/MANOS/install/manos_manager/lib/python3.8/site-packages:/home/field/MANOS/install/host_listener_package/lib/python3.8/site-packages:/home/field/MANOS/install/hand_detector/lib/python3.8/site-packages:/home/field/MANOS/install/custom_ros_controller/lib/python3.8/site-packages:/home/field/MANOS/install/castelet/lib/python3.8/site-packages:/home/field/MANOS/install/camera/lib/python3.8/site-packages:/opt/ros/galactic/lib/python3.8/site-packages /usr/bin/python3 setup.py egg_info --egg-base ../../build/camera build --build-base /home/field/MANOS/build/camera/build install --record /home/field/MANOS/build/camera/install.log --single-version-externally-managed
