[1.161s] Invoking command in '/home/field/MANOS/src/camera': AMENT_PREFIX_PATH=/home/field/MANOS/install/custom_msg:${AMENT_PREFIX_PATH} CMAKE_PREFIX_PATH=/home/field/MANOS/install/custom_msg LD_LIBRARY_PATH=/home/field/MANOS/install/custom_msg/lib:${LD_LIBRARY_PATH} PYTHONPATH=/home/field/MANOS/build/camera/prefix_override:/home/field/MANOS/install/camera/lib/python3.8/site-packages:/home/field/MANOS/install/custom_msg/lib/python3.8/site-packages:/opt/ros/galactic/lib/python3.8/site-packages:/home/field/acs/src/behaviors/ /usr/bin/python3 setup.py egg_info --egg-base ../../build/camera build --build-base /home/field/MANOS/build/camera/build install --record /home/field/MANOS/build/camera/install.log --single-version-externally-managed
[1.264s] running egg_info
[1.265s] creating ../../build/camera/camera.egg-info
[1.265s] writing ../../build/camera/camera.egg-info/PKG-INFO
[1.265s] writing dependency_links to ../../build/camera/camera.egg-info/dependency_links.txt
[1.265s] writing entry points to ../../build/camera/camera.egg-info/entry_points.txt
[1.265s] writing requirements to ../../build/camera/camera.egg-info/requires.txt
[1.265s] writing top-level names to ../../build/camera/camera.egg-info/top_level.txt
[1.266s] writing manifest file '../../build/camera/camera.egg-info/SOURCES.txt'
[1.289s] reading manifest file '../../build/camera/camera.egg-info/SOURCES.txt'
[1.289s] writing manifest file '../../build/camera/camera.egg-info/SOURCES.txt'
[1.289s] running build
[1.290s] running build_py
[1.290s] creating /home/field/MANOS/build/camera/build
[1.290s] creating /home/field/MANOS/build/camera/build/lib
[1.290s] creating /home/field/MANOS/build/camera/build/lib/camera
[1.290s] copying camera/__init__.py -> /home/field/MANOS/build/camera/build/lib/camera
[1.290s] copying camera/camera.py -> /home/field/MANOS/build/camera/build/lib/camera
[1.290s] running install
[1.292s] running install_lib
[1.292s] creating /home/field/MANOS/install/camera/lib/python3.8/site-packages/camera
[1.292s] copying /home/field/MANOS/build/camera/build/lib/camera/__init__.py -> /home/field/MANOS/install/camera/lib/python3.8/site-packages/camera
[1.292s] copying /home/field/MANOS/build/camera/build/lib/camera/camera.py -> /home/field/MANOS/install/camera/lib/python3.8/site-packages/camera
[1.293s] byte-compiling /home/field/MANOS/install/camera/lib/python3.8/site-packages/camera/__init__.py to __init__.cpython-38.pyc
[1.293s] byte-compiling /home/field/MANOS/install/camera/lib/python3.8/site-packages/camera/camera.py to camera.cpython-38.pyc
[1.293s] running install_data
[1.294s] creating /home/field/MANOS/install/camera/share/ament_index
[1.294s] creating /home/field/MANOS/install/camera/share/ament_index/resource_index
[1.294s] creating /home/field/MANOS/install/camera/share/ament_index/resource_index/packages
[1.294s] copying resource/camera -> /home/field/MANOS/install/camera/share/ament_index/resource_index/packages
[1.294s] copying package.xml -> /home/field/MANOS/install/camera/share/camera
[1.294s] running install_egg_info
[1.295s] Copying ../../build/camera/camera.egg-info to /home/field/MANOS/install/camera/lib/python3.8/site-packages/camera-0.0.0-py3.8.egg-info
[1.295s] running install_scripts
[1.302s] Installing camera script to /home/field/MANOS/install/camera/lib/camera
[1.302s] writing list of installed files to '/home/field/MANOS/build/camera/install.log'
[1.371s] Invoked command in '/home/field/MANOS/src/camera' returned '0': AMENT_PREFIX_PATH=/home/field/MANOS/install/custom_msg:${AMENT_PREFIX_PATH} CMAKE_PREFIX_PATH=/home/field/MANOS/install/custom_msg LD_LIBRARY_PATH=/home/field/MANOS/install/custom_msg/lib:${LD_LIBRARY_PATH} PYTHONPATH=/home/field/MANOS/build/camera/prefix_override:/home/field/MANOS/install/camera/lib/python3.8/site-packages:/home/field/MANOS/install/custom_msg/lib/python3.8/site-packages:/opt/ros/galactic/lib/python3.8/site-packages:/home/field/acs/src/behaviors/ /usr/bin/python3 setup.py egg_info --egg-base ../../build/camera build --build-base /home/field/MANOS/build/camera/build install --record /home/field/MANOS/build/camera/install.log --single-version-externally-managed
