[5.143s] Invoking command in '/home/keny/MANOS_ws/src/CustomRosController': PYTHONPATH=/home/keny/MANOS_ws/build/CustomRosController/prefix_override:/home/keny/MANOS_ws/install/CustomRosController/lib/python3.8/site-packages:${PYTHONPATH} /usr/bin/python3 setup.py egg_info --egg-base ../../build/CustomRosController build --build-base /home/keny/MANOS_ws/build/CustomRosController/build install --record /home/keny/MANOS_ws/build/CustomRosController/install.log --single-version-externally-managed
[5.917s] running egg_info
[5.918s] writing ../../build/CustomRosController/CustomRosController.egg-info/PKG-INFO
[5.919s] writing dependency_links to ../../build/CustomRosController/CustomRosController.egg-info/dependency_links.txt
[5.919s] writing entry points to ../../build/CustomRosController/CustomRosController.egg-info/entry_points.txt
[5.920s] writing requirements to ../../build/CustomRosController/CustomRosController.egg-info/requires.txt
[5.920s] writing top-level names to ../../build/CustomRosController/CustomRosController.egg-info/top_level.txt
[6.004s] reading manifest file '../../build/CustomRosController/CustomRosController.egg-info/SOURCES.txt'
[6.006s] writing manifest file '../../build/CustomRosController/CustomRosController.egg-info/SOURCES.txt'
[6.007s] running build
[6.007s] running build_py
[6.008s] running install
[6.009s] running install_lib
[6.013s] running install_data
[6.014s] running install_egg_info
[6.018s] removing '/home/keny/MANOS_ws/install/CustomRosController/lib/python3.8/site-packages/CustomRosController-0.0.0-py3.8.egg-info' (and everything under it)
[6.019s] Copying ../../build/CustomRosController/CustomRosController.egg-info to /home/keny/MANOS_ws/install/CustomRosController/lib/python3.8/site-packages/CustomRosController-0.0.0-py3.8.egg-info
[6.021s] running install_scripts
[6.061s] writing list of installed files to '/home/keny/MANOS_ws/build/CustomRosController/install.log'
[6.116s] Invoked command in '/home/keny/MANOS_ws/src/CustomRosController' returned '0': PYTHONPATH=/home/keny/MANOS_ws/build/CustomRosController/prefix_override:/home/keny/MANOS_ws/install/CustomRosController/lib/python3.8/site-packages:${PYTHONPATH} /usr/bin/python3 setup.py egg_info --egg-base ../../build/CustomRosController build --build-base /home/keny/MANOS_ws/build/CustomRosController/build install --record /home/keny/MANOS_ws/build/CustomRosController/install.log --single-version-externally-managed
