[1.796s] Invoking command in '/home/keny/MANOS_ws/src/hand_detector': PYTHONPATH=/home/keny/MANOS_ws/build/hand_detector/prefix_override:/home/keny/MANOS_ws/install/hand_detector/lib/python3.8/site-packages:/home/keny/MANOS_ws/install/custom_msg/lib/python3.8/site-packages:/home/keny/MANOS_ws/install/manos_manager/lib/python3.8/site-packages:/home/keny/MANOS_ws/install/host_listener_package/lib/python3.8/site-packages:/home/keny/MANOS_ws/install/hand_detector/lib/python3.8/site-packages:/home/keny/MANOS_ws/install/castelet/lib/python3.8/site-packages:/home/keny/MANOS_ws/install/camera/lib/python3.8/site-packages:/home/keny/MANOS_ws/install/CustomRosController/lib/python3.8/site-packages:/opt/ros/galactic/lib/python3.8/site-packages:/home/keny/acs/src/behaviors/ /usr/bin/python3 setup.py egg_info --egg-base ../../build/hand_detector build --build-base /home/keny/MANOS_ws/build/hand_detector/build install --record /home/keny/MANOS_ws/build/hand_detector/install.log --single-version-externally-managed
[2.071s] running egg_info
[2.072s] writing ../../build/hand_detector/hand_detector.egg-info/PKG-INFO
[2.072s] writing dependency_links to ../../build/hand_detector/hand_detector.egg-info/dependency_links.txt
[2.072s] writing entry points to ../../build/hand_detector/hand_detector.egg-info/entry_points.txt
[2.072s] writing requirements to ../../build/hand_detector/hand_detector.egg-info/requires.txt
[2.072s] writing top-level names to ../../build/hand_detector/hand_detector.egg-info/top_level.txt
[2.108s] reading manifest file '../../build/hand_detector/hand_detector.egg-info/SOURCES.txt'
[2.108s] writing manifest file '../../build/hand_detector/hand_detector.egg-info/SOURCES.txt'
[2.109s] running build
[2.109s] running build_py
[2.109s] running install
[2.110s] running install_lib
[2.112s] running install_data
[2.112s] running install_egg_info
[2.114s] removing '/home/keny/MANOS_ws/install/hand_detector/lib/python3.8/site-packages/hand_detector-0.0.0-py3.8.egg-info' (and everything under it)
[2.114s] Copying ../../build/hand_detector/hand_detector.egg-info to /home/keny/MANOS_ws/install/hand_detector/lib/python3.8/site-packages/hand_detector-0.0.0-py3.8.egg-info
[2.115s] running install_scripts
[2.142s] Installing hand_detector script to /home/keny/MANOS_ws/install/hand_detector/lib/hand_detector
[2.143s] writing list of installed files to '/home/keny/MANOS_ws/build/hand_detector/install.log'
[2.182s] Invoked command in '/home/keny/MANOS_ws/src/hand_detector' returned '0': PYTHONPATH=/home/keny/MANOS_ws/build/hand_detector/prefix_override:/home/keny/MANOS_ws/install/hand_detector/lib/python3.8/site-packages:/home/keny/MANOS_ws/install/custom_msg/lib/python3.8/site-packages:/home/keny/MANOS_ws/install/manos_manager/lib/python3.8/site-packages:/home/keny/MANOS_ws/install/host_listener_package/lib/python3.8/site-packages:/home/keny/MANOS_ws/install/hand_detector/lib/python3.8/site-packages:/home/keny/MANOS_ws/install/castelet/lib/python3.8/site-packages:/home/keny/MANOS_ws/install/camera/lib/python3.8/site-packages:/home/keny/MANOS_ws/install/CustomRosController/lib/python3.8/site-packages:/opt/ros/galactic/lib/python3.8/site-packages:/home/keny/acs/src/behaviors/ /usr/bin/python3 setup.py egg_info --egg-base ../../build/hand_detector build --build-base /home/keny/MANOS_ws/build/hand_detector/build install --record /home/keny/MANOS_ws/build/hand_detector/install.log --single-version-externally-managed
