[1.686s] Invoking command in '/home/keny/MANOS_ws/src/camera': PYTHONPATH=/home/keny/MANOS_ws/build/camera/prefix_override:/home/keny/MANOS_ws/install/camera/lib/python3.8/site-packages:/home/keny/MANOS_ws/install/custom_msg/lib/python3.8/site-packages:/home/keny/MANOS_ws/install/py_launch_example/lib/python3.8/site-packages:/home/keny/MANOS_ws/install/manos_launch/lib/python3.8/site-packages:/home/keny/MANOS_ws/install/launch/lib/python3.8/site-packages:/home/keny/MANOS_ws/install/host_listener_package/lib/python3.8/site-packages:/home/keny/MANOS_ws/install/hand_detector_package/lib/python3.8/site-packages:/home/keny/MANOS_ws/install/hand_detector/lib/python3.8/site-packages:/home/keny/MANOS_ws/install/castelet/lib/python3.8/site-packages:/home/keny/MANOS_ws/install/camera/lib/python3.8/site-packages:/opt/ros/galactic/lib/python3.8/site-packages:/home/keny/acs/src/behaviors/ /usr/bin/python3 setup.py egg_info --egg-base ../../build/camera build --build-base /home/keny/MANOS_ws/build/camera/build install --record /home/keny/MANOS_ws/build/camera/install.log --single-version-externally-managed
[1.987s] running egg_info
[1.987s] writing ../../build/camera/camera.egg-info/PKG-INFO
[1.988s] writing dependency_links to ../../build/camera/camera.egg-info/dependency_links.txt
[1.988s] writing entry points to ../../build/camera/camera.egg-info/entry_points.txt
[1.988s] writing requirements to ../../build/camera/camera.egg-info/requires.txt
[1.988s] writing top-level names to ../../build/camera/camera.egg-info/top_level.txt
[2.026s] reading manifest file '../../build/camera/camera.egg-info/SOURCES.txt'
[2.026s] writing manifest file '../../build/camera/camera.egg-info/SOURCES.txt'
[2.027s] running build
[2.027s] running build_py
[2.027s] running install
[2.028s] running install_lib
[2.030s] running install_data
[2.030s] running install_egg_info
[2.033s] removing '/home/keny/MANOS_ws/install/camera/lib/python3.8/site-packages/camera-0.0.0-py3.8.egg-info' (and everything under it)
[2.033s] Copying ../../build/camera/camera.egg-info to /home/keny/MANOS_ws/install/camera/lib/python3.8/site-packages/camera-0.0.0-py3.8.egg-info
[2.034s] running install_scripts
[2.052s] Installing camera script to /home/keny/MANOS_ws/install/camera/lib/camera
[2.053s] writing list of installed files to '/home/keny/MANOS_ws/build/camera/install.log'
[2.110s] Invoked command in '/home/keny/MANOS_ws/src/camera' returned '0': PYTHONPATH=/home/keny/MANOS_ws/build/camera/prefix_override:/home/keny/MANOS_ws/install/camera/lib/python3.8/site-packages:/home/keny/MANOS_ws/install/custom_msg/lib/python3.8/site-packages:/home/keny/MANOS_ws/install/py_launch_example/lib/python3.8/site-packages:/home/keny/MANOS_ws/install/manos_launch/lib/python3.8/site-packages:/home/keny/MANOS_ws/install/launch/lib/python3.8/site-packages:/home/keny/MANOS_ws/install/host_listener_package/lib/python3.8/site-packages:/home/keny/MANOS_ws/install/hand_detector_package/lib/python3.8/site-packages:/home/keny/MANOS_ws/install/hand_detector/lib/python3.8/site-packages:/home/keny/MANOS_ws/install/castelet/lib/python3.8/site-packages:/home/keny/MANOS_ws/install/camera/lib/python3.8/site-packages:/opt/ros/galactic/lib/python3.8/site-packages:/home/keny/acs/src/behaviors/ /usr/bin/python3 setup.py egg_info --egg-base ../../build/camera build --build-base /home/keny/MANOS_ws/build/camera/build install --record /home/keny/MANOS_ws/build/camera/install.log --single-version-externally-managed
