running egg_info
creating ../../build/castelet/castelet.egg-info
writing ../../build/castelet/castelet.egg-info/PKG-INFO
writing dependency_links to ../../build/castelet/castelet.egg-info/dependency_links.txt
writing entry points to ../../build/castelet/castelet.egg-info/entry_points.txt
writing requirements to ../../build/castelet/castelet.egg-info/requires.txt
writing top-level names to ../../build/castelet/castelet.egg-info/top_level.txt
writing manifest file '../../build/castelet/castelet.egg-info/SOURCES.txt'
reading manifest file '../../build/castelet/castelet.egg-info/SOURCES.txt'
writing manifest file '../../build/castelet/castelet.egg-info/SOURCES.txt'
running build
running build_py
creating /home/field/MANOS/build/castelet/build
creating /home/field/MANOS/build/castelet/build/lib
creating /home/field/MANOS/build/castelet/build/lib/castelet
copying castelet/BindingDialog.py -> /home/field/MANOS/build/castelet/build/lib/castelet
copying castelet/CustomLabel.py -> /home/field/MANOS/build/castelet/build/lib/castelet
copying castelet/CasteletWindow.py -> /home/field/MANOS/build/castelet/build/lib/castelet
copying castelet/castelet.py -> /home/field/MANOS/build/castelet/build/lib/castelet
copying castelet/__init__.py -> /home/field/MANOS/build/castelet/build/lib/castelet
copying castelet/Toast_Object.py -> /home/field/MANOS/build/castelet/build/lib/castelet
running install
running install_lib
creating /home/field/MANOS/install/castelet/lib/python3.8/site-packages/castelet
copying /home/field/MANOS/build/castelet/build/lib/castelet/BindingDialog.py -> /home/field/MANOS/install/castelet/lib/python3.8/site-packages/castelet
copying /home/field/MANOS/build/castelet/build/lib/castelet/CustomLabel.py -> /home/field/MANOS/install/castelet/lib/python3.8/site-packages/castelet
copying /home/field/MANOS/build/castelet/build/lib/castelet/CasteletWindow.py -> /home/field/MANOS/install/castelet/lib/python3.8/site-packages/castelet
copying /home/field/MANOS/build/castelet/build/lib/castelet/castelet.py -> /home/field/MANOS/install/castelet/lib/python3.8/site-packages/castelet
copying /home/field/MANOS/build/castelet/build/lib/castelet/__init__.py -> /home/field/MANOS/install/castelet/lib/python3.8/site-packages/castelet
copying /home/field/MANOS/build/castelet/build/lib/castelet/Toast_Object.py -> /home/field/MANOS/install/castelet/lib/python3.8/site-packages/castelet
byte-compiling /home/field/MANOS/install/castelet/lib/python3.8/site-packages/castelet/BindingDialog.py to BindingDialog.cpython-38.pyc
byte-compiling /home/field/MANOS/install/castelet/lib/python3.8/site-packages/castelet/CustomLabel.py to CustomLabel.cpython-38.pyc
byte-compiling /home/field/MANOS/install/castelet/lib/python3.8/site-packages/castelet/CasteletWindow.py to CasteletWindow.cpython-38.pyc
byte-compiling /home/field/MANOS/install/castelet/lib/python3.8/site-packages/castelet/castelet.py to castelet.cpython-38.pyc
byte-compiling /home/field/MANOS/install/castelet/lib/python3.8/site-packages/castelet/__init__.py to __init__.cpython-38.pyc
byte-compiling /home/field/MANOS/install/castelet/lib/python3.8/site-packages/castelet/Toast_Object.py to Toast_Object.cpython-38.pyc
running install_data
creating /home/field/MANOS/install/castelet/share/ament_index
creating /home/field/MANOS/install/castelet/share/ament_index/resource_index
creating /home/field/MANOS/install/castelet/share/ament_index/resource_index/packages
copying resource/castelet -> /home/field/MANOS/install/castelet/share/ament_index/resource_index/packages
copying package.xml -> /home/field/MANOS/install/castelet/share/castelet
running install_egg_info
Copying ../../build/castelet/castelet.egg-info to /home/field/MANOS/install/castelet/lib/python3.8/site-packages/castelet-0.0.0-py3.8.egg-info
running install_scripts
Installing castelet script to /home/field/MANOS/install/castelet/lib/castelet
writing list of installed files to '/home/field/MANOS/build/castelet/install.log'
