[3.621s] Invoking command in '/home/field/MANOS/src/castelet': CMAKE_PREFIX_PATH=/home/field/MANOS/install/custom_msg:/home/field/MANOS/install/servo_control LD_LIBRARY_PATH=/home/field/MANOS/install/custom_msg/lib:/usr/local/cuda/lib64:/home/field/MANOS/install/servo_control/lib:/opt/ros/galactic/opt/yaml_cpp_vendor/lib:/opt/ros/galactic/opt/rviz_ogre_vendor/lib:/opt/ros/galactic/lib/x86_64-linux-gnu:/opt/ros/galactic/lib PYTHONPATH=/home/field/MANOS/build/castelet/prefix_override:/home/field/MANOS/install/castelet/lib/python3.8/site-packages:/home/field/MANOS/install/custom_msg/lib/python3.8/site-packages:/home/field/MANOS/install/servo_control/lib/python3.8/site-packages:/home/field/MANOS/install/manos_manager/lib/python3.8/site-packages:/home/field/MANOS/install/host_listener_package/lib/python3.8/site-packages:/home/field/MANOS/install/hand_detector/lib/python3.8/site-packages:/home/field/MANOS/install/custom_ros_controller/lib/python3.8/site-packages:/home/field/MANOS/install/castelet/lib/python3.8/site-packages:/home/field/MANOS/install/camera/lib/python3.8/site-packages:/opt/ros/galactic/lib/python3.8/site-packages /usr/bin/python3 setup.py egg_info --egg-base ../../build/castelet build --build-base /home/field/MANOS/build/castelet/build install --record /home/field/MANOS/build/castelet/install.log --single-version-externally-managed
[3.753s] running egg_info
[3.754s] creating ../../build/castelet/castelet.egg-info
[3.754s] writing ../../build/castelet/castelet.egg-info/PKG-INFO
[3.754s] writing dependency_links to ../../build/castelet/castelet.egg-info/dependency_links.txt
[3.754s] writing entry points to ../../build/castelet/castelet.egg-info/entry_points.txt
[3.754s] writing requirements to ../../build/castelet/castelet.egg-info/requires.txt
[3.754s] writing top-level names to ../../build/castelet/castelet.egg-info/top_level.txt
[3.755s] writing manifest file '../../build/castelet/castelet.egg-info/SOURCES.txt'
[3.774s] reading manifest file '../../build/castelet/castelet.egg-info/SOURCES.txt'
[3.774s] writing manifest file '../../build/castelet/castelet.egg-info/SOURCES.txt'
[3.774s] running build
[3.774s] running build_py
[3.774s] creating /home/field/MANOS/build/castelet/build
[3.774s] creating /home/field/MANOS/build/castelet/build/lib
[3.774s] creating /home/field/MANOS/build/castelet/build/lib/castelet
[3.774s] copying castelet/BindingDialog.py -> /home/field/MANOS/build/castelet/build/lib/castelet
[3.774s] copying castelet/CustomLabel.py -> /home/field/MANOS/build/castelet/build/lib/castelet
[3.781s] copying castelet/CasteletWindow.py -> /home/field/MANOS/build/castelet/build/lib/castelet
[3.781s] copying castelet/castelet.py -> /home/field/MANOS/build/castelet/build/lib/castelet
[3.781s] copying castelet/__init__.py -> /home/field/MANOS/build/castelet/build/lib/castelet
[3.781s] copying castelet/Toast_Object.py -> /home/field/MANOS/build/castelet/build/lib/castelet
[3.781s] running install
[3.782s] running install_lib
[3.783s] creating /home/field/MANOS/install/castelet/lib/python3.8/site-packages/castelet
[3.783s] copying /home/field/MANOS/build/castelet/build/lib/castelet/BindingDialog.py -> /home/field/MANOS/install/castelet/lib/python3.8/site-packages/castelet
[3.783s] copying /home/field/MANOS/build/castelet/build/lib/castelet/CustomLabel.py -> /home/field/MANOS/install/castelet/lib/python3.8/site-packages/castelet
[3.783s] copying /home/field/MANOS/build/castelet/build/lib/castelet/CasteletWindow.py -> /home/field/MANOS/install/castelet/lib/python3.8/site-packages/castelet
[3.783s] copying /home/field/MANOS/build/castelet/build/lib/castelet/castelet.py -> /home/field/MANOS/install/castelet/lib/python3.8/site-packages/castelet
[3.783s] copying /home/field/MANOS/build/castelet/build/lib/castelet/__init__.py -> /home/field/MANOS/install/castelet/lib/python3.8/site-packages/castelet
[3.783s] copying /home/field/MANOS/build/castelet/build/lib/castelet/Toast_Object.py -> /home/field/MANOS/install/castelet/lib/python3.8/site-packages/castelet
[3.783s] byte-compiling /home/field/MANOS/install/castelet/lib/python3.8/site-packages/castelet/BindingDialog.py to BindingDialog.cpython-38.pyc
[3.785s] byte-compiling /home/field/MANOS/install/castelet/lib/python3.8/site-packages/castelet/CustomLabel.py to CustomLabel.cpython-38.pyc
[3.785s] byte-compiling /home/field/MANOS/install/castelet/lib/python3.8/site-packages/castelet/CasteletWindow.py to CasteletWindow.cpython-38.pyc
[3.787s] byte-compiling /home/field/MANOS/install/castelet/lib/python3.8/site-packages/castelet/castelet.py to castelet.cpython-38.pyc
[3.787s] byte-compiling /home/field/MANOS/install/castelet/lib/python3.8/site-packages/castelet/__init__.py to __init__.cpython-38.pyc
[3.787s] byte-compiling /home/field/MANOS/install/castelet/lib/python3.8/site-packages/castelet/Toast_Object.py to Toast_Object.cpython-38.pyc
[3.787s] running install_data
[3.787s] creating /home/field/MANOS/install/castelet/share/ament_index
[3.788s] creating /home/field/MANOS/install/castelet/share/ament_index/resource_index
[3.788s] creating /home/field/MANOS/install/castelet/share/ament_index/resource_index/packages
[3.788s] copying resource/castelet -> /home/field/MANOS/install/castelet/share/ament_index/resource_index/packages
[3.788s] copying package.xml -> /home/field/MANOS/install/castelet/share/castelet
[3.788s] running install_egg_info
[3.788s] Copying ../../build/castelet/castelet.egg-info to /home/field/MANOS/install/castelet/lib/python3.8/site-packages/castelet-0.0.0-py3.8.egg-info
[3.789s] running install_scripts
[3.798s] Installing castelet script to /home/field/MANOS/install/castelet/lib/castelet
[3.798s] writing list of installed files to '/home/field/MANOS/build/castelet/install.log'
[4.239s] Invoked command in '/home/field/MANOS/src/castelet' returned '0': CMAKE_PREFIX_PATH=/home/field/MANOS/install/custom_msg:/home/field/MANOS/install/servo_control LD_LIBRARY_PATH=/home/field/MANOS/install/custom_msg/lib:/usr/local/cuda/lib64:/home/field/MANOS/install/servo_control/lib:/opt/ros/galactic/opt/yaml_cpp_vendor/lib:/opt/ros/galactic/opt/rviz_ogre_vendor/lib:/opt/ros/galactic/lib/x86_64-linux-gnu:/opt/ros/galactic/lib PYTHONPATH=/home/field/MANOS/build/castelet/prefix_override:/home/field/MANOS/install/castelet/lib/python3.8/site-packages:/home/field/MANOS/install/custom_msg/lib/python3.8/site-packages:/home/field/MANOS/install/servo_control/lib/python3.8/site-packages:/home/field/MANOS/install/manos_manager/lib/python3.8/site-packages:/home/field/MANOS/install/host_listener_package/lib/python3.8/site-packages:/home/field/MANOS/install/hand_detector/lib/python3.8/site-packages:/home/field/MANOS/install/custom_ros_controller/lib/python3.8/site-packages:/home/field/MANOS/install/castelet/lib/python3.8/site-packages:/home/field/MANOS/install/camera/lib/python3.8/site-packages:/opt/ros/galactic/lib/python3.8/site-packages /usr/bin/python3 setup.py egg_info --egg-base ../../build/castelet build --build-base /home/field/MANOS/build/castelet/build install --record /home/field/MANOS/build/castelet/install.log --single-version-externally-managed
