[1.517s] Invoking command in '/home/keny/MANOS_ws/src/launch': PYTHONPATH=/home/keny/MANOS_ws/build/launch/prefix_override:/home/keny/MANOS_ws/install/launch/lib/python3.8/site-packages:${PYTHONPATH} /usr/bin/python3 setup.py egg_info --egg-base ../../build/launch build --build-base /home/keny/MANOS_ws/build/launch/build install --record /home/keny/MANOS_ws/build/launch/install.log --single-version-externally-managed
[1.772s] running egg_info
[1.773s] writing ../../build/launch/launch.egg-info/PKG-INFO
[1.773s] writing dependency_links to ../../build/launch/launch.egg-info/dependency_links.txt
[1.773s] writing entry points to ../../build/launch/launch.egg-info/entry_points.txt
[1.773s] writing requirements to ../../build/launch/launch.egg-info/requires.txt
[1.774s] writing top-level names to ../../build/launch/launch.egg-info/top_level.txt
[1.803s] reading manifest file '../../build/launch/launch.egg-info/SOURCES.txt'
[1.804s] writing manifest file '../../build/launch/launch.egg-info/SOURCES.txt'
[1.804s] running build
[1.804s] running build_py
[1.804s] running install
[1.805s] running install_lib
[1.806s] running install_data
[1.806s] running install_egg_info
[1.808s] removing '/home/keny/MANOS_ws/install/launch/lib/python3.8/site-packages/launch-0.0.0-py3.8.egg-info' (and everything under it)
[1.808s] Copying ../../build/launch/launch.egg-info to /home/keny/MANOS_ws/install/launch/lib/python3.8/site-packages/launch-0.0.0-py3.8.egg-info
[1.809s] running install_scripts
[1.824s] writing list of installed files to '/home/keny/MANOS_ws/build/launch/install.log'
[1.862s] Invoked command in '/home/keny/MANOS_ws/src/launch' returned '0': PYTHONPATH=/home/keny/MANOS_ws/build/launch/prefix_override:/home/keny/MANOS_ws/install/launch/lib/python3.8/site-packages:${PYTHONPATH} /usr/bin/python3 setup.py egg_info --egg-base ../../build/launch build --build-base /home/keny/MANOS_ws/build/launch/build install --record /home/keny/MANOS_ws/build/launch/install.log --single-version-externally-managed
