[1.363s] Invoking command in '/home/keny/MANOS_ws/src/hand_detector': AMENT_PREFIX_PATH=/home/keny/MANOS_ws/install/custom_msg:${AMENT_PREFIX_PATH} CMAKE_PREFIX_PATH=/home/keny/MANOS_ws/install/custom_msg LD_LIBRARY_PATH=/home/keny/MANOS_ws/install/custom_msg/lib:${LD_LIBRARY_PATH} PYTHONPATH=/home/keny/MANOS_ws/build/hand_detector/prefix_override:/home/keny/MANOS_ws/install/hand_detector/lib/python3.8/site-packages:/home/keny/MANOS_ws/install/custom_msg/lib/python3.8/site-packages:${PYTHONPATH} /usr/bin/python3 setup.py egg_info --egg-base ../../build/hand_detector build --build-base /home/keny/MANOS_ws/build/hand_detector/build install --record /home/keny/MANOS_ws/build/hand_detector/install.log --single-version-externally-managed
[1.585s] running egg_info
[1.585s] writing ../../build/hand_detector/hand_detector.egg-info/PKG-INFO
[1.585s] writing dependency_links to ../../build/hand_detector/hand_detector.egg-info/dependency_links.txt
[1.585s] writing entry points to ../../build/hand_detector/hand_detector.egg-info/entry_points.txt
[1.585s] writing requirements to ../../build/hand_detector/hand_detector.egg-info/requires.txt
[1.586s] writing top-level names to ../../build/hand_detector/hand_detector.egg-info/top_level.txt
[1.612s] reading manifest file '../../build/hand_detector/hand_detector.egg-info/SOURCES.txt'
[1.683s] writing manifest file '../../build/hand_detector/hand_detector.egg-info/SOURCES.txt'
[1.684s] running build
[1.684s] running build_py
[1.686s] copying hand_detector/hand_detector.py -> /home/keny/MANOS_ws/build/hand_detector/build/lib/hand_detector
[1.687s] running install
[1.688s] running install_lib
[1.691s] copying /home/keny/MANOS_ws/build/hand_detector/build/lib/hand_detector/hand_detector.py -> /home/keny/MANOS_ws/install/hand_detector/lib/python3.8/site-packages/hand_detector
[1.693s] byte-compiling /home/keny/MANOS_ws/install/hand_detector/lib/python3.8/site-packages/hand_detector/hand_detector.py to hand_detector.cpython-38.pyc
[1.700s] running install_data
[1.701s] running install_egg_info
[1.707s] removing '/home/keny/MANOS_ws/install/hand_detector/lib/python3.8/site-packages/hand_detector-0.0.0-py3.8.egg-info' (and everything under it)
[1.707s] Copying ../../build/hand_detector/hand_detector.egg-info to /home/keny/MANOS_ws/install/hand_detector/lib/python3.8/site-packages/hand_detector-0.0.0-py3.8.egg-info
[1.710s] running install_scripts
[1.731s] Installing hand_detector script to /home/keny/MANOS_ws/install/hand_detector/lib/hand_detector
[1.732s] writing list of installed files to '/home/keny/MANOS_ws/build/hand_detector/install.log'
[1.779s] Invoked command in '/home/keny/MANOS_ws/src/hand_detector' returned '0': AMENT_PREFIX_PATH=/home/keny/MANOS_ws/install/custom_msg:${AMENT_PREFIX_PATH} CMAKE_PREFIX_PATH=/home/keny/MANOS_ws/install/custom_msg LD_LIBRARY_PATH=/home/keny/MANOS_ws/install/custom_msg/lib:${LD_LIBRARY_PATH} PYTHONPATH=/home/keny/MANOS_ws/build/hand_detector/prefix_override:/home/keny/MANOS_ws/install/hand_detector/lib/python3.8/site-packages:/home/keny/MANOS_ws/install/custom_msg/lib/python3.8/site-packages:${PYTHONPATH} /usr/bin/python3 setup.py egg_info --egg-base ../../build/hand_detector build --build-base /home/keny/MANOS_ws/build/hand_detector/build install --record /home/keny/MANOS_ws/build/hand_detector/install.log --single-version-externally-managed
