[4.975s] Invoking command in '/home/keny/MANOS_ws/src/manos_manager': PYTHONPATH=/home/keny/MANOS_ws/build/manos_manager/prefix_override:/home/keny/MANOS_ws/install/manos_manager/lib/python3.8/site-packages:/home/keny/MANOS_ws/install/custom_msg/lib/python3.8/site-packages:/home/keny/MANOS_ws/install/manos_manager/lib/python3.8/site-packages:/home/keny/MANOS_ws/install/host_listener_package/lib/python3.8/site-packages:/home/keny/MANOS_ws/install/hand_detector/lib/python3.8/site-packages:/home/keny/MANOS_ws/install/castelet/lib/python3.8/site-packages:/home/keny/MANOS_ws/install/camera/lib/python3.8/site-packages:/home/keny/MANOS_ws/install/CustomRosController/lib/python3.8/site-packages:/opt/ros/galactic/lib/python3.8/site-packages:/home/keny/acs/src/behaviors/ /usr/bin/python3 setup.py egg_info --egg-base ../../build/manos_manager build --build-base /home/keny/MANOS_ws/build/manos_manager/build install --record /home/keny/MANOS_ws/build/manos_manager/install.log --single-version-externally-managed
[5.694s] running egg_info
[5.696s] writing ../../build/manos_manager/manos_manager.egg-info/PKG-INFO
[5.696s] writing dependency_links to ../../build/manos_manager/manos_manager.egg-info/dependency_links.txt
[5.697s] writing entry points to ../../build/manos_manager/manos_manager.egg-info/entry_points.txt
[5.697s] writing requirements to ../../build/manos_manager/manos_manager.egg-info/requires.txt
[5.697s] writing top-level names to ../../build/manos_manager/manos_manager.egg-info/top_level.txt
[5.790s] reading manifest file '../../build/manos_manager/manos_manager.egg-info/SOURCES.txt'
[5.792s] writing manifest file '../../build/manos_manager/manos_manager.egg-info/SOURCES.txt'
[5.793s] running build
[5.793s] running build_py
[5.793s] copying manos_manager/manos_manager.py -> /home/keny/MANOS_ws/build/manos_manager/build/lib/manos_manager
[5.794s] running install
[5.795s] running install_lib
[5.798s] copying /home/keny/MANOS_ws/build/manos_manager/build/lib/manos_manager/manos_manager.py -> /home/keny/MANOS_ws/install/manos_manager/lib/python3.8/site-packages/manos_manager
[5.799s] byte-compiling /home/keny/MANOS_ws/install/manos_manager/lib/python3.8/site-packages/manos_manager/manos_manager.py to manos_manager.cpython-38.pyc
[5.803s] running install_data
[5.804s] running install_egg_info
[5.808s] removing '/home/keny/MANOS_ws/install/manos_manager/lib/python3.8/site-packages/manos_manager-0.0.0-py3.8.egg-info' (and everything under it)
[5.809s] Copying ../../build/manos_manager/manos_manager.egg-info to /home/keny/MANOS_ws/install/manos_manager/lib/python3.8/site-packages/manos_manager-0.0.0-py3.8.egg-info
[5.810s] running install_scripts
[5.855s] Installing manos_manager script to /home/keny/MANOS_ws/install/manos_manager/lib/manos_manager
[5.855s] writing list of installed files to '/home/keny/MANOS_ws/build/manos_manager/install.log'
[5.926s] Invoked command in '/home/keny/MANOS_ws/src/manos_manager' returned '0': PYTHONPATH=/home/keny/MANOS_ws/build/manos_manager/prefix_override:/home/keny/MANOS_ws/install/manos_manager/lib/python3.8/site-packages:/home/keny/MANOS_ws/install/custom_msg/lib/python3.8/site-packages:/home/keny/MANOS_ws/install/manos_manager/lib/python3.8/site-packages:/home/keny/MANOS_ws/install/host_listener_package/lib/python3.8/site-packages:/home/keny/MANOS_ws/install/hand_detector/lib/python3.8/site-packages:/home/keny/MANOS_ws/install/castelet/lib/python3.8/site-packages:/home/keny/MANOS_ws/install/camera/lib/python3.8/site-packages:/home/keny/MANOS_ws/install/CustomRosController/lib/python3.8/site-packages:/opt/ros/galactic/lib/python3.8/site-packages:/home/keny/acs/src/behaviors/ /usr/bin/python3 setup.py egg_info --egg-base ../../build/manos_manager build --build-base /home/keny/MANOS_ws/build/manos_manager/build install --record /home/keny/MANOS_ws/build/manos_manager/install.log --single-version-externally-managed
