[1.614s] Invoking command in '/home/keny/MANOS_ws/src/camera': PYTHONPATH=/home/keny/MANOS_ws/build/camera/prefix_override:/home/keny/MANOS_ws/install/camera/lib/python3.8/site-packages:/home/keny/MANOS_ws/install/custom_msg/lib/python3.8/site-packages:/home/keny/MANOS_ws/install/host_listener_package/lib/python3.8/site-packages:/home/keny/MANOS_ws/install/hand_detector/lib/python3.8/site-packages:/home/keny/MANOS_ws/install/castelet/lib/python3.8/site-packages:/home/keny/MANOS_ws/install/camera/lib/python3.8/site-packages:/opt/ros/galactic/lib/python3.8/site-packages:/home/keny/acs/src/behaviors/ /usr/bin/python3 setup.py egg_info --egg-base ../../build/camera build --build-base /home/keny/MANOS_ws/build/camera/build install --record /home/keny/MANOS_ws/build/camera/install.log --single-version-externally-managed
[1.901s] running egg_info
[1.902s] writing ../../build/camera/camera.egg-info/PKG-INFO
[1.902s] writing dependency_links to ../../build/camera/camera.egg-info/dependency_links.txt
[1.902s] writing entry points to ../../build/camera/camera.egg-info/entry_points.txt
[1.903s] writing requirements to ../../build/camera/camera.egg-info/requires.txt
[1.903s] writing top-level names to ../../build/camera/camera.egg-info/top_level.txt
[1.937s] reading manifest file '../../build/camera/camera.egg-info/SOURCES.txt'
[1.938s] writing manifest file '../../build/camera/camera.egg-info/SOURCES.txt'
[1.938s] running build
[1.938s] running build_py
[1.939s] running install
[1.939s] running install_lib
[1.941s] running install_data
[1.942s] running install_egg_info
[1.944s] removing '/home/keny/MANOS_ws/install/camera/lib/python3.8/site-packages/camera-0.0.0-py3.8.egg-info' (and everything under it)
[1.944s] Copying ../../build/camera/camera.egg-info to /home/keny/MANOS_ws/install/camera/lib/python3.8/site-packages/camera-0.0.0-py3.8.egg-info
[1.945s] running install_scripts
[1.964s] Installing camera script to /home/keny/MANOS_ws/install/camera/lib/camera
[1.964s] writing list of installed files to '/home/keny/MANOS_ws/build/camera/install.log'
[2.000s] Invoked command in '/home/keny/MANOS_ws/src/camera' returned '0': PYTHONPATH=/home/keny/MANOS_ws/build/camera/prefix_override:/home/keny/MANOS_ws/install/camera/lib/python3.8/site-packages:/home/keny/MANOS_ws/install/custom_msg/lib/python3.8/site-packages:/home/keny/MANOS_ws/install/host_listener_package/lib/python3.8/site-packages:/home/keny/MANOS_ws/install/hand_detector/lib/python3.8/site-packages:/home/keny/MANOS_ws/install/castelet/lib/python3.8/site-packages:/home/keny/MANOS_ws/install/camera/lib/python3.8/site-packages:/opt/ros/galactic/lib/python3.8/site-packages:/home/keny/acs/src/behaviors/ /usr/bin/python3 setup.py egg_info --egg-base ../../build/camera build --build-base /home/keny/MANOS_ws/build/camera/build install --record /home/keny/MANOS_ws/build/camera/install.log --single-version-externally-managed
