[1.274s] Invoking command in '/home/field/MANOS/src/castelet': PYTHONPATH=/home/field/MANOS/build/castelet/prefix_override:/home/field/MANOS/install/castelet/lib/python3.8/site-packages:/home/field/MANOS/install/custom_msg/lib/python3.8/site-packages:/home/field/MANOS/install/host_listener_package/lib/python3.8/site-packages:/home/field/MANOS/install/hand_detector/lib/python3.8/site-packages:/home/field/MANOS/install/castelet/lib/python3.8/site-packages:/home/field/MANOS/install/camera/lib/python3.8/site-packages:/opt/ros/galactic/lib/python3.8/site-packages:/home/field/acs/src/behaviors/ /usr/bin/python3 setup.py egg_info --egg-base ../../build/castelet build --build-base /home/field/MANOS/build/castelet/build install --record /home/field/MANOS/build/castelet/install.log --single-version-externally-managed
[1.388s] running egg_info
[1.388s] writing ../../build/castelet/castelet.egg-info/PKG-INFO
[1.388s] writing dependency_links to ../../build/castelet/castelet.egg-info/dependency_links.txt
[1.388s] writing entry points to ../../build/castelet/castelet.egg-info/entry_points.txt
[1.388s] writing requirements to ../../build/castelet/castelet.egg-info/requires.txt
[1.388s] writing top-level names to ../../build/castelet/castelet.egg-info/top_level.txt
[1.406s] reading manifest file '../../build/castelet/castelet.egg-info/SOURCES.txt'
[1.407s] writing manifest file '../../build/castelet/castelet.egg-info/SOURCES.txt'
[1.407s] running build
[1.407s] running build_py
[1.407s] copying castelet/castelet.py -> /home/field/MANOS/build/castelet/build/lib/castelet
[1.407s] running install
[1.407s] running install_lib
[1.408s] copying /home/field/MANOS/build/castelet/build/lib/castelet/castelet.py -> /home/field/MANOS/install/castelet/lib/python3.8/site-packages/castelet
[1.408s] byte-compiling /home/field/MANOS/install/castelet/lib/python3.8/site-packages/castelet/castelet.py to castelet.cpython-38.pyc
[1.409s] running install_data
[1.409s]   File "/home/field/MANOS/install/castelet/lib/python3.8/site-packages/castelet/castelet.py", line 47
[1.409s]     'Skel':  self.node.create_subscription(Image, '/MANOS/camera/hand_pos', self.test, self.qos_profile),
[1.410s]     ^
[1.410s] SyntaxError: invalid syntax
[1.410s] 
[1.410s] running install_egg_info
[1.410s] removing '/home/field/MANOS/install/castelet/lib/python3.8/site-packages/castelet-0.0.0-py3.8.egg-info' (and everything under it)
[1.410s] Copying ../../build/castelet/castelet.egg-info to /home/field/MANOS/install/castelet/lib/python3.8/site-packages/castelet-0.0.0-py3.8.egg-info
[1.411s] running install_scripts
[1.421s] Installing castelet script to /home/field/MANOS/install/castelet/lib/castelet
[1.421s] writing list of installed files to '/home/field/MANOS/build/castelet/install.log'
[1.435s] Invoked command in '/home/field/MANOS/src/castelet' returned '0': PYTHONPATH=/home/field/MANOS/build/castelet/prefix_override:/home/field/MANOS/install/castelet/lib/python3.8/site-packages:/home/field/MANOS/install/custom_msg/lib/python3.8/site-packages:/home/field/MANOS/install/host_listener_package/lib/python3.8/site-packages:/home/field/MANOS/install/hand_detector/lib/python3.8/site-packages:/home/field/MANOS/install/castelet/lib/python3.8/site-packages:/home/field/MANOS/install/camera/lib/python3.8/site-packages:/opt/ros/galactic/lib/python3.8/site-packages:/home/field/acs/src/behaviors/ /usr/bin/python3 setup.py egg_info --egg-base ../../build/castelet build --build-base /home/field/MANOS/build/castelet/build install --record /home/field/MANOS/build/castelet/install.log --single-version-externally-managed
