[1.223s] Invoking command in '/home/keny/MANOS_ws/src/host_listener_package': PYTHONPATH=/home/keny/MANOS_ws/build/host_listener_package/prefix_override:/home/keny/MANOS_ws/install/host_listener_package/lib/python3.8/site-packages:/home/keny/MANOS_ws/install/custom_msg/lib/python3.8/site-packages:/home/keny/MANOS_ws/install/hand_detector/lib/python3.8/site-packages:/home/keny/MANOS_ws/install/host_listener_package/lib/python3.8/site-packages:/home/keny/MANOS_ws/install/hand_detector_package/lib/python3.8/site-packages:/home/keny/MANOS_ws/install/camera/lib/python3.8/site-packages:/home/keny/MANOS_ws/src/install/host_listener_package/lib/python3.8/site-packages:/home/keny/MANOS_ws/src/install/hand_detector_package/lib/python3.8/site-packages:/home/keny/MANOS_ws/src/install/camera/lib/python3.8/site-packages:/home/keny/MANOS_ws/src/install/custom_msg/lib/python3.8/site-packages:/home/keny/MANOS_ws/src/install/camera_package/lib/python3.8/site-packages:/opt/ros/galactic/lib/python3.8/site-packages /usr/bin/python3 setup.py egg_info --egg-base ../../build/host_listener_package build --build-base /home/keny/MANOS_ws/build/host_listener_package/build install --record /home/keny/MANOS_ws/build/host_listener_package/install.log --single-version-externally-managed
[1.448s] running egg_info
[1.448s] writing ../../build/host_listener_package/host_listener_package.egg-info/PKG-INFO
[1.448s] writing dependency_links to ../../build/host_listener_package/host_listener_package.egg-info/dependency_links.txt
[1.449s] writing entry points to ../../build/host_listener_package/host_listener_package.egg-info/entry_points.txt
[1.449s] writing requirements to ../../build/host_listener_package/host_listener_package.egg-info/requires.txt
[1.449s] writing top-level names to ../../build/host_listener_package/host_listener_package.egg-info/top_level.txt
[1.477s] reading manifest file '../../build/host_listener_package/host_listener_package.egg-info/SOURCES.txt'
[1.478s] writing manifest file '../../build/host_listener_package/host_listener_package.egg-info/SOURCES.txt'
[1.478s] running build
[1.478s] running build_py
[1.478s] running install
[1.479s] running install_lib
[1.480s] running install_data
[1.480s] running install_egg_info
[1.482s] removing '/home/keny/MANOS_ws/install/host_listener_package/lib/python3.8/site-packages/host_listener_package-0.0.0-py3.8.egg-info' (and everything under it)
[1.482s] Copying ../../build/host_listener_package/host_listener_package.egg-info to /home/keny/MANOS_ws/install/host_listener_package/lib/python3.8/site-packages/host_listener_package-0.0.0-py3.8.egg-info
[1.482s] running install_scripts
[1.496s] Installing host_listener script to /home/keny/MANOS_ws/install/host_listener_package/lib/host_listener_package
[1.496s] writing list of installed files to '/home/keny/MANOS_ws/build/host_listener_package/install.log'
[1.541s] Invoked command in '/home/keny/MANOS_ws/src/host_listener_package' returned '0': PYTHONPATH=/home/keny/MANOS_ws/build/host_listener_package/prefix_override:/home/keny/MANOS_ws/install/host_listener_package/lib/python3.8/site-packages:/home/keny/MANOS_ws/install/custom_msg/lib/python3.8/site-packages:/home/keny/MANOS_ws/install/hand_detector/lib/python3.8/site-packages:/home/keny/MANOS_ws/install/host_listener_package/lib/python3.8/site-packages:/home/keny/MANOS_ws/install/hand_detector_package/lib/python3.8/site-packages:/home/keny/MANOS_ws/install/camera/lib/python3.8/site-packages:/home/keny/MANOS_ws/src/install/host_listener_package/lib/python3.8/site-packages:/home/keny/MANOS_ws/src/install/hand_detector_package/lib/python3.8/site-packages:/home/keny/MANOS_ws/src/install/camera/lib/python3.8/site-packages:/home/keny/MANOS_ws/src/install/custom_msg/lib/python3.8/site-packages:/home/keny/MANOS_ws/src/install/camera_package/lib/python3.8/site-packages:/opt/ros/galactic/lib/python3.8/site-packages /usr/bin/python3 setup.py egg_info --egg-base ../../build/host_listener_package build --build-base /home/keny/MANOS_ws/build/host_listener_package/build install --record /home/keny/MANOS_ws/build/host_listener_package/install.log --single-version-externally-managed
