[1.816s] Invoking command in '/home/keny/MANOS_ws/src/castelet': PYTHONPATH=/home/keny/MANOS_ws/build/castelet/prefix_override:/home/keny/MANOS_ws/install/castelet/lib/python3.8/site-packages:/home/keny/MANOS_ws/install/custom_msg/lib/python3.8/site-packages:/home/keny/MANOS_ws/install/host_listener_package/lib/python3.8/site-packages:/home/keny/MANOS_ws/install/hand_detector/lib/python3.8/site-packages:/home/keny/MANOS_ws/install/castelet/lib/python3.8/site-packages:/home/keny/MANOS_ws/install/camera/lib/python3.8/site-packages:/opt/ros/galactic/lib/python3.8/site-packages:/home/keny/acs/src/behaviors/ /usr/bin/python3 setup.py egg_info --egg-base ../../build/castelet build --build-base /home/keny/MANOS_ws/build/castelet/build install --record /home/keny/MANOS_ws/build/castelet/install.log --single-version-externally-managed
[2.119s] running egg_info
[2.120s] writing ../../build/castelet/castelet.egg-info/PKG-INFO
[2.120s] writing dependency_links to ../../build/castelet/castelet.egg-info/dependency_links.txt
[2.120s] writing entry points to ../../build/castelet/castelet.egg-info/entry_points.txt
[2.121s] writing requirements to ../../build/castelet/castelet.egg-info/requires.txt
[2.121s] writing top-level names to ../../build/castelet/castelet.egg-info/top_level.txt
[2.158s] reading manifest file '../../build/castelet/castelet.egg-info/SOURCES.txt'
[2.160s] writing manifest file '../../build/castelet/castelet.egg-info/SOURCES.txt'
[2.160s] running build
[2.160s] running build_py
[2.160s] copying castelet/castelet.py -> /home/keny/MANOS_ws/build/castelet/build/lib/castelet
[2.161s] running install
[2.162s] running install_lib
[2.163s] copying /home/keny/MANOS_ws/build/castelet/build/lib/castelet/castelet.py -> /home/keny/MANOS_ws/install/castelet/lib/python3.8/site-packages/castelet
[2.164s] byte-compiling /home/keny/MANOS_ws/install/castelet/lib/python3.8/site-packages/castelet/castelet.py to castelet.cpython-38.pyc
[2.167s] running install_data
[2.168s] running install_egg_info
[2.170s] removing '/home/keny/MANOS_ws/install/castelet/lib/python3.8/site-packages/castelet-0.0.0-py3.8.egg-info' (and everything under it)
[2.170s] Copying ../../build/castelet/castelet.egg-info to /home/keny/MANOS_ws/install/castelet/lib/python3.8/site-packages/castelet-0.0.0-py3.8.egg-info
[2.171s] running install_scripts
[2.190s] Installing castelet script to /home/keny/MANOS_ws/install/castelet/lib/castelet
[2.190s] writing list of installed files to '/home/keny/MANOS_ws/build/castelet/install.log'
[2.227s] Invoked command in '/home/keny/MANOS_ws/src/castelet' returned '0': PYTHONPATH=/home/keny/MANOS_ws/build/castelet/prefix_override:/home/keny/MANOS_ws/install/castelet/lib/python3.8/site-packages:/home/keny/MANOS_ws/install/custom_msg/lib/python3.8/site-packages:/home/keny/MANOS_ws/install/host_listener_package/lib/python3.8/site-packages:/home/keny/MANOS_ws/install/hand_detector/lib/python3.8/site-packages:/home/keny/MANOS_ws/install/castelet/lib/python3.8/site-packages:/home/keny/MANOS_ws/install/camera/lib/python3.8/site-packages:/opt/ros/galactic/lib/python3.8/site-packages:/home/keny/acs/src/behaviors/ /usr/bin/python3 setup.py egg_info --egg-base ../../build/castelet build --build-base /home/keny/MANOS_ws/build/castelet/build install --record /home/keny/MANOS_ws/build/castelet/install.log --single-version-externally-managed
