[0.891s] Invoking command in '/home/field/MANOS/build/custom_msg': CMAKE_PREFIX_PATH=${CMAKE_PREFIX_PATH}:/home/field/MANOS/install/manos_manager:/home/field/MANOS/install/host_listener_package:/home/field/MANOS/install/hand_detector:/home/field/MANOS/install/custom_ros_controller:/home/field/MANOS/install/castelet:/home/field/MANOS/install/camera:/opt/ros/galactic /home/field/.local/bin/cmake /home/field/MANOS/src/custom_msg -DCMAKE_INSTALL_PREFIX=/home/field/MANOS/install/custom_msg
[1.307s] -- The C compiler identification is GNU 9.4.0
[1.307s] -- The CXX compiler identification is GNU 9.4.0
[1.307s] -- Detecting C compiler ABI info
[1.307s] -- Detecting C compiler ABI info - done
[1.307s] -- Check for working C compiler: /usr/bin/cc - skipped
[1.307s] -- Detecting C compile features
[1.307s] -- Detecting C compile features - done
[1.307s] -- Detecting CXX compiler ABI info
[1.307s] -- Detecting CXX compiler ABI info - done
[1.307s] -- Check for working CXX compiler: /usr/bin/c++ - skipped
[1.307s] -- Detecting CXX compile features
[1.307s] -- Detecting CXX compile features - done
[1.307s] -- Found ament_cmake: 1.1.6 (/opt/ros/galactic/share/ament_cmake/cmake)
[1.307s] -- Found PythonInterp: /usr/bin/python3 (found suitable version "3.8.10", minimum required is "3") 
[1.307s] -- Using PYTHON_EXECUTABLE: /usr/bin/python3
[1.307s] -- Found std_msgs: 2.2.4 (/opt/ros/galactic/share/std_msgs/cmake)
[1.307s] -- Using all available rosidl_typesupport_c: rosidl_typesupport_fastrtps_c;rosidl_typesupport_introspection_c
[1.307s] -- Found rosidl_adapter: 2.2.3 (/opt/ros/galactic/share/rosidl_adapter/cmake)
[1.308s] [33mCMake Warning (dev) at /opt/ros/galactic/share/ament_cmake_core/cmake/core/python.cmake:22 (find_package):
[1.308s]   Policy CMP0148 is not set: The FindPythonInterp and FindPythonLibs modules
[1.308s]   are removed.  Run "cmake --help-policy CMP0148" for policy details.  Use
[1.308s]   the cmake_policy command to set the policy and suppress this warning.
[1.308s] 
[1.308s] Call Stack (most recent call first):
[1.308s]   /opt/ros/galactic/share/ament_cmake_core/cmake/core/all.cmake:53 (include)
[1.308s]   /opt/ros/galactic/share/ament_cmake_core/cmake/ament_cmake_core-extras.cmake:17 (include)
[1.308s]   /opt/ros/galactic/share/ament_cmake_core/cmake/ament_cmake_coreConfig.cmake:41 (include)
[1.308s]   /opt/ros/galactic/share/ament_cmake/cmake/ament_cmake_export_dependencies-extras.cmake:15 (find_package)
[1.308s]   /opt/ros/galactic/share/ament_cmake/cmake/ament_cmakeConfig.cmake:41 (include)
[1.308s]   CMakeLists.txt:9 (find_package)
[1.308s] This warning is for project developers.  Use -Wno-dev to suppress it.
[1.308s] [0m
[1.318s] -- Found OpenSSL: /usr/lib/x86_64-linux-gnu/libcrypto.so (found version "1.1.1f")  
[1.339s] -- Found FastRTPS: /opt/ros/galactic/include  
[1.392s] -- Using all available rosidl_typesupport_cpp: rosidl_typesupport_fastrtps_cpp;rosidl_typesupport_introspection_cpp
[1.423s] -- Found rosidl_default_generators: 1.1.1 (/opt/ros/galactic/share/rosidl_default_generators/cmake)
[1.431s] [33mCMake Warning (dev) at /opt/ros/galactic/share/rosidl_adapter/cmake/rosidl_adapt_interfaces.cmake:40 (find_package):
[1.431s]   Policy CMP0148 is not set: The FindPythonInterp and FindPythonLibs modules
[1.431s]   are removed.  Run "cmake --help-policy CMP0148" for policy details.  Use
[1.431s]   the cmake_policy command to set the policy and suppress this warning.
[1.431s] 
[1.431s] Call Stack (most recent call first):
[1.431s]   /opt/ros/galactic/share/rosidl_cmake/cmake/rosidl_generate_interfaces.cmake:130 (rosidl_adapt_interfaces)
[1.431s]   CMakeLists.txt:16 (rosidl_generate_interfaces)
[1.431s] This warning is for project developers.  Use -Wno-dev to suppress it.
[1.431s] [0m
[1.444s] -- Found PythonInterp: /usr/bin/python3 (found version "3.8.10") 
[1.539s] -- Found ament_cmake_ros: 0.9.2 (/opt/ros/galactic/share/ament_cmake_ros/cmake)
[1.650s] -- Using all available rosidl_typesupport_c: rosidl_typesupport_fastrtps_c;rosidl_typesupport_introspection_c
[1.686s] -- Using all available rosidl_typesupport_cpp: rosidl_typesupport_fastrtps_cpp;rosidl_typesupport_introspection_cpp
[1.689s] [33mCMake Warning (dev) at /opt/ros/galactic/share/rosidl_generator_py/cmake/rosidl_generator_py_generate_interfaces.cmake:20 (find_package):
[1.689s]   Policy CMP0148 is not set: The FindPythonInterp and FindPythonLibs modules
[1.689s]   are removed.  Run "cmake --help-policy CMP0148" for policy details.  Use
[1.689s]   the cmake_policy command to set the policy and suppress this warning.
[1.689s] 
[1.689s] Call Stack (most recent call first):
[1.689s]   /opt/ros/galactic/share/ament_cmake_core/cmake/core/ament_execute_extensions.cmake:48 (include)
[1.689s]   /opt/ros/galactic/share/rosidl_cmake/cmake/rosidl_generate_interfaces.cmake:286 (ament_execute_extensions)
[1.689s]   CMakeLists.txt:16 (rosidl_generate_interfaces)
[1.689s] This warning is for project developers.  Use -Wno-dev to suppress it.
[1.689s] [0m
[1.702s] -- Found PythonInterp: /usr/bin/python3 (found suitable version "3.8.10", minimum required is "3.5") 
[1.703s] -- Found python_cmake_module: 0.8.1 (/opt/ros/galactic/share/python_cmake_module/cmake)
[1.703s] [33mCMake Warning (dev) at /opt/ros/galactic/share/python_cmake_module/cmake/Modules/FindPythonExtra.cmake:45 (find_package):
[1.703s]   Policy CMP0148 is not set: The FindPythonInterp and FindPythonLibs modules
[1.703s]   are removed.  Run "cmake --help-policy CMP0148" for policy details.  Use
[1.703s]   the cmake_policy command to set the policy and suppress this warning.
[1.703s] 
[1.703s] Call Stack (most recent call first):
[1.703s]   /opt/ros/galactic/share/rosidl_generator_py/cmake/rosidl_generator_py_generate_interfaces.cmake:23 (find_package)
[1.703s]   /opt/ros/galactic/share/ament_cmake_core/cmake/core/ament_execute_extensions.cmake:48 (include)
[1.703s]   /opt/ros/galactic/share/rosidl_cmake/cmake/rosidl_generate_interfaces.cmake:286 (ament_execute_extensions)
[1.703s]   CMakeLists.txt:16 (rosidl_generate_interfaces)
[1.703s] This warning is for project developers.  Use -Wno-dev to suppress it.
[1.703s] [0m
[1.716s] [33mCMake Warning (dev) at /opt/ros/galactic/share/python_cmake_module/cmake/Modules/FindPythonExtra.cmake:133 (find_package):
[1.716s]   Policy CMP0148 is not set: The FindPythonInterp and FindPythonLibs modules
[1.716s]   are removed.  Run "cmake --help-policy CMP0148" for policy details.  Use
[1.716s]   the cmake_policy command to set the policy and suppress this warning.
[1.716s] 
[1.716s] Call Stack (most recent call first):
[1.716s]   /opt/ros/galactic/share/rosidl_generator_py/cmake/rosidl_generator_py_generate_interfaces.cmake:23 (find_package)
[1.716s]   /opt/ros/galactic/share/ament_cmake_core/cmake/core/ament_execute_extensions.cmake:48 (include)
[1.716s]   /opt/ros/galactic/share/rosidl_cmake/cmake/rosidl_generate_interfaces.cmake:286 (ament_execute_extensions)
[1.716s]   CMakeLists.txt:16 (rosidl_generate_interfaces)
[1.716s] This warning is for project developers.  Use -Wno-dev to suppress it.
[1.716s] [0m
[1.721s] -- Found PythonLibs: /usr/lib/x86_64-linux-gnu/libpython3.8.so (found suitable version "3.8.10", minimum required is "3.5") 
[1.721s] -- Using PYTHON_EXECUTABLE: /usr/bin/python3
[1.721s] -- Using PYTHON_INCLUDE_DIRS: /usr/include/python3.8
[1.721s] -- Using PYTHON_LIBRARIES: /usr/lib/x86_64-linux-gnu/libpython3.8.so
[1.735s] -- Found PythonExtra: .so  
[1.772s] -- Found ament_lint_auto: 0.10.7 (/opt/ros/galactic/share/ament_lint_auto/cmake)
[1.787s] -- Added test 'copyright' to check source files copyright and LICENSE
[1.789s] -- Added test 'lint_cmake' to check CMake code style
[1.790s] -- Added test 'xmllint' to check XML markup files
[1.792s] -- Configuring done (0.9s)
[1.820s] -- Generating done (0.0s)
[1.820s] -- Build files have been written to: /home/field/MANOS/build/custom_msg
[1.960s] Invoked command in '/home/field/MANOS/build/custom_msg' returned '0': CMAKE_PREFIX_PATH=${CMAKE_PREFIX_PATH}:/home/field/MANOS/install/manos_manager:/home/field/MANOS/install/host_listener_package:/home/field/MANOS/install/hand_detector:/home/field/MANOS/install/custom_ros_controller:/home/field/MANOS/install/castelet:/home/field/MANOS/install/camera:/opt/ros/galactic /home/field/.local/bin/cmake /home/field/MANOS/src/custom_msg -DCMAKE_INSTALL_PREFIX=/home/field/MANOS/install/custom_msg
[1.961s] Invoking command in '/home/field/MANOS/build/custom_msg': CMAKE_PREFIX_PATH=${CMAKE_PREFIX_PATH}:/home/field/MANOS/install/manos_manager:/home/field/MANOS/install/host_listener_package:/home/field/MANOS/install/hand_detector:/home/field/MANOS/install/custom_ros_controller:/home/field/MANOS/install/castelet:/home/field/MANOS/install/camera:/opt/ros/galactic /home/field/.local/bin/cmake --build /home/field/MANOS/build/custom_msg -- -j20 -l20
[1.986s] [  2%] [34m[1mGenerating C code for ROS interfaces[0m
[1.988s] [  4%] [34m[1mGenerating C++ code for ROS interfaces[0m
[2.152s] [  4%] Built target custom_msg__cpp
[2.155s] [  6%] [34m[1mGenerating C++ type support dispatch for ROS interfaces[0m
[2.156s] [ 10%] [34m[1mGenerating C++ type support for eProsima Fast-RTPS[0m
[2.156s] [ 10%] [34m[1mGenerating C++ introspection for ROS interfaces[0m
[2.165s] [ 12%] [32mBuilding C object CMakeFiles/custom_msg__rosidl_generator_c.dir/rosidl_generator_c/custom_msg/msg/detail/list_string__functions.c.o[0m
[2.165s] [ 14%] [32mBuilding C object CMakeFiles/custom_msg__rosidl_generator_c.dir/rosidl_generator_c/custom_msg/msg/detail/pos__functions.c.o[0m
[2.165s] [ 17%] [32mBuilding C object CMakeFiles/custom_msg__rosidl_generator_c.dir/rosidl_generator_c/custom_msg/msg/detail/manos_bundle__functions.c.o[0m
[2.198s] [ 19%] [32m[1mLinking C shared library libcustom_msg__rosidl_generator_c.so[0m
[2.215s] [ 19%] Built target custom_msg__rosidl_generator_c
[2.218s] [ 21%] [34m[1mGenerating C introspection for ROS interfaces[0m
[2.218s] [ 23%] [34m[1mGenerating C type support dispatch for ROS interfaces[0m
[2.299s] [ 25%] [32mBuilding CXX object CMakeFiles/custom_msg__rosidl_typesupport_cpp.dir/rosidl_typesupport_cpp/custom_msg/msg/list_string__type_support.cpp.o[0m
[2.299s] [ 27%] [32mBuilding CXX object CMakeFiles/custom_msg__rosidl_typesupport_cpp.dir/rosidl_typesupport_cpp/custom_msg/msg/pos__type_support.cpp.o[0m
[2.299s] [ 29%] [32mBuilding CXX object CMakeFiles/custom_msg__rosidl_typesupport_cpp.dir/rosidl_typesupport_cpp/custom_msg/msg/manos_bundle__type_support.cpp.o[0m
[2.374s] [ 31%] [32mBuilding CXX object CMakeFiles/custom_msg__rosidl_typesupport_fastrtps_cpp.dir/rosidl_typesupport_fastrtps_cpp/custom_msg/msg/detail/dds_fastrtps/list_string__type_support.cpp.o[0m
[2.375s] [ 34%] [32mBuilding CXX object CMakeFiles/custom_msg__rosidl_typesupport_fastrtps_cpp.dir/rosidl_typesupport_fastrtps_cpp/custom_msg/msg/detail/dds_fastrtps/pos__type_support.cpp.o[0m
[2.375s] [ 36%] [32mBuilding CXX object CMakeFiles/custom_msg__rosidl_typesupport_fastrtps_cpp.dir/rosidl_typesupport_fastrtps_cpp/custom_msg/msg/detail/dds_fastrtps/manos_bundle__type_support.cpp.o[0m
[2.380s] [ 40%] [32mBuilding C object CMakeFiles/custom_msg__rosidl_typesupport_introspection_c.dir/rosidl_typesupport_introspection_c/custom_msg/msg/detail/list_string__type_support.c.o[0m
[2.380s] [ 42%] [32mBuilding C object CMakeFiles/custom_msg__rosidl_typesupport_introspection_c.dir/rosidl_typesupport_introspection_c/custom_msg/msg/detail/manos_bundle__type_support.c.o[0m
[2.380s] [ 40%] [32mBuilding C object CMakeFiles/custom_msg__rosidl_typesupport_introspection_c.dir/rosidl_typesupport_introspection_c/custom_msg/msg/detail/pos__type_support.c.o[0m
[2.404s] [ 44%] [32m[1mLinking C shared library libcustom_msg__rosidl_typesupport_introspection_c.so[0m
[2.412s] [ 46%] [32mBuilding CXX object CMakeFiles/custom_msg__rosidl_typesupport_c.dir/rosidl_typesupport_c/custom_msg/msg/list_string__type_support.cpp.o[0m
[2.412s] [ 48%] [32mBuilding CXX object CMakeFiles/custom_msg__rosidl_typesupport_c.dir/rosidl_typesupport_c/custom_msg/msg/pos__type_support.cpp.o[0m
[2.412s] [ 51%] [32mBuilding CXX object CMakeFiles/custom_msg__rosidl_typesupport_c.dir/rosidl_typesupport_c/custom_msg/msg/manos_bundle__type_support.cpp.o[0m
[2.415s] [ 51%] Built target custom_msg__rosidl_typesupport_introspection_c
[2.415s] [ 55%] [32mBuilding CXX object CMakeFiles/custom_msg__rosidl_typesupport_introspection_cpp.dir/rosidl_typesupport_introspection_cpp/custom_msg/msg/detail/list_string__type_support.cpp.o[0m
[2.416s] [ 55%] [32mBuilding CXX object CMakeFiles/custom_msg__rosidl_typesupport_introspection_cpp.dir/rosidl_typesupport_introspection_cpp/custom_msg/msg/detail/pos__type_support.cpp.o[0m
[2.416s] [ 57%] [32mBuilding CXX object CMakeFiles/custom_msg__rosidl_typesupport_introspection_cpp.dir/rosidl_typesupport_introspection_cpp/custom_msg/msg/detail/manos_bundle__type_support.cpp.o[0m
[2.433s] [ 59%] [32m[1mLinking CXX shared library libcustom_msg__rosidl_typesupport_c.so[0m
[2.454s] [ 59%] Built target custom_msg__rosidl_typesupport_c
[2.559s] [ 61%] [32m[1mLinking CXX shared library libcustom_msg__rosidl_typesupport_cpp.so[0m
[2.576s] [ 61%] Built target custom_msg__rosidl_typesupport_cpp
[2.612s] [ 63%] [32m[1mLinking CXX shared library libcustom_msg__rosidl_typesupport_introspection_cpp.so[0m
[2.639s] [ 65%] [32m[1mLinking CXX shared library libcustom_msg__rosidl_typesupport_fastrtps_cpp.so[0m
[2.646s] [ 65%] Built target custom_msg__rosidl_typesupport_introspection_cpp
[2.679s] [ 65%] Built target custom_msg__rosidl_typesupport_fastrtps_cpp
[2.682s] [ 68%] [34m[1mGenerating C type support for eProsima Fast-RTPS[0m
[2.826s] [ 70%] [32mBuilding CXX object CMakeFiles/custom_msg__rosidl_typesupport_fastrtps_c.dir/rosidl_typesupport_fastrtps_c/custom_msg/msg/detail/list_string__type_support_c.cpp.o[0m
[2.826s] [ 72%] [32mBuilding CXX object CMakeFiles/custom_msg__rosidl_typesupport_fastrtps_c.dir/rosidl_typesupport_fastrtps_c/custom_msg/msg/detail/pos__type_support_c.cpp.o[0m
[2.826s] [ 74%] [32mBuilding CXX object CMakeFiles/custom_msg__rosidl_typesupport_fastrtps_c.dir/rosidl_typesupport_fastrtps_c/custom_msg/msg/detail/manos_bundle__type_support_c.cpp.o[0m
[2.993s] [ 76%] [32m[1mLinking CXX shared library libcustom_msg__rosidl_typesupport_fastrtps_c.so[0m
[3.042s] [ 76%] Built target custom_msg__rosidl_typesupport_fastrtps_c
[3.047s] [ 76%] Built target custom_msg
[3.053s] [ 78%] [34m[1mGenerating Python code for ROS interfaces[0m
[3.380s] [ 78%] Built target custom_msg__py
[3.385s] [ 80%] [32mBuilding C object CMakeFiles/custom_msg__python.dir/rosidl_generator_py/custom_msg/msg/_list_string_s.c.o[0m
[3.385s] [ 82%] [32mBuilding C object CMakeFiles/custom_msg__python.dir/rosidl_generator_py/custom_msg/msg/_manos_bundle_s.c.o[0m
[3.385s] [ 85%] [32mBuilding C object CMakeFiles/custom_msg__python.dir/rosidl_generator_py/custom_msg/msg/_pos_s.c.o[0m
[3.435s] [ 87%] [32m[1mLinking C shared library rosidl_generator_py/custom_msg/libcustom_msg__python.so[0m
[3.452s] [ 87%] Built target custom_msg__python
[3.457s] [ 89%] [32mBuilding C object CMakeFiles/custom_msg__rosidl_typesupport_c__pyext.dir/rosidl_generator_py/custom_msg/_custom_msg_s.ep.rosidl_typesupport_c.c.o[0m
[3.457s] [ 93%] [32mBuilding C object CMakeFiles/custom_msg__rosidl_typesupport_introspection_c__pyext.dir/rosidl_generator_py/custom_msg/_custom_msg_s.ep.rosidl_typesupport_introspection_c.c.o[0m
[3.457s] [ 93%] [32mBuilding C object CMakeFiles/custom_msg__rosidl_typesupport_fastrtps_c__pyext.dir/rosidl_generator_py/custom_msg/_custom_msg_s.ep.rosidl_typesupport_fastrtps_c.c.o[0m
[3.500s] [ 95%] [32m[1mLinking C shared library rosidl_generator_py/custom_msg/custom_msg_s__rosidl_typesupport_c.cpython-38-x86_64-linux-gnu.so[0m
[3.501s] [100%] [32m[1mLinking CXX shared library rosidl_generator_py/custom_msg/custom_msg_s__rosidl_typesupport_fastrtps_c.cpython-38-x86_64-linux-gnu.so[0m
[3.502s] [100%] [32m[1mLinking C shared library rosidl_generator_py/custom_msg/custom_msg_s__rosidl_typesupport_introspection_c.cpython-38-x86_64-linux-gnu.so[0m
[3.515s] [100%] Built target custom_msg__rosidl_typesupport_c__pyext
[3.515s] [100%] Built target custom_msg__rosidl_typesupport_introspection_c__pyext
[3.530s] [100%] Built target custom_msg__rosidl_typesupport_fastrtps_c__pyext
[3.837s] Invoked command in '/home/field/MANOS/build/custom_msg' returned '0': CMAKE_PREFIX_PATH=${CMAKE_PREFIX_PATH}:/home/field/MANOS/install/manos_manager:/home/field/MANOS/install/host_listener_package:/home/field/MANOS/install/hand_detector:/home/field/MANOS/install/custom_ros_controller:/home/field/MANOS/install/castelet:/home/field/MANOS/install/camera:/opt/ros/galactic /home/field/.local/bin/cmake --build /home/field/MANOS/build/custom_msg -- -j20 -l20
[4.275s] Invoking command in '/home/field/MANOS/build/custom_msg': CMAKE_PREFIX_PATH=${CMAKE_PREFIX_PATH}:/home/field/MANOS/install/manos_manager:/home/field/MANOS/install/host_listener_package:/home/field/MANOS/install/hand_detector:/home/field/MANOS/install/custom_ros_controller:/home/field/MANOS/install/castelet:/home/field/MANOS/install/camera:/opt/ros/galactic /home/field/.local/bin/cmake --install /home/field/MANOS/build/custom_msg
[4.291s] -- Install configuration: ""
[4.291s] -- Installing: /home/field/MANOS/install/custom_msg/share/ament_index/resource_index/rosidl_interfaces/custom_msg
[4.291s] -- Installing: /home/field/MANOS/install/custom_msg/include/custom_msg
[4.291s] -- Installing: /home/field/MANOS/install/custom_msg/include/custom_msg/msg
[4.291s] -- Installing: /home/field/MANOS/install/custom_msg/include/custom_msg/msg/rosidl_generator_c__visibility_control.h
[4.291s] -- Installing: /home/field/MANOS/install/custom_msg/include/custom_msg/msg/list_string.h
[4.291s] -- Installing: /home/field/MANOS/install/custom_msg/include/custom_msg/msg/detail
[4.291s] -- Installing: /home/field/MANOS/install/custom_msg/include/custom_msg/msg/detail/manos_bundle__functions.c
[4.291s] -- Installing: /home/field/MANOS/install/custom_msg/include/custom_msg/msg/detail/pos__functions.h
[4.291s] -- Installing: /home/field/MANOS/install/custom_msg/include/custom_msg/msg/detail/list_string__functions.h
[4.291s] -- Installing: /home/field/MANOS/install/custom_msg/include/custom_msg/msg/detail/manos_bundle__type_support.h
[4.291s] -- Installing: /home/field/MANOS/install/custom_msg/include/custom_msg/msg/detail/manos_bundle__functions.h
[4.291s] -- Installing: /home/field/MANOS/install/custom_msg/include/custom_msg/msg/detail/manos_bundle__struct.h
[4.291s] -- Installing: /home/field/MANOS/install/custom_msg/include/custom_msg/msg/detail/pos__functions.c
[4.292s] -- Installing: /home/field/MANOS/install/custom_msg/include/custom_msg/msg/detail/list_string__functions.c
[4.292s] -- Installing: /home/field/MANOS/install/custom_msg/include/custom_msg/msg/detail/pos__struct.h
[4.292s] -- Installing: /home/field/MANOS/install/custom_msg/include/custom_msg/msg/detail/list_string__struct.h
[4.292s] -- Installing: /home/field/MANOS/install/custom_msg/include/custom_msg/msg/detail/list_string__type_support.h
[4.292s] -- Installing: /home/field/MANOS/install/custom_msg/include/custom_msg/msg/detail/pos__type_support.h
[4.292s] -- Installing: /home/field/MANOS/install/custom_msg/include/custom_msg/msg/pos.h
[4.292s] -- Installing: /home/field/MANOS/install/custom_msg/include/custom_msg/msg/manos_bundle.h
[4.292s] -- Installing: /home/field/MANOS/install/custom_msg/share/custom_msg/environment/library_path.sh
[4.292s] -- Installing: /home/field/MANOS/install/custom_msg/share/custom_msg/environment/library_path.dsv
[4.292s] -- Installing: /home/field/MANOS/install/custom_msg/lib/libcustom_msg__rosidl_generator_c.so
[4.292s] -- Set runtime path of "/home/field/MANOS/install/custom_msg/lib/libcustom_msg__rosidl_generator_c.so" to ""
[4.292s] -- Up-to-date: /home/field/MANOS/install/custom_msg/include/custom_msg
[4.292s] -- Up-to-date: /home/field/MANOS/install/custom_msg/include/custom_msg/msg
[4.292s] -- Installing: /home/field/MANOS/install/custom_msg/include/custom_msg/msg/rosidl_typesupport_fastrtps_c__visibility_control.h
[4.292s] -- Up-to-date: /home/field/MANOS/install/custom_msg/include/custom_msg/msg/detail
[4.292s] -- Installing: /home/field/MANOS/install/custom_msg/include/custom_msg/msg/detail/pos__rosidl_typesupport_fastrtps_c.h
[4.292s] -- Installing: /home/field/MANOS/install/custom_msg/include/custom_msg/msg/detail/manos_bundle__rosidl_typesupport_fastrtps_c.h
[4.292s] -- Installing: /home/field/MANOS/install/custom_msg/include/custom_msg/msg/detail/list_string__rosidl_typesupport_fastrtps_c.h
[4.292s] -- Installing: /home/field/MANOS/install/custom_msg/lib/libcustom_msg__rosidl_typesupport_fastrtps_c.so
[4.292s] -- Set runtime path of "/home/field/MANOS/install/custom_msg/lib/libcustom_msg__rosidl_typesupport_fastrtps_c.so" to ""
[4.292s] -- Up-to-date: /home/field/MANOS/install/custom_msg/include/custom_msg
[4.292s] -- Up-to-date: /home/field/MANOS/install/custom_msg/include/custom_msg/msg
[4.292s] -- Up-to-date: /home/field/MANOS/install/custom_msg/include/custom_msg/msg/detail
[4.292s] -- Installing: /home/field/MANOS/install/custom_msg/include/custom_msg/msg/detail/list_string__rosidl_typesupport_fastrtps_cpp.hpp
[4.292s] -- Installing: /home/field/MANOS/install/custom_msg/include/custom_msg/msg/detail/pos__rosidl_typesupport_fastrtps_cpp.hpp
[4.293s] -- Installing: /home/field/MANOS/install/custom_msg/include/custom_msg/msg/detail/dds_fastrtps
[4.293s] -- Installing: /home/field/MANOS/install/custom_msg/include/custom_msg/msg/detail/manos_bundle__rosidl_typesupport_fastrtps_cpp.hpp
[4.293s] -- Installing: /home/field/MANOS/install/custom_msg/include/custom_msg/msg/rosidl_typesupport_fastrtps_cpp__visibility_control.h
[4.293s] -- Installing: /home/field/MANOS/install/custom_msg/lib/libcustom_msg__rosidl_typesupport_fastrtps_cpp.so
[4.293s] -- Set runtime path of "/home/field/MANOS/install/custom_msg/lib/libcustom_msg__rosidl_typesupport_fastrtps_cpp.so" to ""
[4.293s] -- Up-to-date: /home/field/MANOS/install/custom_msg/include/custom_msg
[4.293s] -- Up-to-date: /home/field/MANOS/install/custom_msg/include/custom_msg/msg
[4.293s] -- Up-to-date: /home/field/MANOS/install/custom_msg/include/custom_msg/msg/detail
[4.293s] -- Installing: /home/field/MANOS/install/custom_msg/include/custom_msg/msg/detail/list_string__rosidl_typesupport_introspection_c.h
[4.293s] -- Installing: /home/field/MANOS/install/custom_msg/include/custom_msg/msg/detail/manos_bundle__rosidl_typesupport_introspection_c.h
[4.293s] -- Installing: /home/field/MANOS/install/custom_msg/include/custom_msg/msg/detail/pos__type_support.c
[4.293s] -- Installing: /home/field/MANOS/install/custom_msg/include/custom_msg/msg/detail/manos_bundle__type_support.c
[4.293s] -- Installing: /home/field/MANOS/install/custom_msg/include/custom_msg/msg/detail/list_string__type_support.c
[4.293s] -- Installing: /home/field/MANOS/install/custom_msg/include/custom_msg/msg/detail/pos__rosidl_typesupport_introspection_c.h
[4.293s] -- Installing: /home/field/MANOS/install/custom_msg/include/custom_msg/msg/rosidl_typesupport_introspection_c__visibility_control.h
[4.293s] -- Installing: /home/field/MANOS/install/custom_msg/lib/libcustom_msg__rosidl_typesupport_introspection_c.so
[4.293s] -- Set runtime path of "/home/field/MANOS/install/custom_msg/lib/libcustom_msg__rosidl_typesupport_introspection_c.so" to ""
[4.293s] -- Installing: /home/field/MANOS/install/custom_msg/lib/libcustom_msg__rosidl_typesupport_c.so
[4.293s] -- Set runtime path of "/home/field/MANOS/install/custom_msg/lib/libcustom_msg__rosidl_typesupport_c.so" to ""
[4.293s] -- Up-to-date: /home/field/MANOS/install/custom_msg/include/custom_msg
[4.293s] -- Up-to-date: /home/field/MANOS/install/custom_msg/include/custom_msg/msg
[4.293s] -- Installing: /home/field/MANOS/install/custom_msg/include/custom_msg/msg/pos.hpp
[4.294s] -- Installing: /home/field/MANOS/install/custom_msg/include/custom_msg/msg/manos_bundle.hpp
[4.294s] -- Up-to-date: /home/field/MANOS/install/custom_msg/include/custom_msg/msg/detail
[4.294s] -- Installing: /home/field/MANOS/install/custom_msg/include/custom_msg/msg/detail/list_string__traits.hpp
[4.294s] -- Installing: /home/field/MANOS/install/custom_msg/include/custom_msg/msg/detail/pos__traits.hpp
[4.294s] -- Installing: /home/field/MANOS/install/custom_msg/include/custom_msg/msg/detail/list_string__builder.hpp
[4.294s] -- Installing: /home/field/MANOS/install/custom_msg/include/custom_msg/msg/detail/pos__struct.hpp
[4.294s] -- Installing: /home/field/MANOS/install/custom_msg/include/custom_msg/msg/detail/manos_bundle__builder.hpp
[4.294s] -- Installing: /home/field/MANOS/install/custom_msg/include/custom_msg/msg/detail/manos_bundle__struct.hpp
[4.294s] -- Installing: /home/field/MANOS/install/custom_msg/include/custom_msg/msg/detail/manos_bundle__traits.hpp
[4.294s] -- Installing: /home/field/MANOS/install/custom_msg/include/custom_msg/msg/detail/list_string__struct.hpp
[4.294s] -- Installing: /home/field/MANOS/install/custom_msg/include/custom_msg/msg/detail/pos__builder.hpp
[4.294s] -- Installing: /home/field/MANOS/install/custom_msg/include/custom_msg/msg/list_string.hpp
[4.294s] -- Up-to-date: /home/field/MANOS/install/custom_msg/include/custom_msg
[4.294s] -- Up-to-date: /home/field/MANOS/install/custom_msg/include/custom_msg/msg
[4.294s] -- Up-to-date: /home/field/MANOS/install/custom_msg/include/custom_msg/msg/detail
[4.294s] -- Installing: /home/field/MANOS/install/custom_msg/include/custom_msg/msg/detail/pos__type_support.cpp
[4.294s] -- Installing: /home/field/MANOS/install/custom_msg/include/custom_msg/msg/detail/list_string__rosidl_typesupport_introspection_cpp.hpp
[4.294s] -- Installing: /home/field/MANOS/install/custom_msg/include/custom_msg/msg/detail/list_string__type_support.cpp
[4.294s] -- Installing: /home/field/MANOS/install/custom_msg/include/custom_msg/msg/detail/manos_bundle__rosidl_typesupport_introspection_cpp.hpp
[4.294s] -- Installing: /home/field/MANOS/install/custom_msg/include/custom_msg/msg/detail/manos_bundle__type_support.cpp
[4.294s] -- Installing: /home/field/MANOS/install/custom_msg/include/custom_msg/msg/detail/pos__rosidl_typesupport_introspection_cpp.hpp
[4.294s] -- Installing: /home/field/MANOS/install/custom_msg/lib/libcustom_msg__rosidl_typesupport_introspection_cpp.so
[4.294s] -- Set runtime path of "/home/field/MANOS/install/custom_msg/lib/libcustom_msg__rosidl_typesupport_introspection_cpp.so" to ""
[4.294s] -- Installing: /home/field/MANOS/install/custom_msg/lib/libcustom_msg__rosidl_typesupport_cpp.so
[4.295s] -- Set runtime path of "/home/field/MANOS/install/custom_msg/lib/libcustom_msg__rosidl_typesupport_cpp.so" to ""
[4.295s] -- Installing: /home/field/MANOS/install/custom_msg/share/custom_msg/environment/pythonpath.sh
[4.295s] -- Installing: /home/field/MANOS/install/custom_msg/share/custom_msg/environment/pythonpath.dsv
[4.295s] -- Installing: /home/field/MANOS/install/custom_msg/lib/python3.8/site-packages/custom_msg/__init__.py
[4.313s] Compiling '/home/field/MANOS/install/custom_msg/lib/python3.8/site-packages/custom_msg/__init__.py'...
[4.315s] -- Installing: /home/field/MANOS/install/custom_msg/lib/python3.8/site-packages/custom_msg/msg
[4.315s] -- Installing: /home/field/MANOS/install/custom_msg/lib/python3.8/site-packages/custom_msg/msg/_manos_bundle_s.c
[4.315s] -- Installing: /home/field/MANOS/install/custom_msg/lib/python3.8/site-packages/custom_msg/msg/__init__.py
[4.315s] -- Installing: /home/field/MANOS/install/custom_msg/lib/python3.8/site-packages/custom_msg/msg/_list_string.py
[4.316s] -- Installing: /home/field/MANOS/install/custom_msg/lib/python3.8/site-packages/custom_msg/msg/_pos.py
[4.316s] -- Installing: /home/field/MANOS/install/custom_msg/lib/python3.8/site-packages/custom_msg/msg/_manos_bundle.py
[4.316s] -- Installing: /home/field/MANOS/install/custom_msg/lib/python3.8/site-packages/custom_msg/msg/_pos_s.c
[4.316s] -- Installing: /home/field/MANOS/install/custom_msg/lib/python3.8/site-packages/custom_msg/msg/_list_string_s.c
[4.316s] -- Installing: /home/field/MANOS/install/custom_msg/lib/python3.8/site-packages/custom_msg/custom_msg_s__rosidl_typesupport_fastrtps_c.cpython-38-x86_64-linux-gnu.so
[4.316s] -- Set runtime path of "/home/field/MANOS/install/custom_msg/lib/python3.8/site-packages/custom_msg/custom_msg_s__rosidl_typesupport_fastrtps_c.cpython-38-x86_64-linux-gnu.so" to ""
[4.316s] -- Installing: /home/field/MANOS/install/custom_msg/lib/python3.8/site-packages/custom_msg/custom_msg_s__rosidl_typesupport_introspection_c.cpython-38-x86_64-linux-gnu.so
[4.316s] -- Set runtime path of "/home/field/MANOS/install/custom_msg/lib/python3.8/site-packages/custom_msg/custom_msg_s__rosidl_typesupport_introspection_c.cpython-38-x86_64-linux-gnu.so" to ""
[4.316s] -- Installing: /home/field/MANOS/install/custom_msg/lib/python3.8/site-packages/custom_msg/custom_msg_s__rosidl_typesupport_c.cpython-38-x86_64-linux-gnu.so
[4.316s] -- Set runtime path of "/home/field/MANOS/install/custom_msg/lib/python3.8/site-packages/custom_msg/custom_msg_s__rosidl_typesupport_c.cpython-38-x86_64-linux-gnu.so" to ""
[4.316s] -- Installing: /home/field/MANOS/install/custom_msg/lib/libcustom_msg__python.so
[4.316s] -- Set runtime path of "/home/field/MANOS/install/custom_msg/lib/libcustom_msg__python.so" to ""
[4.316s] -- Installing: /home/field/MANOS/install/custom_msg/share/custom_msg/msg/ListString.idl
[4.316s] -- Installing: /home/field/MANOS/install/custom_msg/share/custom_msg/msg/Pos.idl
[4.316s] -- Installing: /home/field/MANOS/install/custom_msg/share/custom_msg/msg/MANOSBundle.idl
[4.316s] -- Installing: /home/field/MANOS/install/custom_msg/share/custom_msg/msg/ListString.msg
[4.316s] -- Installing: /home/field/MANOS/install/custom_msg/share/custom_msg/msg/Pos.msg
[4.316s] -- Installing: /home/field/MANOS/install/custom_msg/share/custom_msg/msg/MANOSBundle.msg
[4.316s] -- Installing: /home/field/MANOS/install/custom_msg/share/ament_index/resource_index/package_run_dependencies/custom_msg
[4.316s] -- Installing: /home/field/MANOS/install/custom_msg/share/ament_index/resource_index/parent_prefix_path/custom_msg
[4.316s] -- Installing: /home/field/MANOS/install/custom_msg/share/custom_msg/environment/ament_prefix_path.sh
[4.316s] -- Installing: /home/field/MANOS/install/custom_msg/share/custom_msg/environment/ament_prefix_path.dsv
[4.317s] -- Installing: /home/field/MANOS/install/custom_msg/share/custom_msg/environment/path.sh
[4.317s] -- Installing: /home/field/MANOS/install/custom_msg/share/custom_msg/environment/path.dsv
[4.317s] -- Installing: /home/field/MANOS/install/custom_msg/share/custom_msg/local_setup.bash
[4.317s] -- Installing: /home/field/MANOS/install/custom_msg/share/custom_msg/local_setup.sh
[4.317s] -- Installing: /home/field/MANOS/install/custom_msg/share/custom_msg/local_setup.zsh
[4.317s] -- Installing: /home/field/MANOS/install/custom_msg/share/custom_msg/local_setup.dsv
[4.317s] -- Installing: /home/field/MANOS/install/custom_msg/share/custom_msg/package.dsv
[4.317s] -- Installing: /home/field/MANOS/install/custom_msg/share/ament_index/resource_index/packages/custom_msg
[4.317s] -- Installing: /home/field/MANOS/install/custom_msg/share/custom_msg/cmake/custom_msg__rosidl_generator_cExport.cmake
[4.317s] -- Installing: /home/field/MANOS/install/custom_msg/share/custom_msg/cmake/custom_msg__rosidl_generator_cExport-noconfig.cmake
[4.317s] -- Installing: /home/field/MANOS/install/custom_msg/share/custom_msg/cmake/custom_msg__rosidl_typesupport_introspection_cExport.cmake
[4.317s] -- Installing: /home/field/MANOS/install/custom_msg/share/custom_msg/cmake/custom_msg__rosidl_typesupport_introspection_cExport-noconfig.cmake
[4.317s] -- Installing: /home/field/MANOS/install/custom_msg/share/custom_msg/cmake/custom_msg__rosidl_typesupport_cExport.cmake
[4.317s] -- Installing: /home/field/MANOS/install/custom_msg/share/custom_msg/cmake/custom_msg__rosidl_typesupport_cExport-noconfig.cmake
[4.317s] -- Installing: /home/field/MANOS/install/custom_msg/share/custom_msg/cmake/custom_msg__rosidl_generator_cppExport.cmake
[4.317s] -- Installing: /home/field/MANOS/install/custom_msg/share/custom_msg/cmake/custom_msg__rosidl_typesupport_introspection_cppExport.cmake
[4.317s] -- Installing: /home/field/MANOS/install/custom_msg/share/custom_msg/cmake/custom_msg__rosidl_typesupport_introspection_cppExport-noconfig.cmake
[4.317s] -- Installing: /home/field/MANOS/install/custom_msg/share/custom_msg/cmake/custom_msg__rosidl_typesupport_cppExport.cmake
[4.317s] -- Installing: /home/field/MANOS/install/custom_msg/share/custom_msg/cmake/custom_msg__rosidl_typesupport_cppExport-noconfig.cmake
[4.317s] -- Installing: /home/field/MANOS/install/custom_msg/share/custom_msg/cmake/rosidl_cmake-extras.cmake
[4.317s] -- Installing: /home/field/MANOS/install/custom_msg/share/custom_msg/cmake/ament_cmake_export_dependencies-extras.cmake
[4.318s] -- Installing: /home/field/MANOS/install/custom_msg/share/custom_msg/cmake/ament_cmake_export_libraries-extras.cmake
[4.318s] -- Installing: /home/field/MANOS/install/custom_msg/share/custom_msg/cmake/ament_cmake_export_targets-extras.cmake
[4.318s] -- Installing: /home/field/MANOS/install/custom_msg/share/custom_msg/cmake/ament_cmake_export_include_directories-extras.cmake
[4.318s] -- Installing: /home/field/MANOS/install/custom_msg/share/custom_msg/cmake/rosidl_cmake_export_typesupport_libraries-extras.cmake
[4.318s] -- Installing: /home/field/MANOS/install/custom_msg/share/custom_msg/cmake/rosidl_cmake_export_typesupport_targets-extras.cmake
[4.318s] -- Installing: /home/field/MANOS/install/custom_msg/share/custom_msg/cmake/custom_msgConfig.cmake
[4.318s] -- Installing: /home/field/MANOS/install/custom_msg/share/custom_msg/cmake/custom_msgConfig-version.cmake
[4.318s] -- Installing: /home/field/MANOS/install/custom_msg/share/custom_msg/package.xml
[4.321s] Invoked command in '/home/field/MANOS/build/custom_msg' returned '0': CMAKE_PREFIX_PATH=${CMAKE_PREFIX_PATH}:/home/field/MANOS/install/manos_manager:/home/field/MANOS/install/host_listener_package:/home/field/MANOS/install/hand_detector:/home/field/MANOS/install/custom_ros_controller:/home/field/MANOS/install/castelet:/home/field/MANOS/install/camera:/opt/ros/galactic /home/field/.local/bin/cmake --install /home/field/MANOS/build/custom_msg
