[4.120s] Invoking command in '/home/keny/MANOS_ws/src/hand_detector': PYTHONPATH=/home/keny/MANOS_ws/build/hand_detector/prefix_override:/home/keny/MANOS_ws/install/hand_detector/lib/python3.8/site-packages:/home/keny/MANOS_ws/install/custom_msg/lib/python3.8/site-packages:/home/keny/MANOS_ws/install/manos_manager/lib/python3.8/site-packages:/home/keny/MANOS_ws/install/host_listener_package/lib/python3.8/site-packages:/home/keny/MANOS_ws/install/hand_detector/lib/python3.8/site-packages:/home/keny/MANOS_ws/install/castelet/lib/python3.8/site-packages:/home/keny/MANOS_ws/install/camera/lib/python3.8/site-packages:/home/keny/MANOS_ws/install/CustomRosController/lib/python3.8/site-packages:/opt/ros/galactic/lib/python3.8/site-packages:/home/keny/acs/src/behaviors/ /usr/bin/python3 setup.py egg_info --egg-base ../../build/hand_detector build --build-base /home/keny/MANOS_ws/build/hand_detector/build install --record /home/keny/MANOS_ws/build/hand_detector/install.log --single-version-externally-managed
[4.777s] running egg_info
[4.779s] writing ../../build/hand_detector/hand_detector.egg-info/PKG-INFO
[4.780s] writing dependency_links to ../../build/hand_detector/hand_detector.egg-info/dependency_links.txt
[4.781s] writing entry points to ../../build/hand_detector/hand_detector.egg-info/entry_points.txt
[4.781s] writing requirements to ../../build/hand_detector/hand_detector.egg-info/requires.txt
[4.782s] writing top-level names to ../../build/hand_detector/hand_detector.egg-info/top_level.txt
[4.869s] reading manifest file '../../build/hand_detector/hand_detector.egg-info/SOURCES.txt'
[4.871s] writing manifest file '../../build/hand_detector/hand_detector.egg-info/SOURCES.txt'
[4.872s] running build
[4.872s] running build_py
[4.872s] running install
[4.874s] running install_lib
[4.878s] running install_data
[4.879s] running install_egg_info
[4.883s] removing '/home/keny/MANOS_ws/install/hand_detector/lib/python3.8/site-packages/hand_detector-0.0.0-py3.8.egg-info' (and everything under it)
[4.884s] Copying ../../build/hand_detector/hand_detector.egg-info to /home/keny/MANOS_ws/install/hand_detector/lib/python3.8/site-packages/hand_detector-0.0.0-py3.8.egg-info
[4.886s] running install_scripts
[4.941s] Installing hand_detector script to /home/keny/MANOS_ws/install/hand_detector/lib/hand_detector
[4.951s] writing list of installed files to '/home/keny/MANOS_ws/build/hand_detector/install.log'
[4.989s] Invoked command in '/home/keny/MANOS_ws/src/hand_detector' returned '0': PYTHONPATH=/home/keny/MANOS_ws/build/hand_detector/prefix_override:/home/keny/MANOS_ws/install/hand_detector/lib/python3.8/site-packages:/home/keny/MANOS_ws/install/custom_msg/lib/python3.8/site-packages:/home/keny/MANOS_ws/install/manos_manager/lib/python3.8/site-packages:/home/keny/MANOS_ws/install/host_listener_package/lib/python3.8/site-packages:/home/keny/MANOS_ws/install/hand_detector/lib/python3.8/site-packages:/home/keny/MANOS_ws/install/castelet/lib/python3.8/site-packages:/home/keny/MANOS_ws/install/camera/lib/python3.8/site-packages:/home/keny/MANOS_ws/install/CustomRosController/lib/python3.8/site-packages:/opt/ros/galactic/lib/python3.8/site-packages:/home/keny/acs/src/behaviors/ /usr/bin/python3 setup.py egg_info --egg-base ../../build/hand_detector build --build-base /home/keny/MANOS_ws/build/hand_detector/build install --record /home/keny/MANOS_ws/build/hand_detector/install.log --single-version-externally-managed
