[1.790s] Invoking command in '/home/keny/MANOS_ws/src/hand_detector': PYTHONPATH=/home/keny/MANOS_ws/build/hand_detector/prefix_override:/home/keny/MANOS_ws/install/hand_detector/lib/python3.8/site-packages:/home/keny/MANOS_ws/install/custom_msg/lib/python3.8/site-packages:/home/keny/MANOS_ws/install/manos_manager/lib/python3.8/site-packages:/home/keny/MANOS_ws/install/host_listener_package/lib/python3.8/site-packages:/home/keny/MANOS_ws/install/hand_detector/lib/python3.8/site-packages:/home/keny/MANOS_ws/install/custom_ros_controller/lib/python3.8/site-packages:/home/keny/MANOS_ws/install/castelet/lib/python3.8/site-packages:/home/keny/MANOS_ws/install/camera/lib/python3.8/site-packages:/home/keny/MANOS_ws/install/CustomRosController/lib/python3.8/site-packages:/opt/ros/galactic/lib/python3.8/site-packages:/home/keny/acs/src/behaviors/ /usr/bin/python3 setup.py egg_info --egg-base ../../build/hand_detector build --build-base /home/keny/MANOS_ws/build/hand_detector/build install --record /home/keny/MANOS_ws/build/hand_detector/install.log --single-version-externally-managed
[2.042s] running egg_info
[2.043s] writing ../../build/hand_detector/hand_detector.egg-info/PKG-INFO
[2.043s] writing dependency_links to ../../build/hand_detector/hand_detector.egg-info/dependency_links.txt
[2.043s] writing entry points to ../../build/hand_detector/hand_detector.egg-info/entry_points.txt
[2.044s] writing requirements to ../../build/hand_detector/hand_detector.egg-info/requires.txt
[2.044s] writing top-level names to ../../build/hand_detector/hand_detector.egg-info/top_level.txt
[2.074s] reading manifest file '../../build/hand_detector/hand_detector.egg-info/SOURCES.txt'
[2.075s] writing manifest file '../../build/hand_detector/hand_detector.egg-info/SOURCES.txt'
[2.075s] running build
[2.075s] running build_py
[2.076s] running install
[2.076s] running install_lib
[2.077s] running install_data
[2.078s] running install_egg_info
[2.079s] removing '/home/keny/MANOS_ws/install/hand_detector/lib/python3.8/site-packages/hand_detector-0.0.0-py3.8.egg-info' (and everything under it)
[2.080s] Copying ../../build/hand_detector/hand_detector.egg-info to /home/keny/MANOS_ws/install/hand_detector/lib/python3.8/site-packages/hand_detector-0.0.0-py3.8.egg-info
[2.080s] running install_scripts
[2.095s] Installing hand_detector script to /home/keny/MANOS_ws/install/hand_detector/lib/hand_detector
[2.096s] writing list of installed files to '/home/keny/MANOS_ws/build/hand_detector/install.log'
[2.143s] Invoked command in '/home/keny/MANOS_ws/src/hand_detector' returned '0': PYTHONPATH=/home/keny/MANOS_ws/build/hand_detector/prefix_override:/home/keny/MANOS_ws/install/hand_detector/lib/python3.8/site-packages:/home/keny/MANOS_ws/install/custom_msg/lib/python3.8/site-packages:/home/keny/MANOS_ws/install/manos_manager/lib/python3.8/site-packages:/home/keny/MANOS_ws/install/host_listener_package/lib/python3.8/site-packages:/home/keny/MANOS_ws/install/hand_detector/lib/python3.8/site-packages:/home/keny/MANOS_ws/install/custom_ros_controller/lib/python3.8/site-packages:/home/keny/MANOS_ws/install/castelet/lib/python3.8/site-packages:/home/keny/MANOS_ws/install/camera/lib/python3.8/site-packages:/home/keny/MANOS_ws/install/CustomRosController/lib/python3.8/site-packages:/opt/ros/galactic/lib/python3.8/site-packages:/home/keny/acs/src/behaviors/ /usr/bin/python3 setup.py egg_info --egg-base ../../build/hand_detector build --build-base /home/keny/MANOS_ws/build/hand_detector/build install --record /home/keny/MANOS_ws/build/hand_detector/install.log --single-version-externally-managed
