[4.153s] [34mcolcon[0m [1;30mDEBUG[0m [32mCommand line arguments: ['/usr/bin/colcon', 'build', '--packages-select', 'castelet'][0m
[4.153s] [34mcolcon[0m [1;30mDEBUG[0m [32mParsed command line arguments: Namespace(allow_overriding=[], ament_cmake_args=None, base_paths=['.'], build_base='build', catkin_cmake_args=None, catkin_skip_building_tests=False, cmake_args=None, cmake_clean_cache=False, cmake_clean_first=False, cmake_force_configure=False, cmake_target=None, cmake_target_skip_unavailable=False, continue_on_error=False, event_handlers=None, executor='parallel', ignore_user_meta=False, install_base='install', log_base=None, log_level=None, main=<bound method BuildVerb.main of <colcon_core.verb.build.BuildVerb object at 0x7efe3cbc5c40>>, merge_install=False, metas=['./colcon.meta'], packages_above=None, packages_above_and_dependencies=None, packages_above_depth=None, packages_end=None, packages_ignore=None, packages_ignore_regex=None, packages_select=['castelet'], packages_select_build_failed=False, packages_select_by_dep=None, packages_select_regex=None, packages_select_test_failures=False, packages_skip=None, packages_skip_build_finished=False, packages_skip_by_dep=None, packages_skip_regex=None, packages_skip_test_passed=False, packages_skip_up_to=None, packages_start=None, packages_up_to=None, packages_up_to_regex=None, parallel_workers=20, paths=None, symlink_install=False, test_result_base=None, verb_extension=<colcon_core.verb.build.BuildVerb object at 0x7efe3cbc5c40>, verb_name='build', verb_parser=<colcon_defaults.argument_parser.defaults.DefaultArgumentsDecorator object at 0x7efe3c861d60>)[0m
[4.318s] [34mcolcon.colcon_core.package_discovery[0m [1;30mLevel 1[0m discover_packages(colcon_meta) check parameters
[4.318s] [34mcolcon.colcon_core.package_discovery[0m [1;30mLevel 1[0m discover_packages(recursive) check parameters
[4.318s] [34mcolcon.colcon_core.package_discovery[0m [1;30mLevel 1[0m discover_packages(ignore) check parameters
[4.318s] [34mcolcon.colcon_core.package_discovery[0m [1;30mLevel 1[0m discover_packages(path) check parameters
[4.318s] [34mcolcon.colcon_core.package_discovery[0m [1;30mLevel 1[0m discover_packages(colcon_meta) discover
[4.318s] [34mcolcon.colcon_core.package_discovery[0m [1;30mLevel 1[0m discover_packages(recursive) discover
[4.318s] [34mcolcon.colcon_core.package_discovery[0m [1;30mINFO[0m Crawling recursively for packages in '/home/field/MANOS'
[4.318s] [34mcolcon.colcon_core.package_identification[0m [1;30mLevel 1[0m _identify(.) by extensions ['ignore', 'ignore_ament_install']
[4.318s] [34mcolcon.colcon_core.package_identification[0m [1;30mLevel 1[0m _identify(.) by extension 'ignore'
[4.318s] [34mcolcon.colcon_core.package_identification[0m [1;30mLevel 1[0m _identify(.) by extension 'ignore_ament_install'
[4.318s] [34mcolcon.colcon_core.package_identification[0m [1;30mLevel 1[0m _identify(.) by extensions ['colcon_pkg']
[4.318s] [34mcolcon.colcon_core.package_identification[0m [1;30mLevel 1[0m _identify(.) by extension 'colcon_pkg'
[4.318s] [34mcolcon.colcon_core.package_identification[0m [1;30mLevel 1[0m _identify(.) by extensions ['colcon_meta']
[4.318s] [34mcolcon.colcon_core.package_identification[0m [1;30mLevel 1[0m _identify(.) by extension 'colcon_meta'
[4.318s] [34mcolcon.colcon_core.package_identification[0m [1;30mLevel 1[0m _identify(.) by extensions ['ros']
[4.318s] [34mcolcon.colcon_core.package_identification[0m [1;30mLevel 1[0m _identify(.) by extension 'ros'
[4.325s] [34mcolcon.colcon_core.package_identification[0m [1;30mLevel 1[0m _identify(.) by extensions ['cmake', 'python']
[4.325s] [34mcolcon.colcon_core.package_identification[0m [1;30mLevel 1[0m _identify(.) by extension 'cmake'
[4.325s] [34mcolcon.colcon_core.package_identification[0m [1;30mLevel 1[0m _identify(.) by extension 'python'
[4.325s] [34mcolcon.colcon_core.package_identification[0m [1;30mLevel 1[0m _identify(.) by extensions ['python_setup_py']
[4.325s] [34mcolcon.colcon_core.package_identification[0m [1;30mLevel 1[0m _identify(.) by extension 'python_setup_py'
[4.325s] [34mcolcon.colcon_core.package_identification[0m [1;30mLevel 1[0m _identify(build) by extensions ['ignore', 'ignore_ament_install']
[4.325s] [34mcolcon.colcon_core.package_identification[0m [1;30mLevel 1[0m _identify(build) by extension 'ignore'
[4.325s] [34mcolcon.colcon_core.package_identification[0m [1;30mLevel 1[0m _identify(build) ignored
[4.325s] [34mcolcon.colcon_core.package_identification[0m [1;30mLevel 1[0m _identify(install) by extensions ['ignore', 'ignore_ament_install']
[4.325s] [34mcolcon.colcon_core.package_identification[0m [1;30mLevel 1[0m _identify(install) by extension 'ignore'
[4.325s] [34mcolcon.colcon_core.package_identification[0m [1;30mLevel 1[0m _identify(install) ignored
[4.325s] [34mcolcon.colcon_core.package_identification[0m [1;30mLevel 1[0m _identify(log) by extensions ['ignore', 'ignore_ament_install']
[4.325s] [34mcolcon.colcon_core.package_identification[0m [1;30mLevel 1[0m _identify(log) by extension 'ignore'
[4.325s] [34mcolcon.colcon_core.package_identification[0m [1;30mLevel 1[0m _identify(log) ignored
[4.325s] [34mcolcon.colcon_core.package_identification[0m [1;30mLevel 1[0m _identify(src) by extensions ['ignore', 'ignore_ament_install']
[4.325s] [34mcolcon.colcon_core.package_identification[0m [1;30mLevel 1[0m _identify(src) by extension 'ignore'
[4.325s] [34mcolcon.colcon_core.package_identification[0m [1;30mLevel 1[0m _identify(src) by extension 'ignore_ament_install'
[4.325s] [34mcolcon.colcon_core.package_identification[0m [1;30mLevel 1[0m _identify(src) by extensions ['colcon_pkg']
[4.325s] [34mcolcon.colcon_core.package_identification[0m [1;30mLevel 1[0m _identify(src) by extension 'colcon_pkg'
[4.325s] [34mcolcon.colcon_core.package_identification[0m [1;30mLevel 1[0m _identify(src) by extensions ['colcon_meta']
[4.325s] [34mcolcon.colcon_core.package_identification[0m [1;30mLevel 1[0m _identify(src) by extension 'colcon_meta'
[4.326s] [34mcolcon.colcon_core.package_identification[0m [1;30mLevel 1[0m _identify(src) by extensions ['ros']
[4.326s] [34mcolcon.colcon_core.package_identification[0m [1;30mLevel 1[0m _identify(src) by extension 'ros'
[4.326s] [34mcolcon.colcon_core.package_identification[0m [1;30mLevel 1[0m _identify(src) by extensions ['cmake', 'python']
[4.326s] [34mcolcon.colcon_core.package_identification[0m [1;30mLevel 1[0m _identify(src) by extension 'cmake'
[4.326s] [34mcolcon.colcon_core.package_identification[0m [1;30mLevel 1[0m _identify(src) by extension 'python'
[4.326s] [34mcolcon.colcon_core.package_identification[0m [1;30mLevel 1[0m _identify(src) by extensions ['python_setup_py']
[4.326s] [34mcolcon.colcon_core.package_identification[0m [1;30mLevel 1[0m _identify(src) by extension 'python_setup_py'
[4.326s] [34mcolcon.colcon_core.package_identification[0m [1;30mLevel 1[0m _identify(src/camera) by extensions ['ignore', 'ignore_ament_install']
[4.326s] [34mcolcon.colcon_core.package_identification[0m [1;30mLevel 1[0m _identify(src/camera) by extension 'ignore'
[4.326s] [34mcolcon.colcon_core.package_identification[0m [1;30mLevel 1[0m _identify(src/camera) by extension 'ignore_ament_install'
[4.326s] [34mcolcon.colcon_core.package_identification[0m [1;30mLevel 1[0m _identify(src/camera) by extensions ['colcon_pkg']
[4.326s] [34mcolcon.colcon_core.package_identification[0m [1;30mLevel 1[0m _identify(src/camera) by extension 'colcon_pkg'
[4.326s] [34mcolcon.colcon_core.package_identification[0m [1;30mLevel 1[0m _identify(src/camera) by extensions ['colcon_meta']
[4.326s] [34mcolcon.colcon_core.package_identification[0m [1;30mLevel 1[0m _identify(src/camera) by extension 'colcon_meta'
[4.326s] [34mcolcon.colcon_core.package_identification[0m [1;30mLevel 1[0m _identify(src/camera) by extensions ['ros']
[4.326s] [34mcolcon.colcon_core.package_identification[0m [1;30mLevel 1[0m _identify(src/camera) by extension 'ros'
[4.327s] [34mcolcon.colcon_core.package_identification[0m [1;30mDEBUG[0m [32mPackage 'src/camera' with type 'ros.ament_python' and name 'camera'[0m
[4.328s] [34mcolcon.colcon_core.package_identification[0m [1;30mLevel 1[0m _identify(src/castelet) by extensions ['ignore', 'ignore_ament_install']
[4.328s] [34mcolcon.colcon_core.package_identification[0m [1;30mLevel 1[0m _identify(src/castelet) by extension 'ignore'
[4.328s] [34mcolcon.colcon_core.package_identification[0m [1;30mLevel 1[0m _identify(src/castelet) by extension 'ignore_ament_install'
[4.328s] [34mcolcon.colcon_core.package_identification[0m [1;30mLevel 1[0m _identify(src/castelet) by extensions ['colcon_pkg']
[4.328s] [34mcolcon.colcon_core.package_identification[0m [1;30mLevel 1[0m _identify(src/castelet) by extension 'colcon_pkg'
[4.328s] [34mcolcon.colcon_core.package_identification[0m [1;30mLevel 1[0m _identify(src/castelet) by extensions ['colcon_meta']
[4.328s] [34mcolcon.colcon_core.package_identification[0m [1;30mLevel 1[0m _identify(src/castelet) by extension 'colcon_meta'
[4.328s] [34mcolcon.colcon_core.package_identification[0m [1;30mLevel 1[0m _identify(src/castelet) by extensions ['ros']
[4.328s] [34mcolcon.colcon_core.package_identification[0m [1;30mLevel 1[0m _identify(src/castelet) by extension 'ros'
[4.328s] [34mcolcon.colcon_core.package_identification[0m [1;30mDEBUG[0m [32mPackage 'src/castelet' with type 'ros.ament_python' and name 'castelet'[0m
[4.328s] [34mcolcon.colcon_core.package_identification[0m [1;30mLevel 1[0m _identify(src/custom_msg) by extensions ['ignore', 'ignore_ament_install']
[4.328s] [34mcolcon.colcon_core.package_identification[0m [1;30mLevel 1[0m _identify(src/custom_msg) by extension 'ignore'
[4.328s] [34mcolcon.colcon_core.package_identification[0m [1;30mLevel 1[0m _identify(src/custom_msg) by extension 'ignore_ament_install'
[4.328s] [34mcolcon.colcon_core.package_identification[0m [1;30mLevel 1[0m _identify(src/custom_msg) by extensions ['colcon_pkg']
[4.328s] [34mcolcon.colcon_core.package_identification[0m [1;30mLevel 1[0m _identify(src/custom_msg) by extension 'colcon_pkg'
[4.328s] [34mcolcon.colcon_core.package_identification[0m [1;30mLevel 1[0m _identify(src/custom_msg) by extensions ['colcon_meta']
[4.328s] [34mcolcon.colcon_core.package_identification[0m [1;30mLevel 1[0m _identify(src/custom_msg) by extension 'colcon_meta'
[4.328s] [34mcolcon.colcon_core.package_identification[0m [1;30mLevel 1[0m _identify(src/custom_msg) by extensions ['ros']
[4.329s] [34mcolcon.colcon_core.package_identification[0m [1;30mLevel 1[0m _identify(src/custom_msg) by extension 'ros'
[4.329s] [34mcolcon.colcon_core.package_identification[0m [1;30mDEBUG[0m [32mPackage 'src/custom_msg' with type 'ros.ament_cmake' and name 'custom_msg'[0m
[4.329s] [34mcolcon.colcon_core.package_identification[0m [1;30mLevel 1[0m _identify(src/custom_ros_controller) by extensions ['ignore', 'ignore_ament_install']
[4.329s] [34mcolcon.colcon_core.package_identification[0m [1;30mLevel 1[0m _identify(src/custom_ros_controller) by extension 'ignore'
[4.329s] [34mcolcon.colcon_core.package_identification[0m [1;30mLevel 1[0m _identify(src/custom_ros_controller) by extension 'ignore_ament_install'
[4.329s] [34mcolcon.colcon_core.package_identification[0m [1;30mLevel 1[0m _identify(src/custom_ros_controller) by extensions ['colcon_pkg']
[4.329s] [34mcolcon.colcon_core.package_identification[0m [1;30mLevel 1[0m _identify(src/custom_ros_controller) by extension 'colcon_pkg'
[4.329s] [34mcolcon.colcon_core.package_identification[0m [1;30mLevel 1[0m _identify(src/custom_ros_controller) by extensions ['colcon_meta']
[4.329s] [34mcolcon.colcon_core.package_identification[0m [1;30mLevel 1[0m _identify(src/custom_ros_controller) by extension 'colcon_meta'
[4.329s] [34mcolcon.colcon_core.package_identification[0m [1;30mLevel 1[0m _identify(src/custom_ros_controller) by extensions ['ros']
[4.329s] [34mcolcon.colcon_core.package_identification[0m [1;30mLevel 1[0m _identify(src/custom_ros_controller) by extension 'ros'
[4.329s] [34mcolcon.colcon_core.package_identification[0m [1;30mDEBUG[0m [32mPackage 'src/custom_ros_controller' with type 'ros.ament_python' and name 'custom_ros_controller'[0m
[4.329s] [34mcolcon.colcon_core.package_identification[0m [1;30mLevel 1[0m _identify(src/hand_detector) by extensions ['ignore', 'ignore_ament_install']
[4.329s] [34mcolcon.colcon_core.package_identification[0m [1;30mLevel 1[0m _identify(src/hand_detector) by extension 'ignore'
[4.329s] [34mcolcon.colcon_core.package_identification[0m [1;30mLevel 1[0m _identify(src/hand_detector) by extension 'ignore_ament_install'
[4.330s] [34mcolcon.colcon_core.package_identification[0m [1;30mLevel 1[0m _identify(src/hand_detector) by extensions ['colcon_pkg']
[4.330s] [34mcolcon.colcon_core.package_identification[0m [1;30mLevel 1[0m _identify(src/hand_detector) by extension 'colcon_pkg'
[4.330s] [34mcolcon.colcon_core.package_identification[0m [1;30mLevel 1[0m _identify(src/hand_detector) by extensions ['colcon_meta']
[4.330s] [34mcolcon.colcon_core.package_identification[0m [1;30mLevel 1[0m _identify(src/hand_detector) by extension 'colcon_meta'
[4.330s] [34mcolcon.colcon_core.package_identification[0m [1;30mLevel 1[0m _identify(src/hand_detector) by extensions ['ros']
[4.330s] [34mcolcon.colcon_core.package_identification[0m [1;30mLevel 1[0m _identify(src/hand_detector) by extension 'ros'
[4.330s] [34mcolcon.colcon_core.package_identification[0m [1;30mDEBUG[0m [32mPackage 'src/hand_detector' with type 'ros.ament_python' and name 'hand_detector'[0m
[4.330s] [34mcolcon.colcon_core.package_identification[0m [1;30mLevel 1[0m _identify(src/host_listener_package) by extensions ['ignore', 'ignore_ament_install']
[4.330s] [34mcolcon.colcon_core.package_identification[0m [1;30mLevel 1[0m _identify(src/host_listener_package) by extension 'ignore'
[4.330s] [34mcolcon.colcon_core.package_identification[0m [1;30mLevel 1[0m _identify(src/host_listener_package) by extension 'ignore_ament_install'
[4.330s] [34mcolcon.colcon_core.package_identification[0m [1;30mLevel 1[0m _identify(src/host_listener_package) by extensions ['colcon_pkg']
[4.330s] [34mcolcon.colcon_core.package_identification[0m [1;30mLevel 1[0m _identify(src/host_listener_package) by extension 'colcon_pkg'
[4.330s] [34mcolcon.colcon_core.package_identification[0m [1;30mLevel 1[0m _identify(src/host_listener_package) by extensions ['colcon_meta']
[4.330s] [34mcolcon.colcon_core.package_identification[0m [1;30mLevel 1[0m _identify(src/host_listener_package) by extension 'colcon_meta'
[4.330s] [34mcolcon.colcon_core.package_identification[0m [1;30mLevel 1[0m _identify(src/host_listener_package) by extensions ['ros']
[4.330s] [34mcolcon.colcon_core.package_identification[0m [1;30mLevel 1[0m _identify(src/host_listener_package) by extension 'ros'
[4.331s] [34mcolcon.colcon_core.package_identification[0m [1;30mDEBUG[0m [32mPackage 'src/host_listener_package' with type 'ros.ament_python' and name 'host_listener_package'[0m
[4.331s] [34mcolcon.colcon_core.package_identification[0m [1;30mLevel 1[0m _identify(src/launch) by extensions ['ignore', 'ignore_ament_install']
[4.331s] [34mcolcon.colcon_core.package_identification[0m [1;30mLevel 1[0m _identify(src/launch) by extension 'ignore'
[4.331s] [34mcolcon.colcon_core.package_identification[0m [1;30mLevel 1[0m _identify(src/launch) by extension 'ignore_ament_install'
[4.331s] [34mcolcon.colcon_core.package_identification[0m [1;30mLevel 1[0m _identify(src/launch) by extensions ['colcon_pkg']
[4.331s] [34mcolcon.colcon_core.package_identification[0m [1;30mLevel 1[0m _identify(src/launch) by extension 'colcon_pkg'
[4.331s] [34mcolcon.colcon_core.package_identification[0m [1;30mLevel 1[0m _identify(src/launch) by extensions ['colcon_meta']
[4.331s] [34mcolcon.colcon_core.package_identification[0m [1;30mLevel 1[0m _identify(src/launch) by extension 'colcon_meta'
[4.331s] [34mcolcon.colcon_core.package_identification[0m [1;30mLevel 1[0m _identify(src/launch) by extensions ['ros']
[4.331s] [34mcolcon.colcon_core.package_identification[0m [1;30mLevel 1[0m _identify(src/launch) by extension 'ros'
[4.331s] [34mcolcon.colcon_core.package_identification[0m [1;30mLevel 1[0m _identify(src/launch) by extensions ['cmake', 'python']
[4.331s] [34mcolcon.colcon_core.package_identification[0m [1;30mLevel 1[0m _identify(src/launch) by extension 'cmake'
[4.331s] [34mcolcon.colcon_core.package_identification[0m [1;30mLevel 1[0m _identify(src/launch) by extension 'python'
[4.331s] [34mcolcon.colcon_core.package_identification[0m [1;30mLevel 1[0m _identify(src/launch) by extensions ['python_setup_py']
[4.331s] [34mcolcon.colcon_core.package_identification[0m [1;30mLevel 1[0m _identify(src/launch) by extension 'python_setup_py'
[4.331s] [34mcolcon.colcon_core.package_identification[0m [1;30mLevel 1[0m _identify(src/launch/__pycache__) by extensions ['ignore', 'ignore_ament_install']
[4.331s] [34mcolcon.colcon_core.package_identification[0m [1;30mLevel 1[0m _identify(src/launch/__pycache__) by extension 'ignore'
[4.331s] [34mcolcon.colcon_core.package_identification[0m [1;30mLevel 1[0m _identify(src/launch/__pycache__) by extension 'ignore_ament_install'
[4.331s] [34mcolcon.colcon_core.package_identification[0m [1;30mLevel 1[0m _identify(src/launch/__pycache__) by extensions ['colcon_pkg']
[4.331s] [34mcolcon.colcon_core.package_identification[0m [1;30mLevel 1[0m _identify(src/launch/__pycache__) by extension 'colcon_pkg'
[4.331s] [34mcolcon.colcon_core.package_identification[0m [1;30mLevel 1[0m _identify(src/launch/__pycache__) by extensions ['colcon_meta']
[4.331s] [34mcolcon.colcon_core.package_identification[0m [1;30mLevel 1[0m _identify(src/launch/__pycache__) by extension 'colcon_meta'
[4.331s] [34mcolcon.colcon_core.package_identification[0m [1;30mLevel 1[0m _identify(src/launch/__pycache__) by extensions ['ros']
[4.331s] [34mcolcon.colcon_core.package_identification[0m [1;30mLevel 1[0m _identify(src/launch/__pycache__) by extension 'ros'
[4.331s] [34mcolcon.colcon_core.package_identification[0m [1;30mLevel 1[0m _identify(src/launch/__pycache__) by extensions ['cmake', 'python']
[4.331s] [34mcolcon.colcon_core.package_identification[0m [1;30mLevel 1[0m _identify(src/launch/__pycache__) by extension 'cmake'
[4.331s] [34mcolcon.colcon_core.package_identification[0m [1;30mLevel 1[0m _identify(src/launch/__pycache__) by extension 'python'
[4.331s] [34mcolcon.colcon_core.package_identification[0m [1;30mLevel 1[0m _identify(src/launch/__pycache__) by extensions ['python_setup_py']
[4.331s] [34mcolcon.colcon_core.package_identification[0m [1;30mLevel 1[0m _identify(src/launch/__pycache__) by extension 'python_setup_py'
[4.331s] [34mcolcon.colcon_core.package_identification[0m [1;30mLevel 1[0m _identify(src/manos_manager) by extensions ['ignore', 'ignore_ament_install']
[4.331s] [34mcolcon.colcon_core.package_identification[0m [1;30mLevel 1[0m _identify(src/manos_manager) by extension 'ignore'
[4.331s] [34mcolcon.colcon_core.package_identification[0m [1;30mLevel 1[0m _identify(src/manos_manager) by extension 'ignore_ament_install'
[4.331s] [34mcolcon.colcon_core.package_identification[0m [1;30mLevel 1[0m _identify(src/manos_manager) by extensions ['colcon_pkg']
[4.331s] [34mcolcon.colcon_core.package_identification[0m [1;30mLevel 1[0m _identify(src/manos_manager) by extension 'colcon_pkg'
[4.331s] [34mcolcon.colcon_core.package_identification[0m [1;30mLevel 1[0m _identify(src/manos_manager) by extensions ['colcon_meta']
[4.331s] [34mcolcon.colcon_core.package_identification[0m [1;30mLevel 1[0m _identify(src/manos_manager) by extension 'colcon_meta'
[4.331s] [34mcolcon.colcon_core.package_identification[0m [1;30mLevel 1[0m _identify(src/manos_manager) by extensions ['ros']
[4.331s] [34mcolcon.colcon_core.package_identification[0m [1;30mLevel 1[0m _identify(src/manos_manager) by extension 'ros'
[4.332s] [34mcolcon.colcon_core.package_identification[0m [1;30mDEBUG[0m [32mPackage 'src/manos_manager' with type 'ros.ament_python' and name 'manos_manager'[0m
[4.332s] [34mcolcon.colcon_core.package_discovery[0m [1;30mLevel 1[0m discover_packages(recursive) using defaults
[4.332s] [34mcolcon.colcon_core.package_discovery[0m [1;30mLevel 1[0m discover_packages(ignore) discover
[4.332s] [34mcolcon.colcon_core.package_discovery[0m [1;30mLevel 1[0m discover_packages(ignore) using defaults
[4.332s] [34mcolcon.colcon_core.package_discovery[0m [1;30mLevel 1[0m discover_packages(path) discover
[4.332s] [34mcolcon.colcon_core.package_discovery[0m [1;30mLevel 1[0m discover_packages(path) using defaults
[4.567s] [34mcolcon.colcon_core.package_selection[0m [1;30mINFO[0m Skipping not selected package 'custom_msg' in 'src/custom_msg'
[4.567s] [34mcolcon.colcon_core.package_selection[0m [1;30mINFO[0m Skipping not selected package 'camera' in 'src/camera'
[4.567s] [34mcolcon.colcon_core.package_selection[0m [1;30mINFO[0m Skipping not selected package 'custom_ros_controller' in 'src/custom_ros_controller'
[4.567s] [34mcolcon.colcon_core.package_selection[0m [1;30mINFO[0m Skipping not selected package 'hand_detector' in 'src/hand_detector'
[4.567s] [34mcolcon.colcon_core.package_selection[0m [1;30mINFO[0m Skipping not selected package 'host_listener_package' in 'src/host_listener_package'
[4.567s] [34mcolcon.colcon_core.package_selection[0m [1;30mINFO[0m Skipping not selected package 'manos_manager' in 'src/manos_manager'
[4.713s] [34mcolcon.colcon_core.package_discovery[0m [1;30mLevel 1[0m discover_packages(prefix_path) check parameters
[4.713s] [34mcolcon.colcon_core.package_discovery[0m [1;30mLevel 1[0m discover_packages(prefix_path) discover
[4.869s] [34mcolcon.colcon_installed_package_information.package_discovery[0m [1;30mDEBUG[0m [32mFound 8 installed packages in /home/field/MANOS/install[0m
[4.948s] [34mcolcon.colcon_installed_package_information.package_discovery[0m [1;30mDEBUG[0m [32mFound 268 installed packages in /opt/ros/galactic[0m
[4.949s] [34mcolcon.colcon_core.package_discovery[0m [1;30mLevel 1[0m discover_packages(prefix_path) using defaults
[5.142s] [34mcolcon.colcon_core.verb[0m [1;30mLevel 5[0m set package 'castelet' build argument 'cmake_args' from command line to 'None'
[5.142s] [34mcolcon.colcon_core.verb[0m [1;30mLevel 5[0m set package 'castelet' build argument 'cmake_target' from command line to 'None'
[5.142s] [34mcolcon.colcon_core.verb[0m [1;30mLevel 5[0m set package 'castelet' build argument 'cmake_target_skip_unavailable' from command line to 'False'
[5.142s] [34mcolcon.colcon_core.verb[0m [1;30mLevel 5[0m set package 'castelet' build argument 'cmake_clean_cache' from command line to 'False'
[5.142s] [34mcolcon.colcon_core.verb[0m [1;30mLevel 5[0m set package 'castelet' build argument 'cmake_clean_first' from command line to 'False'
[5.142s] [34mcolcon.colcon_core.verb[0m [1;30mLevel 5[0m set package 'castelet' build argument 'cmake_force_configure' from command line to 'False'
[5.142s] [34mcolcon.colcon_core.verb[0m [1;30mLevel 5[0m set package 'castelet' build argument 'ament_cmake_args' from command line to 'None'
[5.142s] [34mcolcon.colcon_core.verb[0m [1;30mLevel 5[0m set package 'castelet' build argument 'catkin_cmake_args' from command line to 'None'
[5.142s] [34mcolcon.colcon_core.verb[0m [1;30mLevel 5[0m set package 'castelet' build argument 'catkin_skip_building_tests' from command line to 'False'
[5.142s] [34mcolcon.colcon_core.verb[0m [1;30mDEBUG[0m [32mBuilding package 'castelet' with the following arguments: {'ament_cmake_args': None, 'build_base': '/home/field/MANOS/build/castelet', 'catkin_cmake_args': None, 'catkin_skip_building_tests': False, 'cmake_args': None, 'cmake_clean_cache': False, 'cmake_clean_first': False, 'cmake_force_configure': False, 'cmake_target': None, 'cmake_target_skip_unavailable': False, 'install_base': '/home/field/MANOS/install/castelet', 'merge_install': False, 'path': '/home/field/MANOS/src/castelet', 'symlink_install': False, 'test_result_base': None}[0m
[5.219s] [34mcolcon.colcon_core.executor[0m [1;30mINFO[0m Executing jobs using 'parallel' executor
[5.297s] [34mcolcon.colcon_parallel_executor.executor.parallel[0m [1;30mDEBUG[0m [32mrun_until_complete[0m
[5.297s] [34mcolcon.colcon_ros.task.ament_python.build[0m [1;30mINFO[0m Building ROS package in '/home/field/MANOS/src/castelet' with build type 'ament_python'
[5.297s] [34mcolcon.colcon_core.shell[0m [1;30mLevel 1[0m create_environment_hook('castelet', 'ament_prefix_path')
[5.374s] [34mcolcon.colcon_core.plugin_system[0m [1;30mINFO[0m Skipping extension 'colcon_core.shell.bat': Not used on non-Windows systems
[5.374s] [34mcolcon.colcon_core.shell[0m [1;30mINFO[0m Creating environment hook '/home/field/MANOS/install/castelet/share/castelet/hook/ament_prefix_path.ps1'
[5.374s] [34mcolcon.colcon_core.shell[0m [1;30mINFO[0m Creating environment descriptor '/home/field/MANOS/install/castelet/share/castelet/hook/ament_prefix_path.dsv'
[5.375s] [34mcolcon.colcon_core.shell[0m [1;30mINFO[0m Creating environment hook '/home/field/MANOS/install/castelet/share/castelet/hook/ament_prefix_path.sh'
[5.450s] [34mcolcon.colcon_core.shell[0m [1;30mINFO[0m Skip shell extension 'powershell' for command environment: Not usable outside of PowerShell
[5.450s] [34mcolcon.colcon_core.shell[0m [1;30mDEBUG[0m [32mSkip shell extension 'dsv' for command environment[0m
[5.819s] [34mcolcon.colcon_core.task.python.build[0m [1;30mINFO[0m Building Python package in '/home/field/MANOS/src/castelet'
[5.892s] [34mcolcon.colcon_core.shell[0m [1;30mINFO[0m Skip shell extension 'powershell' for command environment: Not usable outside of PowerShell
[5.892s] [34mcolcon.colcon_core.shell[0m [1;30mDEBUG[0m [32mSkip shell extension 'dsv' for command environment[0m
[6.380s] [34mcolcon.colcon_core.event_handler.log_command[0m [1;30mDEBUG[0m [32mInvoking command in '/home/field/MANOS/src/castelet': CMAKE_PREFIX_PATH=/home/field/MANOS/install/custom_msg:/home/field/MANOS/install/servo_control LD_LIBRARY_PATH=/home/field/MANOS/install/custom_msg/lib:/usr/local/cuda/lib64:/home/field/MANOS/install/servo_control/lib:/opt/ros/galactic/opt/yaml_cpp_vendor/lib:/opt/ros/galactic/opt/rviz_ogre_vendor/lib:/opt/ros/galactic/lib/x86_64-linux-gnu:/opt/ros/galactic/lib PYTHONPATH=/home/field/MANOS/build/castelet/prefix_override:/home/field/MANOS/install/castelet/lib/python3.8/site-packages:/home/field/MANOS/install/custom_msg/lib/python3.8/site-packages:/home/field/MANOS/install/servo_control/lib/python3.8/site-packages:/home/field/MANOS/install/manos_manager/lib/python3.8/site-packages:/home/field/MANOS/install/host_listener_package/lib/python3.8/site-packages:/home/field/MANOS/install/hand_detector/lib/python3.8/site-packages:/home/field/MANOS/install/custom_ros_controller/lib/python3.8/site-packages:/home/field/MANOS/install/castelet/lib/python3.8/site-packages:/home/field/MANOS/install/camera/lib/python3.8/site-packages:/opt/ros/galactic/lib/python3.8/site-packages /usr/bin/python3 setup.py egg_info --egg-base ../../build/castelet build --build-base /home/field/MANOS/build/castelet/build install --record /home/field/MANOS/build/castelet/install.log --single-version-externally-managed[0m
[6.589s] [34mcolcon.colcon_core.event_handler.log_command[0m [1;30mDEBUG[0m [32mInvoked command in '/home/field/MANOS/src/castelet' returned '0': CMAKE_PREFIX_PATH=/home/field/MANOS/install/custom_msg:/home/field/MANOS/install/servo_control LD_LIBRARY_PATH=/home/field/MANOS/install/custom_msg/lib:/usr/local/cuda/lib64:/home/field/MANOS/install/servo_control/lib:/opt/ros/galactic/opt/yaml_cpp_vendor/lib:/opt/ros/galactic/opt/rviz_ogre_vendor/lib:/opt/ros/galactic/lib/x86_64-linux-gnu:/opt/ros/galactic/lib PYTHONPATH=/home/field/MANOS/build/castelet/prefix_override:/home/field/MANOS/install/castelet/lib/python3.8/site-packages:/home/field/MANOS/install/custom_msg/lib/python3.8/site-packages:/home/field/MANOS/install/servo_control/lib/python3.8/site-packages:/home/field/MANOS/install/manos_manager/lib/python3.8/site-packages:/home/field/MANOS/install/host_listener_package/lib/python3.8/site-packages:/home/field/MANOS/install/hand_detector/lib/python3.8/site-packages:/home/field/MANOS/install/custom_ros_controller/lib/python3.8/site-packages:/home/field/MANOS/install/castelet/lib/python3.8/site-packages:/home/field/MANOS/install/camera/lib/python3.8/site-packages:/opt/ros/galactic/lib/python3.8/site-packages /usr/bin/python3 setup.py egg_info --egg-base ../../build/castelet build --build-base /home/field/MANOS/build/castelet/build install --record /home/field/MANOS/build/castelet/install.log --single-version-externally-managed[0m
[6.668s] [34mcolcon.colcon_core.environment[0m [1;30mLevel 1[0m checking '/home/field/MANOS/install/castelet' for CMake module files
[6.668s] [34mcolcon.colcon_core.environment[0m [1;30mLevel 1[0m checking '/home/field/MANOS/install/castelet' for CMake config files
[6.669s] [34mcolcon.colcon_core.environment[0m [1;30mLevel 1[0m checking '/home/field/MANOS/install/castelet/lib'
[6.669s] [34mcolcon.colcon_core.environment[0m [1;30mLevel 1[0m checking '/home/field/MANOS/install/castelet/bin'
[6.669s] [34mcolcon.colcon_core.environment[0m [1;30mLevel 1[0m checking '/home/field/MANOS/install/castelet/lib/pkgconfig/castelet.pc'
[6.669s] [34mcolcon.colcon_core.environment[0m [1;30mLevel 1[0m checking '/home/field/MANOS/install/castelet/lib/python3.8/site-packages'
[6.669s] [34mcolcon.colcon_core.shell[0m [1;30mLevel 1[0m create_environment_hook('castelet', 'pythonpath')
[6.749s] [34mcolcon.colcon_core.shell[0m [1;30mINFO[0m Creating environment hook '/home/field/MANOS/install/castelet/share/castelet/hook/pythonpath.ps1'
[6.750s] [34mcolcon.colcon_core.shell[0m [1;30mINFO[0m Creating environment descriptor '/home/field/MANOS/install/castelet/share/castelet/hook/pythonpath.dsv'
[6.750s] [34mcolcon.colcon_core.shell[0m [1;30mINFO[0m Creating environment hook '/home/field/MANOS/install/castelet/share/castelet/hook/pythonpath.sh'
[6.750s] [34mcolcon.colcon_core.environment[0m [1;30mLevel 1[0m checking '/home/field/MANOS/install/castelet/bin'
[6.750s] [34mcolcon.colcon_core.environment[0m [1;30mLevel 1[0m create_environment_scripts_only(castelet)
[6.829s] [34mcolcon.colcon_core.shell[0m [1;30mINFO[0m Creating package script '/home/field/MANOS/install/castelet/share/castelet/package.ps1'
[6.830s] [34mcolcon.colcon_core.shell[0m [1;30mINFO[0m Creating package descriptor '/home/field/MANOS/install/castelet/share/castelet/package.dsv'
[6.830s] [34mcolcon.colcon_core.shell[0m [1;30mINFO[0m Creating package script '/home/field/MANOS/install/castelet/share/castelet/package.sh'
[6.831s] [34mcolcon.colcon_core.shell[0m [1;30mINFO[0m Creating package script '/home/field/MANOS/install/castelet/share/castelet/package.bash'
[6.831s] [34mcolcon.colcon_core.shell[0m [1;30mINFO[0m Creating package script '/home/field/MANOS/install/castelet/share/castelet/package.zsh'
[6.832s] [34mcolcon.colcon_core.environment[0m [1;30mLevel 1[0m create_file_with_runtime_dependencies(/home/field/MANOS/install/castelet/share/colcon-core/packages/castelet)
[6.832s] [34mcolcon.colcon_parallel_executor.executor.parallel[0m [1;30mDEBUG[0m [32mclosing loop[0m
[6.832s] [34mcolcon.colcon_parallel_executor.executor.parallel[0m [1;30mDEBUG[0m [32mloop closed[0m
[6.833s] [34mcolcon.colcon_parallel_executor.executor.parallel[0m [1;30mDEBUG[0m [32mrun_until_complete finished with '0'[0m
[6.833s] [34mcolcon.colcon_core.event_reactor[0m [1;30mDEBUG[0m [32mjoining thread[0m
[6.911s] [34mcolcon.colcon_core.plugin_system[0m [1;30mINFO[0m Skipping extension 'colcon_notification.desktop_notification.terminal_notifier': Not used on non-Darwin systems
[6.911s] [34mcolcon.colcon_core.plugin_system[0m [1;30mINFO[0m Skipping extension 'colcon_notification.desktop_notification.win32': Not used on non-Windows systems
[6.911s] [34mcolcon.colcon_notification.desktop_notification[0m [1;30mINFO[0m Sending desktop notification using 'notify2'
[6.921s] [34mcolcon.colcon_core.event_reactor[0m [1;30mDEBUG[0m [32mjoined thread[0m
[6.997s] [34mcolcon.colcon_core.shell[0m [1;30mINFO[0m Creating prefix script '/home/field/MANOS/install/local_setup.ps1'
[6.998s] [34mcolcon.colcon_core.shell[0m [1;30mINFO[0m Creating prefix util module '/home/field/MANOS/install/_local_setup_util_ps1.py'
[6.999s] [34mcolcon.colcon_core.shell[0m [1;30mINFO[0m Creating prefix chain script '/home/field/MANOS/install/setup.ps1'
[7.078s] [34mcolcon.colcon_core.shell[0m [1;30mINFO[0m Creating prefix script '/home/field/MANOS/install/local_setup.sh'
[7.079s] [34mcolcon.colcon_core.shell[0m [1;30mINFO[0m Creating prefix util module '/home/field/MANOS/install/_local_setup_util_sh.py'
[7.079s] [34mcolcon.colcon_core.shell[0m [1;30mINFO[0m Creating prefix chain script '/home/field/MANOS/install/setup.sh'
[7.159s] [34mcolcon.colcon_core.shell[0m [1;30mINFO[0m Creating prefix script '/home/field/MANOS/install/local_setup.bash'
[7.159s] [34mcolcon.colcon_core.shell[0m [1;30mINFO[0m Creating prefix chain script '/home/field/MANOS/install/setup.bash'
[7.240s] [34mcolcon.colcon_core.shell[0m [1;30mINFO[0m Creating prefix script '/home/field/MANOS/install/local_setup.zsh'
[7.241s] [34mcolcon.colcon_core.shell[0m [1;30mINFO[0m Creating prefix chain script '/home/field/MANOS/install/setup.zsh'
