[0.676s] Invoking command in '/home/keny/MANOS_ws/src/py_launch_example': AMENT_PREFIX_PATH=/home/keny/MANOS_ws/install/camera:/home/keny/MANOS_ws/install/py_launch_example:/home/keny/MANOS_ws/install/manos_launch:/home/keny/MANOS_ws/install/launch:/home/keny/MANOS_ws/install/host_listener_package:/home/keny/MANOS_ws/install/hand_detector:/home/keny/MANOS_ws/install/custom_msg:/home/keny/MANOS_ws/install/castelet:/opt/ros/galactic PYTHONPATH=/home/keny/MANOS_ws/build/py_launch_example/prefix_override:/home/keny/MANOS_ws/install/py_launch_example/lib/python3.8/site-packages:/home/keny/MANOS_ws/install/camera/lib/python3.8/site-packages:/home/keny/MANOS_ws/install/custom_msg/lib/python3.8/site-packages:/home/keny/MANOS_ws/install/py_launch_example/lib/python3.8/site-packages:/home/keny/MANOS_ws/install/manos_launch/lib/python3.8/site-packages:/home/keny/MANOS_ws/install/launch/lib/python3.8/site-packages:/home/keny/MANOS_ws/install/host_listener_package/lib/python3.8/site-packages:/home/keny/MANOS_ws/install/hand_detector_package/lib/python3.8/site-packages:/home/keny/MANOS_ws/install/hand_detector/lib/python3.8/site-packages:/home/keny/MANOS_ws/install/castelet/lib/python3.8/site-packages:/opt/ros/galactic/lib/python3.8/site-packages:/home/keny/acs/src/behaviors/ /usr/bin/python3 setup.py egg_info --egg-base ../../build/py_launch_example build --build-base /home/keny/MANOS_ws/build/py_launch_example/build install --record /home/keny/MANOS_ws/build/py_launch_example/install.log --single-version-externally-managed
[0.897s] running egg_info
[0.898s] writing ../../build/py_launch_example/py_launch_example.egg-info/PKG-INFO
[0.898s] writing dependency_links to ../../build/py_launch_example/py_launch_example.egg-info/dependency_links.txt
[0.898s] writing entry points to ../../build/py_launch_example/py_launch_example.egg-info/entry_points.txt
[0.898s] writing requirements to ../../build/py_launch_example/py_launch_example.egg-info/requires.txt
[0.899s] writing top-level names to ../../build/py_launch_example/py_launch_example.egg-info/top_level.txt
[0.925s] package init file 'py_launch_example/__init__.py' not found (or not a regular file)
[0.925s] reading manifest file '../../build/py_launch_example/py_launch_example.egg-info/SOURCES.txt'
[0.926s] writing manifest file '../../build/py_launch_example/py_launch_example.egg-info/SOURCES.txt'
[0.926s] running build
[0.926s] running build_py
[0.926s] running install
[0.926s] running install_lib
[0.928s] running install_data
[0.929s] copying package.xml -> /home/keny/MANOS_ws/install/py_launch_example/share/py_launch_example
[0.929s] running install_egg_info
[0.930s] removing '/home/keny/MANOS_ws/install/py_launch_example/lib/python3.8/site-packages/py_launch_example-0.0.0-py3.8.egg-info' (and everything under it)
[0.930s] Copying ../../build/py_launch_example/py_launch_example.egg-info to /home/keny/MANOS_ws/install/py_launch_example/lib/python3.8/site-packages/py_launch_example-0.0.0-py3.8.egg-info
[0.931s] running install_scripts
[0.944s] writing list of installed files to '/home/keny/MANOS_ws/build/py_launch_example/install.log'
[0.962s] Invoked command in '/home/keny/MANOS_ws/src/py_launch_example' returned '0': AMENT_PREFIX_PATH=/home/keny/MANOS_ws/install/camera:/home/keny/MANOS_ws/install/py_launch_example:/home/keny/MANOS_ws/install/manos_launch:/home/keny/MANOS_ws/install/launch:/home/keny/MANOS_ws/install/host_listener_package:/home/keny/MANOS_ws/install/hand_detector:/home/keny/MANOS_ws/install/custom_msg:/home/keny/MANOS_ws/install/castelet:/opt/ros/galactic PYTHONPATH=/home/keny/MANOS_ws/build/py_launch_example/prefix_override:/home/keny/MANOS_ws/install/py_launch_example/lib/python3.8/site-packages:/home/keny/MANOS_ws/install/camera/lib/python3.8/site-packages:/home/keny/MANOS_ws/install/custom_msg/lib/python3.8/site-packages:/home/keny/MANOS_ws/install/py_launch_example/lib/python3.8/site-packages:/home/keny/MANOS_ws/install/manos_launch/lib/python3.8/site-packages:/home/keny/MANOS_ws/install/launch/lib/python3.8/site-packages:/home/keny/MANOS_ws/install/host_listener_package/lib/python3.8/site-packages:/home/keny/MANOS_ws/install/hand_detector_package/lib/python3.8/site-packages:/home/keny/MANOS_ws/install/hand_detector/lib/python3.8/site-packages:/home/keny/MANOS_ws/install/castelet/lib/python3.8/site-packages:/opt/ros/galactic/lib/python3.8/site-packages:/home/keny/acs/src/behaviors/ /usr/bin/python3 setup.py egg_info --egg-base ../../build/py_launch_example build --build-base /home/keny/MANOS_ws/build/py_launch_example/build install --record /home/keny/MANOS_ws/build/py_launch_example/install.log --single-version-externally-managed
