running egg_info
writing ../../build/host_listener_package/host_listener_package.egg-info/PKG-INFO
writing dependency_links to ../../build/host_listener_package/host_listener_package.egg-info/dependency_links.txt
writing entry points to ../../build/host_listener_package/host_listener_package.egg-info/entry_points.txt
writing requirements to ../../build/host_listener_package/host_listener_package.egg-info/requires.txt
writing top-level names to ../../build/host_listener_package/host_listener_package.egg-info/top_level.txt
reading manifest file '../../build/host_listener_package/host_listener_package.egg-info/SOURCES.txt'
writing manifest file '../../build/host_listener_package/host_listener_package.egg-info/SOURCES.txt'
running build
running build_py
copying host_listener_package/host_processor.py -> /home/keny/MANOS_ws/build/host_listener_package/build/lib/host_listener_package
copying host_listener_package/host_listener.py -> /home/keny/MANOS_ws/build/host_listener_package/build/lib/host_listener_package
running install
running install_lib
copying /home/keny/MANOS_ws/build/host_listener_package/build/lib/host_listener_package/host_processor.py -> /home/keny/MANOS_ws/install/host_listener_package/lib/python3.8/site-packages/host_listener_package
copying /home/keny/MANOS_ws/build/host_listener_package/build/lib/host_listener_package/host_listener.py -> /home/keny/MANOS_ws/install/host_listener_package/lib/python3.8/site-packages/host_listener_package
byte-compiling /home/keny/MANOS_ws/install/host_listener_package/lib/python3.8/site-packages/host_listener_package/host_processor.py to host_processor.cpython-38.pyc
byte-compiling /home/keny/MANOS_ws/install/host_listener_package/lib/python3.8/site-packages/host_listener_package/host_listener.py to host_listener.cpython-38.pyc
running install_data
running install_egg_info
removing '/home/keny/MANOS_ws/install/host_listener_package/lib/python3.8/site-packages/host_listener_package-0.0.0-py3.8.egg-info' (and everything under it)
Copying ../../build/host_listener_package/host_listener_package.egg-info to /home/keny/MANOS_ws/install/host_listener_package/lib/python3.8/site-packages/host_listener_package-0.0.0-py3.8.egg-info
running install_scripts
Installing host_listener script to /home/keny/MANOS_ws/install/host_listener_package/lib/host_listener_package
writing list of installed files to '/home/keny/MANOS_ws/build/host_listener_package/install.log'
