[1.966s] Invoking command in '/home/keny/MANOS_ws/src/host_listener_package': PYTHONPATH=/home/keny/MANOS_ws/build/host_listener_package/prefix_override:/home/keny/MANOS_ws/install/host_listener_package/lib/python3.8/site-packages:/home/keny/MANOS_ws/install/custom_msg/lib/python3.8/site-packages:/home/keny/MANOS_ws/install/py_launch_example/lib/python3.8/site-packages:/home/keny/MANOS_ws/install/manos_launch/lib/python3.8/site-packages:/home/keny/MANOS_ws/install/launch/lib/python3.8/site-packages:/home/keny/MANOS_ws/install/host_listener_package/lib/python3.8/site-packages:/home/keny/MANOS_ws/install/hand_detector_package/lib/python3.8/site-packages:/home/keny/MANOS_ws/install/hand_detector/lib/python3.8/site-packages:/home/keny/MANOS_ws/install/castelet/lib/python3.8/site-packages:/home/keny/MANOS_ws/install/camera/lib/python3.8/site-packages:/opt/ros/galactic/lib/python3.8/site-packages:/home/keny/acs/src/behaviors/ /usr/bin/python3 setup.py egg_info --egg-base ../../build/host_listener_package build --build-base /home/keny/MANOS_ws/build/host_listener_package/build install --record /home/keny/MANOS_ws/build/host_listener_package/install.log --single-version-externally-managed
[2.294s] running egg_info
[2.295s] writing ../../build/host_listener_package/host_listener_package.egg-info/PKG-INFO
[2.296s] writing dependency_links to ../../build/host_listener_package/host_listener_package.egg-info/dependency_links.txt
[2.296s] writing entry points to ../../build/host_listener_package/host_listener_package.egg-info/entry_points.txt
[2.296s] writing requirements to ../../build/host_listener_package/host_listener_package.egg-info/requires.txt
[2.296s] writing top-level names to ../../build/host_listener_package/host_listener_package.egg-info/top_level.txt
[2.347s] reading manifest file '../../build/host_listener_package/host_listener_package.egg-info/SOURCES.txt'
[2.348s] writing manifest file '../../build/host_listener_package/host_listener_package.egg-info/SOURCES.txt'
[2.349s] running build
[2.349s] running build_py
[2.349s] copying host_listener_package/host_processor.py -> /home/keny/MANOS_ws/build/host_listener_package/build/lib/host_listener_package
[2.349s] copying host_listener_package/host_listener.py -> /home/keny/MANOS_ws/build/host_listener_package/build/lib/host_listener_package
[2.349s] running install
[2.350s] running install_lib
[2.351s] copying /home/keny/MANOS_ws/build/host_listener_package/build/lib/host_listener_package/host_processor.py -> /home/keny/MANOS_ws/install/host_listener_package/lib/python3.8/site-packages/host_listener_package
[2.351s] copying /home/keny/MANOS_ws/build/host_listener_package/build/lib/host_listener_package/host_listener.py -> /home/keny/MANOS_ws/install/host_listener_package/lib/python3.8/site-packages/host_listener_package
[2.352s] byte-compiling /home/keny/MANOS_ws/install/host_listener_package/lib/python3.8/site-packages/host_listener_package/host_processor.py to host_processor.cpython-38.pyc
[2.353s] byte-compiling /home/keny/MANOS_ws/install/host_listener_package/lib/python3.8/site-packages/host_listener_package/host_listener.py to host_listener.cpython-38.pyc
[2.353s] running install_data
[2.354s] running install_egg_info
[2.356s] removing '/home/keny/MANOS_ws/install/host_listener_package/lib/python3.8/site-packages/host_listener_package-0.0.0-py3.8.egg-info' (and everything under it)
[2.357s] Copying ../../build/host_listener_package/host_listener_package.egg-info to /home/keny/MANOS_ws/install/host_listener_package/lib/python3.8/site-packages/host_listener_package-0.0.0-py3.8.egg-info
[2.357s] running install_scripts
[2.377s] Installing host_listener script to /home/keny/MANOS_ws/install/host_listener_package/lib/host_listener_package
[2.378s] writing list of installed files to '/home/keny/MANOS_ws/build/host_listener_package/install.log'
[2.430s] Invoked command in '/home/keny/MANOS_ws/src/host_listener_package' returned '0': PYTHONPATH=/home/keny/MANOS_ws/build/host_listener_package/prefix_override:/home/keny/MANOS_ws/install/host_listener_package/lib/python3.8/site-packages:/home/keny/MANOS_ws/install/custom_msg/lib/python3.8/site-packages:/home/keny/MANOS_ws/install/py_launch_example/lib/python3.8/site-packages:/home/keny/MANOS_ws/install/manos_launch/lib/python3.8/site-packages:/home/keny/MANOS_ws/install/launch/lib/python3.8/site-packages:/home/keny/MANOS_ws/install/host_listener_package/lib/python3.8/site-packages:/home/keny/MANOS_ws/install/hand_detector_package/lib/python3.8/site-packages:/home/keny/MANOS_ws/install/hand_detector/lib/python3.8/site-packages:/home/keny/MANOS_ws/install/castelet/lib/python3.8/site-packages:/home/keny/MANOS_ws/install/camera/lib/python3.8/site-packages:/opt/ros/galactic/lib/python3.8/site-packages:/home/keny/acs/src/behaviors/ /usr/bin/python3 setup.py egg_info --egg-base ../../build/host_listener_package build --build-base /home/keny/MANOS_ws/build/host_listener_package/build install --record /home/keny/MANOS_ws/build/host_listener_package/install.log --single-version-externally-managed
