[4.973s] Invoking command in '/home/keny/MANOS_ws/src/hand_detector': PYTHONPATH=/home/keny/MANOS_ws/build/hand_detector/prefix_override:/home/keny/MANOS_ws/install/hand_detector/lib/python3.8/site-packages:/home/keny/MANOS_ws/install/custom_msg/lib/python3.8/site-packages:/home/keny/MANOS_ws/install/manos_manager/lib/python3.8/site-packages:/home/keny/MANOS_ws/install/host_listener_package/lib/python3.8/site-packages:/home/keny/MANOS_ws/install/hand_detector/lib/python3.8/site-packages:/home/keny/MANOS_ws/install/castelet/lib/python3.8/site-packages:/home/keny/MANOS_ws/install/camera/lib/python3.8/site-packages:/home/keny/MANOS_ws/install/CustomRosController/lib/python3.8/site-packages:/opt/ros/galactic/lib/python3.8/site-packages:/home/keny/acs/src/behaviors/ /usr/bin/python3 setup.py egg_info --egg-base ../../build/hand_detector build --build-base /home/keny/MANOS_ws/build/hand_detector/build install --record /home/keny/MANOS_ws/build/hand_detector/install.log --single-version-externally-managed
[5.661s] running egg_info
[5.663s] writing ../../build/hand_detector/hand_detector.egg-info/PKG-INFO
[5.664s] writing dependency_links to ../../build/hand_detector/hand_detector.egg-info/dependency_links.txt
[5.664s] writing entry points to ../../build/hand_detector/hand_detector.egg-info/entry_points.txt
[5.665s] writing requirements to ../../build/hand_detector/hand_detector.egg-info/requires.txt
[5.665s] writing top-level names to ../../build/hand_detector/hand_detector.egg-info/top_level.txt
[5.752s] reading manifest file '../../build/hand_detector/hand_detector.egg-info/SOURCES.txt'
[5.755s] writing manifest file '../../build/hand_detector/hand_detector.egg-info/SOURCES.txt'
[5.755s] running build
[5.756s] running build_py
[5.756s] running install
[5.758s] running install_lib
[5.762s] running install_data
[5.764s] running install_egg_info
[5.769s] removing '/home/keny/MANOS_ws/install/hand_detector/lib/python3.8/site-packages/hand_detector-0.0.0-py3.8.egg-info' (and everything under it)
[5.770s] Copying ../../build/hand_detector/hand_detector.egg-info to /home/keny/MANOS_ws/install/hand_detector/lib/python3.8/site-packages/hand_detector-0.0.0-py3.8.egg-info
[5.772s] running install_scripts
[5.811s] Installing hand_detector script to /home/keny/MANOS_ws/install/hand_detector/lib/hand_detector
[5.812s] writing list of installed files to '/home/keny/MANOS_ws/build/hand_detector/install.log'
[6.011s] Invoked command in '/home/keny/MANOS_ws/src/hand_detector' returned '0': PYTHONPATH=/home/keny/MANOS_ws/build/hand_detector/prefix_override:/home/keny/MANOS_ws/install/hand_detector/lib/python3.8/site-packages:/home/keny/MANOS_ws/install/custom_msg/lib/python3.8/site-packages:/home/keny/MANOS_ws/install/manos_manager/lib/python3.8/site-packages:/home/keny/MANOS_ws/install/host_listener_package/lib/python3.8/site-packages:/home/keny/MANOS_ws/install/hand_detector/lib/python3.8/site-packages:/home/keny/MANOS_ws/install/castelet/lib/python3.8/site-packages:/home/keny/MANOS_ws/install/camera/lib/python3.8/site-packages:/home/keny/MANOS_ws/install/CustomRosController/lib/python3.8/site-packages:/opt/ros/galactic/lib/python3.8/site-packages:/home/keny/acs/src/behaviors/ /usr/bin/python3 setup.py egg_info --egg-base ../../build/hand_detector build --build-base /home/keny/MANOS_ws/build/hand_detector/build install --record /home/keny/MANOS_ws/build/hand_detector/install.log --single-version-externally-managed
