[1.536s] Invoking command in '/home/keny/MANOS_ws/src/camera': PYTHONPATH=/home/keny/MANOS_ws/build/camera/prefix_override:/home/keny/MANOS_ws/install/camera/lib/python3.8/site-packages:/home/keny/MANOS_ws/install/custom_msg/lib/python3.8/site-packages:/home/keny/MANOS_ws/install/host_listener_package/lib/python3.8/site-packages:/home/keny/MANOS_ws/install/hand_detector/lib/python3.8/site-packages:/home/keny/MANOS_ws/install/castelet/lib/python3.8/site-packages:/home/keny/MANOS_ws/install/camera/lib/python3.8/site-packages:/opt/ros/galactic/lib/python3.8/site-packages:/home/keny/acs/src/behaviors/ /usr/bin/python3 setup.py egg_info --egg-base ../../build/camera build --build-base /home/keny/MANOS_ws/build/camera/build install --record /home/keny/MANOS_ws/build/camera/install.log --single-version-externally-managed
[1.797s] running egg_info
[1.798s] writing ../../build/camera/camera.egg-info/PKG-INFO
[1.798s] writing dependency_links to ../../build/camera/camera.egg-info/dependency_links.txt
[1.798s] writing entry points to ../../build/camera/camera.egg-info/entry_points.txt
[1.799s] writing requirements to ../../build/camera/camera.egg-info/requires.txt
[1.799s] writing top-level names to ../../build/camera/camera.egg-info/top_level.txt
[1.832s] reading manifest file '../../build/camera/camera.egg-info/SOURCES.txt'
[1.833s] writing manifest file '../../build/camera/camera.egg-info/SOURCES.txt'
[1.833s] running build
[1.833s] running build_py
[1.833s] running install
[1.834s] running install_lib
[1.836s] running install_data
[1.836s] running install_egg_info
[1.837s] removing '/home/keny/MANOS_ws/install/camera/lib/python3.8/site-packages/camera-0.0.0-py3.8.egg-info' (and everything under it)
[1.838s] Copying ../../build/camera/camera.egg-info to /home/keny/MANOS_ws/install/camera/lib/python3.8/site-packages/camera-0.0.0-py3.8.egg-info
[1.839s] running install_scripts
[1.854s] Installing camera script to /home/keny/MANOS_ws/install/camera/lib/camera
[1.855s] writing list of installed files to '/home/keny/MANOS_ws/build/camera/install.log'
[1.882s] Invoked command in '/home/keny/MANOS_ws/src/camera' returned '0': PYTHONPATH=/home/keny/MANOS_ws/build/camera/prefix_override:/home/keny/MANOS_ws/install/camera/lib/python3.8/site-packages:/home/keny/MANOS_ws/install/custom_msg/lib/python3.8/site-packages:/home/keny/MANOS_ws/install/host_listener_package/lib/python3.8/site-packages:/home/keny/MANOS_ws/install/hand_detector/lib/python3.8/site-packages:/home/keny/MANOS_ws/install/castelet/lib/python3.8/site-packages:/home/keny/MANOS_ws/install/camera/lib/python3.8/site-packages:/opt/ros/galactic/lib/python3.8/site-packages:/home/keny/acs/src/behaviors/ /usr/bin/python3 setup.py egg_info --egg-base ../../build/camera build --build-base /home/keny/MANOS_ws/build/camera/build install --record /home/keny/MANOS_ws/build/camera/install.log --single-version-externally-managed
