running egg_info
creating ../../build/manos_launch/manos_launch.egg-info
writing ../../build/manos_launch/manos_launch.egg-info/PKG-INFO
writing dependency_links to ../../build/manos_launch/manos_launch.egg-info/dependency_links.txt
writing entry points to ../../build/manos_launch/manos_launch.egg-info/entry_points.txt
writing requirements to ../../build/manos_launch/manos_launch.egg-info/requires.txt
writing top-level names to ../../build/manos_launch/manos_launch.egg-info/top_level.txt
writing manifest file '../../build/manos_launch/manos_launch.egg-info/SOURCES.txt'
reading manifest file '../../build/manos_launch/manos_launch.egg-info/SOURCES.txt'
writing manifest file '../../build/manos_launch/manos_launch.egg-info/SOURCES.txt'
running build
running build_py
creating /home/keny/MANOS_ws/build/manos_launch/build
creating /home/keny/MANOS_ws/build/manos_launch/build/lib
creating /home/keny/MANOS_ws/build/manos_launch/build/lib/manos_launch
copying manos_launch/__init__.py -> /home/keny/MANOS_ws/build/manos_launch/build/lib/manos_launch
running install
running install_lib
creating /home/keny/MANOS_ws/install/manos_launch/lib/python3.8/site-packages/manos_launch
copying /home/keny/MANOS_ws/build/manos_launch/build/lib/manos_launch/__init__.py -> /home/keny/MANOS_ws/install/manos_launch/lib/python3.8/site-packages/manos_launch
byte-compiling /home/keny/MANOS_ws/install/manos_launch/lib/python3.8/site-packages/manos_launch/__init__.py to __init__.cpython-38.pyc
running install_data
creating /home/keny/MANOS_ws/install/manos_launch/share/ament_index
creating /home/keny/MANOS_ws/install/manos_launch/share/ament_index/resource_index
creating /home/keny/MANOS_ws/install/manos_launch/share/ament_index/resource_index/packages
copying resource/manos_launch -> /home/keny/MANOS_ws/install/manos_launch/share/ament_index/resource_index/packages
copying package.xml -> /home/keny/MANOS_ws/install/manos_launch/share/manos_launch
running install_egg_info
Copying ../../build/manos_launch/manos_launch.egg-info to /home/keny/MANOS_ws/install/manos_launch/lib/python3.8/site-packages/manos_launch-0.0.0-py3.8.egg-info
running install_scripts
writing list of installed files to '/home/keny/MANOS_ws/build/manos_launch/install.log'
