[1.716s] Invoking command in '/home/keny/MANOS_ws/src/manos_launch': PYTHONPATH=/home/keny/MANOS_ws/build/manos_launch/prefix_override:/home/keny/MANOS_ws/install/manos_launch/lib/python3.8/site-packages:${PYTHONPATH} /usr/bin/python3 setup.py egg_info --egg-base ../../build/manos_launch build --build-base /home/keny/MANOS_ws/build/manos_launch/build install --record /home/keny/MANOS_ws/build/manos_launch/install.log --single-version-externally-managed
[1.953s] running egg_info
[1.953s] creating ../../build/manos_launch/manos_launch.egg-info
[1.954s] writing ../../build/manos_launch/manos_launch.egg-info/PKG-INFO
[1.954s] writing dependency_links to ../../build/manos_launch/manos_launch.egg-info/dependency_links.txt
[1.954s] writing entry points to ../../build/manos_launch/manos_launch.egg-info/entry_points.txt
[1.955s] writing requirements to ../../build/manos_launch/manos_launch.egg-info/requires.txt
[1.955s] writing top-level names to ../../build/manos_launch/manos_launch.egg-info/top_level.txt
[1.955s] writing manifest file '../../build/manos_launch/manos_launch.egg-info/SOURCES.txt'
[1.984s] reading manifest file '../../build/manos_launch/manos_launch.egg-info/SOURCES.txt'
[1.984s] writing manifest file '../../build/manos_launch/manos_launch.egg-info/SOURCES.txt'
[1.985s] running build
[1.985s] running build_py
[1.985s] creating /home/keny/MANOS_ws/build/manos_launch/build
[1.985s] creating /home/keny/MANOS_ws/build/manos_launch/build/lib
[1.985s] creating /home/keny/MANOS_ws/build/manos_launch/build/lib/manos_launch
[1.985s] copying manos_launch/__init__.py -> /home/keny/MANOS_ws/build/manos_launch/build/lib/manos_launch
[1.985s] running install
[1.985s] running install_lib
[1.986s] creating /home/keny/MANOS_ws/install/manos_launch/lib/python3.8/site-packages/manos_launch
[1.986s] copying /home/keny/MANOS_ws/build/manos_launch/build/lib/manos_launch/__init__.py -> /home/keny/MANOS_ws/install/manos_launch/lib/python3.8/site-packages/manos_launch
[1.987s] byte-compiling /home/keny/MANOS_ws/install/manos_launch/lib/python3.8/site-packages/manos_launch/__init__.py to __init__.cpython-38.pyc
[1.988s] running install_data
[1.988s] creating /home/keny/MANOS_ws/install/manos_launch/share/ament_index
[1.989s] creating /home/keny/MANOS_ws/install/manos_launch/share/ament_index/resource_index
[1.989s] creating /home/keny/MANOS_ws/install/manos_launch/share/ament_index/resource_index/packages
[1.989s] copying resource/manos_launch -> /home/keny/MANOS_ws/install/manos_launch/share/ament_index/resource_index/packages
[1.989s] copying package.xml -> /home/keny/MANOS_ws/install/manos_launch/share/manos_launch
[1.989s] running install_egg_info
[1.990s] Copying ../../build/manos_launch/manos_launch.egg-info to /home/keny/MANOS_ws/install/manos_launch/lib/python3.8/site-packages/manos_launch-0.0.0-py3.8.egg-info
[1.990s] running install_scripts
[2.004s] writing list of installed files to '/home/keny/MANOS_ws/build/manos_launch/install.log'
[2.062s] Invoked command in '/home/keny/MANOS_ws/src/manos_launch' returned '0': PYTHONPATH=/home/keny/MANOS_ws/build/manos_launch/prefix_override:/home/keny/MANOS_ws/install/manos_launch/lib/python3.8/site-packages:${PYTHONPATH} /usr/bin/python3 setup.py egg_info --egg-base ../../build/manos_launch build --build-base /home/keny/MANOS_ws/build/manos_launch/build install --record /home/keny/MANOS_ws/build/manos_launch/install.log --single-version-externally-managed
