[0.084s] Invoking command in '/home/keny/MANOS_ws/build/custom_msg': CMAKE_PREFIX_PATH=${CMAKE_PREFIX_PATH}:/home/keny/MANOS_ws/install/manos_manager:/home/keny/MANOS_ws/install/host_listener_package:/home/keny/MANOS_ws/install/hand_detector:/home/keny/MANOS_ws/install/castelet:/home/keny/MANOS_ws/install/camera:/home/keny/MANOS_ws/install/CustomRosController:/opt/ros/galactic /usr/bin/cmake --build /home/keny/MANOS_ws/build/custom_msg -- -j16 -l16
[0.133s] [  2%] Built target custom_msg__cpp
[0.134s] [ 12%] Built target custom_msg__rosidl_generator_c
[0.158s] [ 28%] Built target custom_msg__rosidl_typesupport_c
[0.158s] [ 33%] Built target custom_msg__rosidl_typesupport_introspection_c
[0.158s] [ 43%] Built target custom_msg__rosidl_typesupport_cpp
[0.159s] [ 53%] Built target custom_msg__rosidl_typesupport_introspection_cpp
[0.161s] [ 64%] Built target custom_msg__rosidl_typesupport_fastrtps_cpp
[0.189s] [ 74%] Built target custom_msg__rosidl_typesupport_fastrtps_c
[0.206s] [ 74%] Built target custom_msg
[0.229s] [ 76%] Built target custom_msg__py
[0.249s] [ 84%] Built target custom_msg__python
[0.272s] [ 97%] Built target custom_msg__rosidl_typesupport_c__pyext
[0.273s] [ 97%] Built target custom_msg__rosidl_typesupport_introspection_c__pyext
[0.273s] [100%] Built target custom_msg__rosidl_typesupport_fastrtps_c__pyext
[0.818s] Invoked command in '/home/keny/MANOS_ws/build/custom_msg' returned '0': CMAKE_PREFIX_PATH=${CMAKE_PREFIX_PATH}:/home/keny/MANOS_ws/install/manos_manager:/home/keny/MANOS_ws/install/host_listener_package:/home/keny/MANOS_ws/install/hand_detector:/home/keny/MANOS_ws/install/castelet:/home/keny/MANOS_ws/install/camera:/home/keny/MANOS_ws/install/CustomRosController:/opt/ros/galactic /usr/bin/cmake --build /home/keny/MANOS_ws/build/custom_msg -- -j16 -l16
[0.954s] Invoking command in '/home/keny/MANOS_ws/build/custom_msg': CMAKE_PREFIX_PATH=${CMAKE_PREFIX_PATH}:/home/keny/MANOS_ws/install/manos_manager:/home/keny/MANOS_ws/install/host_listener_package:/home/keny/MANOS_ws/install/hand_detector:/home/keny/MANOS_ws/install/castelet:/home/keny/MANOS_ws/install/camera:/home/keny/MANOS_ws/install/CustomRosController:/opt/ros/galactic /usr/bin/cmake --install /home/keny/MANOS_ws/build/custom_msg
[0.961s] -- Install configuration: ""
[0.962s] -- Up-to-date: /home/keny/MANOS_ws/install/custom_msg/share/ament_index/resource_index/rosidl_interfaces/custom_msg
[0.962s] -- Up-to-date: /home/keny/MANOS_ws/install/custom_msg/include/custom_msg
[0.963s] -- Up-to-date: /home/keny/MANOS_ws/install/custom_msg/include/custom_msg/msg
[0.963s] -- Up-to-date: /home/keny/MANOS_ws/install/custom_msg/include/custom_msg/msg/detail
[0.963s] -- Up-to-date: /home/keny/MANOS_ws/install/custom_msg/include/custom_msg/msg/detail/list_string__functions.h
[0.963s] -- Up-to-date: /home/keny/MANOS_ws/install/custom_msg/include/custom_msg/msg/detail/pos__functions.c
[0.964s] -- Up-to-date: /home/keny/MANOS_ws/install/custom_msg/include/custom_msg/msg/detail/list_string__type_support.h
[0.964s] -- Up-to-date: /home/keny/MANOS_ws/install/custom_msg/include/custom_msg/msg/detail/pos__type_support.h
[0.964s] -- Up-to-date: /home/keny/MANOS_ws/install/custom_msg/include/custom_msg/msg/detail/list_string__functions.c
[0.964s] -- Up-to-date: /home/keny/MANOS_ws/install/custom_msg/include/custom_msg/msg/detail/pos__struct.h
[0.965s] -- Up-to-date: /home/keny/MANOS_ws/install/custom_msg/include/custom_msg/msg/detail/list_string__struct.h
[0.965s] -- Up-to-date: /home/keny/MANOS_ws/install/custom_msg/include/custom_msg/msg/detail/pos__functions.h
[0.965s] -- Up-to-date: /home/keny/MANOS_ws/install/custom_msg/include/custom_msg/msg/rosidl_generator_c__visibility_control.h
[0.965s] -- Up-to-date: /home/keny/MANOS_ws/install/custom_msg/include/custom_msg/msg/list_string.h
[0.966s] -- Up-to-date: /home/keny/MANOS_ws/install/custom_msg/include/custom_msg/msg/pos.h
[0.966s] -- Up-to-date: /home/keny/MANOS_ws/install/custom_msg/share/custom_msg/environment/library_path.sh
[0.966s] -- Up-to-date: /home/keny/MANOS_ws/install/custom_msg/share/custom_msg/environment/library_path.dsv
[0.967s] -- Up-to-date: /home/keny/MANOS_ws/install/custom_msg/lib/libcustom_msg__rosidl_generator_c.so
[0.967s] -- Up-to-date: /home/keny/MANOS_ws/install/custom_msg/include/custom_msg
[0.967s] -- Up-to-date: /home/keny/MANOS_ws/install/custom_msg/include/custom_msg/msg
[0.967s] -- Up-to-date: /home/keny/MANOS_ws/install/custom_msg/include/custom_msg/msg/rosidl_typesupport_fastrtps_c__visibility_control.h
[0.968s] -- Up-to-date: /home/keny/MANOS_ws/install/custom_msg/include/custom_msg/msg/detail
[0.968s] -- Up-to-date: /home/keny/MANOS_ws/install/custom_msg/include/custom_msg/msg/detail/pos__rosidl_typesupport_fastrtps_c.h
[0.968s] -- Up-to-date: /home/keny/MANOS_ws/install/custom_msg/include/custom_msg/msg/detail/list_string__rosidl_typesupport_fastrtps_c.h
[0.968s] -- Up-to-date: /home/keny/MANOS_ws/install/custom_msg/lib/libcustom_msg__rosidl_typesupport_fastrtps_c.so
[0.968s] -- Up-to-date: /home/keny/MANOS_ws/install/custom_msg/include/custom_msg
[0.968s] -- Up-to-date: /home/keny/MANOS_ws/install/custom_msg/include/custom_msg/msg
[0.969s] -- Up-to-date: /home/keny/MANOS_ws/install/custom_msg/include/custom_msg/msg/detail
[0.969s] -- Up-to-date: /home/keny/MANOS_ws/install/custom_msg/include/custom_msg/msg/detail/dds_fastrtps
[0.969s] -- Up-to-date: /home/keny/MANOS_ws/install/custom_msg/include/custom_msg/msg/detail/list_string__rosidl_typesupport_fastrtps_cpp.hpp
[0.969s] -- Up-to-date: /home/keny/MANOS_ws/install/custom_msg/include/custom_msg/msg/detail/pos__rosidl_typesupport_fastrtps_cpp.hpp
[0.969s] -- Up-to-date: /home/keny/MANOS_ws/install/custom_msg/include/custom_msg/msg/rosidl_typesupport_fastrtps_cpp__visibility_control.h
[0.969s] -- Up-to-date: /home/keny/MANOS_ws/install/custom_msg/lib/libcustom_msg__rosidl_typesupport_fastrtps_cpp.so
[0.970s] -- Up-to-date: /home/keny/MANOS_ws/install/custom_msg/include/custom_msg
[0.970s] -- Up-to-date: /home/keny/MANOS_ws/install/custom_msg/include/custom_msg/msg
[0.970s] -- Up-to-date: /home/keny/MANOS_ws/install/custom_msg/include/custom_msg/msg/detail
[0.970s] -- Up-to-date: /home/keny/MANOS_ws/install/custom_msg/include/custom_msg/msg/detail/list_string__type_support.c
[0.970s] -- Up-to-date: /home/keny/MANOS_ws/install/custom_msg/include/custom_msg/msg/detail/pos__type_support.c
[0.970s] -- Up-to-date: /home/keny/MANOS_ws/install/custom_msg/include/custom_msg/msg/detail/pos__rosidl_typesupport_introspection_c.h
[0.971s] -- Up-to-date: /home/keny/MANOS_ws/install/custom_msg/include/custom_msg/msg/detail/list_string__rosidl_typesupport_introspection_c.h
[0.971s] -- Up-to-date: /home/keny/MANOS_ws/install/custom_msg/include/custom_msg/msg/rosidl_typesupport_introspection_c__visibility_control.h
[0.971s] -- Up-to-date: /home/keny/MANOS_ws/install/custom_msg/lib/libcustom_msg__rosidl_typesupport_introspection_c.so
[0.971s] -- Up-to-date: /home/keny/MANOS_ws/install/custom_msg/lib/libcustom_msg__rosidl_typesupport_c.so
[0.971s] -- Up-to-date: /home/keny/MANOS_ws/install/custom_msg/include/custom_msg
[0.971s] -- Up-to-date: /home/keny/MANOS_ws/install/custom_msg/include/custom_msg/msg
[0.972s] -- Up-to-date: /home/keny/MANOS_ws/install/custom_msg/include/custom_msg/msg/pos.hpp
[0.972s] -- Up-to-date: /home/keny/MANOS_ws/install/custom_msg/include/custom_msg/msg/list_string.hpp
[0.972s] -- Up-to-date: /home/keny/MANOS_ws/install/custom_msg/include/custom_msg/msg/detail
[0.972s] -- Up-to-date: /home/keny/MANOS_ws/install/custom_msg/include/custom_msg/msg/detail/list_string__builder.hpp
[0.972s] -- Up-to-date: /home/keny/MANOS_ws/install/custom_msg/include/custom_msg/msg/detail/pos__struct.hpp
[0.972s] -- Up-to-date: /home/keny/MANOS_ws/install/custom_msg/include/custom_msg/msg/detail/list_string__traits.hpp
[0.973s] -- Up-to-date: /home/keny/MANOS_ws/install/custom_msg/include/custom_msg/msg/detail/pos__traits.hpp
[0.973s] -- Up-to-date: /home/keny/MANOS_ws/install/custom_msg/include/custom_msg/msg/detail/list_string__struct.hpp
[0.973s] -- Up-to-date: /home/keny/MANOS_ws/install/custom_msg/include/custom_msg/msg/detail/pos__builder.hpp
[0.973s] -- Up-to-date: /home/keny/MANOS_ws/install/custom_msg/include/custom_msg
[0.973s] -- Up-to-date: /home/keny/MANOS_ws/install/custom_msg/include/custom_msg/msg
[0.973s] -- Up-to-date: /home/keny/MANOS_ws/install/custom_msg/include/custom_msg/msg/detail
[0.973s] -- Up-to-date: /home/keny/MANOS_ws/install/custom_msg/include/custom_msg/msg/detail/pos__type_support.cpp
[0.974s] -- Up-to-date: /home/keny/MANOS_ws/install/custom_msg/include/custom_msg/msg/detail/list_string__type_support.cpp
[0.974s] -- Up-to-date: /home/keny/MANOS_ws/install/custom_msg/include/custom_msg/msg/detail/list_string__rosidl_typesupport_introspection_cpp.hpp
[0.974s] -- Up-to-date: /home/keny/MANOS_ws/install/custom_msg/include/custom_msg/msg/detail/pos__rosidl_typesupport_introspection_cpp.hpp
[0.974s] -- Up-to-date: /home/keny/MANOS_ws/install/custom_msg/lib/libcustom_msg__rosidl_typesupport_introspection_cpp.so
[0.974s] -- Up-to-date: /home/keny/MANOS_ws/install/custom_msg/lib/libcustom_msg__rosidl_typesupport_cpp.so
[0.974s] -- Up-to-date: /home/keny/MANOS_ws/install/custom_msg/share/custom_msg/environment/pythonpath.sh
[0.974s] -- Up-to-date: /home/keny/MANOS_ws/install/custom_msg/share/custom_msg/environment/pythonpath.dsv
[0.975s] -- Up-to-date: /home/keny/MANOS_ws/install/custom_msg/lib/python3.8/site-packages/custom_msg/__init__.py
[1.058s] -- Up-to-date: /home/keny/MANOS_ws/install/custom_msg/lib/python3.8/site-packages/custom_msg/msg
[1.058s] -- Up-to-date: /home/keny/MANOS_ws/install/custom_msg/lib/python3.8/site-packages/custom_msg/msg/_list_string_s.c
[1.059s] -- Up-to-date: /home/keny/MANOS_ws/install/custom_msg/lib/python3.8/site-packages/custom_msg/msg/_list_string.py
[1.059s] -- Up-to-date: /home/keny/MANOS_ws/install/custom_msg/lib/python3.8/site-packages/custom_msg/msg/_pos.py
[1.060s] -- Up-to-date: /home/keny/MANOS_ws/install/custom_msg/lib/python3.8/site-packages/custom_msg/msg/__init__.py
[1.060s] -- Up-to-date: /home/keny/MANOS_ws/install/custom_msg/lib/python3.8/site-packages/custom_msg/msg/_pos_s.c
[1.061s] -- Up-to-date: /home/keny/MANOS_ws/install/custom_msg/lib/python3.8/site-packages/custom_msg/custom_msg_s__rosidl_typesupport_fastrtps_c.cpython-38-x86_64-linux-gnu.so
[1.061s] -- Up-to-date: /home/keny/MANOS_ws/install/custom_msg/lib/python3.8/site-packages/custom_msg/custom_msg_s__rosidl_typesupport_introspection_c.cpython-38-x86_64-linux-gnu.so
[1.062s] -- Up-to-date: /home/keny/MANOS_ws/install/custom_msg/lib/python3.8/site-packages/custom_msg/custom_msg_s__rosidl_typesupport_c.cpython-38-x86_64-linux-gnu.so
[1.062s] -- Up-to-date: /home/keny/MANOS_ws/install/custom_msg/lib/libcustom_msg__python.so
[1.062s] -- Up-to-date: /home/keny/MANOS_ws/install/custom_msg/share/custom_msg/msg/ListString.idl
[1.063s] -- Up-to-date: /home/keny/MANOS_ws/install/custom_msg/share/custom_msg/msg/Pos.idl
[1.063s] -- Up-to-date: /home/keny/MANOS_ws/install/custom_msg/share/custom_msg/msg/ListString.msg
[1.064s] -- Up-to-date: /home/keny/MANOS_ws/install/custom_msg/share/custom_msg/msg/Pos.msg
[1.064s] -- Up-to-date: /home/keny/MANOS_ws/install/custom_msg/share/ament_index/resource_index/package_run_dependencies/custom_msg
[1.064s] -- Up-to-date: /home/keny/MANOS_ws/install/custom_msg/share/ament_index/resource_index/parent_prefix_path/custom_msg
[1.065s] -- Up-to-date: /home/keny/MANOS_ws/install/custom_msg/share/custom_msg/environment/ament_prefix_path.sh
[1.065s] -- Up-to-date: /home/keny/MANOS_ws/install/custom_msg/share/custom_msg/environment/ament_prefix_path.dsv
[1.065s] -- Up-to-date: /home/keny/MANOS_ws/install/custom_msg/share/custom_msg/environment/path.sh
[1.065s] -- Up-to-date: /home/keny/MANOS_ws/install/custom_msg/share/custom_msg/environment/path.dsv
[1.066s] -- Up-to-date: /home/keny/MANOS_ws/install/custom_msg/share/custom_msg/local_setup.bash
[1.066s] -- Up-to-date: /home/keny/MANOS_ws/install/custom_msg/share/custom_msg/local_setup.sh
[1.066s] -- Up-to-date: /home/keny/MANOS_ws/install/custom_msg/share/custom_msg/local_setup.zsh
[1.066s] -- Up-to-date: /home/keny/MANOS_ws/install/custom_msg/share/custom_msg/local_setup.dsv
[1.066s] -- Installing: /home/keny/MANOS_ws/install/custom_msg/share/custom_msg/package.dsv
[1.067s] -- Up-to-date: /home/keny/MANOS_ws/install/custom_msg/share/ament_index/resource_index/packages/custom_msg
[1.067s] -- Up-to-date: /home/keny/MANOS_ws/install/custom_msg/share/custom_msg/cmake/custom_msg__rosidl_generator_cExport.cmake
[1.067s] -- Up-to-date: /home/keny/MANOS_ws/install/custom_msg/share/custom_msg/cmake/custom_msg__rosidl_generator_cExport-noconfig.cmake
[1.068s] -- Up-to-date: /home/keny/MANOS_ws/install/custom_msg/share/custom_msg/cmake/custom_msg__rosidl_typesupport_introspection_cExport.cmake
[1.068s] -- Up-to-date: /home/keny/MANOS_ws/install/custom_msg/share/custom_msg/cmake/custom_msg__rosidl_typesupport_introspection_cExport-noconfig.cmake
[1.069s] -- Up-to-date: /home/keny/MANOS_ws/install/custom_msg/share/custom_msg/cmake/custom_msg__rosidl_typesupport_cExport.cmake
[1.072s] -- Up-to-date: /home/keny/MANOS_ws/install/custom_msg/share/custom_msg/cmake/custom_msg__rosidl_typesupport_cExport-noconfig.cmake
[1.072s] -- Up-to-date: /home/keny/MANOS_ws/install/custom_msg/share/custom_msg/cmake/custom_msg__rosidl_generator_cppExport.cmake
[1.077s] -- Up-to-date: /home/keny/MANOS_ws/install/custom_msg/share/custom_msg/cmake/custom_msg__rosidl_typesupport_introspection_cppExport.cmake
[1.078s] -- Up-to-date: /home/keny/MANOS_ws/install/custom_msg/share/custom_msg/cmake/custom_msg__rosidl_typesupport_introspection_cppExport-noconfig.cmake
[1.079s] -- Up-to-date: /home/keny/MANOS_ws/install/custom_msg/share/custom_msg/cmake/custom_msg__rosidl_typesupport_cppExport.cmake
[1.079s] -- Up-to-date: /home/keny/MANOS_ws/install/custom_msg/share/custom_msg/cmake/custom_msg__rosidl_typesupport_cppExport-noconfig.cmake
[1.080s] -- Up-to-date: /home/keny/MANOS_ws/install/custom_msg/share/custom_msg/cmake/rosidl_cmake-extras.cmake
[1.081s] -- Up-to-date: /home/keny/MANOS_ws/install/custom_msg/share/custom_msg/cmake/ament_cmake_export_dependencies-extras.cmake
[1.082s] -- Up-to-date: /home/keny/MANOS_ws/install/custom_msg/share/custom_msg/cmake/ament_cmake_export_libraries-extras.cmake
[1.082s] -- Up-to-date: /home/keny/MANOS_ws/install/custom_msg/share/custom_msg/cmake/ament_cmake_export_targets-extras.cmake
[1.082s] -- Up-to-date: /home/keny/MANOS_ws/install/custom_msg/share/custom_msg/cmake/ament_cmake_export_include_directories-extras.cmake
[1.085s] -- Up-to-date: /home/keny/MANOS_ws/install/custom_msg/share/custom_msg/cmake/rosidl_cmake_export_typesupport_libraries-extras.cmake
[1.086s] -- Up-to-date: /home/keny/MANOS_ws/install/custom_msg/share/custom_msg/cmake/rosidl_cmake_export_typesupport_targets-extras.cmake
[1.086s] -- Up-to-date: /home/keny/MANOS_ws/install/custom_msg/share/custom_msg/cmake/custom_msgConfig.cmake
[1.086s] -- Up-to-date: /home/keny/MANOS_ws/install/custom_msg/share/custom_msg/cmake/custom_msgConfig-version.cmake
[1.086s] -- Up-to-date: /home/keny/MANOS_ws/install/custom_msg/share/custom_msg/package.xml
[1.087s] Invoked command in '/home/keny/MANOS_ws/build/custom_msg' returned '0': CMAKE_PREFIX_PATH=${CMAKE_PREFIX_PATH}:/home/keny/MANOS_ws/install/manos_manager:/home/keny/MANOS_ws/install/host_listener_package:/home/keny/MANOS_ws/install/hand_detector:/home/keny/MANOS_ws/install/castelet:/home/keny/MANOS_ws/install/camera:/home/keny/MANOS_ws/install/CustomRosController:/opt/ros/galactic /usr/bin/cmake --install /home/keny/MANOS_ws/build/custom_msg
