[4.275s] Invoking command in '/home/field/MANOS/src/custom_ros_controller': CMAKE_PREFIX_PATH=/home/field/MANOS/install/custom_msg:/home/field/MANOS/install/servo_control LD_LIBRARY_PATH=/home/field/MANOS/install/custom_msg/lib:/usr/local/cuda/lib64:/home/field/MANOS/install/servo_control/lib:/opt/ros/galactic/opt/yaml_cpp_vendor/lib:/opt/ros/galactic/opt/rviz_ogre_vendor/lib:/opt/ros/galactic/lib/x86_64-linux-gnu:/opt/ros/galactic/lib PYTHONPATH=/home/field/MANOS/build/custom_ros_controller/prefix_override:/home/field/MANOS/install/custom_ros_controller/lib/python3.8/site-packages:/home/field/MANOS/install/custom_msg/lib/python3.8/site-packages:/home/field/MANOS/install/servo_control/lib/python3.8/site-packages:/home/field/MANOS/install/manos_manager/lib/python3.8/site-packages:/home/field/MANOS/install/host_listener_package/lib/python3.8/site-packages:/home/field/MANOS/install/hand_detector/lib/python3.8/site-packages:/home/field/MANOS/install/custom_ros_controller/lib/python3.8/site-packages:/home/field/MANOS/install/castelet/lib/python3.8/site-packages:/home/field/MANOS/install/camera/lib/python3.8/site-packages:/opt/ros/galactic/lib/python3.8/site-packages /usr/bin/python3 setup.py egg_info --egg-base ../../build/custom_ros_controller build --build-base /home/field/MANOS/build/custom_ros_controller/build install --record /home/field/MANOS/build/custom_ros_controller/install.log --single-version-externally-managed
[4.411s] running egg_info
[4.411s] writing ../../build/custom_ros_controller/custom_ros_controller.egg-info/PKG-INFO
[4.411s] writing dependency_links to ../../build/custom_ros_controller/custom_ros_controller.egg-info/dependency_links.txt
[4.412s] writing entry points to ../../build/custom_ros_controller/custom_ros_controller.egg-info/entry_points.txt
[4.412s] writing requirements to ../../build/custom_ros_controller/custom_ros_controller.egg-info/requires.txt
[4.412s] writing top-level names to ../../build/custom_ros_controller/custom_ros_controller.egg-info/top_level.txt
[4.432s] reading manifest file '../../build/custom_ros_controller/custom_ros_controller.egg-info/SOURCES.txt'
[4.432s] writing manifest file '../../build/custom_ros_controller/custom_ros_controller.egg-info/SOURCES.txt'
[4.432s] running build
[4.432s] running build_py
[4.433s] running install
[4.433s] running install_lib
[4.434s] running install_data
[4.434s] running install_egg_info
[4.435s] removing '/home/field/MANOS/install/custom_ros_controller/lib/python3.8/site-packages/custom_ros_controller-0.0.0-py3.8.egg-info' (and everything under it)
[4.436s] Copying ../../build/custom_ros_controller/custom_ros_controller.egg-info to /home/field/MANOS/install/custom_ros_controller/lib/python3.8/site-packages/custom_ros_controller-0.0.0-py3.8.egg-info
[4.436s] running install_scripts
[4.447s] Installing custom_ros_controller script to /home/field/MANOS/install/custom_ros_controller/lib/custom_ros_controller
[4.447s] writing list of installed files to '/home/field/MANOS/build/custom_ros_controller/install.log'
[4.686s] Invoked command in '/home/field/MANOS/src/custom_ros_controller' returned '0': CMAKE_PREFIX_PATH=/home/field/MANOS/install/custom_msg:/home/field/MANOS/install/servo_control LD_LIBRARY_PATH=/home/field/MANOS/install/custom_msg/lib:/usr/local/cuda/lib64:/home/field/MANOS/install/servo_control/lib:/opt/ros/galactic/opt/yaml_cpp_vendor/lib:/opt/ros/galactic/opt/rviz_ogre_vendor/lib:/opt/ros/galactic/lib/x86_64-linux-gnu:/opt/ros/galactic/lib PYTHONPATH=/home/field/MANOS/build/custom_ros_controller/prefix_override:/home/field/MANOS/install/custom_ros_controller/lib/python3.8/site-packages:/home/field/MANOS/install/custom_msg/lib/python3.8/site-packages:/home/field/MANOS/install/servo_control/lib/python3.8/site-packages:/home/field/MANOS/install/manos_manager/lib/python3.8/site-packages:/home/field/MANOS/install/host_listener_package/lib/python3.8/site-packages:/home/field/MANOS/install/hand_detector/lib/python3.8/site-packages:/home/field/MANOS/install/custom_ros_controller/lib/python3.8/site-packages:/home/field/MANOS/install/castelet/lib/python3.8/site-packages:/home/field/MANOS/install/camera/lib/python3.8/site-packages:/opt/ros/galactic/lib/python3.8/site-packages /usr/bin/python3 setup.py egg_info --egg-base ../../build/custom_ros_controller build --build-base /home/field/MANOS/build/custom_ros_controller/build install --record /home/field/MANOS/build/custom_ros_controller/install.log --single-version-externally-managed
