[1.524s] Invoking command in '/home/keny/MANOS_ws/src/hand_detector': PYTHONPATH=/home/keny/MANOS_ws/build/hand_detector/prefix_override:/home/keny/MANOS_ws/install/hand_detector/lib/python3.8/site-packages:/home/keny/MANOS_ws/install/custom_msg/lib/python3.8/site-packages:/home/keny/MANOS_ws/install/host_listener_package/lib/python3.8/site-packages:/home/keny/MANOS_ws/install/hand_detector/lib/python3.8/site-packages:/home/keny/MANOS_ws/install/castelet/lib/python3.8/site-packages:/home/keny/MANOS_ws/install/camera/lib/python3.8/site-packages:/opt/ros/galactic/lib/python3.8/site-packages:/home/keny/acs/src/behaviors/ /usr/bin/python3 setup.py egg_info --egg-base ../../build/hand_detector build --build-base /home/keny/MANOS_ws/build/hand_detector/build install --record /home/keny/MANOS_ws/build/hand_detector/install.log --single-version-externally-managed
[1.764s] running egg_info
[1.765s] writing ../../build/hand_detector/hand_detector.egg-info/PKG-INFO
[1.765s] writing dependency_links to ../../build/hand_detector/hand_detector.egg-info/dependency_links.txt
[1.765s] writing entry points to ../../build/hand_detector/hand_detector.egg-info/entry_points.txt
[1.765s] writing requirements to ../../build/hand_detector/hand_detector.egg-info/requires.txt
[1.766s] writing top-level names to ../../build/hand_detector/hand_detector.egg-info/top_level.txt
[1.796s] reading manifest file '../../build/hand_detector/hand_detector.egg-info/SOURCES.txt'
[1.797s] writing manifest file '../../build/hand_detector/hand_detector.egg-info/SOURCES.txt'
[1.797s] running build
[1.798s] running build_py
[1.798s] running install
[1.798s] running install_lib
[1.800s] running install_data
[1.800s] running install_egg_info
[1.801s] removing '/home/keny/MANOS_ws/install/hand_detector/lib/python3.8/site-packages/hand_detector-0.0.0-py3.8.egg-info' (and everything under it)
[1.802s] Copying ../../build/hand_detector/hand_detector.egg-info to /home/keny/MANOS_ws/install/hand_detector/lib/python3.8/site-packages/hand_detector-0.0.0-py3.8.egg-info
[1.803s] running install_scripts
[1.818s] Installing hand_detector script to /home/keny/MANOS_ws/install/hand_detector/lib/hand_detector
[1.818s] writing list of installed files to '/home/keny/MANOS_ws/build/hand_detector/install.log'
[1.848s] Invoked command in '/home/keny/MANOS_ws/src/hand_detector' returned '0': PYTHONPATH=/home/keny/MANOS_ws/build/hand_detector/prefix_override:/home/keny/MANOS_ws/install/hand_detector/lib/python3.8/site-packages:/home/keny/MANOS_ws/install/custom_msg/lib/python3.8/site-packages:/home/keny/MANOS_ws/install/host_listener_package/lib/python3.8/site-packages:/home/keny/MANOS_ws/install/hand_detector/lib/python3.8/site-packages:/home/keny/MANOS_ws/install/castelet/lib/python3.8/site-packages:/home/keny/MANOS_ws/install/camera/lib/python3.8/site-packages:/opt/ros/galactic/lib/python3.8/site-packages:/home/keny/acs/src/behaviors/ /usr/bin/python3 setup.py egg_info --egg-base ../../build/hand_detector build --build-base /home/keny/MANOS_ws/build/hand_detector/build install --record /home/keny/MANOS_ws/build/hand_detector/install.log --single-version-externally-managed
