running egg_info
creating ../../build/custom_ros_controller/custom_ros_controller.egg-info
writing ../../build/custom_ros_controller/custom_ros_controller.egg-info/PKG-INFO
writing dependency_links to ../../build/custom_ros_controller/custom_ros_controller.egg-info/dependency_links.txt
writing entry points to ../../build/custom_ros_controller/custom_ros_controller.egg-info/entry_points.txt
writing requirements to ../../build/custom_ros_controller/custom_ros_controller.egg-info/requires.txt
writing top-level names to ../../build/custom_ros_controller/custom_ros_controller.egg-info/top_level.txt
writing manifest file '../../build/custom_ros_controller/custom_ros_controller.egg-info/SOURCES.txt'
reading manifest file '../../build/custom_ros_controller/custom_ros_controller.egg-info/SOURCES.txt'
writing manifest file '../../build/custom_ros_controller/custom_ros_controller.egg-info/SOURCES.txt'
running build
running build_py
creating /home/field/MANOS/build/custom_ros_controller/build
creating /home/field/MANOS/build/custom_ros_controller/build/lib
creating /home/field/MANOS/build/custom_ros_controller/build/lib/custom_ros_controller
copying custom_ros_controller/custom_ros_controller.py -> /home/field/MANOS/build/custom_ros_controller/build/lib/custom_ros_controller
copying custom_ros_controller/__init__.py -> /home/field/MANOS/build/custom_ros_controller/build/lib/custom_ros_controller
copying custom_ros_controller/turtle_sim_controller.py -> /home/field/MANOS/build/custom_ros_controller/build/lib/custom_ros_controller
running install
running install_lib
creating /home/field/MANOS/install/custom_ros_controller/lib/python3.8/site-packages/custom_ros_controller
copying /home/field/MANOS/build/custom_ros_controller/build/lib/custom_ros_controller/custom_ros_controller.py -> /home/field/MANOS/install/custom_ros_controller/lib/python3.8/site-packages/custom_ros_controller
copying /home/field/MANOS/build/custom_ros_controller/build/lib/custom_ros_controller/__init__.py -> /home/field/MANOS/install/custom_ros_controller/lib/python3.8/site-packages/custom_ros_controller
copying /home/field/MANOS/build/custom_ros_controller/build/lib/custom_ros_controller/turtle_sim_controller.py -> /home/field/MANOS/install/custom_ros_controller/lib/python3.8/site-packages/custom_ros_controller
byte-compiling /home/field/MANOS/install/custom_ros_controller/lib/python3.8/site-packages/custom_ros_controller/custom_ros_controller.py to custom_ros_controller.cpython-38.pyc
byte-compiling /home/field/MANOS/install/custom_ros_controller/lib/python3.8/site-packages/custom_ros_controller/__init__.py to __init__.cpython-38.pyc
byte-compiling /home/field/MANOS/install/custom_ros_controller/lib/python3.8/site-packages/custom_ros_controller/turtle_sim_controller.py to turtle_sim_controller.cpython-38.pyc
running install_data
creating /home/field/MANOS/install/custom_ros_controller/share/ament_index
creating /home/field/MANOS/install/custom_ros_controller/share/ament_index/resource_index
creating /home/field/MANOS/install/custom_ros_controller/share/ament_index/resource_index/packages
copying resource/custom_ros_controller -> /home/field/MANOS/install/custom_ros_controller/share/ament_index/resource_index/packages
copying package.xml -> /home/field/MANOS/install/custom_ros_controller/share/custom_ros_controller
running install_egg_info
Copying ../../build/custom_ros_controller/custom_ros_controller.egg-info to /home/field/MANOS/install/custom_ros_controller/lib/python3.8/site-packages/custom_ros_controller-0.0.0-py3.8.egg-info
running install_scripts
Installing custom_ros_controller script to /home/field/MANOS/install/custom_ros_controller/lib/custom_ros_controller
writing list of installed files to '/home/field/MANOS/build/custom_ros_controller/install.log'
