[3.918s] Invoking command in '/home/keny/MANOS_ws/src/CustomRosController': PYTHONPATH=/home/keny/MANOS_ws/build/CustomRosController/prefix_override:/home/keny/MANOS_ws/install/CustomRosController/lib/python3.8/site-packages:${PYTHONPATH} /usr/bin/python3 setup.py egg_info --egg-base ../../build/CustomRosController build --build-base /home/keny/MANOS_ws/build/CustomRosController/build install --record /home/keny/MANOS_ws/build/CustomRosController/install.log --single-version-externally-managed
[4.711s] running egg_info
[4.712s] writing ../../build/CustomRosController/CustomRosController.egg-info/PKG-INFO
[4.719s] writing dependency_links to ../../build/CustomRosController/CustomRosController.egg-info/dependency_links.txt
[4.719s] writing entry points to ../../build/CustomRosController/CustomRosController.egg-info/entry_points.txt
[4.720s] writing requirements to ../../build/CustomRosController/CustomRosController.egg-info/requires.txt
[4.720s] writing top-level names to ../../build/CustomRosController/CustomRosController.egg-info/top_level.txt
[4.800s] reading manifest file '../../build/CustomRosController/CustomRosController.egg-info/SOURCES.txt'
[4.801s] writing manifest file '../../build/CustomRosController/CustomRosController.egg-info/SOURCES.txt'
[4.802s] running build
[4.802s] running build_py
[4.802s] running install
[4.806s] running install_lib
[4.807s] running install_data
[4.808s] running install_egg_info
[4.812s] removing '/home/keny/MANOS_ws/install/CustomRosController/lib/python3.8/site-packages/CustomRosController-0.0.0-py3.8.egg-info' (and everything under it)
[4.812s] Copying ../../build/CustomRosController/CustomRosController.egg-info to /home/keny/MANOS_ws/install/CustomRosController/lib/python3.8/site-packages/CustomRosController-0.0.0-py3.8.egg-info
[4.814s] running install_scripts
[4.851s] writing list of installed files to '/home/keny/MANOS_ws/build/CustomRosController/install.log'
[4.960s] Invoked command in '/home/keny/MANOS_ws/src/CustomRosController' returned '0': PYTHONPATH=/home/keny/MANOS_ws/build/CustomRosController/prefix_override:/home/keny/MANOS_ws/install/CustomRosController/lib/python3.8/site-packages:${PYTHONPATH} /usr/bin/python3 setup.py egg_info --egg-base ../../build/CustomRosController build --build-base /home/keny/MANOS_ws/build/CustomRosController/build install --record /home/keny/MANOS_ws/build/CustomRosController/install.log --single-version-externally-managed
