[1.262s] Invoking command in '/home/keny/MANOS_ws/src/castelet': PYTHONPATH=/home/keny/MANOS_ws/build/castelet/prefix_override:/home/keny/MANOS_ws/install/castelet/lib/python3.8/site-packages:${PYTHONPATH} /usr/bin/python3 setup.py egg_info --egg-base ../../build/castelet build --build-base /home/keny/MANOS_ws/build/castelet/build install --record /home/keny/MANOS_ws/build/castelet/install.log --single-version-externally-managed
[1.518s] running egg_info
[1.519s] writing ../../build/castelet/castelet.egg-info/PKG-INFO
[1.520s] writing dependency_links to ../../build/castelet/castelet.egg-info/dependency_links.txt
[1.520s] writing entry points to ../../build/castelet/castelet.egg-info/entry_points.txt
[1.520s] writing requirements to ../../build/castelet/castelet.egg-info/requires.txt
[1.520s] writing top-level names to ../../build/castelet/castelet.egg-info/top_level.txt
[1.552s] reading manifest file '../../build/castelet/castelet.egg-info/SOURCES.txt'
[1.552s] writing manifest file '../../build/castelet/castelet.egg-info/SOURCES.txt'
[1.553s] running build
[1.553s] running build_py
[1.553s] copying castelet/castelet.py -> /home/keny/MANOS_ws/build/castelet/build/lib/castelet
[1.553s] running install
[1.554s] running install_lib
[1.555s] copying /home/keny/MANOS_ws/build/castelet/build/lib/castelet/castelet.py -> /home/keny/MANOS_ws/install/castelet/lib/python3.8/site-packages/castelet
[1.556s] byte-compiling /home/keny/MANOS_ws/install/castelet/lib/python3.8/site-packages/castelet/castelet.py to castelet.cpython-38.pyc
[1.557s] running install_data
[1.558s] running install_egg_info
[1.560s] removing '/home/keny/MANOS_ws/install/castelet/lib/python3.8/site-packages/castelet-0.0.0-py3.8.egg-info' (and everything under it)
[1.560s] Copying ../../build/castelet/castelet.egg-info to /home/keny/MANOS_ws/install/castelet/lib/python3.8/site-packages/castelet-0.0.0-py3.8.egg-info
[1.561s] running install_scripts
[1.576s] Installing castelet script to /home/keny/MANOS_ws/install/castelet/lib/castelet
[1.576s] writing list of installed files to '/home/keny/MANOS_ws/build/castelet/install.log'
[1.599s] Invoked command in '/home/keny/MANOS_ws/src/castelet' returned '0': PYTHONPATH=/home/keny/MANOS_ws/build/castelet/prefix_override:/home/keny/MANOS_ws/install/castelet/lib/python3.8/site-packages:${PYTHONPATH} /usr/bin/python3 setup.py egg_info --egg-base ../../build/castelet build --build-base /home/keny/MANOS_ws/build/castelet/build install --record /home/keny/MANOS_ws/build/castelet/install.log --single-version-externally-managed
