[1.504s] Invoking command in '/home/keny/MANOS_ws/src/castelet': PYTHONPATH=/home/keny/MANOS_ws/build/castelet/prefix_override:/home/keny/MANOS_ws/install/castelet/lib/python3.8/site-packages:/home/keny/MANOS_ws/install/custom_msg/lib/python3.8/site-packages:/home/keny/MANOS_ws/install/py_launch_example/lib/python3.8/site-packages:/home/keny/MANOS_ws/install/manos_launch/lib/python3.8/site-packages:/home/keny/MANOS_ws/install/launch/lib/python3.8/site-packages:/home/keny/MANOS_ws/install/host_listener_package/lib/python3.8/site-packages:/home/keny/MANOS_ws/install/hand_detector_package/lib/python3.8/site-packages:/home/keny/MANOS_ws/install/hand_detector/lib/python3.8/site-packages:/home/keny/MANOS_ws/install/castelet/lib/python3.8/site-packages:/home/keny/MANOS_ws/install/camera/lib/python3.8/site-packages:/opt/ros/galactic/lib/python3.8/site-packages:/home/keny/acs/src/behaviors/ /usr/bin/python3 setup.py egg_info --egg-base ../../build/castelet build --build-base /home/keny/MANOS_ws/build/castelet/build install --record /home/keny/MANOS_ws/build/castelet/install.log --single-version-externally-managed
[1.771s] running egg_info
[1.772s] creating ../../build/castelet/castelet.egg-info
[1.772s] writing ../../build/castelet/castelet.egg-info/PKG-INFO
[1.773s] writing dependency_links to ../../build/castelet/castelet.egg-info/dependency_links.txt
[1.773s] writing entry points to ../../build/castelet/castelet.egg-info/entry_points.txt
[1.773s] writing requirements to ../../build/castelet/castelet.egg-info/requires.txt
[1.773s] writing top-level names to ../../build/castelet/castelet.egg-info/top_level.txt
[1.774s] writing manifest file '../../build/castelet/castelet.egg-info/SOURCES.txt'
[1.807s] reading manifest file '../../build/castelet/castelet.egg-info/SOURCES.txt'
[1.808s] writing manifest file '../../build/castelet/castelet.egg-info/SOURCES.txt'
[1.808s] running build
[1.809s] running build_py
[1.809s] creating /home/keny/MANOS_ws/build/castelet/build
[1.809s] creating /home/keny/MANOS_ws/build/castelet/build/lib
[1.809s] creating /home/keny/MANOS_ws/build/castelet/build/lib/castelet
[1.809s] copying castelet/CasteletWindow.py -> /home/keny/MANOS_ws/build/castelet/build/lib/castelet
[1.809s] copying castelet/__init__.py -> /home/keny/MANOS_ws/build/castelet/build/lib/castelet
[1.809s] copying castelet/ClickableLabel.py -> /home/keny/MANOS_ws/build/castelet/build/lib/castelet
[1.809s] copying castelet/castelet.py -> /home/keny/MANOS_ws/build/castelet/build/lib/castelet
[1.809s] running install
[1.810s] running install_lib
[1.810s] creating /home/keny/MANOS_ws/install/castelet/lib/python3.8/site-packages/castelet
[1.810s] copying /home/keny/MANOS_ws/build/castelet/build/lib/castelet/CasteletWindow.py -> /home/keny/MANOS_ws/install/castelet/lib/python3.8/site-packages/castelet
[1.811s] copying /home/keny/MANOS_ws/build/castelet/build/lib/castelet/__init__.py -> /home/keny/MANOS_ws/install/castelet/lib/python3.8/site-packages/castelet
[1.811s] copying /home/keny/MANOS_ws/build/castelet/build/lib/castelet/ClickableLabel.py -> /home/keny/MANOS_ws/install/castelet/lib/python3.8/site-packages/castelet
[1.811s] copying /home/keny/MANOS_ws/build/castelet/build/lib/castelet/castelet.py -> /home/keny/MANOS_ws/install/castelet/lib/python3.8/site-packages/castelet
[1.811s] byte-compiling /home/keny/MANOS_ws/install/castelet/lib/python3.8/site-packages/castelet/CasteletWindow.py to CasteletWindow.cpython-38.pyc
[1.814s] byte-compiling /home/keny/MANOS_ws/install/castelet/lib/python3.8/site-packages/castelet/__init__.py to __init__.cpython-38.pyc
[1.814s] byte-compiling /home/keny/MANOS_ws/install/castelet/lib/python3.8/site-packages/castelet/ClickableLabel.py to ClickableLabel.cpython-38.pyc
[1.815s] byte-compiling /home/keny/MANOS_ws/install/castelet/lib/python3.8/site-packages/castelet/castelet.py to castelet.cpython-38.pyc
[1.822s] running install_data
[1.822s] creating /home/keny/MANOS_ws/install/castelet/share/ament_index
[1.822s] creating /home/keny/MANOS_ws/install/castelet/share/ament_index/resource_index
[1.822s] creating /home/keny/MANOS_ws/install/castelet/share/ament_index/resource_index/packages
[1.822s] copying resource/castelet -> /home/keny/MANOS_ws/install/castelet/share/ament_index/resource_index/packages
[1.822s] copying package.xml -> /home/keny/MANOS_ws/install/castelet/share/castelet
[1.822s] running install_egg_info
[1.823s] Copying ../../build/castelet/castelet.egg-info to /home/keny/MANOS_ws/install/castelet/lib/python3.8/site-packages/castelet-0.0.0-py3.8.egg-info
[1.823s] running install_scripts
[1.836s] Installing castelet script to /home/keny/MANOS_ws/install/castelet/lib/castelet
[1.836s] writing list of installed files to '/home/keny/MANOS_ws/build/castelet/install.log'
[1.902s] Invoked command in '/home/keny/MANOS_ws/src/castelet' returned '0': PYTHONPATH=/home/keny/MANOS_ws/build/castelet/prefix_override:/home/keny/MANOS_ws/install/castelet/lib/python3.8/site-packages:/home/keny/MANOS_ws/install/custom_msg/lib/python3.8/site-packages:/home/keny/MANOS_ws/install/py_launch_example/lib/python3.8/site-packages:/home/keny/MANOS_ws/install/manos_launch/lib/python3.8/site-packages:/home/keny/MANOS_ws/install/launch/lib/python3.8/site-packages:/home/keny/MANOS_ws/install/host_listener_package/lib/python3.8/site-packages:/home/keny/MANOS_ws/install/hand_detector_package/lib/python3.8/site-packages:/home/keny/MANOS_ws/install/hand_detector/lib/python3.8/site-packages:/home/keny/MANOS_ws/install/castelet/lib/python3.8/site-packages:/home/keny/MANOS_ws/install/camera/lib/python3.8/site-packages:/opt/ros/galactic/lib/python3.8/site-packages:/home/keny/acs/src/behaviors/ /usr/bin/python3 setup.py egg_info --egg-base ../../build/castelet build --build-base /home/keny/MANOS_ws/build/castelet/build install --record /home/keny/MANOS_ws/build/castelet/install.log --single-version-externally-managed
