[1.067s] Invoking command in '/home/keny/MANOS_ws/src/camera': PYTHONPATH=/home/keny/MANOS_ws/build/camera/prefix_override:/home/keny/MANOS_ws/install/camera/lib/python3.8/site-packages:/home/keny/MANOS_ws/install/custom_msg/lib/python3.8/site-packages:/home/keny/MANOS_ws/install/host_listener_package/lib/python3.8/site-packages:/home/keny/MANOS_ws/install/hand_detector_package/lib/python3.8/site-packages:/home/keny/MANOS_ws/install/camera/lib/python3.8/site-packages:/home/keny/MANOS_ws/src/install/host_listener_package/lib/python3.8/site-packages:/home/keny/MANOS_ws/src/install/hand_detector_package/lib/python3.8/site-packages:/home/keny/MANOS_ws/src/install/camera/lib/python3.8/site-packages:/home/keny/MANOS_ws/src/install/custom_msg/lib/python3.8/site-packages:/home/keny/MANOS_ws/src/install/camera_package/lib/python3.8/site-packages:/opt/ros/galactic/lib/python3.8/site-packages /usr/bin/python3 setup.py egg_info --egg-base ../../build/camera build --build-base /home/keny/MANOS_ws/build/camera/build install --record /home/keny/MANOS_ws/build/camera/install.log --single-version-externally-managed
[1.276s] running egg_info
[1.276s] writing ../../build/camera/camera.egg-info/PKG-INFO
[1.277s] writing dependency_links to ../../build/camera/camera.egg-info/dependency_links.txt
[1.277s] writing entry points to ../../build/camera/camera.egg-info/entry_points.txt
[1.277s] writing requirements to ../../build/camera/camera.egg-info/requires.txt
[1.277s] writing top-level names to ../../build/camera/camera.egg-info/top_level.txt
[1.305s] reading manifest file '../../build/camera/camera.egg-info/SOURCES.txt'
[1.305s] writing manifest file '../../build/camera/camera.egg-info/SOURCES.txt'
[1.306s] running build
[1.306s] running build_py
[1.306s] copying camera/camera.py -> /home/keny/MANOS_ws/build/camera/build/lib/camera
[1.306s] running install
[1.306s] running install_lib
[1.307s] copying /home/keny/MANOS_ws/build/camera/build/lib/camera/camera.py -> /home/keny/MANOS_ws/install/camera/lib/python3.8/site-packages/camera
[1.308s] byte-compiling /home/keny/MANOS_ws/install/camera/lib/python3.8/site-packages/camera/camera.py to camera.cpython-38.pyc
[1.309s] running install_data
[1.309s] running install_egg_info
[1.310s] removing '/home/keny/MANOS_ws/install/camera/lib/python3.8/site-packages/camera-0.0.0-py3.8.egg-info' (and everything under it)
[1.311s] Copying ../../build/camera/camera.egg-info to /home/keny/MANOS_ws/install/camera/lib/python3.8/site-packages/camera-0.0.0-py3.8.egg-info
[1.311s] running install_scripts
[1.324s] Installing camera script to /home/keny/MANOS_ws/install/camera/lib/camera
[1.324s] writing list of installed files to '/home/keny/MANOS_ws/build/camera/install.log'
[1.346s] Invoked command in '/home/keny/MANOS_ws/src/camera' returned '0': PYTHONPATH=/home/keny/MANOS_ws/build/camera/prefix_override:/home/keny/MANOS_ws/install/camera/lib/python3.8/site-packages:/home/keny/MANOS_ws/install/custom_msg/lib/python3.8/site-packages:/home/keny/MANOS_ws/install/host_listener_package/lib/python3.8/site-packages:/home/keny/MANOS_ws/install/hand_detector_package/lib/python3.8/site-packages:/home/keny/MANOS_ws/install/camera/lib/python3.8/site-packages:/home/keny/MANOS_ws/src/install/host_listener_package/lib/python3.8/site-packages:/home/keny/MANOS_ws/src/install/hand_detector_package/lib/python3.8/site-packages:/home/keny/MANOS_ws/src/install/camera/lib/python3.8/site-packages:/home/keny/MANOS_ws/src/install/custom_msg/lib/python3.8/site-packages:/home/keny/MANOS_ws/src/install/camera_package/lib/python3.8/site-packages:/opt/ros/galactic/lib/python3.8/site-packages /usr/bin/python3 setup.py egg_info --egg-base ../../build/camera build --build-base /home/keny/MANOS_ws/build/camera/build install --record /home/keny/MANOS_ws/build/camera/install.log --single-version-externally-managed
