[0.200s] DEBUG:colcon:Command line arguments: ['/usr/bin/colcon', 'build', '--allow-overriding', 'camera']
[0.200s] DEBUG:colcon:Parsed command line arguments: Namespace(allow_overriding=['camera'], ament_cmake_args=None, base_paths=['.'], build_base='build', catkin_cmake_args=None, catkin_skip_building_tests=False, cmake_args=None, cmake_clean_cache=False, cmake_clean_first=False, cmake_force_configure=False, cmake_target=None, cmake_target_skip_unavailable=False, continue_on_error=False, event_handlers=None, executor='parallel', ignore_user_meta=False, install_base='install', log_base=None, log_level=None, main=<bound method BuildVerb.main of <colcon_core.verb.build.BuildVerb object at 0x7f23b6e2d7c0>>, merge_install=False, metas=['./colcon.meta'], packages_above=None, packages_above_and_dependencies=None, packages_above_depth=None, packages_end=None, packages_ignore=None, packages_ignore_regex=None, packages_select=None, packages_select_build_failed=False, packages_select_by_dep=None, packages_select_regex=None, packages_select_test_failures=False, packages_skip=None, packages_skip_build_finished=False, packages_skip_by_dep=None, packages_skip_regex=None, packages_skip_test_passed=False, packages_skip_up_to=None, packages_start=None, packages_up_to=None, packages_up_to_regex=None, parallel_workers=16, paths=None, symlink_install=False, test_result_base=None, verb_extension=<colcon_core.verb.build.BuildVerb object at 0x7f23b6e2d7c0>, verb_name='build', verb_parser=<colcon_defaults.argument_parser.defaults.DefaultArgumentsDecorator object at 0x7f23b6db84c0>)
[0.234s] Level 1:colcon.colcon_core.package_discovery:discover_packages(colcon_meta) check parameters
[0.234s] Level 1:colcon.colcon_core.package_discovery:discover_packages(recursive) check parameters
[0.234s] Level 1:colcon.colcon_core.package_discovery:discover_packages(ignore) check parameters
[0.234s] Level 1:colcon.colcon_core.package_discovery:discover_packages(path) check parameters
[0.234s] Level 1:colcon.colcon_core.package_discovery:discover_packages(colcon_meta) discover
[0.234s] Level 1:colcon.colcon_core.package_discovery:discover_packages(recursive) discover
[0.234s] INFO:colcon.colcon_core.package_discovery:Crawling recursively for packages in '/home/keny/MANOS_ws'
[0.234s] Level 1:colcon.colcon_core.package_identification:_identify(.) by extensions ['ignore', 'ignore_ament_install']
[0.234s] Level 1:colcon.colcon_core.package_identification:_identify(.) by extension 'ignore'
[0.234s] Level 1:colcon.colcon_core.package_identification:_identify(.) by extension 'ignore_ament_install'
[0.234s] Level 1:colcon.colcon_core.package_identification:_identify(.) by extensions ['colcon_pkg']
[0.234s] Level 1:colcon.colcon_core.package_identification:_identify(.) by extension 'colcon_pkg'
[0.235s] Level 1:colcon.colcon_core.package_identification:_identify(.) by extensions ['colcon_meta']
[0.235s] Level 1:colcon.colcon_core.package_identification:_identify(.) by extension 'colcon_meta'
[0.235s] Level 1:colcon.colcon_core.package_identification:_identify(.) by extensions ['ros']
[0.235s] Level 1:colcon.colcon_core.package_identification:_identify(.) by extension 'ros'
[0.244s] Level 1:colcon.colcon_core.package_identification:_identify(.) by extensions ['cmake', 'python']
[0.244s] Level 1:colcon.colcon_core.package_identification:_identify(.) by extension 'cmake'
[0.244s] Level 1:colcon.colcon_core.package_identification:_identify(.) by extension 'python'
[0.244s] Level 1:colcon.colcon_core.package_identification:_identify(.) by extensions ['python_setup_py']
[0.244s] Level 1:colcon.colcon_core.package_identification:_identify(.) by extension 'python_setup_py'
[0.244s] Level 1:colcon.colcon_core.package_identification:_identify(build) by extensions ['ignore', 'ignore_ament_install']
[0.244s] Level 1:colcon.colcon_core.package_identification:_identify(build) by extension 'ignore'
[0.244s] Level 1:colcon.colcon_core.package_identification:_identify(build) ignored
[0.245s] Level 1:colcon.colcon_core.package_identification:_identify(install) by extensions ['ignore', 'ignore_ament_install']
[0.245s] Level 1:colcon.colcon_core.package_identification:_identify(install) by extension 'ignore'
[0.245s] Level 1:colcon.colcon_core.package_identification:_identify(install) ignored
[0.245s] Level 1:colcon.colcon_core.package_identification:_identify(log) by extensions ['ignore', 'ignore_ament_install']
[0.245s] Level 1:colcon.colcon_core.package_identification:_identify(log) by extension 'ignore'
[0.245s] Level 1:colcon.colcon_core.package_identification:_identify(log) ignored
[0.245s] Level 1:colcon.colcon_core.package_identification:_identify(src) by extensions ['ignore', 'ignore_ament_install']
[0.246s] Level 1:colcon.colcon_core.package_identification:_identify(src) by extension 'ignore'
[0.246s] Level 1:colcon.colcon_core.package_identification:_identify(src) by extension 'ignore_ament_install'
[0.246s] Level 1:colcon.colcon_core.package_identification:_identify(src) by extensions ['colcon_pkg']
[0.246s] Level 1:colcon.colcon_core.package_identification:_identify(src) by extension 'colcon_pkg'
[0.246s] Level 1:colcon.colcon_core.package_identification:_identify(src) by extensions ['colcon_meta']
[0.246s] Level 1:colcon.colcon_core.package_identification:_identify(src) by extension 'colcon_meta'
[0.246s] Level 1:colcon.colcon_core.package_identification:_identify(src) by extensions ['ros']
[0.246s] Level 1:colcon.colcon_core.package_identification:_identify(src) by extension 'ros'
[0.246s] Level 1:colcon.colcon_core.package_identification:_identify(src) by extensions ['cmake', 'python']
[0.246s] Level 1:colcon.colcon_core.package_identification:_identify(src) by extension 'cmake'
[0.246s] Level 1:colcon.colcon_core.package_identification:_identify(src) by extension 'python'
[0.246s] Level 1:colcon.colcon_core.package_identification:_identify(src) by extensions ['python_setup_py']
[0.246s] Level 1:colcon.colcon_core.package_identification:_identify(src) by extension 'python_setup_py'
[0.246s] Level 1:colcon.colcon_core.package_identification:_identify(src/camera) by extensions ['ignore', 'ignore_ament_install']
[0.246s] Level 1:colcon.colcon_core.package_identification:_identify(src/camera) by extension 'ignore'
[0.246s] Level 1:colcon.colcon_core.package_identification:_identify(src/camera) by extension 'ignore_ament_install'
[0.246s] Level 1:colcon.colcon_core.package_identification:_identify(src/camera) by extensions ['colcon_pkg']
[0.246s] Level 1:colcon.colcon_core.package_identification:_identify(src/camera) by extension 'colcon_pkg'
[0.246s] Level 1:colcon.colcon_core.package_identification:_identify(src/camera) by extensions ['colcon_meta']
[0.246s] Level 1:colcon.colcon_core.package_identification:_identify(src/camera) by extension 'colcon_meta'
[0.247s] Level 1:colcon.colcon_core.package_identification:_identify(src/camera) by extensions ['ros']
[0.247s] Level 1:colcon.colcon_core.package_identification:_identify(src/camera) by extension 'ros'
[0.250s] DEBUG:colcon.colcon_core.package_identification:Package 'src/camera' with type 'ros.ament_python' and name 'camera'
[0.250s] Level 1:colcon.colcon_core.package_identification:_identify(src/castelet) by extensions ['ignore', 'ignore_ament_install']
[0.250s] Level 1:colcon.colcon_core.package_identification:_identify(src/castelet) by extension 'ignore'
[0.250s] Level 1:colcon.colcon_core.package_identification:_identify(src/castelet) by extension 'ignore_ament_install'
[0.250s] Level 1:colcon.colcon_core.package_identification:_identify(src/castelet) by extensions ['colcon_pkg']
[0.250s] Level 1:colcon.colcon_core.package_identification:_identify(src/castelet) by extension 'colcon_pkg'
[0.250s] Level 1:colcon.colcon_core.package_identification:_identify(src/castelet) by extensions ['colcon_meta']
[0.250s] Level 1:colcon.colcon_core.package_identification:_identify(src/castelet) by extension 'colcon_meta'
[0.250s] Level 1:colcon.colcon_core.package_identification:_identify(src/castelet) by extensions ['ros']
[0.250s] Level 1:colcon.colcon_core.package_identification:_identify(src/castelet) by extension 'ros'
[0.251s] DEBUG:colcon.colcon_core.package_identification:Package 'src/castelet' with type 'ros.ament_python' and name 'castelet'
[0.251s] Level 1:colcon.colcon_core.package_identification:_identify(src/custom_msg) by extensions ['ignore', 'ignore_ament_install']
[0.251s] Level 1:colcon.colcon_core.package_identification:_identify(src/custom_msg) by extension 'ignore'
[0.251s] Level 1:colcon.colcon_core.package_identification:_identify(src/custom_msg) by extension 'ignore_ament_install'
[0.251s] Level 1:colcon.colcon_core.package_identification:_identify(src/custom_msg) by extensions ['colcon_pkg']
[0.251s] Level 1:colcon.colcon_core.package_identification:_identify(src/custom_msg) by extension 'colcon_pkg'
[0.252s] Level 1:colcon.colcon_core.package_identification:_identify(src/custom_msg) by extensions ['colcon_meta']
[0.252s] Level 1:colcon.colcon_core.package_identification:_identify(src/custom_msg) by extension 'colcon_meta'
[0.252s] Level 1:colcon.colcon_core.package_identification:_identify(src/custom_msg) by extensions ['ros']
[0.252s] Level 1:colcon.colcon_core.package_identification:_identify(src/custom_msg) by extension 'ros'
[0.252s] DEBUG:colcon.colcon_core.package_identification:Package 'src/custom_msg' with type 'ros.ament_cmake' and name 'custom_msg'
[0.252s] Level 1:colcon.colcon_core.package_identification:_identify(src/hand_detector) by extensions ['ignore', 'ignore_ament_install']
[0.252s] Level 1:colcon.colcon_core.package_identification:_identify(src/hand_detector) by extension 'ignore'
[0.252s] Level 1:colcon.colcon_core.package_identification:_identify(src/hand_detector) by extension 'ignore_ament_install'
[0.252s] Level 1:colcon.colcon_core.package_identification:_identify(src/hand_detector) by extensions ['colcon_pkg']
[0.253s] Level 1:colcon.colcon_core.package_identification:_identify(src/hand_detector) by extension 'colcon_pkg'
[0.253s] Level 1:colcon.colcon_core.package_identification:_identify(src/hand_detector) by extensions ['colcon_meta']
[0.253s] Level 1:colcon.colcon_core.package_identification:_identify(src/hand_detector) by extension 'colcon_meta'
[0.253s] Level 1:colcon.colcon_core.package_identification:_identify(src/hand_detector) by extensions ['ros']
[0.253s] Level 1:colcon.colcon_core.package_identification:_identify(src/hand_detector) by extension 'ros'
[0.253s] DEBUG:colcon.colcon_core.package_identification:Package 'src/hand_detector' with type 'ros.ament_python' and name 'hand_detector'
[0.253s] Level 1:colcon.colcon_core.package_identification:_identify(src/host_listener_package) by extensions ['ignore', 'ignore_ament_install']
[0.253s] Level 1:colcon.colcon_core.package_identification:_identify(src/host_listener_package) by extension 'ignore'
[0.254s] Level 1:colcon.colcon_core.package_identification:_identify(src/host_listener_package) by extension 'ignore_ament_install'
[0.254s] Level 1:colcon.colcon_core.package_identification:_identify(src/host_listener_package) by extensions ['colcon_pkg']
[0.254s] Level 1:colcon.colcon_core.package_identification:_identify(src/host_listener_package) by extension 'colcon_pkg'
[0.254s] Level 1:colcon.colcon_core.package_identification:_identify(src/host_listener_package) by extensions ['colcon_meta']
[0.254s] Level 1:colcon.colcon_core.package_identification:_identify(src/host_listener_package) by extension 'colcon_meta'
[0.254s] Level 1:colcon.colcon_core.package_identification:_identify(src/host_listener_package) by extensions ['ros']
[0.254s] Level 1:colcon.colcon_core.package_identification:_identify(src/host_listener_package) by extension 'ros'
[0.254s] DEBUG:colcon.colcon_core.package_identification:Package 'src/host_listener_package' with type 'ros.ament_python' and name 'host_listener_package'
[0.254s] Level 1:colcon.colcon_core.package_discovery:discover_packages(recursive) using defaults
[0.255s] Level 1:colcon.colcon_core.package_discovery:discover_packages(ignore) discover
[0.255s] Level 1:colcon.colcon_core.package_discovery:discover_packages(ignore) using defaults
[0.255s] Level 1:colcon.colcon_core.package_discovery:discover_packages(path) discover
[0.255s] Level 1:colcon.colcon_core.package_discovery:discover_packages(path) using defaults
[0.277s] Level 1:colcon.colcon_core.package_discovery:discover_packages(prefix_path) check parameters
[0.277s] Level 1:colcon.colcon_core.package_discovery:discover_packages(prefix_path) discover
[0.280s] DEBUG:colcon.colcon_installed_package_information.package_discovery:Found 9 installed packages in /home/keny/MANOS_ws/install
[0.284s] DEBUG:colcon.colcon_installed_package_information.package_discovery:Found 279 installed packages in /opt/ros/galactic
[0.286s] Level 1:colcon.colcon_core.package_discovery:discover_packages(prefix_path) using defaults
[0.374s] Level 5:colcon.colcon_core.verb:set package 'custom_msg' build argument 'cmake_args' from command line to 'None'
[0.375s] Level 5:colcon.colcon_core.verb:set package 'custom_msg' build argument 'cmake_target' from command line to 'None'
[0.375s] Level 5:colcon.colcon_core.verb:set package 'custom_msg' build argument 'cmake_target_skip_unavailable' from command line to 'False'
[0.375s] Level 5:colcon.colcon_core.verb:set package 'custom_msg' build argument 'cmake_clean_cache' from command line to 'False'
[0.375s] Level 5:colcon.colcon_core.verb:set package 'custom_msg' build argument 'cmake_clean_first' from command line to 'False'
[0.375s] Level 5:colcon.colcon_core.verb:set package 'custom_msg' build argument 'cmake_force_configure' from command line to 'False'
[0.375s] Level 5:colcon.colcon_core.verb:set package 'custom_msg' build argument 'ament_cmake_args' from command line to 'None'
[0.375s] Level 5:colcon.colcon_core.verb:set package 'custom_msg' build argument 'catkin_cmake_args' from command line to 'None'
[0.375s] Level 5:colcon.colcon_core.verb:set package 'custom_msg' build argument 'catkin_skip_building_tests' from command line to 'False'
[0.375s] DEBUG:colcon.colcon_core.verb:Building package 'custom_msg' with the following arguments: {'ament_cmake_args': None, 'build_base': '/home/keny/MANOS_ws/build/custom_msg', 'catkin_cmake_args': None, 'catkin_skip_building_tests': False, 'cmake_args': None, 'cmake_clean_cache': False, 'cmake_clean_first': False, 'cmake_force_configure': False, 'cmake_target': None, 'cmake_target_skip_unavailable': False, 'install_base': '/home/keny/MANOS_ws/install/custom_msg', 'merge_install': False, 'path': '/home/keny/MANOS_ws/src/custom_msg', 'symlink_install': False, 'test_result_base': None}
[0.378s] Level 5:colcon.colcon_core.verb:set package 'camera' build argument 'cmake_args' from command line to 'None'
[0.378s] Level 5:colcon.colcon_core.verb:set package 'camera' build argument 'cmake_target' from command line to 'None'
[0.378s] Level 5:colcon.colcon_core.verb:set package 'camera' build argument 'cmake_target_skip_unavailable' from command line to 'False'
[0.378s] Level 5:colcon.colcon_core.verb:set package 'camera' build argument 'cmake_clean_cache' from command line to 'False'
[0.378s] Level 5:colcon.colcon_core.verb:set package 'camera' build argument 'cmake_clean_first' from command line to 'False'
[0.378s] Level 5:colcon.colcon_core.verb:set package 'camera' build argument 'cmake_force_configure' from command line to 'False'
[0.378s] Level 5:colcon.colcon_core.verb:set package 'camera' build argument 'ament_cmake_args' from command line to 'None'
[0.378s] Level 5:colcon.colcon_core.verb:set package 'camera' build argument 'catkin_cmake_args' from command line to 'None'
[0.378s] Level 5:colcon.colcon_core.verb:set package 'camera' build argument 'catkin_skip_building_tests' from command line to 'False'
[0.378s] DEBUG:colcon.colcon_core.verb:Building package 'camera' with the following arguments: {'ament_cmake_args': None, 'build_base': '/home/keny/MANOS_ws/build/camera', 'catkin_cmake_args': None, 'catkin_skip_building_tests': False, 'cmake_args': None, 'cmake_clean_cache': False, 'cmake_clean_first': False, 'cmake_force_configure': False, 'cmake_target': None, 'cmake_target_skip_unavailable': False, 'install_base': '/home/keny/MANOS_ws/install/camera', 'merge_install': False, 'path': '/home/keny/MANOS_ws/src/camera', 'symlink_install': False, 'test_result_base': None}
[0.381s] Level 5:colcon.colcon_core.verb:set package 'castelet' build argument 'cmake_args' from command line to 'None'
[0.381s] Level 5:colcon.colcon_core.verb:set package 'castelet' build argument 'cmake_target' from command line to 'None'
[0.381s] Level 5:colcon.colcon_core.verb:set package 'castelet' build argument 'cmake_target_skip_unavailable' from command line to 'False'
[0.381s] Level 5:colcon.colcon_core.verb:set package 'castelet' build argument 'cmake_clean_cache' from command line to 'False'
[0.381s] Level 5:colcon.colcon_core.verb:set package 'castelet' build argument 'cmake_clean_first' from command line to 'False'
[0.381s] Level 5:colcon.colcon_core.verb:set package 'castelet' build argument 'cmake_force_configure' from command line to 'False'
[0.381s] Level 5:colcon.colcon_core.verb:set package 'castelet' build argument 'ament_cmake_args' from command line to 'None'
[0.381s] Level 5:colcon.colcon_core.verb:set package 'castelet' build argument 'catkin_cmake_args' from command line to 'None'
[0.382s] Level 5:colcon.colcon_core.verb:set package 'castelet' build argument 'catkin_skip_building_tests' from command line to 'False'
[0.382s] DEBUG:colcon.colcon_core.verb:Building package 'castelet' with the following arguments: {'ament_cmake_args': None, 'build_base': '/home/keny/MANOS_ws/build/castelet', 'catkin_cmake_args': None, 'catkin_skip_building_tests': False, 'cmake_args': None, 'cmake_clean_cache': False, 'cmake_clean_first': False, 'cmake_force_configure': False, 'cmake_target': None, 'cmake_target_skip_unavailable': False, 'install_base': '/home/keny/MANOS_ws/install/castelet', 'merge_install': False, 'path': '/home/keny/MANOS_ws/src/castelet', 'symlink_install': False, 'test_result_base': None}
[0.384s] Level 5:colcon.colcon_core.verb:set package 'hand_detector' build argument 'cmake_args' from command line to 'None'
[0.385s] Level 5:colcon.colcon_core.verb:set package 'hand_detector' build argument 'cmake_target' from command line to 'None'
[0.385s] Level 5:colcon.colcon_core.verb:set package 'hand_detector' build argument 'cmake_target_skip_unavailable' from command line to 'False'
[0.385s] Level 5:colcon.colcon_core.verb:set package 'hand_detector' build argument 'cmake_clean_cache' from command line to 'False'
[0.385s] Level 5:colcon.colcon_core.verb:set package 'hand_detector' build argument 'cmake_clean_first' from command line to 'False'
[0.385s] Level 5:colcon.colcon_core.verb:set package 'hand_detector' build argument 'cmake_force_configure' from command line to 'False'
[0.385s] Level 5:colcon.colcon_core.verb:set package 'hand_detector' build argument 'ament_cmake_args' from command line to 'None'
[0.385s] Level 5:colcon.colcon_core.verb:set package 'hand_detector' build argument 'catkin_cmake_args' from command line to 'None'
[0.385s] Level 5:colcon.colcon_core.verb:set package 'hand_detector' build argument 'catkin_skip_building_tests' from command line to 'False'
[0.385s] DEBUG:colcon.colcon_core.verb:Building package 'hand_detector' with the following arguments: {'ament_cmake_args': None, 'build_base': '/home/keny/MANOS_ws/build/hand_detector', 'catkin_cmake_args': None, 'catkin_skip_building_tests': False, 'cmake_args': None, 'cmake_clean_cache': False, 'cmake_clean_first': False, 'cmake_force_configure': False, 'cmake_target': None, 'cmake_target_skip_unavailable': False, 'install_base': '/home/keny/MANOS_ws/install/hand_detector', 'merge_install': False, 'path': '/home/keny/MANOS_ws/src/hand_detector', 'symlink_install': False, 'test_result_base': None}
[0.388s] Level 5:colcon.colcon_core.verb:set package 'host_listener_package' build argument 'cmake_args' from command line to 'None'
[0.388s] Level 5:colcon.colcon_core.verb:set package 'host_listener_package' build argument 'cmake_target' from command line to 'None'
[0.388s] Level 5:colcon.colcon_core.verb:set package 'host_listener_package' build argument 'cmake_target_skip_unavailable' from command line to 'False'
[0.388s] Level 5:colcon.colcon_core.verb:set package 'host_listener_package' build argument 'cmake_clean_cache' from command line to 'False'
[0.388s] Level 5:colcon.colcon_core.verb:set package 'host_listener_package' build argument 'cmake_clean_first' from command line to 'False'
[0.388s] Level 5:colcon.colcon_core.verb:set package 'host_listener_package' build argument 'cmake_force_configure' from command line to 'False'
[0.388s] Level 5:colcon.colcon_core.verb:set package 'host_listener_package' build argument 'ament_cmake_args' from command line to 'None'
[0.388s] Level 5:colcon.colcon_core.verb:set package 'host_listener_package' build argument 'catkin_cmake_args' from command line to 'None'
[0.388s] Level 5:colcon.colcon_core.verb:set package 'host_listener_package' build argument 'catkin_skip_building_tests' from command line to 'False'
[0.388s] DEBUG:colcon.colcon_core.verb:Building package 'host_listener_package' with the following arguments: {'ament_cmake_args': None, 'build_base': '/home/keny/MANOS_ws/build/host_listener_package', 'catkin_cmake_args': None, 'catkin_skip_building_tests': False, 'cmake_args': None, 'cmake_clean_cache': False, 'cmake_clean_first': False, 'cmake_force_configure': False, 'cmake_target': None, 'cmake_target_skip_unavailable': False, 'install_base': '/home/keny/MANOS_ws/install/host_listener_package', 'merge_install': False, 'path': '/home/keny/MANOS_ws/src/host_listener_package', 'symlink_install': False, 'test_result_base': None}
[0.391s] INFO:colcon.colcon_core.executor:Executing jobs using 'parallel' executor
[0.401s] DEBUG:colcon.colcon_parallel_executor.executor.parallel:run_until_complete
[0.401s] INFO:colcon.colcon_ros.task.ament_cmake.build:Building ROS package in '/home/keny/MANOS_ws/src/custom_msg' with build type 'ament_cmake'
[0.401s] INFO:colcon.colcon_cmake.task.cmake.build:Building CMake package in '/home/keny/MANOS_ws/src/custom_msg'
[0.407s] INFO:colcon.colcon_core.plugin_system:Skipping extension 'colcon_core.shell.bat': Not used on non-Windows systems
[0.407s] INFO:colcon.colcon_core.shell:Skip shell extension 'powershell' for command environment: Not usable outside of PowerShell
[0.407s] DEBUG:colcon.colcon_core.shell:Skip shell extension 'dsv' for command environment
[0.421s] DEBUG:colcon.colcon_core.event_handler.log_command:Invoking command in '/home/keny/MANOS_ws/build/custom_msg': CMAKE_PREFIX_PATH=${CMAKE_PREFIX_PATH}:/home/keny/MANOS_ws/install/py_launch_example:/home/keny/MANOS_ws/install/manos_launch:/home/keny/MANOS_ws/install/launch:/home/keny/MANOS_ws/install/host_listener_package:/home/keny/MANOS_ws/install/hand_detector:/home/keny/MANOS_ws/install/castelet:/home/keny/MANOS_ws/install/camera:/opt/ros/galactic /usr/bin/cmake --build /home/keny/MANOS_ws/build/custom_msg -- -j16 -l16
[0.495s] DEBUG:colcon.colcon_core.event_handler.log_command:Invoked command in '/home/keny/MANOS_ws/build/custom_msg' returned '0': CMAKE_PREFIX_PATH=${CMAKE_PREFIX_PATH}:/home/keny/MANOS_ws/install/py_launch_example:/home/keny/MANOS_ws/install/manos_launch:/home/keny/MANOS_ws/install/launch:/home/keny/MANOS_ws/install/host_listener_package:/home/keny/MANOS_ws/install/hand_detector:/home/keny/MANOS_ws/install/castelet:/home/keny/MANOS_ws/install/camera:/opt/ros/galactic /usr/bin/cmake --build /home/keny/MANOS_ws/build/custom_msg -- -j16 -l16
[0.538s] DEBUG:colcon.colcon_core.event_handler.log_command:Invoking command in '/home/keny/MANOS_ws/build/custom_msg': CMAKE_PREFIX_PATH=${CMAKE_PREFIX_PATH}:/home/keny/MANOS_ws/install/py_launch_example:/home/keny/MANOS_ws/install/manos_launch:/home/keny/MANOS_ws/install/launch:/home/keny/MANOS_ws/install/host_listener_package:/home/keny/MANOS_ws/install/hand_detector:/home/keny/MANOS_ws/install/castelet:/home/keny/MANOS_ws/install/camera:/opt/ros/galactic /usr/bin/cmake --install /home/keny/MANOS_ws/build/custom_msg
[0.579s] Level 1:colcon.colcon_core.environment:create_environment_scripts_only(custom_msg)
[0.589s] Level 1:colcon.colcon_core.environment:checking '/home/keny/MANOS_ws/install/custom_msg' for CMake module files
[0.590s] Level 1:colcon.colcon_core.environment:checking '/home/keny/MANOS_ws/install/custom_msg' for CMake config files
[0.590s] DEBUG:colcon.colcon_core.event_handler.log_command:Invoked command in '/home/keny/MANOS_ws/build/custom_msg' returned '0': CMAKE_PREFIX_PATH=${CMAKE_PREFIX_PATH}:/home/keny/MANOS_ws/install/py_launch_example:/home/keny/MANOS_ws/install/manos_launch:/home/keny/MANOS_ws/install/launch:/home/keny/MANOS_ws/install/host_listener_package:/home/keny/MANOS_ws/install/hand_detector:/home/keny/MANOS_ws/install/castelet:/home/keny/MANOS_ws/install/camera:/opt/ros/galactic /usr/bin/cmake --install /home/keny/MANOS_ws/build/custom_msg
[0.591s] Level 1:colcon.colcon_core.shell:create_environment_hook('custom_msg', 'cmake_prefix_path')
[0.594s] INFO:colcon.colcon_core.shell:Creating environment hook '/home/keny/MANOS_ws/install/custom_msg/share/custom_msg/hook/cmake_prefix_path.ps1'
[0.594s] INFO:colcon.colcon_core.shell:Creating environment descriptor '/home/keny/MANOS_ws/install/custom_msg/share/custom_msg/hook/cmake_prefix_path.dsv'
[0.594s] INFO:colcon.colcon_core.shell:Creating environment hook '/home/keny/MANOS_ws/install/custom_msg/share/custom_msg/hook/cmake_prefix_path.sh'
[0.595s] Level 1:colcon.colcon_core.environment:checking '/home/keny/MANOS_ws/install/custom_msg/lib'
[0.595s] Level 1:colcon.colcon_core.shell:create_environment_hook('custom_msg', 'ld_library_path_lib')
[0.598s] INFO:colcon.colcon_core.shell:Creating environment hook '/home/keny/MANOS_ws/install/custom_msg/share/custom_msg/hook/ld_library_path_lib.ps1'
[0.599s] INFO:colcon.colcon_core.shell:Creating environment descriptor '/home/keny/MANOS_ws/install/custom_msg/share/custom_msg/hook/ld_library_path_lib.dsv'
[0.599s] INFO:colcon.colcon_core.shell:Creating environment hook '/home/keny/MANOS_ws/install/custom_msg/share/custom_msg/hook/ld_library_path_lib.sh'
[0.599s] Level 1:colcon.colcon_core.environment:checking '/home/keny/MANOS_ws/install/custom_msg/bin'
[0.600s] Level 1:colcon.colcon_core.environment:checking '/home/keny/MANOS_ws/install/custom_msg/lib/pkgconfig/custom_msg.pc'
[0.600s] Level 1:colcon.colcon_core.environment:checking '/home/keny/MANOS_ws/install/custom_msg/lib/python3.8/site-packages'
[0.600s] Level 1:colcon.colcon_core.shell:create_environment_hook('custom_msg', 'pythonpath')
[0.603s] INFO:colcon.colcon_core.shell:Creating environment hook '/home/keny/MANOS_ws/install/custom_msg/share/custom_msg/hook/pythonpath.ps1'
[0.604s] INFO:colcon.colcon_core.shell:Creating environment descriptor '/home/keny/MANOS_ws/install/custom_msg/share/custom_msg/hook/pythonpath.dsv'
[0.604s] INFO:colcon.colcon_core.shell:Creating environment hook '/home/keny/MANOS_ws/install/custom_msg/share/custom_msg/hook/pythonpath.sh'
[0.605s] Level 1:colcon.colcon_core.environment:checking '/home/keny/MANOS_ws/install/custom_msg/bin'
[0.608s] INFO:colcon.colcon_core.shell:Creating package script '/home/keny/MANOS_ws/install/custom_msg/share/custom_msg/package.ps1'
[0.608s] INFO:colcon.colcon_core.shell:Creating package descriptor '/home/keny/MANOS_ws/install/custom_msg/share/custom_msg/package.dsv'
[0.609s] INFO:colcon.colcon_core.shell:Creating package script '/home/keny/MANOS_ws/install/custom_msg/share/custom_msg/package.sh'
[0.609s] INFO:colcon.colcon_core.shell:Creating package script '/home/keny/MANOS_ws/install/custom_msg/share/custom_msg/package.bash'
[0.610s] INFO:colcon.colcon_core.shell:Creating package script '/home/keny/MANOS_ws/install/custom_msg/share/custom_msg/package.zsh'
[0.610s] Level 1:colcon.colcon_core.environment:create_file_with_runtime_dependencies(/home/keny/MANOS_ws/install/custom_msg/share/colcon-core/packages/custom_msg)
[0.655s] Level 1:colcon.colcon_core.environment:create_environment_scripts_only(custom_msg)
[0.661s] Level 1:colcon.colcon_core.environment:checking '/home/keny/MANOS_ws/install/custom_msg' for CMake module files
[0.661s] Level 1:colcon.colcon_core.environment:checking '/home/keny/MANOS_ws/install/custom_msg' for CMake config files
[0.662s] Level 1:colcon.colcon_core.shell:create_environment_hook('custom_msg', 'cmake_prefix_path')
[0.665s] INFO:colcon.colcon_core.shell:Creating environment hook '/home/keny/MANOS_ws/install/custom_msg/share/custom_msg/hook/cmake_prefix_path.ps1'
[0.666s] INFO:colcon.colcon_core.shell:Creating environment descriptor '/home/keny/MANOS_ws/install/custom_msg/share/custom_msg/hook/cmake_prefix_path.dsv'
[0.666s] INFO:colcon.colcon_core.shell:Creating environment hook '/home/keny/MANOS_ws/install/custom_msg/share/custom_msg/hook/cmake_prefix_path.sh'
[0.667s] Level 1:colcon.colcon_core.environment:checking '/home/keny/MANOS_ws/install/custom_msg/lib'
[0.667s] Level 1:colcon.colcon_core.shell:create_environment_hook('custom_msg', 'ld_library_path_lib')
[0.670s] INFO:colcon.colcon_core.shell:Creating environment hook '/home/keny/MANOS_ws/install/custom_msg/share/custom_msg/hook/ld_library_path_lib.ps1'
[0.670s] INFO:colcon.colcon_core.shell:Creating environment descriptor '/home/keny/MANOS_ws/install/custom_msg/share/custom_msg/hook/ld_library_path_lib.dsv'
[0.671s] INFO:colcon.colcon_core.shell:Creating environment hook '/home/keny/MANOS_ws/install/custom_msg/share/custom_msg/hook/ld_library_path_lib.sh'
[0.671s] Level 1:colcon.colcon_core.environment:checking '/home/keny/MANOS_ws/install/custom_msg/bin'
[0.671s] Level 1:colcon.colcon_core.environment:checking '/home/keny/MANOS_ws/install/custom_msg/lib/pkgconfig/custom_msg.pc'
[0.671s] Level 1:colcon.colcon_core.environment:checking '/home/keny/MANOS_ws/install/custom_msg/lib/python3.8/site-packages'
[0.671s] Level 1:colcon.colcon_core.shell:create_environment_hook('custom_msg', 'pythonpath')
[0.674s] INFO:colcon.colcon_core.shell:Creating environment hook '/home/keny/MANOS_ws/install/custom_msg/share/custom_msg/hook/pythonpath.ps1'
[0.675s] INFO:colcon.colcon_core.shell:Creating environment descriptor '/home/keny/MANOS_ws/install/custom_msg/share/custom_msg/hook/pythonpath.dsv'
[0.675s] INFO:colcon.colcon_core.shell:Creating environment hook '/home/keny/MANOS_ws/install/custom_msg/share/custom_msg/hook/pythonpath.sh'
[0.675s] Level 1:colcon.colcon_core.environment:checking '/home/keny/MANOS_ws/install/custom_msg/bin'
[0.680s] INFO:colcon.colcon_core.shell:Creating package script '/home/keny/MANOS_ws/install/custom_msg/share/custom_msg/package.ps1'
[0.681s] INFO:colcon.colcon_core.shell:Creating package descriptor '/home/keny/MANOS_ws/install/custom_msg/share/custom_msg/package.dsv'
[0.681s] INFO:colcon.colcon_core.shell:Creating package script '/home/keny/MANOS_ws/install/custom_msg/share/custom_msg/package.sh'
[0.682s] INFO:colcon.colcon_core.shell:Creating package script '/home/keny/MANOS_ws/install/custom_msg/share/custom_msg/package.bash'
[0.682s] INFO:colcon.colcon_core.shell:Creating package script '/home/keny/MANOS_ws/install/custom_msg/share/custom_msg/package.zsh'
[0.683s] Level 1:colcon.colcon_core.environment:create_file_with_runtime_dependencies(/home/keny/MANOS_ws/install/custom_msg/share/colcon-core/packages/custom_msg)
[0.683s] INFO:colcon.colcon_ros.task.ament_python.build:Building ROS package in '/home/keny/MANOS_ws/src/camera' with build type 'ament_python'
[0.684s] Level 1:colcon.colcon_core.shell:create_environment_hook('camera', 'ament_prefix_path')
[0.687s] INFO:colcon.colcon_core.shell:Creating environment hook '/home/keny/MANOS_ws/install/camera/share/camera/hook/ament_prefix_path.ps1'
[0.688s] INFO:colcon.colcon_core.shell:Creating environment descriptor '/home/keny/MANOS_ws/install/camera/share/camera/hook/ament_prefix_path.dsv'
[0.689s] INFO:colcon.colcon_core.shell:Creating environment hook '/home/keny/MANOS_ws/install/camera/share/camera/hook/ament_prefix_path.sh'
[0.692s] INFO:colcon.colcon_core.shell:Skip shell extension 'powershell' for command environment: Not usable outside of PowerShell
[0.692s] DEBUG:colcon.colcon_core.shell:Skip shell extension 'dsv' for command environment
[0.700s] INFO:colcon.colcon_ros.task.ament_python.build:Building ROS package in '/home/keny/MANOS_ws/src/castelet' with build type 'ament_python'
[0.700s] Level 1:colcon.colcon_core.shell:create_environment_hook('castelet', 'ament_prefix_path')
[0.704s] INFO:colcon.colcon_core.shell:Creating environment hook '/home/keny/MANOS_ws/install/castelet/share/castelet/hook/ament_prefix_path.ps1'
[0.705s] INFO:colcon.colcon_core.shell:Creating environment descriptor '/home/keny/MANOS_ws/install/castelet/share/castelet/hook/ament_prefix_path.dsv'
[0.706s] INFO:colcon.colcon_core.shell:Creating environment hook '/home/keny/MANOS_ws/install/castelet/share/castelet/hook/ament_prefix_path.sh'
[0.709s] INFO:colcon.colcon_core.shell:Skip shell extension 'powershell' for command environment: Not usable outside of PowerShell
[0.709s] DEBUG:colcon.colcon_core.shell:Skip shell extension 'dsv' for command environment
[0.717s] INFO:colcon.colcon_ros.task.ament_python.build:Building ROS package in '/home/keny/MANOS_ws/src/hand_detector' with build type 'ament_python'
[0.718s] Level 1:colcon.colcon_core.shell:create_environment_hook('hand_detector', 'ament_prefix_path')
[0.723s] INFO:colcon.colcon_core.shell:Creating environment hook '/home/keny/MANOS_ws/install/hand_detector/share/hand_detector/hook/ament_prefix_path.ps1'
[0.723s] INFO:colcon.colcon_core.shell:Creating environment descriptor '/home/keny/MANOS_ws/install/hand_detector/share/hand_detector/hook/ament_prefix_path.dsv'
[0.724s] INFO:colcon.colcon_core.shell:Creating environment hook '/home/keny/MANOS_ws/install/hand_detector/share/hand_detector/hook/ament_prefix_path.sh'
[0.727s] INFO:colcon.colcon_core.shell:Skip shell extension 'powershell' for command environment: Not usable outside of PowerShell
[0.727s] DEBUG:colcon.colcon_core.shell:Skip shell extension 'dsv' for command environment
[0.735s] INFO:colcon.colcon_ros.task.ament_python.build:Building ROS package in '/home/keny/MANOS_ws/src/host_listener_package' with build type 'ament_python'
[0.736s] Level 1:colcon.colcon_core.shell:create_environment_hook('host_listener_package', 'ament_prefix_path')
[0.739s] INFO:colcon.colcon_core.shell:Creating environment hook '/home/keny/MANOS_ws/install/host_listener_package/share/host_listener_package/hook/ament_prefix_path.ps1'
[0.740s] INFO:colcon.colcon_core.shell:Creating environment descriptor '/home/keny/MANOS_ws/install/host_listener_package/share/host_listener_package/hook/ament_prefix_path.dsv'
[0.740s] INFO:colcon.colcon_core.shell:Creating environment hook '/home/keny/MANOS_ws/install/host_listener_package/share/host_listener_package/hook/ament_prefix_path.sh'
[0.743s] INFO:colcon.colcon_core.shell:Skip shell extension 'powershell' for command environment: Not usable outside of PowerShell
[0.743s] DEBUG:colcon.colcon_core.shell:Skip shell extension 'dsv' for command environment
[1.017s] INFO:colcon.colcon_core.task.python.build:Building Python package in '/home/keny/MANOS_ws/src/camera'
[1.021s] INFO:colcon.colcon_core.shell:Skip shell extension 'powershell' for command environment: Not usable outside of PowerShell
[1.021s] DEBUG:colcon.colcon_core.shell:Skip shell extension 'dsv' for command environment
[1.292s] INFO:colcon.colcon_core.task.python.build:Building Python package in '/home/keny/MANOS_ws/src/castelet'
[1.297s] INFO:colcon.colcon_core.shell:Skip shell extension 'powershell' for command environment: Not usable outside of PowerShell
[1.297s] DEBUG:colcon.colcon_core.shell:Skip shell extension 'dsv' for command environment
[1.591s] INFO:colcon.colcon_core.task.python.build:Building Python package in '/home/keny/MANOS_ws/src/hand_detector'
[1.594s] INFO:colcon.colcon_core.shell:Skip shell extension 'powershell' for command environment: Not usable outside of PowerShell
[1.594s] DEBUG:colcon.colcon_core.shell:Skip shell extension 'dsv' for command environment
[1.876s] INFO:colcon.colcon_core.task.python.build:Building Python package in '/home/keny/MANOS_ws/src/host_listener_package'
[1.879s] INFO:colcon.colcon_core.shell:Skip shell extension 'powershell' for command environment: Not usable outside of PowerShell
[1.879s] DEBUG:colcon.colcon_core.shell:Skip shell extension 'dsv' for command environment
[2.367s] DEBUG:colcon.colcon_core.event_handler.log_command:Invoking command in '/home/keny/MANOS_ws/src/camera': PYTHONPATH=/home/keny/MANOS_ws/build/camera/prefix_override:/home/keny/MANOS_ws/install/camera/lib/python3.8/site-packages:/home/keny/MANOS_ws/install/custom_msg/lib/python3.8/site-packages:/home/keny/MANOS_ws/install/py_launch_example/lib/python3.8/site-packages:/home/keny/MANOS_ws/install/manos_launch/lib/python3.8/site-packages:/home/keny/MANOS_ws/install/launch/lib/python3.8/site-packages:/home/keny/MANOS_ws/install/host_listener_package/lib/python3.8/site-packages:/home/keny/MANOS_ws/install/hand_detector_package/lib/python3.8/site-packages:/home/keny/MANOS_ws/install/hand_detector/lib/python3.8/site-packages:/home/keny/MANOS_ws/install/castelet/lib/python3.8/site-packages:/home/keny/MANOS_ws/install/camera/lib/python3.8/site-packages:/opt/ros/galactic/lib/python3.8/site-packages:/home/keny/acs/src/behaviors/ /usr/bin/python3 setup.py egg_info --egg-base ../../build/camera build --build-base /home/keny/MANOS_ws/build/camera/build install --record /home/keny/MANOS_ws/build/camera/install.log --single-version-externally-managed
[2.406s] DEBUG:colcon.colcon_core.event_handler.log_command:Invoking command in '/home/keny/MANOS_ws/src/castelet': PYTHONPATH=/home/keny/MANOS_ws/build/castelet/prefix_override:/home/keny/MANOS_ws/install/castelet/lib/python3.8/site-packages:/home/keny/MANOS_ws/install/custom_msg/lib/python3.8/site-packages:/home/keny/MANOS_ws/install/py_launch_example/lib/python3.8/site-packages:/home/keny/MANOS_ws/install/manos_launch/lib/python3.8/site-packages:/home/keny/MANOS_ws/install/launch/lib/python3.8/site-packages:/home/keny/MANOS_ws/install/host_listener_package/lib/python3.8/site-packages:/home/keny/MANOS_ws/install/hand_detector_package/lib/python3.8/site-packages:/home/keny/MANOS_ws/install/hand_detector/lib/python3.8/site-packages:/home/keny/MANOS_ws/install/castelet/lib/python3.8/site-packages:/home/keny/MANOS_ws/install/camera/lib/python3.8/site-packages:/opt/ros/galactic/lib/python3.8/site-packages:/home/keny/acs/src/behaviors/ /usr/bin/python3 setup.py egg_info --egg-base ../../build/castelet build --build-base /home/keny/MANOS_ws/build/castelet/build install --record /home/keny/MANOS_ws/build/castelet/install.log --single-version-externally-managed
[2.411s] DEBUG:colcon.colcon_core.event_handler.log_command:Invoking command in '/home/keny/MANOS_ws/src/hand_detector': PYTHONPATH=/home/keny/MANOS_ws/build/hand_detector/prefix_override:/home/keny/MANOS_ws/install/hand_detector/lib/python3.8/site-packages:/home/keny/MANOS_ws/install/custom_msg/lib/python3.8/site-packages:/home/keny/MANOS_ws/install/py_launch_example/lib/python3.8/site-packages:/home/keny/MANOS_ws/install/manos_launch/lib/python3.8/site-packages:/home/keny/MANOS_ws/install/launch/lib/python3.8/site-packages:/home/keny/MANOS_ws/install/host_listener_package/lib/python3.8/site-packages:/home/keny/MANOS_ws/install/hand_detector_package/lib/python3.8/site-packages:/home/keny/MANOS_ws/install/hand_detector/lib/python3.8/site-packages:/home/keny/MANOS_ws/install/castelet/lib/python3.8/site-packages:/home/keny/MANOS_ws/install/camera/lib/python3.8/site-packages:/opt/ros/galactic/lib/python3.8/site-packages:/home/keny/acs/src/behaviors/ /usr/bin/python3 setup.py egg_info --egg-base ../../build/hand_detector build --build-base /home/keny/MANOS_ws/build/hand_detector/build install --record /home/keny/MANOS_ws/build/hand_detector/install.log --single-version-externally-managed
[2.420s] DEBUG:colcon.colcon_core.event_handler.log_command:Invoking command in '/home/keny/MANOS_ws/src/host_listener_package': PYTHONPATH=/home/keny/MANOS_ws/build/host_listener_package/prefix_override:/home/keny/MANOS_ws/install/host_listener_package/lib/python3.8/site-packages:/home/keny/MANOS_ws/install/custom_msg/lib/python3.8/site-packages:/home/keny/MANOS_ws/install/py_launch_example/lib/python3.8/site-packages:/home/keny/MANOS_ws/install/manos_launch/lib/python3.8/site-packages:/home/keny/MANOS_ws/install/launch/lib/python3.8/site-packages:/home/keny/MANOS_ws/install/host_listener_package/lib/python3.8/site-packages:/home/keny/MANOS_ws/install/hand_detector_package/lib/python3.8/site-packages:/home/keny/MANOS_ws/install/hand_detector/lib/python3.8/site-packages:/home/keny/MANOS_ws/install/castelet/lib/python3.8/site-packages:/home/keny/MANOS_ws/install/camera/lib/python3.8/site-packages:/opt/ros/galactic/lib/python3.8/site-packages:/home/keny/acs/src/behaviors/ /usr/bin/python3 setup.py egg_info --egg-base ../../build/host_listener_package build --build-base /home/keny/MANOS_ws/build/host_listener_package/build install --record /home/keny/MANOS_ws/build/host_listener_package/install.log --single-version-externally-managed
[2.733s] Level 1:colcon.colcon_core.environment:checking '/home/keny/MANOS_ws/install/camera' for CMake module files
[2.734s] DEBUG:colcon.colcon_core.event_handler.log_command:Invoked command in '/home/keny/MANOS_ws/src/camera' returned '0': PYTHONPATH=/home/keny/MANOS_ws/build/camera/prefix_override:/home/keny/MANOS_ws/install/camera/lib/python3.8/site-packages:/home/keny/MANOS_ws/install/custom_msg/lib/python3.8/site-packages:/home/keny/MANOS_ws/install/py_launch_example/lib/python3.8/site-packages:/home/keny/MANOS_ws/install/manos_launch/lib/python3.8/site-packages:/home/keny/MANOS_ws/install/launch/lib/python3.8/site-packages:/home/keny/MANOS_ws/install/host_listener_package/lib/python3.8/site-packages:/home/keny/MANOS_ws/install/hand_detector_package/lib/python3.8/site-packages:/home/keny/MANOS_ws/install/hand_detector/lib/python3.8/site-packages:/home/keny/MANOS_ws/install/castelet/lib/python3.8/site-packages:/home/keny/MANOS_ws/install/camera/lib/python3.8/site-packages:/opt/ros/galactic/lib/python3.8/site-packages:/home/keny/acs/src/behaviors/ /usr/bin/python3 setup.py egg_info --egg-base ../../build/camera build --build-base /home/keny/MANOS_ws/build/camera/build install --record /home/keny/MANOS_ws/build/camera/install.log --single-version-externally-managed
[2.734s] Level 1:colcon.colcon_core.environment:checking '/home/keny/MANOS_ws/install/camera' for CMake config files
[2.735s] Level 1:colcon.colcon_core.environment:checking '/home/keny/MANOS_ws/install/camera/lib'
[2.735s] Level 1:colcon.colcon_core.environment:checking '/home/keny/MANOS_ws/install/camera/bin'
[2.735s] Level 1:colcon.colcon_core.environment:checking '/home/keny/MANOS_ws/install/camera/lib/pkgconfig/camera.pc'
[2.735s] Level 1:colcon.colcon_core.environment:checking '/home/keny/MANOS_ws/install/camera/lib/python3.8/site-packages'
[2.735s] Level 1:colcon.colcon_core.shell:create_environment_hook('camera', 'pythonpath')
[2.738s] INFO:colcon.colcon_core.shell:Creating environment hook '/home/keny/MANOS_ws/install/camera/share/camera/hook/pythonpath.ps1'
[2.739s] INFO:colcon.colcon_core.shell:Creating environment descriptor '/home/keny/MANOS_ws/install/camera/share/camera/hook/pythonpath.dsv'
[2.739s] INFO:colcon.colcon_core.shell:Creating environment hook '/home/keny/MANOS_ws/install/camera/share/camera/hook/pythonpath.sh'
[2.739s] Level 1:colcon.colcon_core.environment:checking '/home/keny/MANOS_ws/install/camera/bin'
[2.740s] Level 1:colcon.colcon_core.environment:create_environment_scripts_only(camera)
[2.743s] INFO:colcon.colcon_core.shell:Creating package script '/home/keny/MANOS_ws/install/camera/share/camera/package.ps1'
[2.743s] INFO:colcon.colcon_core.shell:Creating package descriptor '/home/keny/MANOS_ws/install/camera/share/camera/package.dsv'
[2.744s] INFO:colcon.colcon_core.shell:Creating package script '/home/keny/MANOS_ws/install/camera/share/camera/package.sh'
[2.744s] INFO:colcon.colcon_core.shell:Creating package script '/home/keny/MANOS_ws/install/camera/share/camera/package.bash'
[2.745s] INFO:colcon.colcon_core.shell:Creating package script '/home/keny/MANOS_ws/install/camera/share/camera/package.zsh'
[2.745s] Level 1:colcon.colcon_core.environment:create_file_with_runtime_dependencies(/home/keny/MANOS_ws/install/camera/share/colcon-core/packages/camera)
[2.767s] Level 1:colcon.colcon_core.environment:checking '/home/keny/MANOS_ws/install/hand_detector' for CMake module files
[2.768s] Level 1:colcon.colcon_core.environment:checking '/home/keny/MANOS_ws/install/hand_detector' for CMake config files
[2.768s] DEBUG:colcon.colcon_core.event_handler.log_command:Invoked command in '/home/keny/MANOS_ws/src/hand_detector' returned '0': PYTHONPATH=/home/keny/MANOS_ws/build/hand_detector/prefix_override:/home/keny/MANOS_ws/install/hand_detector/lib/python3.8/site-packages:/home/keny/MANOS_ws/install/custom_msg/lib/python3.8/site-packages:/home/keny/MANOS_ws/install/py_launch_example/lib/python3.8/site-packages:/home/keny/MANOS_ws/install/manos_launch/lib/python3.8/site-packages:/home/keny/MANOS_ws/install/launch/lib/python3.8/site-packages:/home/keny/MANOS_ws/install/host_listener_package/lib/python3.8/site-packages:/home/keny/MANOS_ws/install/hand_detector_package/lib/python3.8/site-packages:/home/keny/MANOS_ws/install/hand_detector/lib/python3.8/site-packages:/home/keny/MANOS_ws/install/castelet/lib/python3.8/site-packages:/home/keny/MANOS_ws/install/camera/lib/python3.8/site-packages:/opt/ros/galactic/lib/python3.8/site-packages:/home/keny/acs/src/behaviors/ /usr/bin/python3 setup.py egg_info --egg-base ../../build/hand_detector build --build-base /home/keny/MANOS_ws/build/hand_detector/build install --record /home/keny/MANOS_ws/build/hand_detector/install.log --single-version-externally-managed
[2.769s] Level 1:colcon.colcon_core.environment:checking '/home/keny/MANOS_ws/install/hand_detector/lib'
[2.769s] Level 1:colcon.colcon_core.environment:checking '/home/keny/MANOS_ws/install/hand_detector/bin'
[2.769s] Level 1:colcon.colcon_core.environment:checking '/home/keny/MANOS_ws/install/hand_detector/lib/pkgconfig/hand_detector.pc'
[2.770s] Level 1:colcon.colcon_core.environment:checking '/home/keny/MANOS_ws/install/hand_detector/lib/python3.8/site-packages'
[2.770s] Level 1:colcon.colcon_core.shell:create_environment_hook('hand_detector', 'pythonpath')
[2.773s] INFO:colcon.colcon_core.shell:Creating environment hook '/home/keny/MANOS_ws/install/hand_detector/share/hand_detector/hook/pythonpath.ps1'
[2.773s] INFO:colcon.colcon_core.shell:Creating environment descriptor '/home/keny/MANOS_ws/install/hand_detector/share/hand_detector/hook/pythonpath.dsv'
[2.774s] INFO:colcon.colcon_core.shell:Creating environment hook '/home/keny/MANOS_ws/install/hand_detector/share/hand_detector/hook/pythonpath.sh'
[2.774s] Level 1:colcon.colcon_core.environment:checking '/home/keny/MANOS_ws/install/hand_detector/bin'
[2.775s] Level 1:colcon.colcon_core.environment:create_environment_scripts_only(hand_detector)
[2.778s] INFO:colcon.colcon_core.shell:Creating package script '/home/keny/MANOS_ws/install/hand_detector/share/hand_detector/package.ps1'
[2.779s] INFO:colcon.colcon_core.shell:Creating package descriptor '/home/keny/MANOS_ws/install/hand_detector/share/hand_detector/package.dsv'
[2.779s] INFO:colcon.colcon_core.shell:Creating package script '/home/keny/MANOS_ws/install/hand_detector/share/hand_detector/package.sh'
[2.779s] INFO:colcon.colcon_core.shell:Creating package script '/home/keny/MANOS_ws/install/hand_detector/share/hand_detector/package.bash'
[2.780s] INFO:colcon.colcon_core.shell:Creating package script '/home/keny/MANOS_ws/install/hand_detector/share/hand_detector/package.zsh'
[2.780s] Level 1:colcon.colcon_core.environment:create_file_with_runtime_dependencies(/home/keny/MANOS_ws/install/hand_detector/share/colcon-core/packages/hand_detector)
[2.805s] Level 1:colcon.colcon_core.environment:checking '/home/keny/MANOS_ws/install/host_listener_package' for CMake module files
[2.806s] DEBUG:colcon.colcon_core.event_handler.log_command:Invoked command in '/home/keny/MANOS_ws/src/host_listener_package' returned '0': PYTHONPATH=/home/keny/MANOS_ws/build/host_listener_package/prefix_override:/home/keny/MANOS_ws/install/host_listener_package/lib/python3.8/site-packages:/home/keny/MANOS_ws/install/custom_msg/lib/python3.8/site-packages:/home/keny/MANOS_ws/install/py_launch_example/lib/python3.8/site-packages:/home/keny/MANOS_ws/install/manos_launch/lib/python3.8/site-packages:/home/keny/MANOS_ws/install/launch/lib/python3.8/site-packages:/home/keny/MANOS_ws/install/host_listener_package/lib/python3.8/site-packages:/home/keny/MANOS_ws/install/hand_detector_package/lib/python3.8/site-packages:/home/keny/MANOS_ws/install/hand_detector/lib/python3.8/site-packages:/home/keny/MANOS_ws/install/castelet/lib/python3.8/site-packages:/home/keny/MANOS_ws/install/camera/lib/python3.8/site-packages:/opt/ros/galactic/lib/python3.8/site-packages:/home/keny/acs/src/behaviors/ /usr/bin/python3 setup.py egg_info --egg-base ../../build/host_listener_package build --build-base /home/keny/MANOS_ws/build/host_listener_package/build install --record /home/keny/MANOS_ws/build/host_listener_package/install.log --single-version-externally-managed
[2.806s] Level 1:colcon.colcon_core.environment:checking '/home/keny/MANOS_ws/install/host_listener_package' for CMake config files
[2.806s] Level 1:colcon.colcon_core.environment:checking '/home/keny/MANOS_ws/install/host_listener_package/lib'
[2.806s] Level 1:colcon.colcon_core.environment:checking '/home/keny/MANOS_ws/install/host_listener_package/bin'
[2.806s] Level 1:colcon.colcon_core.environment:checking '/home/keny/MANOS_ws/install/host_listener_package/lib/pkgconfig/host_listener_package.pc'
[2.807s] Level 1:colcon.colcon_core.environment:checking '/home/keny/MANOS_ws/install/host_listener_package/lib/python3.8/site-packages'
[2.807s] Level 1:colcon.colcon_core.shell:create_environment_hook('host_listener_package', 'pythonpath')
[2.810s] INFO:colcon.colcon_core.shell:Creating environment hook '/home/keny/MANOS_ws/install/host_listener_package/share/host_listener_package/hook/pythonpath.ps1'
[2.810s] INFO:colcon.colcon_core.shell:Creating environment descriptor '/home/keny/MANOS_ws/install/host_listener_package/share/host_listener_package/hook/pythonpath.dsv'
[2.810s] INFO:colcon.colcon_core.shell:Creating environment hook '/home/keny/MANOS_ws/install/host_listener_package/share/host_listener_package/hook/pythonpath.sh'
[2.811s] Level 1:colcon.colcon_core.environment:checking '/home/keny/MANOS_ws/install/host_listener_package/bin'
[2.811s] Level 1:colcon.colcon_core.environment:create_environment_scripts_only(host_listener_package)
[2.814s] INFO:colcon.colcon_core.shell:Creating package script '/home/keny/MANOS_ws/install/host_listener_package/share/host_listener_package/package.ps1'
[2.814s] INFO:colcon.colcon_core.shell:Creating package descriptor '/home/keny/MANOS_ws/install/host_listener_package/share/host_listener_package/package.dsv'
[2.815s] INFO:colcon.colcon_core.shell:Creating package script '/home/keny/MANOS_ws/install/host_listener_package/share/host_listener_package/package.sh'
[2.815s] INFO:colcon.colcon_core.shell:Creating package script '/home/keny/MANOS_ws/install/host_listener_package/share/host_listener_package/package.bash'
[2.815s] INFO:colcon.colcon_core.shell:Creating package script '/home/keny/MANOS_ws/install/host_listener_package/share/host_listener_package/package.zsh'
[2.816s] Level 1:colcon.colcon_core.environment:create_file_with_runtime_dependencies(/home/keny/MANOS_ws/install/host_listener_package/share/colcon-core/packages/host_listener_package)
[2.822s] Level 1:colcon.colcon_core.environment:checking '/home/keny/MANOS_ws/install/castelet' for CMake module files
[2.822s] DEBUG:colcon.colcon_core.event_handler.log_command:Invoked command in '/home/keny/MANOS_ws/src/castelet' returned '0': PYTHONPATH=/home/keny/MANOS_ws/build/castelet/prefix_override:/home/keny/MANOS_ws/install/castelet/lib/python3.8/site-packages:/home/keny/MANOS_ws/install/custom_msg/lib/python3.8/site-packages:/home/keny/MANOS_ws/install/py_launch_example/lib/python3.8/site-packages:/home/keny/MANOS_ws/install/manos_launch/lib/python3.8/site-packages:/home/keny/MANOS_ws/install/launch/lib/python3.8/site-packages:/home/keny/MANOS_ws/install/host_listener_package/lib/python3.8/site-packages:/home/keny/MANOS_ws/install/hand_detector_package/lib/python3.8/site-packages:/home/keny/MANOS_ws/install/hand_detector/lib/python3.8/site-packages:/home/keny/MANOS_ws/install/castelet/lib/python3.8/site-packages:/home/keny/MANOS_ws/install/camera/lib/python3.8/site-packages:/opt/ros/galactic/lib/python3.8/site-packages:/home/keny/acs/src/behaviors/ /usr/bin/python3 setup.py egg_info --egg-base ../../build/castelet build --build-base /home/keny/MANOS_ws/build/castelet/build install --record /home/keny/MANOS_ws/build/castelet/install.log --single-version-externally-managed
[2.822s] Level 1:colcon.colcon_core.environment:checking '/home/keny/MANOS_ws/install/castelet' for CMake config files
[2.823s] Level 1:colcon.colcon_core.environment:checking '/home/keny/MANOS_ws/install/castelet/lib'
[2.823s] Level 1:colcon.colcon_core.environment:checking '/home/keny/MANOS_ws/install/castelet/bin'
[2.823s] Level 1:colcon.colcon_core.environment:checking '/home/keny/MANOS_ws/install/castelet/lib/pkgconfig/castelet.pc'
[2.823s] Level 1:colcon.colcon_core.environment:checking '/home/keny/MANOS_ws/install/castelet/lib/python3.8/site-packages'
[2.823s] Level 1:colcon.colcon_core.shell:create_environment_hook('castelet', 'pythonpath')
[2.826s] INFO:colcon.colcon_core.shell:Creating environment hook '/home/keny/MANOS_ws/install/castelet/share/castelet/hook/pythonpath.ps1'
[2.827s] INFO:colcon.colcon_core.shell:Creating environment descriptor '/home/keny/MANOS_ws/install/castelet/share/castelet/hook/pythonpath.dsv'
[2.827s] INFO:colcon.colcon_core.shell:Creating environment hook '/home/keny/MANOS_ws/install/castelet/share/castelet/hook/pythonpath.sh'
[2.828s] Level 1:colcon.colcon_core.environment:checking '/home/keny/MANOS_ws/install/castelet/bin'
[2.828s] Level 1:colcon.colcon_core.environment:create_environment_scripts_only(castelet)
[2.831s] INFO:colcon.colcon_core.shell:Creating package script '/home/keny/MANOS_ws/install/castelet/share/castelet/package.ps1'
[2.832s] INFO:colcon.colcon_core.shell:Creating package descriptor '/home/keny/MANOS_ws/install/castelet/share/castelet/package.dsv'
[2.832s] INFO:colcon.colcon_core.shell:Creating package script '/home/keny/MANOS_ws/install/castelet/share/castelet/package.sh'
[2.832s] INFO:colcon.colcon_core.shell:Creating package script '/home/keny/MANOS_ws/install/castelet/share/castelet/package.bash'
[2.833s] INFO:colcon.colcon_core.shell:Creating package script '/home/keny/MANOS_ws/install/castelet/share/castelet/package.zsh'
[2.833s] Level 1:colcon.colcon_core.environment:create_file_with_runtime_dependencies(/home/keny/MANOS_ws/install/castelet/share/colcon-core/packages/castelet)
[2.833s] DEBUG:colcon.colcon_parallel_executor.executor.parallel:closing loop
[2.833s] DEBUG:colcon.colcon_parallel_executor.executor.parallel:loop closed
[2.834s] DEBUG:colcon.colcon_parallel_executor.executor.parallel:run_until_complete finished with '0'
[2.834s] DEBUG:colcon.colcon_core.event_reactor:joining thread
[2.842s] INFO:colcon.colcon_core.plugin_system:Skipping extension 'colcon_notification.desktop_notification.terminal_notifier': Not used on non-Darwin systems
[2.842s] INFO:colcon.colcon_core.plugin_system:Skipping extension 'colcon_notification.desktop_notification.win32': Not used on non-Windows systems
[2.842s] INFO:colcon.colcon_notification.desktop_notification:Sending desktop notification using 'notify2'
[2.857s] DEBUG:colcon.colcon_core.event_reactor:joined thread
[2.862s] INFO:colcon.colcon_core.shell:Creating prefix script '/home/keny/MANOS_ws/install/local_setup.ps1'
[2.862s] INFO:colcon.colcon_core.shell:Creating prefix util module '/home/keny/MANOS_ws/install/_local_setup_util_ps1.py'
[2.863s] INFO:colcon.colcon_core.shell:Creating prefix chain script '/home/keny/MANOS_ws/install/setup.ps1'
[2.865s] INFO:colcon.colcon_core.shell:Creating prefix script '/home/keny/MANOS_ws/install/local_setup.sh'
[2.866s] INFO:colcon.colcon_core.shell:Creating prefix util module '/home/keny/MANOS_ws/install/_local_setup_util_sh.py'
[2.866s] INFO:colcon.colcon_core.shell:Creating prefix chain script '/home/keny/MANOS_ws/install/setup.sh'
[2.868s] INFO:colcon.colcon_core.shell:Creating prefix script '/home/keny/MANOS_ws/install/local_setup.bash'
[2.868s] INFO:colcon.colcon_core.shell:Creating prefix chain script '/home/keny/MANOS_ws/install/setup.bash'
[2.870s] INFO:colcon.colcon_core.shell:Creating prefix script '/home/keny/MANOS_ws/install/local_setup.zsh'
[2.870s] INFO:colcon.colcon_core.shell:Creating prefix chain script '/home/keny/MANOS_ws/install/setup.zsh'
