[1.375s] Invoking command in '/home/keny/MANOS_ws/src/castelet': PYTHONPATH=/home/keny/MANOS_ws/build/castelet/prefix_override:/home/keny/MANOS_ws/install/castelet/lib/python3.8/site-packages:${PYTHONPATH} /usr/bin/python3 setup.py egg_info --egg-base ../../build/castelet build --build-base /home/keny/MANOS_ws/build/castelet/build install --record /home/keny/MANOS_ws/build/castelet/install.log --single-version-externally-managed
[1.658s] running egg_info
[1.659s] writing ../../build/castelet/castelet.egg-info/PKG-INFO
[1.659s] writing dependency_links to ../../build/castelet/castelet.egg-info/dependency_links.txt
[1.659s] writing entry points to ../../build/castelet/castelet.egg-info/entry_points.txt
[1.660s] writing requirements to ../../build/castelet/castelet.egg-info/requires.txt
[1.660s] writing top-level names to ../../build/castelet/castelet.egg-info/top_level.txt
[1.691s] reading manifest file '../../build/castelet/castelet.egg-info/SOURCES.txt'
[1.691s] writing manifest file '../../build/castelet/castelet.egg-info/SOURCES.txt'
[1.692s] running build
[1.692s] running build_py
[1.692s] copying castelet/castelet.py -> /home/keny/MANOS_ws/build/castelet/build/lib/castelet
[1.692s] running install
[1.693s] running install_lib
[1.694s] copying /home/keny/MANOS_ws/build/castelet/build/lib/castelet/castelet.py -> /home/keny/MANOS_ws/install/castelet/lib/python3.8/site-packages/castelet
[1.694s] byte-compiling /home/keny/MANOS_ws/install/castelet/lib/python3.8/site-packages/castelet/castelet.py to castelet.cpython-38.pyc
[1.696s] running install_data
[1.696s] copying package.xml -> /home/keny/MANOS_ws/install/castelet/share/castelet
[1.748s] running install_egg_info
[1.749s] removing '/home/keny/MANOS_ws/install/castelet/lib/python3.8/site-packages/castelet-0.0.0-py3.8.egg-info' (and everything under it)
[1.750s] Copying ../../build/castelet/castelet.egg-info to /home/keny/MANOS_ws/install/castelet/lib/python3.8/site-packages/castelet-0.0.0-py3.8.egg-info
[1.751s] running install_scripts
[1.766s] Installing castelet script to /home/keny/MANOS_ws/install/castelet/lib/castelet
[1.767s] writing list of installed files to '/home/keny/MANOS_ws/build/castelet/install.log'
[1.790s] Invoked command in '/home/keny/MANOS_ws/src/castelet' returned '0': PYTHONPATH=/home/keny/MANOS_ws/build/castelet/prefix_override:/home/keny/MANOS_ws/install/castelet/lib/python3.8/site-packages:${PYTHONPATH} /usr/bin/python3 setup.py egg_info --egg-base ../../build/castelet build --build-base /home/keny/MANOS_ws/build/castelet/build install --record /home/keny/MANOS_ws/build/castelet/install.log --single-version-externally-managed
