[1.537s] Invoking command in '/home/keny/MANOS_ws/src/castelet': PYTHONPATH=/home/keny/MANOS_ws/build/castelet/prefix_override:/home/keny/MANOS_ws/install/castelet/lib/python3.8/site-packages:${PYTHONPATH} /usr/bin/python3 setup.py egg_info --egg-base ../../build/castelet build --build-base /home/keny/MANOS_ws/build/castelet/build install --record /home/keny/MANOS_ws/build/castelet/install.log --single-version-externally-managed
[1.777s] running egg_info
[1.777s] writing ../../build/castelet/castelet.egg-info/PKG-INFO
[1.778s] writing dependency_links to ../../build/castelet/castelet.egg-info/dependency_links.txt
[1.778s] writing entry points to ../../build/castelet/castelet.egg-info/entry_points.txt
[1.778s] writing requirements to ../../build/castelet/castelet.egg-info/requires.txt
[1.778s] writing top-level names to ../../build/castelet/castelet.egg-info/top_level.txt
[1.808s] reading manifest file '../../build/castelet/castelet.egg-info/SOURCES.txt'
[1.808s] writing manifest file '../../build/castelet/castelet.egg-info/SOURCES.txt'
[1.809s] running build
[1.809s] running build_py
[1.809s] running install
[1.809s] running install_lib
[1.810s] running install_data
[1.811s] running install_egg_info
[1.813s] removing '/home/keny/MANOS_ws/install/castelet/lib/python3.8/site-packages/castelet-0.0.0-py3.8.egg-info' (and everything under it)
[1.813s] Copying ../../build/castelet/castelet.egg-info to /home/keny/MANOS_ws/install/castelet/lib/python3.8/site-packages/castelet-0.0.0-py3.8.egg-info
[1.813s] running install_scripts
[1.829s] Installing castelet script to /home/keny/MANOS_ws/install/castelet/lib/castelet
[1.830s] writing list of installed files to '/home/keny/MANOS_ws/build/castelet/install.log'
[1.861s] Invoked command in '/home/keny/MANOS_ws/src/castelet' returned '0': PYTHONPATH=/home/keny/MANOS_ws/build/castelet/prefix_override:/home/keny/MANOS_ws/install/castelet/lib/python3.8/site-packages:${PYTHONPATH} /usr/bin/python3 setup.py egg_info --egg-base ../../build/castelet build --build-base /home/keny/MANOS_ws/build/castelet/build install --record /home/keny/MANOS_ws/build/castelet/install.log --single-version-externally-managed
