[1.694s] Invoking command in '/home/keny/MANOS_ws/src/camera': AMENT_PREFIX_PATH=/home/keny/MANOS_ws/install/custom_msg:${AMENT_PREFIX_PATH} CMAKE_PREFIX_PATH=/home/keny/MANOS_ws/install/custom_msg LD_LIBRARY_PATH=/home/keny/MANOS_ws/install/custom_msg/lib:${LD_LIBRARY_PATH} PYTHONPATH=/home/keny/MANOS_ws/build/camera/prefix_override:/home/keny/MANOS_ws/install/camera/lib/python3.8/site-packages:/home/keny/MANOS_ws/install/custom_msg/lib/python3.8/site-packages:/opt/ros/galactic/lib/python3.8/site-packages:/home/keny/acs/src/behaviors/ /usr/bin/python3 setup.py egg_info --egg-base ../../build/camera build --build-base /home/keny/MANOS_ws/build/camera/build install --record /home/keny/MANOS_ws/build/camera/install.log --single-version-externally-managed
[1.917s] running egg_info
[1.917s] writing ../../build/camera/camera.egg-info/PKG-INFO
[1.995s] writing dependency_links to ../../build/camera/camera.egg-info/dependency_links.txt
[1.995s] writing entry points to ../../build/camera/camera.egg-info/entry_points.txt
[2.001s] writing requirements to ../../build/camera/camera.egg-info/requires.txt
[2.002s] writing top-level names to ../../build/camera/camera.egg-info/top_level.txt
[2.055s] reading manifest file '../../build/camera/camera.egg-info/SOURCES.txt'
[2.057s] writing manifest file '../../build/camera/camera.egg-info/SOURCES.txt'
[2.057s] running build
[2.058s] running build_py
[2.058s] copying camera/camera.py -> /home/keny/MANOS_ws/build/camera/build/lib/camera
[2.059s] running install
[2.059s] running install_lib
[2.061s] copying /home/keny/MANOS_ws/build/camera/build/lib/camera/camera.py -> /home/keny/MANOS_ws/install/camera/lib/python3.8/site-packages/camera
[2.061s] byte-compiling /home/keny/MANOS_ws/install/camera/lib/python3.8/site-packages/camera/camera.py to camera.cpython-38.pyc
[2.062s] running install_data
[2.064s] running install_egg_info
[2.065s] removing '/home/keny/MANOS_ws/install/camera/lib/python3.8/site-packages/camera-0.0.0-py3.8.egg-info' (and everything under it)
[2.065s] Copying ../../build/camera/camera.egg-info to /home/keny/MANOS_ws/install/camera/lib/python3.8/site-packages/camera-0.0.0-py3.8.egg-info
[2.066s] running install_scripts
[2.079s] Installing camera script to /home/keny/MANOS_ws/install/camera/lib/camera
[2.080s] writing list of installed files to '/home/keny/MANOS_ws/build/camera/install.log'
[2.116s] Invoked command in '/home/keny/MANOS_ws/src/camera' returned '0': AMENT_PREFIX_PATH=/home/keny/MANOS_ws/install/custom_msg:${AMENT_PREFIX_PATH} CMAKE_PREFIX_PATH=/home/keny/MANOS_ws/install/custom_msg LD_LIBRARY_PATH=/home/keny/MANOS_ws/install/custom_msg/lib:${LD_LIBRARY_PATH} PYTHONPATH=/home/keny/MANOS_ws/build/camera/prefix_override:/home/keny/MANOS_ws/install/camera/lib/python3.8/site-packages:/home/keny/MANOS_ws/install/custom_msg/lib/python3.8/site-packages:/opt/ros/galactic/lib/python3.8/site-packages:/home/keny/acs/src/behaviors/ /usr/bin/python3 setup.py egg_info --egg-base ../../build/camera build --build-base /home/keny/MANOS_ws/build/camera/build install --record /home/keny/MANOS_ws/build/camera/install.log --single-version-externally-managed
