[1.924s] Invoking command in '/home/field/MANOS/src/camera': PYTHONPATH=/home/field/MANOS/build/camera/prefix_override:/home/field/MANOS/install/camera/lib/python3.8/site-packages:/home/field/MANOS/install/custom_msg/lib/python3.8/site-packages:/home/field/MANOS/install/manos_manager/lib/python3.8/site-packages:/home/field/MANOS/install/host_listener_package/lib/python3.8/site-packages:/home/field/MANOS/install/hand_detector/lib/python3.8/site-packages:/home/field/MANOS/install/custom_ros_controller/lib/python3.8/site-packages:/home/field/MANOS/install/castelet/lib/python3.8/site-packages:/home/field/MANOS/install/camera/lib/python3.8/site-packages:/opt/ros/galactic/lib/python3.8/site-packages /usr/bin/python3 setup.py egg_info --egg-base ../../build/camera build --build-base /home/field/MANOS/build/camera/build install --record /home/field/MANOS/build/camera/install.log --single-version-externally-managed
[2.053s] running egg_info
[2.054s] writing ../../build/camera/camera.egg-info/PKG-INFO
[2.054s] writing dependency_links to ../../build/camera/camera.egg-info/dependency_links.txt
[2.054s] writing entry points to ../../build/camera/camera.egg-info/entry_points.txt
[2.054s] writing requirements to ../../build/camera/camera.egg-info/requires.txt
[2.054s] writing top-level names to ../../build/camera/camera.egg-info/top_level.txt
[2.075s] reading manifest file '../../build/camera/camera.egg-info/SOURCES.txt'
[2.076s] writing manifest file '../../build/camera/camera.egg-info/SOURCES.txt'
[2.076s] running build
[2.076s] running build_py
[2.076s] running install
[2.077s] running install_lib
[2.077s] running install_data
[2.077s] running install_egg_info
[2.079s] removing '/home/field/MANOS/install/camera/lib/python3.8/site-packages/camera-0.0.0-py3.8.egg-info' (and everything under it)
[2.079s] Copying ../../build/camera/camera.egg-info to /home/field/MANOS/install/camera/lib/python3.8/site-packages/camera-0.0.0-py3.8.egg-info
[2.079s] running install_scripts
[2.090s] Installing camera script to /home/field/MANOS/install/camera/lib/camera
[2.091s] writing list of installed files to '/home/field/MANOS/build/camera/install.log'
[2.284s] Invoked command in '/home/field/MANOS/src/camera' returned '0': PYTHONPATH=/home/field/MANOS/build/camera/prefix_override:/home/field/MANOS/install/camera/lib/python3.8/site-packages:/home/field/MANOS/install/custom_msg/lib/python3.8/site-packages:/home/field/MANOS/install/manos_manager/lib/python3.8/site-packages:/home/field/MANOS/install/host_listener_package/lib/python3.8/site-packages:/home/field/MANOS/install/hand_detector/lib/python3.8/site-packages:/home/field/MANOS/install/custom_ros_controller/lib/python3.8/site-packages:/home/field/MANOS/install/castelet/lib/python3.8/site-packages:/home/field/MANOS/install/camera/lib/python3.8/site-packages:/opt/ros/galactic/lib/python3.8/site-packages /usr/bin/python3 setup.py egg_info --egg-base ../../build/camera build --build-base /home/field/MANOS/build/camera/build install --record /home/field/MANOS/build/camera/install.log --single-version-externally-managed
