[5.481s] Invoking command in '/home/keny/MANOS_ws/src/manos_manager': PYTHONPATH=/home/keny/MANOS_ws/build/manos_manager/prefix_override:/home/keny/MANOS_ws/install/manos_manager/lib/python3.8/site-packages:/home/keny/MANOS_ws/install/custom_msg/lib/python3.8/site-packages:/home/keny/MANOS_ws/install/manos_manager/lib/python3.8/site-packages:/home/keny/MANOS_ws/install/host_listener_package/lib/python3.8/site-packages:/home/keny/MANOS_ws/install/hand_detector/lib/python3.8/site-packages:/home/keny/MANOS_ws/install/castelet/lib/python3.8/site-packages:/home/keny/MANOS_ws/install/camera/lib/python3.8/site-packages:/home/keny/MANOS_ws/install/CustomRosController/lib/python3.8/site-packages:/opt/ros/galactic/lib/python3.8/site-packages:/home/keny/acs/src/behaviors/ /usr/bin/python3 setup.py egg_info --egg-base ../../build/manos_manager build --build-base /home/keny/MANOS_ws/build/manos_manager/build install --record /home/keny/MANOS_ws/build/manos_manager/install.log --single-version-externally-managed
[6.199s] running egg_info
[6.201s] writing ../../build/manos_manager/manos_manager.egg-info/PKG-INFO
[6.201s] writing dependency_links to ../../build/manos_manager/manos_manager.egg-info/dependency_links.txt
[6.202s] writing entry points to ../../build/manos_manager/manos_manager.egg-info/entry_points.txt
[6.202s] writing requirements to ../../build/manos_manager/manos_manager.egg-info/requires.txt
[6.203s] writing top-level names to ../../build/manos_manager/manos_manager.egg-info/top_level.txt
[6.287s] reading manifest file '../../build/manos_manager/manos_manager.egg-info/SOURCES.txt'
[6.311s] writing manifest file '../../build/manos_manager/manos_manager.egg-info/SOURCES.txt'
[6.311s] running build
[6.312s] running build_py
[6.312s] running install
[6.313s] running install_lib
[6.314s] running install_data
[6.314s] running install_egg_info
[6.315s] removing '/home/keny/MANOS_ws/install/manos_manager/lib/python3.8/site-packages/manos_manager-0.0.0-py3.8.egg-info' (and everything under it)
[6.315s] Copying ../../build/manos_manager/manos_manager.egg-info to /home/keny/MANOS_ws/install/manos_manager/lib/python3.8/site-packages/manos_manager-0.0.0-py3.8.egg-info
[6.318s] running install_scripts
[6.342s] Installing manos_manager script to /home/keny/MANOS_ws/install/manos_manager/lib/manos_manager
[6.343s] writing list of installed files to '/home/keny/MANOS_ws/build/manos_manager/install.log'
[6.428s] Invoked command in '/home/keny/MANOS_ws/src/manos_manager' returned '0': PYTHONPATH=/home/keny/MANOS_ws/build/manos_manager/prefix_override:/home/keny/MANOS_ws/install/manos_manager/lib/python3.8/site-packages:/home/keny/MANOS_ws/install/custom_msg/lib/python3.8/site-packages:/home/keny/MANOS_ws/install/manos_manager/lib/python3.8/site-packages:/home/keny/MANOS_ws/install/host_listener_package/lib/python3.8/site-packages:/home/keny/MANOS_ws/install/hand_detector/lib/python3.8/site-packages:/home/keny/MANOS_ws/install/castelet/lib/python3.8/site-packages:/home/keny/MANOS_ws/install/camera/lib/python3.8/site-packages:/home/keny/MANOS_ws/install/CustomRosController/lib/python3.8/site-packages:/opt/ros/galactic/lib/python3.8/site-packages:/home/keny/acs/src/behaviors/ /usr/bin/python3 setup.py egg_info --egg-base ../../build/manos_manager build --build-base /home/keny/MANOS_ws/build/manos_manager/build install --record /home/keny/MANOS_ws/build/manos_manager/install.log --single-version-externally-managed
