[0.957s] DEBUG:colcon:Command line arguments: ['/usr/bin/colcon', 'build', '--packages-select', 'camera', 'custom_msg', 'host_listener_package', 'hand_detector_package']
[0.957s] DEBUG:colcon:Parsed command line arguments: Namespace(allow_overriding=[], ament_cmake_args=None, base_paths=['.'], build_base='build', catkin_cmake_args=None, catkin_skip_building_tests=False, cmake_args=None, cmake_clean_cache=False, cmake_clean_first=False, cmake_force_configure=False, cmake_target=None, cmake_target_skip_unavailable=False, continue_on_error=False, event_handlers=None, executor='parallel', ignore_user_meta=False, install_base='install', log_base=None, log_level=None, main=<bound method BuildVerb.main of <colcon_core.verb.build.BuildVerb object at 0x7f0c9a448400>>, merge_install=False, metas=['./colcon.meta'], packages_above=None, packages_above_and_dependencies=None, packages_above_depth=None, packages_end=None, packages_ignore=None, packages_ignore_regex=None, packages_select=['camera', 'custom_msg', 'host_listener_package', 'hand_detector_package'], packages_select_build_failed=False, packages_select_by_dep=None, packages_select_regex=None, packages_select_test_failures=False, packages_skip=None, packages_skip_build_finished=False, packages_skip_by_dep=None, packages_skip_regex=None, packages_skip_test_passed=False, packages_skip_up_to=None, packages_start=None, packages_up_to=None, packages_up_to_regex=None, parallel_workers=16, paths=None, symlink_install=False, test_result_base=None, verb_extension=<colcon_core.verb.build.BuildVerb object at 0x7f0c9a448400>, verb_name='build', verb_parser=<colcon_defaults.argument_parser.defaults.DefaultArgumentsDecorator object at 0x7f0c9a448940>)
[0.992s] Level 1:colcon.colcon_core.package_discovery:discover_packages(colcon_meta) check parameters
[0.993s] Level 1:colcon.colcon_core.package_discovery:discover_packages(recursive) check parameters
[0.993s] Level 1:colcon.colcon_core.package_discovery:discover_packages(ignore) check parameters
[0.993s] Level 1:colcon.colcon_core.package_discovery:discover_packages(path) check parameters
[0.993s] Level 1:colcon.colcon_core.package_discovery:discover_packages(colcon_meta) discover
[0.993s] Level 1:colcon.colcon_core.package_discovery:discover_packages(recursive) discover
[0.993s] INFO:colcon.colcon_core.package_discovery:Crawling recursively for packages in '/home/keny/MANOS_ws'
[0.993s] Level 1:colcon.colcon_core.package_identification:_identify(.) by extensions ['ignore', 'ignore_ament_install']
[0.993s] Level 1:colcon.colcon_core.package_identification:_identify(.) by extension 'ignore'
[0.993s] Level 1:colcon.colcon_core.package_identification:_identify(.) by extension 'ignore_ament_install'
[0.993s] Level 1:colcon.colcon_core.package_identification:_identify(.) by extensions ['colcon_pkg']
[0.993s] Level 1:colcon.colcon_core.package_identification:_identify(.) by extension 'colcon_pkg'
[0.993s] Level 1:colcon.colcon_core.package_identification:_identify(.) by extensions ['colcon_meta']
[0.993s] Level 1:colcon.colcon_core.package_identification:_identify(.) by extension 'colcon_meta'
[0.993s] Level 1:colcon.colcon_core.package_identification:_identify(.) by extensions ['ros']
[0.993s] Level 1:colcon.colcon_core.package_identification:_identify(.) by extension 'ros'
[1.001s] Level 1:colcon.colcon_core.package_identification:_identify(.) by extensions ['cmake', 'python']
[1.001s] Level 1:colcon.colcon_core.package_identification:_identify(.) by extension 'cmake'
[1.001s] Level 1:colcon.colcon_core.package_identification:_identify(.) by extension 'python'
[1.001s] Level 1:colcon.colcon_core.package_identification:_identify(.) by extensions ['python_setup_py']
[1.001s] Level 1:colcon.colcon_core.package_identification:_identify(.) by extension 'python_setup_py'
[1.001s] Level 1:colcon.colcon_core.package_identification:_identify(build) by extensions ['ignore', 'ignore_ament_install']
[1.001s] Level 1:colcon.colcon_core.package_identification:_identify(build) by extension 'ignore'
[1.001s] Level 1:colcon.colcon_core.package_identification:_identify(build) ignored
[1.001s] Level 1:colcon.colcon_core.package_identification:_identify(install) by extensions ['ignore', 'ignore_ament_install']
[1.001s] Level 1:colcon.colcon_core.package_identification:_identify(install) by extension 'ignore'
[1.001s] Level 1:colcon.colcon_core.package_identification:_identify(install) ignored
[1.001s] Level 1:colcon.colcon_core.package_identification:_identify(log) by extensions ['ignore', 'ignore_ament_install']
[1.001s] Level 1:colcon.colcon_core.package_identification:_identify(log) by extension 'ignore'
[1.001s] Level 1:colcon.colcon_core.package_identification:_identify(log) ignored
[1.001s] Level 1:colcon.colcon_core.package_identification:_identify(src) by extensions ['ignore', 'ignore_ament_install']
[1.002s] Level 1:colcon.colcon_core.package_identification:_identify(src) by extension 'ignore'
[1.002s] Level 1:colcon.colcon_core.package_identification:_identify(src) by extension 'ignore_ament_install'
[1.002s] Level 1:colcon.colcon_core.package_identification:_identify(src) by extensions ['colcon_pkg']
[1.002s] Level 1:colcon.colcon_core.package_identification:_identify(src) by extension 'colcon_pkg'
[1.002s] Level 1:colcon.colcon_core.package_identification:_identify(src) by extensions ['colcon_meta']
[1.002s] Level 1:colcon.colcon_core.package_identification:_identify(src) by extension 'colcon_meta'
[1.002s] Level 1:colcon.colcon_core.package_identification:_identify(src) by extensions ['ros']
[1.002s] Level 1:colcon.colcon_core.package_identification:_identify(src) by extension 'ros'
[1.002s] Level 1:colcon.colcon_core.package_identification:_identify(src) by extensions ['cmake', 'python']
[1.002s] Level 1:colcon.colcon_core.package_identification:_identify(src) by extension 'cmake'
[1.002s] Level 1:colcon.colcon_core.package_identification:_identify(src) by extension 'python'
[1.002s] Level 1:colcon.colcon_core.package_identification:_identify(src) by extensions ['python_setup_py']
[1.002s] Level 1:colcon.colcon_core.package_identification:_identify(src) by extension 'python_setup_py'
[1.002s] Level 1:colcon.colcon_core.package_identification:_identify(src/camera) by extensions ['ignore', 'ignore_ament_install']
[1.002s] Level 1:colcon.colcon_core.package_identification:_identify(src/camera) by extension 'ignore'
[1.002s] Level 1:colcon.colcon_core.package_identification:_identify(src/camera) by extension 'ignore_ament_install'
[1.002s] Level 1:colcon.colcon_core.package_identification:_identify(src/camera) by extensions ['colcon_pkg']
[1.002s] Level 1:colcon.colcon_core.package_identification:_identify(src/camera) by extension 'colcon_pkg'
[1.002s] Level 1:colcon.colcon_core.package_identification:_identify(src/camera) by extensions ['colcon_meta']
[1.002s] Level 1:colcon.colcon_core.package_identification:_identify(src/camera) by extension 'colcon_meta'
[1.002s] Level 1:colcon.colcon_core.package_identification:_identify(src/camera) by extensions ['ros']
[1.002s] Level 1:colcon.colcon_core.package_identification:_identify(src/camera) by extension 'ros'
[1.005s] DEBUG:colcon.colcon_core.package_identification:Package 'src/camera' with type 'ros.ament_python' and name 'camera'
[1.005s] Level 1:colcon.colcon_core.package_identification:_identify(src/custom_msg) by extensions ['ignore', 'ignore_ament_install']
[1.005s] Level 1:colcon.colcon_core.package_identification:_identify(src/custom_msg) by extension 'ignore'
[1.005s] Level 1:colcon.colcon_core.package_identification:_identify(src/custom_msg) by extension 'ignore_ament_install'
[1.005s] Level 1:colcon.colcon_core.package_identification:_identify(src/custom_msg) by extensions ['colcon_pkg']
[1.005s] Level 1:colcon.colcon_core.package_identification:_identify(src/custom_msg) by extension 'colcon_pkg'
[1.005s] Level 1:colcon.colcon_core.package_identification:_identify(src/custom_msg) by extensions ['colcon_meta']
[1.005s] Level 1:colcon.colcon_core.package_identification:_identify(src/custom_msg) by extension 'colcon_meta'
[1.005s] Level 1:colcon.colcon_core.package_identification:_identify(src/custom_msg) by extensions ['ros']
[1.005s] Level 1:colcon.colcon_core.package_identification:_identify(src/custom_msg) by extension 'ros'
[1.006s] DEBUG:colcon.colcon_core.package_identification:Package 'src/custom_msg' with type 'ros.ament_cmake' and name 'custom_msg'
[1.006s] Level 1:colcon.colcon_core.package_identification:_identify(src/hand_detector_package) by extensions ['ignore', 'ignore_ament_install']
[1.006s] Level 1:colcon.colcon_core.package_identification:_identify(src/hand_detector_package) by extension 'ignore'
[1.006s] Level 1:colcon.colcon_core.package_identification:_identify(src/hand_detector_package) by extension 'ignore_ament_install'
[1.006s] Level 1:colcon.colcon_core.package_identification:_identify(src/hand_detector_package) by extensions ['colcon_pkg']
[1.006s] Level 1:colcon.colcon_core.package_identification:_identify(src/hand_detector_package) by extension 'colcon_pkg'
[1.006s] Level 1:colcon.colcon_core.package_identification:_identify(src/hand_detector_package) by extensions ['colcon_meta']
[1.006s] Level 1:colcon.colcon_core.package_identification:_identify(src/hand_detector_package) by extension 'colcon_meta'
[1.006s] Level 1:colcon.colcon_core.package_identification:_identify(src/hand_detector_package) by extensions ['ros']
[1.006s] Level 1:colcon.colcon_core.package_identification:_identify(src/hand_detector_package) by extension 'ros'
[1.007s] DEBUG:colcon.colcon_core.package_identification:Failed to parse potential ROS package manifest in'src/hand_detector_package': Error(s) in package 'src/hand_detector_package/package.xml':
The manifest contains invalid XML:
mismatched tag: line 28, column 2
[1.007s] Level 1:colcon.colcon_core.package_identification:_identify(src/hand_detector_package) by extensions ['cmake', 'python']
[1.007s] Level 1:colcon.colcon_core.package_identification:_identify(src/hand_detector_package) by extension 'cmake'
[1.007s] Level 1:colcon.colcon_core.package_identification:_identify(src/hand_detector_package) by extension 'python'
[1.007s] DEBUG:colcon.colcon_core.package_identification:Python package in 'src/hand_detector_package' passes arguments to the setup() function which requires a different identification extension than 'python'
[1.007s] Level 1:colcon.colcon_core.package_identification:_identify(src/hand_detector_package) by extensions ['python_setup_py']
[1.007s] Level 1:colcon.colcon_core.package_identification:_identify(src/hand_detector_package) by extension 'python_setup_py'
[1.241s] DEBUG:colcon.colcon_core.package_identification:Package 'src/hand_detector_package' with type 'python' and name 'hand_detector_package'
[1.241s] Level 1:colcon.colcon_core.package_identification:_identify(src/host_listener_package) by extensions ['ignore', 'ignore_ament_install']
[1.241s] Level 1:colcon.colcon_core.package_identification:_identify(src/host_listener_package) by extension 'ignore'
[1.241s] Level 1:colcon.colcon_core.package_identification:_identify(src/host_listener_package) by extension 'ignore_ament_install'
[1.242s] Level 1:colcon.colcon_core.package_identification:_identify(src/host_listener_package) by extensions ['colcon_pkg']
[1.242s] Level 1:colcon.colcon_core.package_identification:_identify(src/host_listener_package) by extension 'colcon_pkg'
[1.242s] Level 1:colcon.colcon_core.package_identification:_identify(src/host_listener_package) by extensions ['colcon_meta']
[1.242s] Level 1:colcon.colcon_core.package_identification:_identify(src/host_listener_package) by extension 'colcon_meta'
[1.242s] Level 1:colcon.colcon_core.package_identification:_identify(src/host_listener_package) by extensions ['ros']
[1.242s] Level 1:colcon.colcon_core.package_identification:_identify(src/host_listener_package) by extension 'ros'
[1.243s] DEBUG:colcon.colcon_core.package_identification:Package 'src/host_listener_package' with type 'ros.ament_python' and name 'host_listener_package'
[1.243s] Level 1:colcon.colcon_core.package_discovery:discover_packages(recursive) using defaults
[1.244s] Level 1:colcon.colcon_core.package_discovery:discover_packages(ignore) discover
[1.244s] Level 1:colcon.colcon_core.package_discovery:discover_packages(ignore) using defaults
[1.244s] Level 1:colcon.colcon_core.package_discovery:discover_packages(path) discover
[1.244s] Level 1:colcon.colcon_core.package_discovery:discover_packages(path) using defaults
[1.290s] Level 1:colcon.colcon_core.package_discovery:discover_packages(prefix_path) check parameters
[1.290s] Level 1:colcon.colcon_core.package_discovery:discover_packages(prefix_path) discover
[1.295s] WARNING:colcon.colcon_core.prefix_path.colcon:The path '/home/keny/MANOS_ws/src/install' in the environment variable COLCON_PREFIX_PATH doesn't exist
[1.295s] WARNING:colcon.colcon_ros.prefix_path.ament:The path '/home/keny/MANOS_ws/src/install/host_listener_package' in the environment variable AMENT_PREFIX_PATH doesn't exist
[1.295s] WARNING:colcon.colcon_ros.prefix_path.ament:The path '/home/keny/MANOS_ws/src/install/camera' in the environment variable AMENT_PREFIX_PATH doesn't exist
[1.295s] WARNING:colcon.colcon_ros.prefix_path.ament:The path '/home/keny/MANOS_ws/src/install/custom_msg' in the environment variable AMENT_PREFIX_PATH doesn't exist
[1.295s] WARNING:colcon.colcon_ros.prefix_path.catkin:The path '/home/keny/MANOS_ws/src/install/custom_msg' in the environment variable CMAKE_PREFIX_PATH doesn't exist
[1.299s] DEBUG:colcon.colcon_installed_package_information.package_discovery:Found 4 installed packages in /home/keny/MANOS_ws/install
[1.301s] DEBUG:colcon.colcon_installed_package_information.package_discovery:Found 0 installed packages in /home/keny/MANOS_ws/src/host_listener_package/host_listener_package/install
[1.303s] DEBUG:colcon.colcon_installed_package_information.package_discovery:Found 278 installed packages in /opt/ros/galactic
[1.305s] Level 1:colcon.colcon_core.package_discovery:discover_packages(prefix_path) using defaults
[1.402s] Level 5:colcon.colcon_core.verb:set package 'custom_msg' build argument 'cmake_args' from command line to 'None'
[1.402s] Level 5:colcon.colcon_core.verb:set package 'custom_msg' build argument 'cmake_target' from command line to 'None'
[1.402s] Level 5:colcon.colcon_core.verb:set package 'custom_msg' build argument 'cmake_target_skip_unavailable' from command line to 'False'
[1.402s] Level 5:colcon.colcon_core.verb:set package 'custom_msg' build argument 'cmake_clean_cache' from command line to 'False'
[1.402s] Level 5:colcon.colcon_core.verb:set package 'custom_msg' build argument 'cmake_clean_first' from command line to 'False'
[1.402s] Level 5:colcon.colcon_core.verb:set package 'custom_msg' build argument 'cmake_force_configure' from command line to 'False'
[1.402s] Level 5:colcon.colcon_core.verb:set package 'custom_msg' build argument 'ament_cmake_args' from command line to 'None'
[1.402s] Level 5:colcon.colcon_core.verb:set package 'custom_msg' build argument 'catkin_cmake_args' from command line to 'None'
[1.402s] Level 5:colcon.colcon_core.verb:set package 'custom_msg' build argument 'catkin_skip_building_tests' from command line to 'False'
[1.402s] DEBUG:colcon.colcon_core.verb:Building package 'custom_msg' with the following arguments: {'ament_cmake_args': None, 'build_base': '/home/keny/MANOS_ws/build/custom_msg', 'catkin_cmake_args': None, 'catkin_skip_building_tests': False, 'cmake_args': None, 'cmake_clean_cache': False, 'cmake_clean_first': False, 'cmake_force_configure': False, 'cmake_target': None, 'cmake_target_skip_unavailable': False, 'install_base': '/home/keny/MANOS_ws/install/custom_msg', 'merge_install': False, 'path': '/home/keny/MANOS_ws/src/custom_msg', 'symlink_install': False, 'test_result_base': None}
[1.403s] Level 5:colcon.colcon_core.verb:set package 'hand_detector_package' build argument 'cmake_args' from command line to 'None'
[1.403s] Level 5:colcon.colcon_core.verb:set package 'hand_detector_package' build argument 'cmake_target' from command line to 'None'
[1.403s] Level 5:colcon.colcon_core.verb:set package 'hand_detector_package' build argument 'cmake_target_skip_unavailable' from command line to 'False'
[1.403s] Level 5:colcon.colcon_core.verb:set package 'hand_detector_package' build argument 'cmake_clean_cache' from command line to 'False'
[1.403s] Level 5:colcon.colcon_core.verb:set package 'hand_detector_package' build argument 'cmake_clean_first' from command line to 'False'
[1.403s] Level 5:colcon.colcon_core.verb:set package 'hand_detector_package' build argument 'cmake_force_configure' from command line to 'False'
[1.403s] Level 5:colcon.colcon_core.verb:set package 'hand_detector_package' build argument 'ament_cmake_args' from command line to 'None'
[1.403s] Level 5:colcon.colcon_core.verb:set package 'hand_detector_package' build argument 'catkin_cmake_args' from command line to 'None'
[1.403s] Level 5:colcon.colcon_core.verb:set package 'hand_detector_package' build argument 'catkin_skip_building_tests' from command line to 'False'
[1.403s] DEBUG:colcon.colcon_core.verb:Building package 'hand_detector_package' with the following arguments: {'ament_cmake_args': None, 'build_base': '/home/keny/MANOS_ws/build/hand_detector_package', 'catkin_cmake_args': None, 'catkin_skip_building_tests': False, 'cmake_args': None, 'cmake_clean_cache': False, 'cmake_clean_first': False, 'cmake_force_configure': False, 'cmake_target': None, 'cmake_target_skip_unavailable': False, 'install_base': '/home/keny/MANOS_ws/install/hand_detector_package', 'merge_install': False, 'path': '/home/keny/MANOS_ws/src/hand_detector_package', 'symlink_install': False, 'test_result_base': None}
[1.405s] Level 5:colcon.colcon_core.verb:set package 'camera' build argument 'cmake_args' from command line to 'None'
[1.405s] Level 5:colcon.colcon_core.verb:set package 'camera' build argument 'cmake_target' from command line to 'None'
[1.405s] Level 5:colcon.colcon_core.verb:set package 'camera' build argument 'cmake_target_skip_unavailable' from command line to 'False'
[1.405s] Level 5:colcon.colcon_core.verb:set package 'camera' build argument 'cmake_clean_cache' from command line to 'False'
[1.405s] Level 5:colcon.colcon_core.verb:set package 'camera' build argument 'cmake_clean_first' from command line to 'False'
[1.405s] Level 5:colcon.colcon_core.verb:set package 'camera' build argument 'cmake_force_configure' from command line to 'False'
[1.405s] Level 5:colcon.colcon_core.verb:set package 'camera' build argument 'ament_cmake_args' from command line to 'None'
[1.405s] Level 5:colcon.colcon_core.verb:set package 'camera' build argument 'catkin_cmake_args' from command line to 'None'
[1.405s] Level 5:colcon.colcon_core.verb:set package 'camera' build argument 'catkin_skip_building_tests' from command line to 'False'
[1.405s] DEBUG:colcon.colcon_core.verb:Building package 'camera' with the following arguments: {'ament_cmake_args': None, 'build_base': '/home/keny/MANOS_ws/build/camera', 'catkin_cmake_args': None, 'catkin_skip_building_tests': False, 'cmake_args': None, 'cmake_clean_cache': False, 'cmake_clean_first': False, 'cmake_force_configure': False, 'cmake_target': None, 'cmake_target_skip_unavailable': False, 'install_base': '/home/keny/MANOS_ws/install/camera', 'merge_install': False, 'path': '/home/keny/MANOS_ws/src/camera', 'symlink_install': False, 'test_result_base': None}
[1.406s] Level 5:colcon.colcon_core.verb:set package 'host_listener_package' build argument 'cmake_args' from command line to 'None'
[1.406s] Level 5:colcon.colcon_core.verb:set package 'host_listener_package' build argument 'cmake_target' from command line to 'None'
[1.406s] Level 5:colcon.colcon_core.verb:set package 'host_listener_package' build argument 'cmake_target_skip_unavailable' from command line to 'False'
[1.406s] Level 5:colcon.colcon_core.verb:set package 'host_listener_package' build argument 'cmake_clean_cache' from command line to 'False'
[1.406s] Level 5:colcon.colcon_core.verb:set package 'host_listener_package' build argument 'cmake_clean_first' from command line to 'False'
[1.406s] Level 5:colcon.colcon_core.verb:set package 'host_listener_package' build argument 'cmake_force_configure' from command line to 'False'
[1.406s] Level 5:colcon.colcon_core.verb:set package 'host_listener_package' build argument 'ament_cmake_args' from command line to 'None'
[1.406s] Level 5:colcon.colcon_core.verb:set package 'host_listener_package' build argument 'catkin_cmake_args' from command line to 'None'
[1.406s] Level 5:colcon.colcon_core.verb:set package 'host_listener_package' build argument 'catkin_skip_building_tests' from command line to 'False'
[1.406s] DEBUG:colcon.colcon_core.verb:Building package 'host_listener_package' with the following arguments: {'ament_cmake_args': None, 'build_base': '/home/keny/MANOS_ws/build/host_listener_package', 'catkin_cmake_args': None, 'catkin_skip_building_tests': False, 'cmake_args': None, 'cmake_clean_cache': False, 'cmake_clean_first': False, 'cmake_force_configure': False, 'cmake_target': None, 'cmake_target_skip_unavailable': False, 'install_base': '/home/keny/MANOS_ws/install/host_listener_package', 'merge_install': False, 'path': '/home/keny/MANOS_ws/src/host_listener_package', 'symlink_install': False, 'test_result_base': None}
[1.408s] INFO:colcon.colcon_core.executor:Executing jobs using 'parallel' executor
[1.413s] DEBUG:colcon.colcon_parallel_executor.executor.parallel:run_until_complete
[1.414s] INFO:colcon.colcon_ros.task.ament_cmake.build:Building ROS package in '/home/keny/MANOS_ws/src/custom_msg' with build type 'ament_cmake'
[1.414s] INFO:colcon.colcon_cmake.task.cmake.build:Building CMake package in '/home/keny/MANOS_ws/src/custom_msg'
[1.434s] INFO:colcon.colcon_core.plugin_system:Skipping extension 'colcon_core.shell.bat': Not used on non-Windows systems
[1.434s] INFO:colcon.colcon_core.shell:Skip shell extension 'powershell' for command environment: Not usable outside of PowerShell
[1.435s] DEBUG:colcon.colcon_core.shell:Skip shell extension 'dsv' for command environment
[1.446s] INFO:colcon.colcon_core.task.python.build:Building Python package in '/home/keny/MANOS_ws/src/hand_detector_package'
[1.450s] INFO:colcon.colcon_core.shell:Skip shell extension 'powershell' for command environment: Not usable outside of PowerShell
[1.450s] DEBUG:colcon.colcon_core.shell:Skip shell extension 'dsv' for command environment
[1.462s] DEBUG:colcon.colcon_core.event_handler.log_command:Invoking command in '/home/keny/MANOS_ws/build/custom_msg': CMAKE_PREFIX_PATH=${CMAKE_PREFIX_PATH}:/home/keny/MANOS_ws/install/host_listener_package:/home/keny/MANOS_ws/install/camera:/home/keny/MANOS_ws/src/install/host_listener_package:/home/keny/MANOS_ws/src/install/camera:/opt/ros/galactic /usr/bin/cmake --build /home/keny/MANOS_ws/build/custom_msg -- -j16 -l16
[2.192s] DEBUG:colcon.colcon_core.event_handler.log_command:Invoked command in '/home/keny/MANOS_ws/build/custom_msg' returned '0': CMAKE_PREFIX_PATH=${CMAKE_PREFIX_PATH}:/home/keny/MANOS_ws/install/host_listener_package:/home/keny/MANOS_ws/install/camera:/home/keny/MANOS_ws/src/install/host_listener_package:/home/keny/MANOS_ws/src/install/camera:/opt/ros/galactic /usr/bin/cmake --build /home/keny/MANOS_ws/build/custom_msg -- -j16 -l16
[2.236s] DEBUG:colcon.colcon_core.event_handler.log_command:Invoking command in '/home/keny/MANOS_ws/build/custom_msg': CMAKE_PREFIX_PATH=${CMAKE_PREFIX_PATH}:/home/keny/MANOS_ws/install/host_listener_package:/home/keny/MANOS_ws/install/camera:/home/keny/MANOS_ws/src/install/host_listener_package:/home/keny/MANOS_ws/src/install/camera:/opt/ros/galactic /usr/bin/cmake --install /home/keny/MANOS_ws/build/custom_msg
[2.276s] Level 1:colcon.colcon_core.environment:create_environment_scripts_only(custom_msg)
[2.276s] DEBUG:colcon.colcon_core.event_handler.log_command:Invoked command in '/home/keny/MANOS_ws/build/custom_msg' returned '0': CMAKE_PREFIX_PATH=${CMAKE_PREFIX_PATH}:/home/keny/MANOS_ws/install/host_listener_package:/home/keny/MANOS_ws/install/camera:/home/keny/MANOS_ws/src/install/host_listener_package:/home/keny/MANOS_ws/src/install/camera:/opt/ros/galactic /usr/bin/cmake --install /home/keny/MANOS_ws/build/custom_msg
[2.285s] Level 1:colcon.colcon_core.environment:checking '/home/keny/MANOS_ws/install/custom_msg' for CMake module files
[2.286s] Level 1:colcon.colcon_core.environment:checking '/home/keny/MANOS_ws/install/custom_msg' for CMake config files
[2.286s] Level 1:colcon.colcon_core.shell:create_environment_hook('custom_msg', 'cmake_prefix_path')
[2.289s] INFO:colcon.colcon_core.shell:Creating environment hook '/home/keny/MANOS_ws/install/custom_msg/share/custom_msg/hook/cmake_prefix_path.ps1'
[2.289s] INFO:colcon.colcon_core.shell:Creating environment descriptor '/home/keny/MANOS_ws/install/custom_msg/share/custom_msg/hook/cmake_prefix_path.dsv'
[2.290s] INFO:colcon.colcon_core.shell:Creating environment hook '/home/keny/MANOS_ws/install/custom_msg/share/custom_msg/hook/cmake_prefix_path.sh'
[2.290s] Level 1:colcon.colcon_core.environment:checking '/home/keny/MANOS_ws/install/custom_msg/lib'
[2.291s] Level 1:colcon.colcon_core.shell:create_environment_hook('custom_msg', 'ld_library_path_lib')
[2.293s] INFO:colcon.colcon_core.shell:Creating environment hook '/home/keny/MANOS_ws/install/custom_msg/share/custom_msg/hook/ld_library_path_lib.ps1'
[2.294s] INFO:colcon.colcon_core.shell:Creating environment descriptor '/home/keny/MANOS_ws/install/custom_msg/share/custom_msg/hook/ld_library_path_lib.dsv'
[2.294s] INFO:colcon.colcon_core.shell:Creating environment hook '/home/keny/MANOS_ws/install/custom_msg/share/custom_msg/hook/ld_library_path_lib.sh'
[2.294s] Level 1:colcon.colcon_core.environment:checking '/home/keny/MANOS_ws/install/custom_msg/bin'
[2.294s] Level 1:colcon.colcon_core.environment:checking '/home/keny/MANOS_ws/install/custom_msg/lib/pkgconfig/custom_msg.pc'
[2.294s] Level 1:colcon.colcon_core.environment:checking '/home/keny/MANOS_ws/install/custom_msg/lib/python3.8/site-packages'
[2.294s] Level 1:colcon.colcon_core.shell:create_environment_hook('custom_msg', 'pythonpath')
[2.297s] INFO:colcon.colcon_core.shell:Creating environment hook '/home/keny/MANOS_ws/install/custom_msg/share/custom_msg/hook/pythonpath.ps1'
[2.297s] INFO:colcon.colcon_core.shell:Creating environment descriptor '/home/keny/MANOS_ws/install/custom_msg/share/custom_msg/hook/pythonpath.dsv'
[2.297s] INFO:colcon.colcon_core.shell:Creating environment hook '/home/keny/MANOS_ws/install/custom_msg/share/custom_msg/hook/pythonpath.sh'
[2.298s] Level 1:colcon.colcon_core.environment:checking '/home/keny/MANOS_ws/install/custom_msg/bin'
[2.301s] INFO:colcon.colcon_core.shell:Creating package script '/home/keny/MANOS_ws/install/custom_msg/share/custom_msg/package.ps1'
[2.301s] INFO:colcon.colcon_core.shell:Creating package descriptor '/home/keny/MANOS_ws/install/custom_msg/share/custom_msg/package.dsv'
[2.302s] INFO:colcon.colcon_core.shell:Creating package script '/home/keny/MANOS_ws/install/custom_msg/share/custom_msg/package.sh'
[2.303s] INFO:colcon.colcon_core.shell:Creating package script '/home/keny/MANOS_ws/install/custom_msg/share/custom_msg/package.bash'
[2.303s] INFO:colcon.colcon_core.shell:Creating package script '/home/keny/MANOS_ws/install/custom_msg/share/custom_msg/package.zsh'
[2.304s] Level 1:colcon.colcon_core.environment:create_file_with_runtime_dependencies(/home/keny/MANOS_ws/install/custom_msg/share/colcon-core/packages/custom_msg)
[2.323s] DEBUG:colcon.colcon_core.event_handler.log_command:Invoking command in '/home/keny/MANOS_ws/src/hand_detector_package': PYTHONPATH=/home/keny/MANOS_ws/build/hand_detector_package/prefix_override:/home/keny/MANOS_ws/install/hand_detector_package/lib/python3.8/site-packages:${PYTHONPATH} /usr/bin/python3 setup.py egg_info --egg-base ../../build/hand_detector_package build --build-base /home/keny/MANOS_ws/build/hand_detector_package/build install --record /home/keny/MANOS_ws/build/hand_detector_package/install.log --single-version-externally-managed
[2.344s] Level 1:colcon.colcon_core.environment:create_environment_scripts_only(custom_msg)
[2.348s] Level 1:colcon.colcon_core.environment:checking '/home/keny/MANOS_ws/install/custom_msg' for CMake module files
[2.348s] Level 1:colcon.colcon_core.environment:checking '/home/keny/MANOS_ws/install/custom_msg' for CMake config files
[2.349s] Level 1:colcon.colcon_core.shell:create_environment_hook('custom_msg', 'cmake_prefix_path')
[2.352s] INFO:colcon.colcon_core.shell:Creating environment hook '/home/keny/MANOS_ws/install/custom_msg/share/custom_msg/hook/cmake_prefix_path.ps1'
[2.352s] INFO:colcon.colcon_core.shell:Creating environment descriptor '/home/keny/MANOS_ws/install/custom_msg/share/custom_msg/hook/cmake_prefix_path.dsv'
[2.352s] INFO:colcon.colcon_core.shell:Creating environment hook '/home/keny/MANOS_ws/install/custom_msg/share/custom_msg/hook/cmake_prefix_path.sh'
[2.353s] Level 1:colcon.colcon_core.environment:checking '/home/keny/MANOS_ws/install/custom_msg/lib'
[2.353s] Level 1:colcon.colcon_core.shell:create_environment_hook('custom_msg', 'ld_library_path_lib')
[2.356s] INFO:colcon.colcon_core.shell:Creating environment hook '/home/keny/MANOS_ws/install/custom_msg/share/custom_msg/hook/ld_library_path_lib.ps1'
[2.356s] INFO:colcon.colcon_core.shell:Creating environment descriptor '/home/keny/MANOS_ws/install/custom_msg/share/custom_msg/hook/ld_library_path_lib.dsv'
[2.356s] INFO:colcon.colcon_core.shell:Creating environment hook '/home/keny/MANOS_ws/install/custom_msg/share/custom_msg/hook/ld_library_path_lib.sh'
[2.356s] Level 1:colcon.colcon_core.environment:checking '/home/keny/MANOS_ws/install/custom_msg/bin'
[2.356s] Level 1:colcon.colcon_core.environment:checking '/home/keny/MANOS_ws/install/custom_msg/lib/pkgconfig/custom_msg.pc'
[2.357s] Level 1:colcon.colcon_core.environment:checking '/home/keny/MANOS_ws/install/custom_msg/lib/python3.8/site-packages'
[2.357s] Level 1:colcon.colcon_core.shell:create_environment_hook('custom_msg', 'pythonpath')
[2.359s] INFO:colcon.colcon_core.shell:Creating environment hook '/home/keny/MANOS_ws/install/custom_msg/share/custom_msg/hook/pythonpath.ps1'
[2.360s] INFO:colcon.colcon_core.shell:Creating environment descriptor '/home/keny/MANOS_ws/install/custom_msg/share/custom_msg/hook/pythonpath.dsv'
[2.360s] INFO:colcon.colcon_core.shell:Creating environment hook '/home/keny/MANOS_ws/install/custom_msg/share/custom_msg/hook/pythonpath.sh'
[2.360s] Level 1:colcon.colcon_core.environment:checking '/home/keny/MANOS_ws/install/custom_msg/bin'
[2.363s] INFO:colcon.colcon_core.shell:Creating package script '/home/keny/MANOS_ws/install/custom_msg/share/custom_msg/package.ps1'
[2.363s] INFO:colcon.colcon_core.shell:Creating package descriptor '/home/keny/MANOS_ws/install/custom_msg/share/custom_msg/package.dsv'
[2.364s] INFO:colcon.colcon_core.shell:Creating package script '/home/keny/MANOS_ws/install/custom_msg/share/custom_msg/package.sh'
[2.364s] INFO:colcon.colcon_core.shell:Creating package script '/home/keny/MANOS_ws/install/custom_msg/share/custom_msg/package.bash'
[2.364s] INFO:colcon.colcon_core.shell:Creating package script '/home/keny/MANOS_ws/install/custom_msg/share/custom_msg/package.zsh'
[2.365s] Level 1:colcon.colcon_core.environment:create_file_with_runtime_dependencies(/home/keny/MANOS_ws/install/custom_msg/share/colcon-core/packages/custom_msg)
[2.365s] INFO:colcon.colcon_ros.task.ament_python.build:Building ROS package in '/home/keny/MANOS_ws/src/camera' with build type 'ament_python'
[2.365s] Level 1:colcon.colcon_core.shell:create_environment_hook('camera', 'ament_prefix_path')
[2.368s] INFO:colcon.colcon_core.shell:Creating environment hook '/home/keny/MANOS_ws/install/camera/share/camera/hook/ament_prefix_path.ps1'
[2.368s] INFO:colcon.colcon_core.shell:Creating environment descriptor '/home/keny/MANOS_ws/install/camera/share/camera/hook/ament_prefix_path.dsv'
[2.368s] INFO:colcon.colcon_core.shell:Creating environment hook '/home/keny/MANOS_ws/install/camera/share/camera/hook/ament_prefix_path.sh'
[2.372s] INFO:colcon.colcon_core.shell:Skip shell extension 'powershell' for command environment: Not usable outside of PowerShell
[2.372s] DEBUG:colcon.colcon_core.shell:Skip shell extension 'dsv' for command environment
[2.380s] INFO:colcon.colcon_ros.task.ament_python.build:Building ROS package in '/home/keny/MANOS_ws/src/host_listener_package' with build type 'ament_python'
[2.380s] Level 1:colcon.colcon_core.shell:create_environment_hook('host_listener_package', 'ament_prefix_path')
[2.384s] INFO:colcon.colcon_core.shell:Creating environment hook '/home/keny/MANOS_ws/install/host_listener_package/share/host_listener_package/hook/ament_prefix_path.ps1'
[2.385s] INFO:colcon.colcon_core.shell:Creating environment descriptor '/home/keny/MANOS_ws/install/host_listener_package/share/host_listener_package/hook/ament_prefix_path.dsv'
[2.385s] INFO:colcon.colcon_core.shell:Creating environment hook '/home/keny/MANOS_ws/install/host_listener_package/share/host_listener_package/hook/ament_prefix_path.sh'
[2.388s] INFO:colcon.colcon_core.shell:Skip shell extension 'powershell' for command environment: Not usable outside of PowerShell
[2.388s] DEBUG:colcon.colcon_core.shell:Skip shell extension 'dsv' for command environment
[2.647s] INFO:colcon.colcon_core.task.python.build:Building Python package in '/home/keny/MANOS_ws/src/camera'
[2.652s] INFO:colcon.colcon_core.shell:Skip shell extension 'powershell' for command environment: Not usable outside of PowerShell
[2.652s] DEBUG:colcon.colcon_core.shell:Skip shell extension 'dsv' for command environment
[2.983s] INFO:colcon.colcon_core.task.python.build:Building Python package in '/home/keny/MANOS_ws/src/host_listener_package'
[2.988s] INFO:colcon.colcon_core.shell:Skip shell extension 'powershell' for command environment: Not usable outside of PowerShell
[2.988s] DEBUG:colcon.colcon_core.shell:Skip shell extension 'dsv' for command environment
[3.024s] DEBUG:colcon.colcon_core.event_handler.log_command:Invoked command in '/home/keny/MANOS_ws/src/hand_detector_package' returned '0': PYTHONPATH=/home/keny/MANOS_ws/build/hand_detector_package/prefix_override:/home/keny/MANOS_ws/install/hand_detector_package/lib/python3.8/site-packages:${PYTHONPATH} /usr/bin/python3 setup.py egg_info --egg-base ../../build/hand_detector_package build --build-base /home/keny/MANOS_ws/build/hand_detector_package/build install --record /home/keny/MANOS_ws/build/hand_detector_package/install.log --single-version-externally-managed
[3.040s] Level 1:colcon.colcon_core.environment:checking '/home/keny/MANOS_ws/install/hand_detector_package' for CMake module files
[3.042s] Level 1:colcon.colcon_core.environment:checking '/home/keny/MANOS_ws/install/hand_detector_package' for CMake config files
[3.043s] Level 1:colcon.colcon_core.environment:checking '/home/keny/MANOS_ws/install/hand_detector_package/lib'
[3.043s] Level 1:colcon.colcon_core.environment:checking '/home/keny/MANOS_ws/install/hand_detector_package/bin'
[3.043s] Level 1:colcon.colcon_core.environment:checking '/home/keny/MANOS_ws/install/hand_detector_package/lib/pkgconfig/hand_detector_package.pc'
[3.044s] Level 1:colcon.colcon_core.environment:checking '/home/keny/MANOS_ws/install/hand_detector_package/lib/python3.8/site-packages'
[3.044s] Level 1:colcon.colcon_core.shell:create_environment_hook('hand_detector_package', 'pythonpath')
[3.052s] INFO:colcon.colcon_core.shell:Creating environment hook '/home/keny/MANOS_ws/install/hand_detector_package/share/hand_detector_package/hook/pythonpath.ps1'
[3.052s] INFO:colcon.colcon_core.shell:Creating environment descriptor '/home/keny/MANOS_ws/install/hand_detector_package/share/hand_detector_package/hook/pythonpath.dsv'
[3.053s] INFO:colcon.colcon_core.shell:Creating environment hook '/home/keny/MANOS_ws/install/hand_detector_package/share/hand_detector_package/hook/pythonpath.sh'
[3.054s] Level 1:colcon.colcon_core.environment:checking '/home/keny/MANOS_ws/install/hand_detector_package/bin'
[3.054s] Level 1:colcon.colcon_core.environment:create_environment_scripts_only(hand_detector_package)
[3.059s] INFO:colcon.colcon_core.shell:Creating package script '/home/keny/MANOS_ws/install/hand_detector_package/share/hand_detector_package/package.ps1'
[3.059s] INFO:colcon.colcon_core.shell:Creating package descriptor '/home/keny/MANOS_ws/install/hand_detector_package/share/hand_detector_package/package.dsv'
[3.060s] INFO:colcon.colcon_core.shell:Creating package script '/home/keny/MANOS_ws/install/hand_detector_package/share/hand_detector_package/package.sh'
[3.060s] INFO:colcon.colcon_core.shell:Creating package script '/home/keny/MANOS_ws/install/hand_detector_package/share/hand_detector_package/package.bash'
[3.061s] INFO:colcon.colcon_core.shell:Creating package script '/home/keny/MANOS_ws/install/hand_detector_package/share/hand_detector_package/package.zsh'
[3.061s] Level 1:colcon.colcon_core.environment:create_file_with_runtime_dependencies(/home/keny/MANOS_ws/install/hand_detector_package/share/colcon-core/packages/hand_detector_package)
[3.395s] DEBUG:colcon.colcon_core.event_handler.log_command:Invoking command in '/home/keny/MANOS_ws/src/camera': PYTHONPATH=/home/keny/MANOS_ws/build/camera/prefix_override:/home/keny/MANOS_ws/install/camera/lib/python3.8/site-packages:/home/keny/MANOS_ws/install/custom_msg/lib/python3.8/site-packages:/home/keny/MANOS_ws/install/host_listener_package/lib/python3.8/site-packages:/home/keny/MANOS_ws/install/hand_detector_package/lib/python3.8/site-packages:/home/keny/MANOS_ws/install/camera/lib/python3.8/site-packages:/home/keny/MANOS_ws/src/install/host_listener_package/lib/python3.8/site-packages:/home/keny/MANOS_ws/src/install/hand_detector_package/lib/python3.8/site-packages:/home/keny/MANOS_ws/src/install/camera/lib/python3.8/site-packages:/home/keny/MANOS_ws/src/install/custom_msg/lib/python3.8/site-packages:/home/keny/MANOS_ws/src/install/camera_package/lib/python3.8/site-packages:/opt/ros/galactic/lib/python3.8/site-packages /usr/bin/python3 setup.py egg_info --egg-base ../../build/camera build --build-base /home/keny/MANOS_ws/build/camera/build install --record /home/keny/MANOS_ws/build/camera/install.log --single-version-externally-managed
[3.410s] DEBUG:colcon.colcon_core.event_handler.log_command:Invoking command in '/home/keny/MANOS_ws/src/host_listener_package': PYTHONPATH=/home/keny/MANOS_ws/build/host_listener_package/prefix_override:/home/keny/MANOS_ws/install/host_listener_package/lib/python3.8/site-packages:/home/keny/MANOS_ws/install/custom_msg/lib/python3.8/site-packages:/home/keny/MANOS_ws/install/host_listener_package/lib/python3.8/site-packages:/home/keny/MANOS_ws/install/hand_detector_package/lib/python3.8/site-packages:/home/keny/MANOS_ws/install/camera/lib/python3.8/site-packages:/home/keny/MANOS_ws/src/install/host_listener_package/lib/python3.8/site-packages:/home/keny/MANOS_ws/src/install/hand_detector_package/lib/python3.8/site-packages:/home/keny/MANOS_ws/src/install/camera/lib/python3.8/site-packages:/home/keny/MANOS_ws/src/install/custom_msg/lib/python3.8/site-packages:/home/keny/MANOS_ws/src/install/camera_package/lib/python3.8/site-packages:/opt/ros/galactic/lib/python3.8/site-packages /usr/bin/python3 setup.py egg_info --egg-base ../../build/host_listener_package build --build-base /home/keny/MANOS_ws/build/host_listener_package/build install --record /home/keny/MANOS_ws/build/host_listener_package/install.log --single-version-externally-managed
[3.778s] Level 1:colcon.colcon_core.environment:checking '/home/keny/MANOS_ws/install/camera' for CMake module files
[3.779s] DEBUG:colcon.colcon_core.event_handler.log_command:Invoked command in '/home/keny/MANOS_ws/src/camera' returned '0': PYTHONPATH=/home/keny/MANOS_ws/build/camera/prefix_override:/home/keny/MANOS_ws/install/camera/lib/python3.8/site-packages:/home/keny/MANOS_ws/install/custom_msg/lib/python3.8/site-packages:/home/keny/MANOS_ws/install/host_listener_package/lib/python3.8/site-packages:/home/keny/MANOS_ws/install/hand_detector_package/lib/python3.8/site-packages:/home/keny/MANOS_ws/install/camera/lib/python3.8/site-packages:/home/keny/MANOS_ws/src/install/host_listener_package/lib/python3.8/site-packages:/home/keny/MANOS_ws/src/install/hand_detector_package/lib/python3.8/site-packages:/home/keny/MANOS_ws/src/install/camera/lib/python3.8/site-packages:/home/keny/MANOS_ws/src/install/custom_msg/lib/python3.8/site-packages:/home/keny/MANOS_ws/src/install/camera_package/lib/python3.8/site-packages:/opt/ros/galactic/lib/python3.8/site-packages /usr/bin/python3 setup.py egg_info --egg-base ../../build/camera build --build-base /home/keny/MANOS_ws/build/camera/build install --record /home/keny/MANOS_ws/build/camera/install.log --single-version-externally-managed
[3.780s] Level 1:colcon.colcon_core.environment:checking '/home/keny/MANOS_ws/install/camera' for CMake config files
[3.780s] Level 1:colcon.colcon_core.environment:checking '/home/keny/MANOS_ws/install/camera/lib'
[3.780s] Level 1:colcon.colcon_core.environment:checking '/home/keny/MANOS_ws/install/camera/bin'
[3.780s] Level 1:colcon.colcon_core.environment:checking '/home/keny/MANOS_ws/install/camera/lib/pkgconfig/camera.pc'
[3.780s] Level 1:colcon.colcon_core.environment:checking '/home/keny/MANOS_ws/install/camera/lib/python3.8/site-packages'
[3.780s] Level 1:colcon.colcon_core.shell:create_environment_hook('camera', 'pythonpath')
[3.783s] INFO:colcon.colcon_core.shell:Creating environment hook '/home/keny/MANOS_ws/install/camera/share/camera/hook/pythonpath.ps1'
[3.783s] INFO:colcon.colcon_core.shell:Creating environment descriptor '/home/keny/MANOS_ws/install/camera/share/camera/hook/pythonpath.dsv'
[3.783s] INFO:colcon.colcon_core.shell:Creating environment hook '/home/keny/MANOS_ws/install/camera/share/camera/hook/pythonpath.sh'
[3.784s] Level 1:colcon.colcon_core.environment:checking '/home/keny/MANOS_ws/install/camera/bin'
[3.784s] Level 1:colcon.colcon_core.environment:create_environment_scripts_only(camera)
[3.786s] INFO:colcon.colcon_core.shell:Creating package script '/home/keny/MANOS_ws/install/camera/share/camera/package.ps1'
[3.787s] INFO:colcon.colcon_core.shell:Creating package descriptor '/home/keny/MANOS_ws/install/camera/share/camera/package.dsv'
[3.787s] INFO:colcon.colcon_core.shell:Creating package script '/home/keny/MANOS_ws/install/camera/share/camera/package.sh'
[3.787s] INFO:colcon.colcon_core.shell:Creating package script '/home/keny/MANOS_ws/install/camera/share/camera/package.bash'
[3.787s] INFO:colcon.colcon_core.shell:Creating package script '/home/keny/MANOS_ws/install/camera/share/camera/package.zsh'
[3.788s] Level 1:colcon.colcon_core.environment:create_file_with_runtime_dependencies(/home/keny/MANOS_ws/install/camera/share/colcon-core/packages/camera)
[3.793s] Level 1:colcon.colcon_core.environment:checking '/home/keny/MANOS_ws/install/host_listener_package' for CMake module files
[3.793s] DEBUG:colcon.colcon_core.event_handler.log_command:Invoked command in '/home/keny/MANOS_ws/src/host_listener_package' returned '0': PYTHONPATH=/home/keny/MANOS_ws/build/host_listener_package/prefix_override:/home/keny/MANOS_ws/install/host_listener_package/lib/python3.8/site-packages:/home/keny/MANOS_ws/install/custom_msg/lib/python3.8/site-packages:/home/keny/MANOS_ws/install/host_listener_package/lib/python3.8/site-packages:/home/keny/MANOS_ws/install/hand_detector_package/lib/python3.8/site-packages:/home/keny/MANOS_ws/install/camera/lib/python3.8/site-packages:/home/keny/MANOS_ws/src/install/host_listener_package/lib/python3.8/site-packages:/home/keny/MANOS_ws/src/install/hand_detector_package/lib/python3.8/site-packages:/home/keny/MANOS_ws/src/install/camera/lib/python3.8/site-packages:/home/keny/MANOS_ws/src/install/custom_msg/lib/python3.8/site-packages:/home/keny/MANOS_ws/src/install/camera_package/lib/python3.8/site-packages:/opt/ros/galactic/lib/python3.8/site-packages /usr/bin/python3 setup.py egg_info --egg-base ../../build/host_listener_package build --build-base /home/keny/MANOS_ws/build/host_listener_package/build install --record /home/keny/MANOS_ws/build/host_listener_package/install.log --single-version-externally-managed
[3.793s] Level 1:colcon.colcon_core.environment:checking '/home/keny/MANOS_ws/install/host_listener_package' for CMake config files
[3.794s] Level 1:colcon.colcon_core.environment:checking '/home/keny/MANOS_ws/install/host_listener_package/lib'
[3.794s] Level 1:colcon.colcon_core.environment:checking '/home/keny/MANOS_ws/install/host_listener_package/bin'
[3.794s] Level 1:colcon.colcon_core.environment:checking '/home/keny/MANOS_ws/install/host_listener_package/lib/pkgconfig/host_listener_package.pc'
[3.794s] Level 1:colcon.colcon_core.environment:checking '/home/keny/MANOS_ws/install/host_listener_package/lib/python3.8/site-packages'
[3.794s] Level 1:colcon.colcon_core.shell:create_environment_hook('host_listener_package', 'pythonpath')
[3.796s] INFO:colcon.colcon_core.shell:Creating environment hook '/home/keny/MANOS_ws/install/host_listener_package/share/host_listener_package/hook/pythonpath.ps1'
[3.797s] INFO:colcon.colcon_core.shell:Creating environment descriptor '/home/keny/MANOS_ws/install/host_listener_package/share/host_listener_package/hook/pythonpath.dsv'
[3.797s] INFO:colcon.colcon_core.shell:Creating environment hook '/home/keny/MANOS_ws/install/host_listener_package/share/host_listener_package/hook/pythonpath.sh'
[3.797s] Level 1:colcon.colcon_core.environment:checking '/home/keny/MANOS_ws/install/host_listener_package/bin'
[3.797s] Level 1:colcon.colcon_core.environment:create_environment_scripts_only(host_listener_package)
[3.800s] INFO:colcon.colcon_core.shell:Creating package script '/home/keny/MANOS_ws/install/host_listener_package/share/host_listener_package/package.ps1'
[3.800s] INFO:colcon.colcon_core.shell:Creating package descriptor '/home/keny/MANOS_ws/install/host_listener_package/share/host_listener_package/package.dsv'
[3.801s] INFO:colcon.colcon_core.shell:Creating package script '/home/keny/MANOS_ws/install/host_listener_package/share/host_listener_package/package.sh'
[3.801s] INFO:colcon.colcon_core.shell:Creating package script '/home/keny/MANOS_ws/install/host_listener_package/share/host_listener_package/package.bash'
[3.802s] INFO:colcon.colcon_core.shell:Creating package script '/home/keny/MANOS_ws/install/host_listener_package/share/host_listener_package/package.zsh'
[3.802s] Level 1:colcon.colcon_core.environment:create_file_with_runtime_dependencies(/home/keny/MANOS_ws/install/host_listener_package/share/colcon-core/packages/host_listener_package)
[3.802s] DEBUG:colcon.colcon_parallel_executor.executor.parallel:closing loop
[3.802s] DEBUG:colcon.colcon_parallel_executor.executor.parallel:loop closed
[3.802s] DEBUG:colcon.colcon_parallel_executor.executor.parallel:run_until_complete finished with '0'
[3.803s] DEBUG:colcon.colcon_core.event_reactor:joining thread
[3.809s] INFO:colcon.colcon_core.plugin_system:Skipping extension 'colcon_notification.desktop_notification.terminal_notifier': Not used on non-Darwin systems
[3.809s] INFO:colcon.colcon_core.plugin_system:Skipping extension 'colcon_notification.desktop_notification.win32': Not used on non-Windows systems
[3.809s] INFO:colcon.colcon_notification.desktop_notification:Sending desktop notification using 'notify2'
[3.827s] DEBUG:colcon.colcon_core.event_reactor:joined thread
[3.837s] INFO:colcon.colcon_core.shell:Creating prefix script '/home/keny/MANOS_ws/install/local_setup.ps1'
[3.840s] INFO:colcon.colcon_core.shell:Creating prefix util module '/home/keny/MANOS_ws/install/_local_setup_util_ps1.py'
[3.843s] INFO:colcon.colcon_core.shell:Creating prefix chain script '/home/keny/MANOS_ws/install/setup.ps1'
[3.847s] INFO:colcon.colcon_core.shell:Creating prefix script '/home/keny/MANOS_ws/install/local_setup.sh'
[3.848s] INFO:colcon.colcon_core.shell:Creating prefix util module '/home/keny/MANOS_ws/install/_local_setup_util_sh.py'
[3.848s] INFO:colcon.colcon_core.shell:Creating prefix chain script '/home/keny/MANOS_ws/install/setup.sh'
[3.851s] INFO:colcon.colcon_core.shell:Creating prefix script '/home/keny/MANOS_ws/install/local_setup.bash'
[3.853s] INFO:colcon.colcon_core.shell:Creating prefix chain script '/home/keny/MANOS_ws/install/setup.bash'
[3.855s] INFO:colcon.colcon_core.shell:Creating prefix script '/home/keny/MANOS_ws/install/local_setup.zsh'
[3.864s] INFO:colcon.colcon_core.shell:Creating prefix chain script '/home/keny/MANOS_ws/install/setup.zsh'
