[5.254s] Invoking command in '/home/keny/MANOS_ws/src/host_listener_package': PYTHONPATH=/home/keny/MANOS_ws/build/host_listener_package/prefix_override:/home/keny/MANOS_ws/install/host_listener_package/lib/python3.8/site-packages:/home/keny/MANOS_ws/install/custom_msg/lib/python3.8/site-packages:/home/keny/MANOS_ws/install/manos_manager/lib/python3.8/site-packages:/home/keny/MANOS_ws/install/host_listener_package/lib/python3.8/site-packages:/home/keny/MANOS_ws/install/hand_detector/lib/python3.8/site-packages:/home/keny/MANOS_ws/install/castelet/lib/python3.8/site-packages:/home/keny/MANOS_ws/install/camera/lib/python3.8/site-packages:/home/keny/MANOS_ws/install/CustomRosController/lib/python3.8/site-packages:/opt/ros/galactic/lib/python3.8/site-packages:/home/keny/acs/src/behaviors/ /usr/bin/python3 setup.py egg_info --egg-base ../../build/host_listener_package build --build-base /home/keny/MANOS_ws/build/host_listener_package/build install --record /home/keny/MANOS_ws/build/host_listener_package/install.log --single-version-externally-managed
[6.005s] running egg_info
[6.008s] writing ../../build/host_listener_package/host_listener_package.egg-info/PKG-INFO
[6.008s] writing dependency_links to ../../build/host_listener_package/host_listener_package.egg-info/dependency_links.txt
[6.009s] writing entry points to ../../build/host_listener_package/host_listener_package.egg-info/entry_points.txt
[6.009s] writing requirements to ../../build/host_listener_package/host_listener_package.egg-info/requires.txt
[6.009s] writing top-level names to ../../build/host_listener_package/host_listener_package.egg-info/top_level.txt
[6.099s] reading manifest file '../../build/host_listener_package/host_listener_package.egg-info/SOURCES.txt'
[6.101s] writing manifest file '../../build/host_listener_package/host_listener_package.egg-info/SOURCES.txt'
[6.102s] running build
[6.102s] running build_py
[6.102s] running install
[6.104s] running install_lib
[6.108s] running install_data
[6.109s] running install_egg_info
[6.113s] removing '/home/keny/MANOS_ws/install/host_listener_package/lib/python3.8/site-packages/host_listener_package-0.0.0-py3.8.egg-info' (and everything under it)
[6.114s] Copying ../../build/host_listener_package/host_listener_package.egg-info to /home/keny/MANOS_ws/install/host_listener_package/lib/python3.8/site-packages/host_listener_package-0.0.0-py3.8.egg-info
[6.116s] running install_scripts
[6.170s] Installing host_listener script to /home/keny/MANOS_ws/install/host_listener_package/lib/host_listener_package
[6.171s] writing list of installed files to '/home/keny/MANOS_ws/build/host_listener_package/install.log'
[6.226s] Invoked command in '/home/keny/MANOS_ws/src/host_listener_package' returned '0': PYTHONPATH=/home/keny/MANOS_ws/build/host_listener_package/prefix_override:/home/keny/MANOS_ws/install/host_listener_package/lib/python3.8/site-packages:/home/keny/MANOS_ws/install/custom_msg/lib/python3.8/site-packages:/home/keny/MANOS_ws/install/manos_manager/lib/python3.8/site-packages:/home/keny/MANOS_ws/install/host_listener_package/lib/python3.8/site-packages:/home/keny/MANOS_ws/install/hand_detector/lib/python3.8/site-packages:/home/keny/MANOS_ws/install/castelet/lib/python3.8/site-packages:/home/keny/MANOS_ws/install/camera/lib/python3.8/site-packages:/home/keny/MANOS_ws/install/CustomRosController/lib/python3.8/site-packages:/opt/ros/galactic/lib/python3.8/site-packages:/home/keny/acs/src/behaviors/ /usr/bin/python3 setup.py egg_info --egg-base ../../build/host_listener_package build --build-base /home/keny/MANOS_ws/build/host_listener_package/build install --record /home/keny/MANOS_ws/build/host_listener_package/install.log --single-version-externally-managed
