[1.583s] Invoking command in '/home/keny/MANOS_ws/src/camera': PYTHONPATH=/home/keny/MANOS_ws/build/camera/prefix_override:/home/keny/MANOS_ws/install/camera/lib/python3.8/site-packages:/home/keny/MANOS_ws/install/custom_msg/lib/python3.8/site-packages:/home/keny/MANOS_ws/install/host_listener_package/lib/python3.8/site-packages:/home/keny/MANOS_ws/install/hand_detector/lib/python3.8/site-packages:/home/keny/MANOS_ws/install/castelet/lib/python3.8/site-packages:/home/keny/MANOS_ws/install/camera/lib/python3.8/site-packages:/opt/ros/galactic/lib/python3.8/site-packages:/home/keny/acs/src/behaviors/ /usr/bin/python3 setup.py egg_info --egg-base ../../build/camera build --build-base /home/keny/MANOS_ws/build/camera/build install --record /home/keny/MANOS_ws/build/camera/install.log --single-version-externally-managed
[1.860s] running egg_info
[1.861s] writing ../../build/camera/camera.egg-info/PKG-INFO
[1.861s] writing dependency_links to ../../build/camera/camera.egg-info/dependency_links.txt
[1.862s] writing entry points to ../../build/camera/camera.egg-info/entry_points.txt
[1.862s] writing requirements to ../../build/camera/camera.egg-info/requires.txt
[1.862s] writing top-level names to ../../build/camera/camera.egg-info/top_level.txt
[1.897s] reading manifest file '../../build/camera/camera.egg-info/SOURCES.txt'
[1.898s] writing manifest file '../../build/camera/camera.egg-info/SOURCES.txt'
[1.898s] running build
[1.899s] running build_py
[1.899s] running install
[1.900s] running install_lib
[1.901s] running install_data
[1.902s] running install_egg_info
[1.903s] removing '/home/keny/MANOS_ws/install/camera/lib/python3.8/site-packages/camera-0.0.0-py3.8.egg-info' (and everything under it)
[1.904s] Copying ../../build/camera/camera.egg-info to /home/keny/MANOS_ws/install/camera/lib/python3.8/site-packages/camera-0.0.0-py3.8.egg-info
[1.904s] running install_scripts
[1.923s] Installing camera script to /home/keny/MANOS_ws/install/camera/lib/camera
[1.924s] writing list of installed files to '/home/keny/MANOS_ws/build/camera/install.log'
[1.952s] Invoked command in '/home/keny/MANOS_ws/src/camera' returned '0': PYTHONPATH=/home/keny/MANOS_ws/build/camera/prefix_override:/home/keny/MANOS_ws/install/camera/lib/python3.8/site-packages:/home/keny/MANOS_ws/install/custom_msg/lib/python3.8/site-packages:/home/keny/MANOS_ws/install/host_listener_package/lib/python3.8/site-packages:/home/keny/MANOS_ws/install/hand_detector/lib/python3.8/site-packages:/home/keny/MANOS_ws/install/castelet/lib/python3.8/site-packages:/home/keny/MANOS_ws/install/camera/lib/python3.8/site-packages:/opt/ros/galactic/lib/python3.8/site-packages:/home/keny/acs/src/behaviors/ /usr/bin/python3 setup.py egg_info --egg-base ../../build/camera build --build-base /home/keny/MANOS_ws/build/camera/build install --record /home/keny/MANOS_ws/build/camera/install.log --single-version-externally-managed
