[5.010s] Invoking command in '/home/keny/MANOS_ws/src/camera': PYTHONPATH=/home/keny/MANOS_ws/build/camera/prefix_override:/home/keny/MANOS_ws/install/camera/lib/python3.8/site-packages:/home/keny/MANOS_ws/install/custom_msg/lib/python3.8/site-packages:/home/keny/MANOS_ws/install/manos_manager/lib/python3.8/site-packages:/home/keny/MANOS_ws/install/host_listener_package/lib/python3.8/site-packages:/home/keny/MANOS_ws/install/hand_detector/lib/python3.8/site-packages:/home/keny/MANOS_ws/install/castelet/lib/python3.8/site-packages:/home/keny/MANOS_ws/install/camera/lib/python3.8/site-packages:/home/keny/MANOS_ws/install/CustomRosController/lib/python3.8/site-packages:/opt/ros/galactic/lib/python3.8/site-packages:/home/keny/acs/src/behaviors/ /usr/bin/python3 setup.py egg_info --egg-base ../../build/camera build --build-base /home/keny/MANOS_ws/build/camera/build install --record /home/keny/MANOS_ws/build/camera/install.log --single-version-externally-managed
[5.757s] running egg_info
[5.759s] writing ../../build/camera/camera.egg-info/PKG-INFO
[5.759s] writing dependency_links to ../../build/camera/camera.egg-info/dependency_links.txt
[5.760s] writing entry points to ../../build/camera/camera.egg-info/entry_points.txt
[5.760s] writing requirements to ../../build/camera/camera.egg-info/requires.txt
[5.760s] writing top-level names to ../../build/camera/camera.egg-info/top_level.txt
[5.851s] reading manifest file '../../build/camera/camera.egg-info/SOURCES.txt'
[5.853s] writing manifest file '../../build/camera/camera.egg-info/SOURCES.txt'
[5.854s] running build
[5.854s] running build_py
[5.854s] running install
[5.856s] running install_lib
[5.860s] running install_data
[5.861s] running install_egg_info
[5.865s] removing '/home/keny/MANOS_ws/install/camera/lib/python3.8/site-packages/camera-0.0.0-py3.8.egg-info' (and everything under it)
[5.865s] Copying ../../build/camera/camera.egg-info to /home/keny/MANOS_ws/install/camera/lib/python3.8/site-packages/camera-0.0.0-py3.8.egg-info
[5.868s] running install_scripts
[5.906s] Installing camera script to /home/keny/MANOS_ws/install/camera/lib/camera
[5.907s] writing list of installed files to '/home/keny/MANOS_ws/build/camera/install.log'
[6.006s] Invoked command in '/home/keny/MANOS_ws/src/camera' returned '0': PYTHONPATH=/home/keny/MANOS_ws/build/camera/prefix_override:/home/keny/MANOS_ws/install/camera/lib/python3.8/site-packages:/home/keny/MANOS_ws/install/custom_msg/lib/python3.8/site-packages:/home/keny/MANOS_ws/install/manos_manager/lib/python3.8/site-packages:/home/keny/MANOS_ws/install/host_listener_package/lib/python3.8/site-packages:/home/keny/MANOS_ws/install/hand_detector/lib/python3.8/site-packages:/home/keny/MANOS_ws/install/castelet/lib/python3.8/site-packages:/home/keny/MANOS_ws/install/camera/lib/python3.8/site-packages:/home/keny/MANOS_ws/install/CustomRosController/lib/python3.8/site-packages:/opt/ros/galactic/lib/python3.8/site-packages:/home/keny/acs/src/behaviors/ /usr/bin/python3 setup.py egg_info --egg-base ../../build/camera build --build-base /home/keny/MANOS_ws/build/camera/build install --record /home/keny/MANOS_ws/build/camera/install.log --single-version-externally-managed
