[1.396s] Invoking command in '/home/keny/MANOS_ws/src/castelet': PYTHONPATH=/home/keny/MANOS_ws/build/castelet/prefix_override:/home/keny/MANOS_ws/install/castelet/lib/python3.8/site-packages:${PYTHONPATH} /usr/bin/python3 setup.py egg_info --egg-base ../../build/castelet build --build-base /home/keny/MANOS_ws/build/castelet/build install --record /home/keny/MANOS_ws/build/castelet/install.log --single-version-externally-managed
[1.665s] running egg_info
[1.666s] writing ../../build/castelet/castelet.egg-info/PKG-INFO
[1.666s] writing dependency_links to ../../build/castelet/castelet.egg-info/dependency_links.txt
[1.667s] writing entry points to ../../build/castelet/castelet.egg-info/entry_points.txt
[1.667s] writing requirements to ../../build/castelet/castelet.egg-info/requires.txt
[1.667s] writing top-level names to ../../build/castelet/castelet.egg-info/top_level.txt
[1.699s] reading manifest file '../../build/castelet/castelet.egg-info/SOURCES.txt'
[1.700s] writing manifest file '../../build/castelet/castelet.egg-info/SOURCES.txt'
[1.701s] running build
[1.701s] running build_py
[1.701s] copying castelet/castelet.py -> /home/keny/MANOS_ws/build/castelet/build/lib/castelet
[1.701s] running install
[1.702s] running install_lib
[1.703s] copying /home/keny/MANOS_ws/build/castelet/build/lib/castelet/castelet.py -> /home/keny/MANOS_ws/install/castelet/lib/python3.8/site-packages/castelet
[1.703s] byte-compiling /home/keny/MANOS_ws/install/castelet/lib/python3.8/site-packages/castelet/castelet.py to castelet.cpython-38.pyc
[1.705s] running install_data
[1.705s] running install_egg_info
[1.707s] removing '/home/keny/MANOS_ws/install/castelet/lib/python3.8/site-packages/castelet-0.0.0-py3.8.egg-info' (and everything under it)
[1.707s] Copying ../../build/castelet/castelet.egg-info to /home/keny/MANOS_ws/install/castelet/lib/python3.8/site-packages/castelet-0.0.0-py3.8.egg-info
[1.708s] running install_scripts
[1.724s] Installing castelet script to /home/keny/MANOS_ws/install/castelet/lib/castelet
[1.724s] writing list of installed files to '/home/keny/MANOS_ws/build/castelet/install.log'
[1.746s] Invoked command in '/home/keny/MANOS_ws/src/castelet' returned '0': PYTHONPATH=/home/keny/MANOS_ws/build/castelet/prefix_override:/home/keny/MANOS_ws/install/castelet/lib/python3.8/site-packages:${PYTHONPATH} /usr/bin/python3 setup.py egg_info --egg-base ../../build/castelet build --build-base /home/keny/MANOS_ws/build/castelet/build install --record /home/keny/MANOS_ws/build/castelet/install.log --single-version-externally-managed
