[0.789s] Invoking command in '/home/field/MANOS/build/servo_control': CMAKE_PREFIX_PATH=${CMAKE_PREFIX_PATH}:/home/field/MANOS/install/manos_manager:/home/field/MANOS/install/host_listener_package:/home/field/MANOS/install/hand_detector:/home/field/MANOS/install/custom_ros_controller:/home/field/MANOS/install/castelet:/home/field/MANOS/install/camera:/opt/ros/galactic /home/field/.local/bin/cmake --build /home/field/MANOS/build/servo_control -- -j20 -l20
[0.817s] -- Found ament_cmake: 1.1.6 (/opt/ros/galactic/share/ament_cmake/cmake)
[0.819s] [33mCMake Warning (dev) at /opt/ros/galactic/share/ament_cmake_core/cmake/core/python.cmake:22 (find_package):
[0.819s]   Policy CMP0148 is not set: The FindPythonInterp and FindPythonLibs modules
[0.819s]   are removed.  Run "cmake --help-policy CMP0148" for policy details.  Use
[0.819s]   the cmake_policy command to set the policy and suppress this warning.
[0.819s] 
[0.819s] Call Stack (most recent call first):
[0.819s]   /opt/ros/galactic/share/ament_cmake_core/cmake/core/all.cmake:53 (include)
[0.819s]   /opt/ros/galactic/share/ament_cmake_core/cmake/ament_cmake_core-extras.cmake:17 (include)
[0.819s]   /opt/ros/galactic/share/ament_cmake_core/cmake/ament_cmake_coreConfig.cmake:41 (include)
[0.820s]   /opt/ros/galactic/share/ament_cmake/cmake/ament_cmake_export_dependencies-extras.cmake:15 (find_package)
[0.820s]   /opt/ros/galactic/share/ament_cmake/cmake/ament_cmakeConfig.cmake:41 (include)
[0.820s]   CMakeLists.txt:9 (find_package)
[0.820s] This warning is for project developers.  Use -Wno-dev to suppress it.
[0.820s] [0m
[0.834s] -- Found PythonInterp: /usr/bin/python3 (found suitable version "3.8.10", minimum required is "3") 
[0.834s] -- Using PYTHON_EXECUTABLE: /usr/bin/python3
[0.879s] -- Found rosidl_default_generators: 1.1.1 (/opt/ros/galactic/share/rosidl_default_generators/cmake)
[0.881s] -- Using all available rosidl_typesupport_c: rosidl_typesupport_fastrtps_c;rosidl_typesupport_introspection_c
[0.884s] -- Found rosidl_adapter: 2.2.3 (/opt/ros/galactic/share/rosidl_adapter/cmake)
[0.985s] -- Using all available rosidl_typesupport_cpp: rosidl_typesupport_fastrtps_cpp;rosidl_typesupport_introspection_cpp
[1.001s] [33mCMake Warning (dev) at /opt/ros/galactic/share/rosidl_adapter/cmake/rosidl_adapt_interfaces.cmake:40 (find_package):
[1.001s]   Policy CMP0148 is not set: The FindPythonInterp and FindPythonLibs modules
[1.001s]   are removed.  Run "cmake --help-policy CMP0148" for policy details.  Use
[1.001s]   the cmake_policy command to set the policy and suppress this warning.
[1.001s] 
[1.001s] Call Stack (most recent call first):
[1.001s]   /opt/ros/galactic/share/rosidl_cmake/cmake/rosidl_generate_interfaces.cmake:130 (rosidl_adapt_interfaces)
[1.001s]   CMakeLists.txt:13 (rosidl_generate_interfaces)
[1.002s] This warning is for project developers.  Use -Wno-dev to suppress it.
[1.002s] [0m
[1.014s] -- Found PythonInterp: /usr/bin/python3 (found version "3.8.10") 
[1.097s] -- Found ament_cmake_ros: 0.9.2 (/opt/ros/galactic/share/ament_cmake_ros/cmake)
[1.163s] -- Using all available rosidl_typesupport_c: rosidl_typesupport_fastrtps_c;rosidl_typesupport_introspection_c
[1.169s] -- Using all available rosidl_typesupport_cpp: rosidl_typesupport_fastrtps_cpp;rosidl_typesupport_introspection_cpp
[1.171s] [33mCMake Warning (dev) at /opt/ros/galactic/share/rosidl_generator_py/cmake/rosidl_generator_py_generate_interfaces.cmake:20 (find_package):
[1.171s]   Policy CMP0148 is not set: The FindPythonInterp and FindPythonLibs modules
[1.171s]   are removed.  Run "cmake --help-policy CMP0148" for policy details.  Use
[1.171s]   the cmake_policy command to set the policy and suppress this warning.
[1.171s] 
[1.171s] Call Stack (most recent call first):
[1.171s]   /opt/ros/galactic/share/ament_cmake_core/cmake/core/ament_execute_extensions.cmake:48 (include)
[1.171s]   /opt/ros/galactic/share/rosidl_cmake/cmake/rosidl_generate_interfaces.cmake:286 (ament_execute_extensions)
[1.171s]   CMakeLists.txt:13 (rosidl_generate_interfaces)
[1.171s] This warning is for project developers.  Use -Wno-dev to suppress it.
[1.171s] [0m
[1.185s] -- Found PythonInterp: /usr/bin/python3 (found suitable version "3.8.10", minimum required is "3.5") 
[1.185s] -- Found python_cmake_module: 0.8.1 (/opt/ros/galactic/share/python_cmake_module/cmake)
[1.186s] [33mCMake Warning (dev) at /opt/ros/galactic/share/python_cmake_module/cmake/Modules/FindPythonExtra.cmake:45 (find_package):
[1.186s]   Policy CMP0148 is not set: The FindPythonInterp and FindPythonLibs modules
[1.186s]   are removed.  Run "cmake --help-policy CMP0148" for policy details.  Use
[1.186s]   the cmake_policy command to set the policy and suppress this warning.
[1.186s] 
[1.186s] Call Stack (most recent call first):
[1.186s]   /opt/ros/galactic/share/rosidl_generator_py/cmake/rosidl_generator_py_generate_interfaces.cmake:23 (find_package)
[1.186s]   /opt/ros/galactic/share/ament_cmake_core/cmake/core/ament_execute_extensions.cmake:48 (include)
[1.186s]   /opt/ros/galactic/share/rosidl_cmake/cmake/rosidl_generate_interfaces.cmake:286 (ament_execute_extensions)
[1.186s]   CMakeLists.txt:13 (rosidl_generate_interfaces)
[1.186s] This warning is for project developers.  Use -Wno-dev to suppress it.
[1.186s] [0m
[1.198s] [33mCMake Warning (dev) at /opt/ros/galactic/share/python_cmake_module/cmake/Modules/FindPythonExtra.cmake:133 (find_package):
[1.198s]   Policy CMP0148 is not set: The FindPythonInterp and FindPythonLibs modules
[1.198s]   are removed.  Run "cmake --help-policy CMP0148" for policy details.  Use
[1.198s]   the cmake_policy command to set the policy and suppress this warning.
[1.198s] 
[1.198s] Call Stack (most recent call first):
[1.198s]   /opt/ros/galactic/share/rosidl_generator_py/cmake/rosidl_generator_py_generate_interfaces.cmake:23 (find_package)
[1.198s]   /opt/ros/galactic/share/ament_cmake_core/cmake/core/ament_execute_extensions.cmake:48 (include)
[1.198s]   /opt/ros/galactic/share/rosidl_cmake/cmake/rosidl_generate_interfaces.cmake:286 (ament_execute_extensions)
[1.198s]   CMakeLists.txt:13 (rosidl_generate_interfaces)
[1.198s] This warning is for project developers.  Use -Wno-dev to suppress it.
[1.198s] [0m
[1.199s] -- Using PYTHON_EXECUTABLE: /usr/bin/python3
[1.200s] -- Using PYTHON_INCLUDE_DIRS: /usr/include/python3.8
[1.200s] -- Using PYTHON_LIBRARIES: /usr/lib/x86_64-linux-gnu/libpython3.8.so
[1.208s] -- Found ament_lint_auto: 0.10.7 (/opt/ros/galactic/share/ament_lint_auto/cmake)
[1.222s] -- Added test 'flake8' to check Python code syntax and style conventions
[1.223s] -- Added test 'lint_cmake' to check CMake code style
[1.223s] -- Added test 'pep257' to check Python code against some of the style conventions in PEP 257
[1.223s] -- Added test 'xmllint' to check XML markup files
[1.225s] -- Configuring done (0.4s)
[1.252s] -- Generating done (0.0s)
[1.254s] -- Build files have been written to: /home/field/MANOS/build/servo_control
[1.261s] [  3%] [34m[1mGenerating C code for ROS interfaces[0m
[1.264s] [  6%] [34m[1mGenerating C++ code for ROS interfaces[0m
[1.388s] [  6%] Built target servo_control__cpp
[1.391s] [  9%] [34m[1mGenerating C++ type support dispatch for ROS interfaces[0m
[1.392s] [ 12%] [34m[1mGenerating C++ type support for eProsima Fast-RTPS[0m
[1.392s] [ 16%] [34m[1mGenerating C++ introspection for ROS interfaces[0m
[1.393s] [ 19%] [32mBuilding C object CMakeFiles/servo_control__rosidl_generator_c.dir/rosidl_generator_c/servo_control/srv/detail/set_servo__functions.c.o[0m
[1.421s] [ 22%] [32m[1mLinking C shared library libservo_control__rosidl_generator_c.so[0m
[1.433s] [ 22%] Built target servo_control__rosidl_generator_c
[1.436s] [ 29%] [34m[1mGenerating C introspection for ROS interfaces[0m
[1.436s] [ 29%] [34m[1mGenerating C type support dispatch for ROS interfaces[0m
[1.509s] [ 32%] [32mBuilding CXX object CMakeFiles/servo_control__rosidl_typesupport_cpp.dir/rosidl_typesupport_cpp/servo_control/srv/set_servo__type_support.cpp.o[0m
[1.521s] [ 35%] [32mBuilding CXX object CMakeFiles/servo_control__rosidl_typesupport_introspection_cpp.dir/rosidl_typesupport_introspection_cpp/servo_control/srv/detail/set_servo__type_support.cpp.o[0m
[1.523s] [ 38%] [32mBuilding CXX object CMakeFiles/servo_control__rosidl_typesupport_fastrtps_cpp.dir/rosidl_typesupport_fastrtps_cpp/servo_control/srv/detail/dds_fastrtps/set_servo__type_support.cpp.o[0m
[1.553s] [ 41%] [32mBuilding CXX object CMakeFiles/servo_control__rosidl_typesupport_c.dir/rosidl_typesupport_c/servo_control/srv/set_servo__type_support.cpp.o[0m
[1.569s] [ 45%] [32mBuilding C object CMakeFiles/servo_control__rosidl_typesupport_introspection_c.dir/rosidl_typesupport_introspection_c/servo_control/srv/detail/set_servo__type_support.c.o[0m
[1.571s] [ 48%] [32m[1mLinking CXX shared library libservo_control__rosidl_typesupport_c.so[0m
[1.586s] [ 48%] Built target servo_control__rosidl_typesupport_c
[1.587s] [ 51%] [32m[1mLinking C shared library libservo_control__rosidl_typesupport_introspection_c.so[0m
[1.596s] [ 51%] Built target servo_control__rosidl_typesupport_introspection_c
[1.644s] [ 54%] [32m[1mLinking CXX shared library libservo_control__rosidl_typesupport_cpp.so[0m
[1.658s] [ 54%] Built target servo_control__rosidl_typesupport_cpp
[1.663s] [ 58%] [32m[1mLinking CXX shared library libservo_control__rosidl_typesupport_introspection_cpp.so[0m
[1.680s] [ 58%] Built target servo_control__rosidl_typesupport_introspection_cpp
[1.730s] [ 61%] [32m[1mLinking CXX shared library libservo_control__rosidl_typesupport_fastrtps_cpp.so[0m
[1.769s] [ 61%] Built target servo_control__rosidl_typesupport_fastrtps_cpp
[1.771s] [ 64%] [34m[1mGenerating C type support for eProsima Fast-RTPS[0m
[1.891s] [ 67%] [32mBuilding CXX object CMakeFiles/servo_control__rosidl_typesupport_fastrtps_c.dir/rosidl_typesupport_fastrtps_c/servo_control/srv/detail/set_servo__type_support_c.cpp.o[0m
[2.057s] [ 70%] [32m[1mLinking CXX shared library libservo_control__rosidl_typesupport_fastrtps_c.so[0m
[2.100s] [ 70%] Built target servo_control__rosidl_typesupport_fastrtps_c
[2.104s] [ 70%] Built target servo_control
[2.109s] [ 74%] [34m[1mGenerating Python code for ROS interfaces[0m
[2.365s] [ 74%] Built target servo_control__py
[2.374s] [ 77%] [32mBuilding C object CMakeFiles/servo_control__python.dir/rosidl_generator_py/servo_control/srv/_set_servo_s.c.o[0m
[2.420s] [ 80%] [32m[1mLinking C shared library rosidl_generator_py/servo_control/libservo_control__python.so[0m
[2.435s] [ 80%] Built target servo_control__python
[2.442s] [ 90%] [32mBuilding C object CMakeFiles/servo_control__rosidl_typesupport_c__pyext.dir/rosidl_generator_py/servo_control/_servo_control_s.ep.rosidl_typesupport_c.c.o[0m
[2.442s] [ 90%] [32mBuilding C object CMakeFiles/servo_control__rosidl_typesupport_fastrtps_c__pyext.dir/rosidl_generator_py/servo_control/_servo_control_s.ep.rosidl_typesupport_fastrtps_c.c.o[0m
[2.442s] [ 90%] [32mBuilding C object CMakeFiles/servo_control__rosidl_typesupport_introspection_c__pyext.dir/rosidl_generator_py/servo_control/_servo_control_s.ep.rosidl_typesupport_introspection_c.c.o[0m
[2.485s] [100%] [32m[1mLinking C shared library rosidl_generator_py/servo_control/servo_control_s__rosidl_typesupport_c.cpython-38-x86_64-linux-gnu.so[0m
[2.486s] [100%] [32m[1mLinking C shared library rosidl_generator_py/servo_control/servo_control_s__rosidl_typesupport_introspection_c.cpython-38-x86_64-linux-gnu.so[0m
[2.486s] [100%] [32m[1mLinking CXX shared library rosidl_generator_py/servo_control/servo_control_s__rosidl_typesupport_fastrtps_c.cpython-38-x86_64-linux-gnu.so[0m
[2.497s] [100%] Built target servo_control__rosidl_typesupport_c__pyext
[2.498s] [100%] Built target servo_control__rosidl_typesupport_introspection_c__pyext
[2.513s] [100%] Built target servo_control__rosidl_typesupport_fastrtps_c__pyext
[5.802s] Invoked command in '/home/field/MANOS/build/servo_control' returned '0': CMAKE_PREFIX_PATH=${CMAKE_PREFIX_PATH}:/home/field/MANOS/install/manos_manager:/home/field/MANOS/install/host_listener_package:/home/field/MANOS/install/hand_detector:/home/field/MANOS/install/custom_ros_controller:/home/field/MANOS/install/castelet:/home/field/MANOS/install/camera:/opt/ros/galactic /home/field/.local/bin/cmake --build /home/field/MANOS/build/servo_control -- -j20 -l20
[6.227s] Invoking command in '/home/field/MANOS/build/servo_control': CMAKE_PREFIX_PATH=${CMAKE_PREFIX_PATH}:/home/field/MANOS/install/manos_manager:/home/field/MANOS/install/host_listener_package:/home/field/MANOS/install/hand_detector:/home/field/MANOS/install/custom_ros_controller:/home/field/MANOS/install/castelet:/home/field/MANOS/install/camera:/opt/ros/galactic /home/field/.local/bin/cmake --install /home/field/MANOS/build/servo_control
[6.248s] -- Install configuration: ""
[6.248s] -- Up-to-date: /home/field/MANOS/install/servo_control/share/ament_index/resource_index/rosidl_interfaces/servo_control
[6.248s] -- Up-to-date: /home/field/MANOS/install/servo_control/include/servo_control
[6.248s] -- Up-to-date: /home/field/MANOS/install/servo_control/include/servo_control/msg
[6.248s] -- Up-to-date: /home/field/MANOS/install/servo_control/include/servo_control/msg/rosidl_generator_c__visibility_control.h
[6.248s] -- Up-to-date: /home/field/MANOS/install/servo_control/include/servo_control/srv
[6.248s] -- Installing: /home/field/MANOS/install/servo_control/include/servo_control/srv/set_servo.h
[6.249s] -- Up-to-date: /home/field/MANOS/install/servo_control/include/servo_control/srv/detail
[6.249s] -- Installing: /home/field/MANOS/install/servo_control/include/servo_control/srv/detail/set_servo__struct.h
[6.249s] -- Installing: /home/field/MANOS/install/servo_control/include/servo_control/srv/detail/set_servo__type_support.h
[6.249s] -- Installing: /home/field/MANOS/install/servo_control/include/servo_control/srv/detail/set_servo__functions.h
[6.249s] -- Installing: /home/field/MANOS/install/servo_control/include/servo_control/srv/detail/set_servo__functions.c
[6.249s] -- Up-to-date: /home/field/MANOS/install/servo_control/share/servo_control/environment/library_path.sh
[6.249s] -- Installing: /home/field/MANOS/install/servo_control/share/servo_control/environment/library_path.dsv
[6.249s] -- Installing: /home/field/MANOS/install/servo_control/lib/libservo_control__rosidl_generator_c.so
[6.249s] -- Set runtime path of "/home/field/MANOS/install/servo_control/lib/libservo_control__rosidl_generator_c.so" to ""
[6.249s] -- Up-to-date: /home/field/MANOS/install/servo_control/include/servo_control
[6.249s] -- Up-to-date: /home/field/MANOS/install/servo_control/include/servo_control/msg
[6.249s] -- Up-to-date: /home/field/MANOS/install/servo_control/include/servo_control/msg/rosidl_typesupport_fastrtps_c__visibility_control.h
[6.249s] -- Up-to-date: /home/field/MANOS/install/servo_control/include/servo_control/srv
[6.250s] -- Up-to-date: /home/field/MANOS/install/servo_control/include/servo_control/srv/detail
[6.250s] -- Installing: /home/field/MANOS/install/servo_control/include/servo_control/srv/detail/set_servo__rosidl_typesupport_fastrtps_c.h
[6.250s] -- Installing: /home/field/MANOS/install/servo_control/lib/libservo_control__rosidl_typesupport_fastrtps_c.so
[6.250s] -- Set runtime path of "/home/field/MANOS/install/servo_control/lib/libservo_control__rosidl_typesupport_fastrtps_c.so" to ""
[6.250s] -- Up-to-date: /home/field/MANOS/install/servo_control/include/servo_control
[6.250s] -- Up-to-date: /home/field/MANOS/install/servo_control/include/servo_control/msg
[6.250s] -- Up-to-date: /home/field/MANOS/install/servo_control/include/servo_control/msg/rosidl_typesupport_fastrtps_cpp__visibility_control.h
[6.250s] -- Up-to-date: /home/field/MANOS/install/servo_control/include/servo_control/srv
[6.250s] -- Up-to-date: /home/field/MANOS/install/servo_control/include/servo_control/srv/detail
[6.250s] -- Installing: /home/field/MANOS/install/servo_control/include/servo_control/srv/detail/set_servo__rosidl_typesupport_fastrtps_cpp.hpp
[6.250s] -- Up-to-date: /home/field/MANOS/install/servo_control/include/servo_control/srv/detail/dds_fastrtps
[6.250s] -- Installing: /home/field/MANOS/install/servo_control/lib/libservo_control__rosidl_typesupport_fastrtps_cpp.so
[6.250s] -- Set runtime path of "/home/field/MANOS/install/servo_control/lib/libservo_control__rosidl_typesupport_fastrtps_cpp.so" to ""
[6.250s] -- Up-to-date: /home/field/MANOS/install/servo_control/include/servo_control
[6.250s] -- Up-to-date: /home/field/MANOS/install/servo_control/include/servo_control/msg
[6.251s] -- Up-to-date: /home/field/MANOS/install/servo_control/include/servo_control/msg/rosidl_typesupport_introspection_c__visibility_control.h
[6.251s] -- Up-to-date: /home/field/MANOS/install/servo_control/include/servo_control/srv
[6.251s] -- Up-to-date: /home/field/MANOS/install/servo_control/include/servo_control/srv/detail
[6.251s] -- Installing: /home/field/MANOS/install/servo_control/include/servo_control/srv/detail/set_servo__rosidl_typesupport_introspection_c.h
[6.251s] -- Installing: /home/field/MANOS/install/servo_control/include/servo_control/srv/detail/set_servo__type_support.c
[6.251s] -- Installing: /home/field/MANOS/install/servo_control/lib/libservo_control__rosidl_typesupport_introspection_c.so
[6.251s] -- Set runtime path of "/home/field/MANOS/install/servo_control/lib/libservo_control__rosidl_typesupport_introspection_c.so" to ""
[6.251s] -- Installing: /home/field/MANOS/install/servo_control/lib/libservo_control__rosidl_typesupport_c.so
[6.251s] -- Set runtime path of "/home/field/MANOS/install/servo_control/lib/libservo_control__rosidl_typesupport_c.so" to ""
[6.251s] -- Up-to-date: /home/field/MANOS/install/servo_control/include/servo_control
[6.251s] -- Up-to-date: /home/field/MANOS/install/servo_control/include/servo_control/srv
[6.251s] -- Installing: /home/field/MANOS/install/servo_control/include/servo_control/srv/set_servo.hpp
[6.251s] -- Up-to-date: /home/field/MANOS/install/servo_control/include/servo_control/srv/detail
[6.251s] -- Installing: /home/field/MANOS/install/servo_control/include/servo_control/srv/detail/set_servo__traits.hpp
[6.251s] -- Installing: /home/field/MANOS/install/servo_control/include/servo_control/srv/detail/set_servo__builder.hpp
[6.251s] -- Installing: /home/field/MANOS/install/servo_control/include/servo_control/srv/detail/set_servo__struct.hpp
[6.252s] -- Up-to-date: /home/field/MANOS/install/servo_control/include/servo_control
[6.252s] -- Up-to-date: /home/field/MANOS/install/servo_control/include/servo_control/srv
[6.252s] -- Up-to-date: /home/field/MANOS/install/servo_control/include/servo_control/srv/detail
[6.252s] -- Installing: /home/field/MANOS/install/servo_control/include/servo_control/srv/detail/set_servo__type_support.cpp
[6.252s] -- Installing: /home/field/MANOS/install/servo_control/include/servo_control/srv/detail/set_servo__rosidl_typesupport_introspection_cpp.hpp
[6.252s] -- Installing: /home/field/MANOS/install/servo_control/lib/libservo_control__rosidl_typesupport_introspection_cpp.so
[6.252s] -- Set runtime path of "/home/field/MANOS/install/servo_control/lib/libservo_control__rosidl_typesupport_introspection_cpp.so" to ""
[6.252s] -- Installing: /home/field/MANOS/install/servo_control/lib/libservo_control__rosidl_typesupport_cpp.so
[6.252s] -- Set runtime path of "/home/field/MANOS/install/servo_control/lib/libservo_control__rosidl_typesupport_cpp.so" to ""
[6.252s] -- Up-to-date: /home/field/MANOS/install/servo_control/share/servo_control/environment/pythonpath.sh
[6.252s] -- Installing: /home/field/MANOS/install/servo_control/share/servo_control/environment/pythonpath.dsv
[6.252s] -- Installing: /home/field/MANOS/install/servo_control/lib/python3.8/site-packages/servo_control/__init__.py
[6.271s] Compiling '/home/field/MANOS/install/servo_control/lib/python3.8/site-packages/servo_control/__init__.py'...
[6.273s] -- Up-to-date: /home/field/MANOS/install/servo_control/lib/python3.8/site-packages/servo_control/srv
[6.273s] -- Installing: /home/field/MANOS/install/servo_control/lib/python3.8/site-packages/servo_control/srv/__init__.py
[6.273s] -- Installing: /home/field/MANOS/install/servo_control/lib/python3.8/site-packages/servo_control/srv/_set_servo_s.c
[6.273s] -- Installing: /home/field/MANOS/install/servo_control/lib/python3.8/site-packages/servo_control/srv/_set_servo.py
[6.274s] -- Installing: /home/field/MANOS/install/servo_control/lib/python3.8/site-packages/servo_control/servo_control_s__rosidl_typesupport_fastrtps_c.cpython-38-x86_64-linux-gnu.so
[6.274s] -- Set runtime path of "/home/field/MANOS/install/servo_control/lib/python3.8/site-packages/servo_control/servo_control_s__rosidl_typesupport_fastrtps_c.cpython-38-x86_64-linux-gnu.so" to ""
[6.274s] -- Installing: /home/field/MANOS/install/servo_control/lib/python3.8/site-packages/servo_control/servo_control_s__rosidl_typesupport_introspection_c.cpython-38-x86_64-linux-gnu.so
[6.274s] -- Set runtime path of "/home/field/MANOS/install/servo_control/lib/python3.8/site-packages/servo_control/servo_control_s__rosidl_typesupport_introspection_c.cpython-38-x86_64-linux-gnu.so" to ""
[6.275s] -- Installing: /home/field/MANOS/install/servo_control/lib/python3.8/site-packages/servo_control/servo_control_s__rosidl_typesupport_c.cpython-38-x86_64-linux-gnu.so
[6.275s] -- Set runtime path of "/home/field/MANOS/install/servo_control/lib/python3.8/site-packages/servo_control/servo_control_s__rosidl_typesupport_c.cpython-38-x86_64-linux-gnu.so" to ""
[6.275s] -- Installing: /home/field/MANOS/install/servo_control/lib/libservo_control__python.so
[6.275s] -- Set runtime path of "/home/field/MANOS/install/servo_control/lib/libservo_control__python.so" to ""
[6.275s] -- Installing: /home/field/MANOS/install/servo_control/share/servo_control/srv/SetServo.idl
[6.275s] -- Installing: /home/field/MANOS/install/servo_control/share/servo_control/srv/SetServo.srv
[6.275s] -- Installing: /home/field/MANOS/install/servo_control/share/servo_control/srv/SetServo_Request.msg
[6.275s] -- Up-to-date: /home/field/MANOS/install/servo_control/share/servo_control/srv/SetServo_Response.msg
[6.275s] -- Installing: /home/field/MANOS/install/servo_control/lib/servo_control/servo_service.py
[6.275s] -- Up-to-date: /home/field/MANOS/install/servo_control/share/ament_index/resource_index/package_run_dependencies/servo_control
[6.276s] -- Up-to-date: /home/field/MANOS/install/servo_control/share/ament_index/resource_index/parent_prefix_path/servo_control
[6.276s] -- Up-to-date: /home/field/MANOS/install/servo_control/share/servo_control/environment/ament_prefix_path.sh
[6.276s] -- Installing: /home/field/MANOS/install/servo_control/share/servo_control/environment/ament_prefix_path.dsv
[6.276s] -- Up-to-date: /home/field/MANOS/install/servo_control/share/servo_control/environment/path.sh
[6.276s] -- Installing: /home/field/MANOS/install/servo_control/share/servo_control/environment/path.dsv
[6.276s] -- Up-to-date: /home/field/MANOS/install/servo_control/share/servo_control/local_setup.bash
[6.276s] -- Up-to-date: /home/field/MANOS/install/servo_control/share/servo_control/local_setup.sh
[6.276s] -- Up-to-date: /home/field/MANOS/install/servo_control/share/servo_control/local_setup.zsh
[6.276s] -- Installing: /home/field/MANOS/install/servo_control/share/servo_control/local_setup.dsv
[6.276s] -- Installing: /home/field/MANOS/install/servo_control/share/servo_control/package.dsv
[6.276s] -- Up-to-date: /home/field/MANOS/install/servo_control/share/ament_index/resource_index/packages/servo_control
[6.276s] -- Up-to-date: /home/field/MANOS/install/servo_control/share/servo_control/cmake/servo_control__rosidl_generator_cExport.cmake
[6.276s] -- Up-to-date: /home/field/MANOS/install/servo_control/share/servo_control/cmake/servo_control__rosidl_generator_cExport-noconfig.cmake
[6.276s] -- Up-to-date: /home/field/MANOS/install/servo_control/share/servo_control/cmake/servo_control__rosidl_typesupport_introspection_cExport.cmake
[6.277s] -- Up-to-date: /home/field/MANOS/install/servo_control/share/servo_control/cmake/servo_control__rosidl_typesupport_introspection_cExport-noconfig.cmake
[6.277s] -- Up-to-date: /home/field/MANOS/install/servo_control/share/servo_control/cmake/servo_control__rosidl_typesupport_cExport.cmake
[6.277s] -- Up-to-date: /home/field/MANOS/install/servo_control/share/servo_control/cmake/servo_control__rosidl_typesupport_cExport-noconfig.cmake
[6.277s] -- Up-to-date: /home/field/MANOS/install/servo_control/share/servo_control/cmake/servo_control__rosidl_generator_cppExport.cmake
[6.277s] -- Up-to-date: /home/field/MANOS/install/servo_control/share/servo_control/cmake/servo_control__rosidl_typesupport_introspection_cppExport.cmake
[6.277s] -- Up-to-date: /home/field/MANOS/install/servo_control/share/servo_control/cmake/servo_control__rosidl_typesupport_introspection_cppExport-noconfig.cmake
[6.277s] -- Up-to-date: /home/field/MANOS/install/servo_control/share/servo_control/cmake/servo_control__rosidl_typesupport_cppExport.cmake
[6.277s] -- Up-to-date: /home/field/MANOS/install/servo_control/share/servo_control/cmake/servo_control__rosidl_typesupport_cppExport-noconfig.cmake
[6.277s] -- Up-to-date: /home/field/MANOS/install/servo_control/share/servo_control/cmake/rosidl_cmake-extras.cmake
[6.277s] -- Up-to-date: /home/field/MANOS/install/servo_control/share/servo_control/cmake/ament_cmake_export_dependencies-extras.cmake
[6.277s] -- Up-to-date: /home/field/MANOS/install/servo_control/share/servo_control/cmake/ament_cmake_export_libraries-extras.cmake
[6.277s] -- Up-to-date: /home/field/MANOS/install/servo_control/share/servo_control/cmake/ament_cmake_export_targets-extras.cmake
[6.278s] -- Up-to-date: /home/field/MANOS/install/servo_control/share/servo_control/cmake/ament_cmake_export_include_directories-extras.cmake
[6.278s] -- Up-to-date: /home/field/MANOS/install/servo_control/share/servo_control/cmake/rosidl_cmake_export_typesupport_libraries-extras.cmake
[6.278s] -- Up-to-date: /home/field/MANOS/install/servo_control/share/servo_control/cmake/rosidl_cmake_export_typesupport_targets-extras.cmake
[6.278s] -- Up-to-date: /home/field/MANOS/install/servo_control/share/servo_control/cmake/servo_controlConfig.cmake
[6.278s] -- Up-to-date: /home/field/MANOS/install/servo_control/share/servo_control/cmake/servo_controlConfig-version.cmake
[6.278s] -- Up-to-date: /home/field/MANOS/install/servo_control/share/servo_control/package.xml
[6.281s] Invoked command in '/home/field/MANOS/build/servo_control' returned '0': CMAKE_PREFIX_PATH=${CMAKE_PREFIX_PATH}:/home/field/MANOS/install/manos_manager:/home/field/MANOS/install/host_listener_package:/home/field/MANOS/install/hand_detector:/home/field/MANOS/install/custom_ros_controller:/home/field/MANOS/install/castelet:/home/field/MANOS/install/camera:/opt/ros/galactic /home/field/.local/bin/cmake --install /home/field/MANOS/build/servo_control
