[1.326s] Invoking command in '/home/keny/MANOS_ws/src/hand_detector': AMENT_PREFIX_PATH=/home/keny/MANOS_ws/install/custom_msg:${AMENT_PREFIX_PATH} CMAKE_PREFIX_PATH=/home/keny/MANOS_ws/install/custom_msg LD_LIBRARY_PATH=/home/keny/MANOS_ws/install/custom_msg/lib:${LD_LIBRARY_PATH} PYTHONPATH=/home/keny/MANOS_ws/build/hand_detector/prefix_override:/home/keny/MANOS_ws/install/hand_detector/lib/python3.8/site-packages:/home/keny/MANOS_ws/install/custom_msg/lib/python3.8/site-packages:${PYTHONPATH} /usr/bin/python3 setup.py egg_info --egg-base ../../build/hand_detector build --build-base /home/keny/MANOS_ws/build/hand_detector/build install --record /home/keny/MANOS_ws/build/hand_detector/install.log --single-version-externally-managed
[1.552s] running egg_info
[1.552s] writing ../../build/hand_detector/hand_detector.egg-info/PKG-INFO
[1.553s] writing dependency_links to ../../build/hand_detector/hand_detector.egg-info/dependency_links.txt
[1.553s] writing entry points to ../../build/hand_detector/hand_detector.egg-info/entry_points.txt
[1.553s] writing requirements to ../../build/hand_detector/hand_detector.egg-info/requires.txt
[1.553s] writing top-level names to ../../build/hand_detector/hand_detector.egg-info/top_level.txt
[1.583s] reading manifest file '../../build/hand_detector/hand_detector.egg-info/SOURCES.txt'
[1.584s] writing manifest file '../../build/hand_detector/hand_detector.egg-info/SOURCES.txt'
[1.584s] running build
[1.584s] running build_py
[1.584s] running install
[1.585s] running install_lib
[1.586s] running install_data
[1.587s] running install_egg_info
[1.588s] removing '/home/keny/MANOS_ws/install/hand_detector/lib/python3.8/site-packages/hand_detector-0.0.0-py3.8.egg-info' (and everything under it)
[1.589s] Copying ../../build/hand_detector/hand_detector.egg-info to /home/keny/MANOS_ws/install/hand_detector/lib/python3.8/site-packages/hand_detector-0.0.0-py3.8.egg-info
[1.589s] running install_scripts
[1.604s] Installing hand_detector script to /home/keny/MANOS_ws/install/hand_detector/lib/hand_detector
[1.604s] writing list of installed files to '/home/keny/MANOS_ws/build/hand_detector/install.log'
[1.640s] Invoked command in '/home/keny/MANOS_ws/src/hand_detector' returned '0': AMENT_PREFIX_PATH=/home/keny/MANOS_ws/install/custom_msg:${AMENT_PREFIX_PATH} CMAKE_PREFIX_PATH=/home/keny/MANOS_ws/install/custom_msg LD_LIBRARY_PATH=/home/keny/MANOS_ws/install/custom_msg/lib:${LD_LIBRARY_PATH} PYTHONPATH=/home/keny/MANOS_ws/build/hand_detector/prefix_override:/home/keny/MANOS_ws/install/hand_detector/lib/python3.8/site-packages:/home/keny/MANOS_ws/install/custom_msg/lib/python3.8/site-packages:${PYTHONPATH} /usr/bin/python3 setup.py egg_info --egg-base ../../build/hand_detector build --build-base /home/keny/MANOS_ws/build/hand_detector/build install --record /home/keny/MANOS_ws/build/hand_detector/install.log --single-version-externally-managed
