[4.783s] Invoking command in '/home/keny/MANOS_ws/src/CustomRosController': PYTHONPATH=/home/keny/MANOS_ws/build/CustomRosController/prefix_override:/home/keny/MANOS_ws/install/CustomRosController/lib/python3.8/site-packages:${PYTHONPATH} /usr/bin/python3 setup.py egg_info --egg-base ../../build/CustomRosController build --build-base /home/keny/MANOS_ws/build/CustomRosController/build install --record /home/keny/MANOS_ws/build/CustomRosController/install.log --single-version-externally-managed
[5.534s] running egg_info
[5.536s] writing ../../build/CustomRosController/CustomRosController.egg-info/PKG-INFO
[5.536s] writing dependency_links to ../../build/CustomRosController/CustomRosController.egg-info/dependency_links.txt
[5.537s] writing entry points to ../../build/CustomRosController/CustomRosController.egg-info/entry_points.txt
[5.537s] writing requirements to ../../build/CustomRosController/CustomRosController.egg-info/requires.txt
[5.537s] writing top-level names to ../../build/CustomRosController/CustomRosController.egg-info/top_level.txt
[5.648s] reading manifest file '../../build/CustomRosController/CustomRosController.egg-info/SOURCES.txt'
[5.650s] writing manifest file '../../build/CustomRosController/CustomRosController.egg-info/SOURCES.txt'
[5.650s] running build
[5.650s] running build_py
[5.651s] running install
[5.652s] running install_lib
[5.656s] running install_data
[5.657s] running install_egg_info
[5.661s] removing '/home/keny/MANOS_ws/install/CustomRosController/lib/python3.8/site-packages/CustomRosController-0.0.0-py3.8.egg-info' (and everything under it)
[5.661s] Copying ../../build/CustomRosController/CustomRosController.egg-info to /home/keny/MANOS_ws/install/CustomRosController/lib/python3.8/site-packages/CustomRosController-0.0.0-py3.8.egg-info
[5.663s] running install_scripts
[5.701s] writing list of installed files to '/home/keny/MANOS_ws/build/CustomRosController/install.log'
[5.747s] Invoked command in '/home/keny/MANOS_ws/src/CustomRosController' returned '0': PYTHONPATH=/home/keny/MANOS_ws/build/CustomRosController/prefix_override:/home/keny/MANOS_ws/install/CustomRosController/lib/python3.8/site-packages:${PYTHONPATH} /usr/bin/python3 setup.py egg_info --egg-base ../../build/CustomRosController build --build-base /home/keny/MANOS_ws/build/CustomRosController/build install --record /home/keny/MANOS_ws/build/CustomRosController/install.log --single-version-externally-managed
