running egg_info
creating ../../build/host_listener_package/host_listener_package.egg-info
writing ../../build/host_listener_package/host_listener_package.egg-info/PKG-INFO
writing dependency_links to ../../build/host_listener_package/host_listener_package.egg-info/dependency_links.txt
writing entry points to ../../build/host_listener_package/host_listener_package.egg-info/entry_points.txt
writing requirements to ../../build/host_listener_package/host_listener_package.egg-info/requires.txt
writing top-level names to ../../build/host_listener_package/host_listener_package.egg-info/top_level.txt
writing manifest file '../../build/host_listener_package/host_listener_package.egg-info/SOURCES.txt'
reading manifest file '../../build/host_listener_package/host_listener_package.egg-info/SOURCES.txt'
writing manifest file '../../build/host_listener_package/host_listener_package.egg-info/SOURCES.txt'
running build
running build_py
creating /home/field/MANOS/build/host_listener_package/build
creating /home/field/MANOS/build/host_listener_package/build/lib
creating /home/field/MANOS/build/host_listener_package/build/lib/host_listener_package
copying host_listener_package/__init__.py -> /home/field/MANOS/build/host_listener_package/build/lib/host_listener_package
copying host_listener_package/host_listener.py -> /home/field/MANOS/build/host_listener_package/build/lib/host_listener_package
running install
running install_lib
creating /home/field/MANOS/install/host_listener_package/lib/python3.8/site-packages/host_listener_package
copying /home/field/MANOS/build/host_listener_package/build/lib/host_listener_package/__init__.py -> /home/field/MANOS/install/host_listener_package/lib/python3.8/site-packages/host_listener_package
copying /home/field/MANOS/build/host_listener_package/build/lib/host_listener_package/host_listener.py -> /home/field/MANOS/install/host_listener_package/lib/python3.8/site-packages/host_listener_package
byte-compiling /home/field/MANOS/install/host_listener_package/lib/python3.8/site-packages/host_listener_package/__init__.py to __init__.cpython-38.pyc
byte-compiling /home/field/MANOS/install/host_listener_package/lib/python3.8/site-packages/host_listener_package/host_listener.py to host_listener.cpython-38.pyc
running install_data
creating /home/field/MANOS/install/host_listener_package/share/ament_index
creating /home/field/MANOS/install/host_listener_package/share/ament_index/resource_index
creating /home/field/MANOS/install/host_listener_package/share/ament_index/resource_index/packages
copying resource/host_listener_package -> /home/field/MANOS/install/host_listener_package/share/ament_index/resource_index/packages
copying package.xml -> /home/field/MANOS/install/host_listener_package/share/host_listener_package
running install_egg_info
Copying ../../build/host_listener_package/host_listener_package.egg-info to /home/field/MANOS/install/host_listener_package/lib/python3.8/site-packages/host_listener_package-0.0.0-py3.8.egg-info
running install_scripts
Installing host_listener script to /home/field/MANOS/install/host_listener_package/lib/host_listener_package
writing list of installed files to '/home/field/MANOS/build/host_listener_package/install.log'
