[2.964s] Invoking command in '/home/field/MANOS/src/host_listener_package': CMAKE_PREFIX_PATH=/home/field/MANOS/install/custom_msg:/home/field/MANOS/install/servo_control LD_LIBRARY_PATH=/home/field/MANOS/install/custom_msg/lib:/usr/local/cuda/lib64:/home/field/MANOS/install/servo_control/lib:/opt/ros/galactic/opt/yaml_cpp_vendor/lib:/opt/ros/galactic/opt/rviz_ogre_vendor/lib:/opt/ros/galactic/lib/x86_64-linux-gnu:/opt/ros/galactic/lib PYTHONPATH=/home/field/MANOS/build/host_listener_package/prefix_override:/home/field/MANOS/install/host_listener_package/lib/python3.8/site-packages:/home/field/MANOS/install/custom_msg/lib/python3.8/site-packages:/home/field/MANOS/install/servo_control/lib/python3.8/site-packages:/home/field/MANOS/install/manos_manager/lib/python3.8/site-packages:/home/field/MANOS/install/host_listener_package/lib/python3.8/site-packages:/home/field/MANOS/install/hand_detector/lib/python3.8/site-packages:/home/field/MANOS/install/custom_ros_controller/lib/python3.8/site-packages:/home/field/MANOS/install/castelet/lib/python3.8/site-packages:/home/field/MANOS/install/camera/lib/python3.8/site-packages:/opt/ros/galactic/lib/python3.8/site-packages /usr/bin/python3 setup.py egg_info --egg-base ../../build/host_listener_package build --build-base /home/field/MANOS/build/host_listener_package/build install --record /home/field/MANOS/build/host_listener_package/install.log --single-version-externally-managed
[3.107s] running egg_info
[3.107s] creating ../../build/host_listener_package/host_listener_package.egg-info
[3.107s] writing ../../build/host_listener_package/host_listener_package.egg-info/PKG-INFO
[3.108s] writing dependency_links to ../../build/host_listener_package/host_listener_package.egg-info/dependency_links.txt
[3.108s] writing entry points to ../../build/host_listener_package/host_listener_package.egg-info/entry_points.txt
[3.108s] writing requirements to ../../build/host_listener_package/host_listener_package.egg-info/requires.txt
[3.108s] writing top-level names to ../../build/host_listener_package/host_listener_package.egg-info/top_level.txt
[3.109s] writing manifest file '../../build/host_listener_package/host_listener_package.egg-info/SOURCES.txt'
[3.128s] reading manifest file '../../build/host_listener_package/host_listener_package.egg-info/SOURCES.txt'
[3.129s] writing manifest file '../../build/host_listener_package/host_listener_package.egg-info/SOURCES.txt'
[3.129s] running build
[3.129s] running build_py
[3.129s] creating /home/field/MANOS/build/host_listener_package/build
[3.129s] creating /home/field/MANOS/build/host_listener_package/build/lib
[3.129s] creating /home/field/MANOS/build/host_listener_package/build/lib/host_listener_package
[3.129s] copying host_listener_package/__init__.py -> /home/field/MANOS/build/host_listener_package/build/lib/host_listener_package
[3.129s] copying host_listener_package/host_listener.py -> /home/field/MANOS/build/host_listener_package/build/lib/host_listener_package
[3.130s] running install
[3.130s] running install_lib
[3.130s] creating /home/field/MANOS/install/host_listener_package/lib/python3.8/site-packages/host_listener_package
[3.130s] copying /home/field/MANOS/build/host_listener_package/build/lib/host_listener_package/__init__.py -> /home/field/MANOS/install/host_listener_package/lib/python3.8/site-packages/host_listener_package
[3.131s] copying /home/field/MANOS/build/host_listener_package/build/lib/host_listener_package/host_listener.py -> /home/field/MANOS/install/host_listener_package/lib/python3.8/site-packages/host_listener_package
[3.131s] byte-compiling /home/field/MANOS/install/host_listener_package/lib/python3.8/site-packages/host_listener_package/__init__.py to __init__.cpython-38.pyc
[3.132s] byte-compiling /home/field/MANOS/install/host_listener_package/lib/python3.8/site-packages/host_listener_package/host_listener.py to host_listener.cpython-38.pyc
[3.132s] running install_data
[3.133s] creating /home/field/MANOS/install/host_listener_package/share/ament_index
[3.133s] creating /home/field/MANOS/install/host_listener_package/share/ament_index/resource_index
[3.133s] creating /home/field/MANOS/install/host_listener_package/share/ament_index/resource_index/packages
[3.133s] copying resource/host_listener_package -> /home/field/MANOS/install/host_listener_package/share/ament_index/resource_index/packages
[3.134s] copying package.xml -> /home/field/MANOS/install/host_listener_package/share/host_listener_package
[3.134s] running install_egg_info
[3.134s] Copying ../../build/host_listener_package/host_listener_package.egg-info to /home/field/MANOS/install/host_listener_package/lib/python3.8/site-packages/host_listener_package-0.0.0-py3.8.egg-info
[3.134s] running install_scripts
[3.144s] Installing host_listener script to /home/field/MANOS/install/host_listener_package/lib/host_listener_package
[3.144s] writing list of installed files to '/home/field/MANOS/build/host_listener_package/install.log'
[3.969s] Invoked command in '/home/field/MANOS/src/host_listener_package' returned '0': CMAKE_PREFIX_PATH=/home/field/MANOS/install/custom_msg:/home/field/MANOS/install/servo_control LD_LIBRARY_PATH=/home/field/MANOS/install/custom_msg/lib:/usr/local/cuda/lib64:/home/field/MANOS/install/servo_control/lib:/opt/ros/galactic/opt/yaml_cpp_vendor/lib:/opt/ros/galactic/opt/rviz_ogre_vendor/lib:/opt/ros/galactic/lib/x86_64-linux-gnu:/opt/ros/galactic/lib PYTHONPATH=/home/field/MANOS/build/host_listener_package/prefix_override:/home/field/MANOS/install/host_listener_package/lib/python3.8/site-packages:/home/field/MANOS/install/custom_msg/lib/python3.8/site-packages:/home/field/MANOS/install/servo_control/lib/python3.8/site-packages:/home/field/MANOS/install/manos_manager/lib/python3.8/site-packages:/home/field/MANOS/install/host_listener_package/lib/python3.8/site-packages:/home/field/MANOS/install/hand_detector/lib/python3.8/site-packages:/home/field/MANOS/install/custom_ros_controller/lib/python3.8/site-packages:/home/field/MANOS/install/castelet/lib/python3.8/site-packages:/home/field/MANOS/install/camera/lib/python3.8/site-packages:/opt/ros/galactic/lib/python3.8/site-packages /usr/bin/python3 setup.py egg_info --egg-base ../../build/host_listener_package build --build-base /home/field/MANOS/build/host_listener_package/build install --record /home/field/MANOS/build/host_listener_package/install.log --single-version-externally-managed
