[1.727s] Invoking command in '/home/keny/MANOS_ws/src/host_listener_package': PYTHONPATH=/home/keny/MANOS_ws/build/host_listener_package/prefix_override:/home/keny/MANOS_ws/install/host_listener_package/lib/python3.8/site-packages:/home/keny/MANOS_ws/install/custom_msg/lib/python3.8/site-packages:/home/keny/MANOS_ws/install/host_listener_package/lib/python3.8/site-packages:/home/keny/MANOS_ws/install/hand_detector/lib/python3.8/site-packages:/home/keny/MANOS_ws/install/castelet/lib/python3.8/site-packages:/home/keny/MANOS_ws/install/camera/lib/python3.8/site-packages:/opt/ros/galactic/lib/python3.8/site-packages:/home/keny/acs/src/behaviors/ /usr/bin/python3 setup.py egg_info --egg-base ../../build/host_listener_package build --build-base /home/keny/MANOS_ws/build/host_listener_package/build install --record /home/keny/MANOS_ws/build/host_listener_package/install.log --single-version-externally-managed
[2.061s] running egg_info
[2.062s] writing ../../build/host_listener_package/host_listener_package.egg-info/PKG-INFO
[2.063s] writing dependency_links to ../../build/host_listener_package/host_listener_package.egg-info/dependency_links.txt
[2.063s] writing entry points to ../../build/host_listener_package/host_listener_package.egg-info/entry_points.txt
[2.063s] writing requirements to ../../build/host_listener_package/host_listener_package.egg-info/requires.txt
[2.063s] writing top-level names to ../../build/host_listener_package/host_listener_package.egg-info/top_level.txt
[2.105s] reading manifest file '../../build/host_listener_package/host_listener_package.egg-info/SOURCES.txt'
[2.106s] writing manifest file '../../build/host_listener_package/host_listener_package.egg-info/SOURCES.txt'
[2.106s] running build
[2.106s] running build_py
[2.106s] copying host_listener_package/host_listener.py -> /home/keny/MANOS_ws/build/host_listener_package/build/lib/host_listener_package
[2.106s] running install
[2.107s] running install_lib
[2.109s] copying /home/keny/MANOS_ws/build/host_listener_package/build/lib/host_listener_package/host_listener.py -> /home/keny/MANOS_ws/install/host_listener_package/lib/python3.8/site-packages/host_listener_package
[2.109s] byte-compiling /home/keny/MANOS_ws/install/host_listener_package/lib/python3.8/site-packages/host_listener_package/host_listener.py to host_listener.cpython-38.pyc
[2.112s] running install_data
[2.113s] running install_egg_info
[2.116s] removing '/home/keny/MANOS_ws/install/host_listener_package/lib/python3.8/site-packages/host_listener_package-0.0.0-py3.8.egg-info' (and everything under it)
[2.116s] Copying ../../build/host_listener_package/host_listener_package.egg-info to /home/keny/MANOS_ws/install/host_listener_package/lib/python3.8/site-packages/host_listener_package-0.0.0-py3.8.egg-info
[2.117s] running install_scripts
[2.151s] Installing host_listener script to /home/keny/MANOS_ws/install/host_listener_package/lib/host_listener_package
[2.151s] writing list of installed files to '/home/keny/MANOS_ws/build/host_listener_package/install.log'
[2.192s] Invoked command in '/home/keny/MANOS_ws/src/host_listener_package' returned '0': PYTHONPATH=/home/keny/MANOS_ws/build/host_listener_package/prefix_override:/home/keny/MANOS_ws/install/host_listener_package/lib/python3.8/site-packages:/home/keny/MANOS_ws/install/custom_msg/lib/python3.8/site-packages:/home/keny/MANOS_ws/install/host_listener_package/lib/python3.8/site-packages:/home/keny/MANOS_ws/install/hand_detector/lib/python3.8/site-packages:/home/keny/MANOS_ws/install/castelet/lib/python3.8/site-packages:/home/keny/MANOS_ws/install/camera/lib/python3.8/site-packages:/opt/ros/galactic/lib/python3.8/site-packages:/home/keny/acs/src/behaviors/ /usr/bin/python3 setup.py egg_info --egg-base ../../build/host_listener_package build --build-base /home/keny/MANOS_ws/build/host_listener_package/build install --record /home/keny/MANOS_ws/build/host_listener_package/install.log --single-version-externally-managed
