[1.723s] Invoking command in '/home/field/MANOS/src/camera': PYTHONPATH=/home/field/MANOS/build/camera/prefix_override:/home/field/MANOS/install/camera/lib/python3.8/site-packages:/home/field/MANOS/install/custom_msg/lib/python3.8/site-packages:/home/field/MANOS/install/host_listener_package/lib/python3.8/site-packages:/home/field/MANOS/install/hand_detector/lib/python3.8/site-packages:/home/field/MANOS/install/castelet/lib/python3.8/site-packages:/home/field/MANOS/install/camera/lib/python3.8/site-packages:/opt/ros/galactic/lib/python3.8/site-packages:/home/field/acs/src/behaviors/ /usr/bin/python3 setup.py egg_info --egg-base ../../build/camera build --build-base /home/field/MANOS/build/camera/build install --record /home/field/MANOS/build/camera/install.log --single-version-externally-managed
[1.838s] running egg_info
[1.838s] creating ../../build/camera/camera.egg-info
[1.838s] writing ../../build/camera/camera.egg-info/PKG-INFO
[1.838s] writing dependency_links to ../../build/camera/camera.egg-info/dependency_links.txt
[1.838s] writing entry points to ../../build/camera/camera.egg-info/entry_points.txt
[1.839s] writing requirements to ../../build/camera/camera.egg-info/requires.txt
[1.839s] writing top-level names to ../../build/camera/camera.egg-info/top_level.txt
[1.839s] writing manifest file '../../build/camera/camera.egg-info/SOURCES.txt'
[1.857s] reading manifest file '../../build/camera/camera.egg-info/SOURCES.txt'
[1.857s] writing manifest file '../../build/camera/camera.egg-info/SOURCES.txt'
[1.857s] running build
[1.857s] running build_py
[1.858s] creating /home/field/MANOS/build/camera/build
[1.858s] creating /home/field/MANOS/build/camera/build/lib
[1.858s] creating /home/field/MANOS/build/camera/build/lib/camera
[1.858s] copying camera/__init__.py -> /home/field/MANOS/build/camera/build/lib/camera
[1.858s] copying camera/camera.py -> /home/field/MANOS/build/camera/build/lib/camera
[1.858s] running install
[1.858s] running install_lib
[1.859s] creating /home/field/MANOS/install/camera/lib/python3.8/site-packages/camera
[1.859s] copying /home/field/MANOS/build/camera/build/lib/camera/__init__.py -> /home/field/MANOS/install/camera/lib/python3.8/site-packages/camera
[1.859s] copying /home/field/MANOS/build/camera/build/lib/camera/camera.py -> /home/field/MANOS/install/camera/lib/python3.8/site-packages/camera
[1.859s] byte-compiling /home/field/MANOS/install/camera/lib/python3.8/site-packages/camera/__init__.py to __init__.cpython-38.pyc
[1.860s] byte-compiling /home/field/MANOS/install/camera/lib/python3.8/site-packages/camera/camera.py to camera.cpython-38.pyc
[1.860s] running install_data
[1.860s] creating /home/field/MANOS/install/camera/share/ament_index
[1.860s] creating /home/field/MANOS/install/camera/share/ament_index/resource_index
[1.860s] creating /home/field/MANOS/install/camera/share/ament_index/resource_index/packages
[1.860s] copying resource/camera -> /home/field/MANOS/install/camera/share/ament_index/resource_index/packages
[1.860s] copying package.xml -> /home/field/MANOS/install/camera/share/camera
[1.860s] running install_egg_info
[1.861s] Copying ../../build/camera/camera.egg-info to /home/field/MANOS/install/camera/lib/python3.8/site-packages/camera-0.0.0-py3.8.egg-info
[1.861s] running install_scripts
[1.871s] Installing camera script to /home/field/MANOS/install/camera/lib/camera
[1.871s] writing list of installed files to '/home/field/MANOS/build/camera/install.log'
[1.884s] Invoked command in '/home/field/MANOS/src/camera' returned '0': PYTHONPATH=/home/field/MANOS/build/camera/prefix_override:/home/field/MANOS/install/camera/lib/python3.8/site-packages:/home/field/MANOS/install/custom_msg/lib/python3.8/site-packages:/home/field/MANOS/install/host_listener_package/lib/python3.8/site-packages:/home/field/MANOS/install/hand_detector/lib/python3.8/site-packages:/home/field/MANOS/install/castelet/lib/python3.8/site-packages:/home/field/MANOS/install/camera/lib/python3.8/site-packages:/opt/ros/galactic/lib/python3.8/site-packages:/home/field/acs/src/behaviors/ /usr/bin/python3 setup.py egg_info --egg-base ../../build/camera build --build-base /home/field/MANOS/build/camera/build install --record /home/field/MANOS/build/camera/install.log --single-version-externally-managed
