[0.702s] Invoking command in '/home/field/MANOS/build/servo_control': CMAKE_PREFIX_PATH=${CMAKE_PREFIX_PATH}:/home/field/MANOS/install/manos_manager:/home/field/MANOS/install/host_listener_package:/home/field/MANOS/install/hand_detector:/home/field/MANOS/install/custom_ros_controller:/home/field/MANOS/install/castelet:/home/field/MANOS/install/camera:/opt/ros/galactic /home/field/.local/bin/cmake --build /home/field/MANOS/build/servo_control -- -j20 -l20
[0.723s] -- Found ament_cmake: 1.1.6 (/opt/ros/galactic/share/ament_cmake/cmake)
[0.723s] [33mCMake Warning (dev) at /opt/ros/galactic/share/ament_cmake_core/cmake/core/python.cmake:22 (find_package):
[0.723s]   Policy CMP0148 is not set: The FindPythonInterp and FindPythonLibs modules
[0.724s]   are removed.  Run "cmake --help-policy CMP0148" for policy details.  Use
[0.724s]   the cmake_policy command to set the policy and suppress this warning.
[0.724s] 
[0.724s] Call Stack (most recent call first):
[0.724s]   /opt/ros/galactic/share/ament_cmake_core/cmake/core/all.cmake:53 (include)
[0.724s]   /opt/ros/galactic/share/ament_cmake_core/cmake/ament_cmake_core-extras.cmake:17 (include)
[0.724s]   /opt/ros/galactic/share/ament_cmake_core/cmake/ament_cmake_coreConfig.cmake:41 (include)
[0.724s]   /opt/ros/galactic/share/ament_cmake/cmake/ament_cmake_export_dependencies-extras.cmake:15 (find_package)
[0.724s]   /opt/ros/galactic/share/ament_cmake/cmake/ament_cmakeConfig.cmake:41 (include)
[0.724s]   CMakeLists.txt:9 (find_package)
[0.724s] This warning is for project developers.  Use -Wno-dev to suppress it.
[0.724s] [0m
[0.737s] -- Found PythonInterp: /usr/bin/python3 (found suitable version "3.8.10", minimum required is "3") 
[0.737s] -- Using PYTHON_EXECUTABLE: /usr/bin/python3
[0.777s] -- Found rosidl_default_generators: 1.1.1 (/opt/ros/galactic/share/rosidl_default_generators/cmake)
[0.778s] -- Using all available rosidl_typesupport_c: rosidl_typesupport_fastrtps_c;rosidl_typesupport_introspection_c
[0.780s] -- Found rosidl_adapter: 2.2.3 (/opt/ros/galactic/share/rosidl_adapter/cmake)
[0.869s] -- Using all available rosidl_typesupport_cpp: rosidl_typesupport_fastrtps_cpp;rosidl_typesupport_introspection_cpp
[0.883s] [33mCMake Warning (dev) at /opt/ros/galactic/share/rosidl_adapter/cmake/rosidl_adapt_interfaces.cmake:40 (find_package):
[0.883s]   Policy CMP0148 is not set: The FindPythonInterp and FindPythonLibs modules
[0.883s]   are removed.  Run "cmake --help-policy CMP0148" for policy details.  Use
[0.883s]   the cmake_policy command to set the policy and suppress this warning.
[0.883s] 
[0.883s] Call Stack (most recent call first):
[0.883s]   /opt/ros/galactic/share/rosidl_cmake/cmake/rosidl_generate_interfaces.cmake:130 (rosidl_adapt_interfaces)
[0.883s]   CMakeLists.txt:13 (rosidl_generate_interfaces)
[0.883s] This warning is for project developers.  Use -Wno-dev to suppress it.
[0.884s] [0m
[0.895s] -- Found PythonInterp: /usr/bin/python3 (found version "3.8.10") 
[0.968s] -- Found ament_cmake_ros: 0.9.2 (/opt/ros/galactic/share/ament_cmake_ros/cmake)
[1.027s] -- Using all available rosidl_typesupport_c: rosidl_typesupport_fastrtps_c;rosidl_typesupport_introspection_c
[1.030s] -- Using all available rosidl_typesupport_cpp: rosidl_typesupport_fastrtps_cpp;rosidl_typesupport_introspection_cpp
[1.032s] [33mCMake Warning (dev) at /opt/ros/galactic/share/rosidl_generator_py/cmake/rosidl_generator_py_generate_interfaces.cmake:20 (find_package):
[1.033s]   Policy CMP0148 is not set: The FindPythonInterp and FindPythonLibs modules
[1.033s]   are removed.  Run "cmake --help-policy CMP0148" for policy details.  Use
[1.034s]   the cmake_policy command to set the policy and suppress this warning.
[1.034s] 
[1.035s] Call Stack (most recent call first):
[1.035s]   /opt/ros/galactic/share/ament_cmake_core/cmake/core/ament_execute_extensions.cmake:48 (include)
[1.036s]   /opt/ros/galactic/share/rosidl_cmake/cmake/rosidl_generate_interfaces.cmake:286 (ament_execute_extensions)
[1.036s]   CMakeLists.txt:13 (rosidl_generate_interfaces)
[1.037s] This warning is for project developers.  Use -Wno-dev to suppress it.
[1.037s] [0m
[1.045s] -- Found PythonInterp: /usr/bin/python3 (found suitable version "3.8.10", minimum required is "3.5") 
[1.045s] -- Found python_cmake_module: 0.8.1 (/opt/ros/galactic/share/python_cmake_module/cmake)
[1.045s] [33mCMake Warning (dev) at /opt/ros/galactic/share/python_cmake_module/cmake/Modules/FindPythonExtra.cmake:45 (find_package):
[1.045s]   Policy CMP0148 is not set: The FindPythonInterp and FindPythonLibs modules
[1.045s]   are removed.  Run "cmake --help-policy CMP0148" for policy details.  Use
[1.045s]   the cmake_policy command to set the policy and suppress this warning.
[1.045s] 
[1.045s] Call Stack (most recent call first):
[1.045s]   /opt/ros/galactic/share/rosidl_generator_py/cmake/rosidl_generator_py_generate_interfaces.cmake:23 (find_package)
[1.045s]   /opt/ros/galactic/share/ament_cmake_core/cmake/core/ament_execute_extensions.cmake:48 (include)
[1.045s]   /opt/ros/galactic/share/rosidl_cmake/cmake/rosidl_generate_interfaces.cmake:286 (ament_execute_extensions)
[1.045s]   CMakeLists.txt:13 (rosidl_generate_interfaces)
[1.045s] This warning is for project developers.  Use -Wno-dev to suppress it.
[1.045s] [0m
[1.059s] [33mCMake Warning (dev) at /opt/ros/galactic/share/python_cmake_module/cmake/Modules/FindPythonExtra.cmake:133 (find_package):
[1.059s]   Policy CMP0148 is not set: The FindPythonInterp and FindPythonLibs modules
[1.059s]   are removed.  Run "cmake --help-policy CMP0148" for policy details.  Use
[1.059s]   the cmake_policy command to set the policy and suppress this warning.
[1.059s] 
[1.059s] Call Stack (most recent call first):
[1.059s]   /opt/ros/galactic/share/rosidl_generator_py/cmake/rosidl_generator_py_generate_interfaces.cmake:23 (find_package)
[1.060s]   /opt/ros/galactic/share/ament_cmake_core/cmake/core/ament_execute_extensions.cmake:48 (include)
[1.060s]   /opt/ros/galactic/share/rosidl_cmake/cmake/rosidl_generate_interfaces.cmake:286 (ament_execute_extensions)
[1.060s]   CMakeLists.txt:13 (rosidl_generate_interfaces)
[1.060s] This warning is for project developers.  Use -Wno-dev to suppress it.
[1.060s] [0m
[1.060s] -- Using PYTHON_EXECUTABLE: /usr/bin/python3
[1.060s] -- Using PYTHON_INCLUDE_DIRS: /usr/include/python3.8
[1.060s] -- Using PYTHON_LIBRARIES: /usr/lib/x86_64-linux-gnu/libpython3.8.so
[1.068s] -- Found ament_lint_auto: 0.10.7 (/opt/ros/galactic/share/ament_lint_auto/cmake)
[1.073s] -- Added test 'flake8' to check Python code syntax and style conventions
[1.074s] -- Added test 'lint_cmake' to check CMake code style
[1.074s] -- Added test 'pep257' to check Python code against some of the style conventions in PEP 257
[1.074s] -- Added test 'xmllint' to check XML markup files
[1.075s] -- Configuring done (0.4s)
[1.091s] -- Generating done (0.0s)
[1.093s] -- Build files have been written to: /home/field/MANOS/build/servo_control
[1.101s] [  3%] [34m[1mGenerating C code for ROS interfaces[0m
[1.103s] [  6%] [34m[1mGenerating C++ code for ROS interfaces[0m
[1.226s] [  6%] Built target servo_control__cpp
[1.228s] [  9%] [34m[1mGenerating C++ type support dispatch for ROS interfaces[0m
[1.228s] [ 12%] [34m[1mGenerating C++ type support for eProsima Fast-RTPS[0m
[1.229s] [ 16%] [34m[1mGenerating C++ introspection for ROS interfaces[0m
[1.232s] [ 19%] [32mBuilding C object CMakeFiles/servo_control__rosidl_generator_c.dir/rosidl_generator_c/servo_control/srv/detail/set_servo__functions.c.o[0m
[1.259s] [ 22%] [32m[1mLinking C shared library libservo_control__rosidl_generator_c.so[0m
[1.279s] [ 22%] Built target servo_control__rosidl_generator_c
[1.279s] [ 25%] [34m[1mGenerating C introspection for ROS interfaces[0m
[1.280s] [ 29%] [34m[1mGenerating C type support dispatch for ROS interfaces[0m
[1.346s] [ 32%] [32mBuilding CXX object CMakeFiles/servo_control__rosidl_typesupport_cpp.dir/rosidl_typesupport_cpp/servo_control/srv/set_servo__type_support.cpp.o[0m
[1.354s] [ 35%] [32mBuilding CXX object CMakeFiles/servo_control__rosidl_typesupport_introspection_cpp.dir/rosidl_typesupport_introspection_cpp/servo_control/srv/detail/set_servo__type_support.cpp.o[0m
[1.360s] [ 38%] [32mBuilding CXX object CMakeFiles/servo_control__rosidl_typesupport_fastrtps_cpp.dir/rosidl_typesupport_fastrtps_cpp/servo_control/srv/detail/dds_fastrtps/set_servo__type_support.cpp.o[0m
[1.406s] [ 41%] [32mBuilding C object CMakeFiles/servo_control__rosidl_typesupport_introspection_c.dir/rosidl_typesupport_introspection_c/servo_control/srv/detail/set_servo__type_support.c.o[0m
[1.421s] [ 45%] [32m[1mLinking C shared library libservo_control__rosidl_typesupport_introspection_c.so[0m
[1.430s] [ 45%] Built target servo_control__rosidl_typesupport_introspection_c
[1.439s] [ 48%] [32mBuilding CXX object CMakeFiles/servo_control__rosidl_typesupport_c.dir/rosidl_typesupport_c/servo_control/srv/set_servo__type_support.cpp.o[0m
[1.455s] [ 51%] [32m[1mLinking CXX shared library libservo_control__rosidl_typesupport_c.so[0m
[1.472s] [ 51%] Built target servo_control__rosidl_typesupport_c
[1.484s] [ 54%] [32m[1mLinking CXX shared library libservo_control__rosidl_typesupport_cpp.so[0m
[1.499s] [ 54%] Built target servo_control__rosidl_typesupport_cpp
[1.500s] [ 58%] [32m[1mLinking CXX shared library libservo_control__rosidl_typesupport_introspection_cpp.so[0m
[1.516s] [ 58%] Built target servo_control__rosidl_typesupport_introspection_cpp
[1.564s] [ 61%] [32m[1mLinking CXX shared library libservo_control__rosidl_typesupport_fastrtps_cpp.so[0m
[1.605s] [ 61%] Built target servo_control__rosidl_typesupport_fastrtps_cpp
[1.608s] [ 64%] [34m[1mGenerating C type support for eProsima Fast-RTPS[0m
[1.735s] [ 67%] [32mBuilding CXX object CMakeFiles/servo_control__rosidl_typesupport_fastrtps_c.dir/rosidl_typesupport_fastrtps_c/servo_control/srv/detail/set_servo__type_support_c.cpp.o[0m
[1.915s] [ 70%] [32m[1mLinking CXX shared library libservo_control__rosidl_typesupport_fastrtps_c.so[0m
[1.958s] [ 70%] Built target servo_control__rosidl_typesupport_fastrtps_c
[1.964s] [ 70%] Built target servo_control
[1.970s] [ 74%] [34m[1mGenerating Python code for ROS interfaces[0m
[2.224s] [ 74%] Built target servo_control__py
[2.231s] [ 77%] [32mBuilding C object CMakeFiles/servo_control__python.dir/rosidl_generator_py/servo_control/srv/_set_servo_s.c.o[0m
[2.280s] [ 80%] [32m[1mLinking C shared library rosidl_generator_py/servo_control/libservo_control__python.so[0m
[2.297s] [ 80%] Built target servo_control__python
[2.302s] [ 87%] [32mBuilding C object CMakeFiles/servo_control__rosidl_typesupport_introspection_c__pyext.dir/rosidl_generator_py/servo_control/_servo_control_s.ep.rosidl_typesupport_introspection_c.c.o[0m
[2.303s] [ 87%] [32mBuilding C object CMakeFiles/servo_control__rosidl_typesupport_fastrtps_c__pyext.dir/rosidl_generator_py/servo_control/_servo_control_s.ep.rosidl_typesupport_fastrtps_c.c.o[0m
[2.303s] [ 90%] [32mBuilding C object CMakeFiles/servo_control__rosidl_typesupport_c__pyext.dir/rosidl_generator_py/servo_control/_servo_control_s.ep.rosidl_typesupport_c.c.o[0m
[2.346s] [ 96%] [32m[1mLinking C shared library rosidl_generator_py/servo_control/servo_control_s__rosidl_typesupport_c.cpython-38-x86_64-linux-gnu.so[0m
[2.346s] [ 96%] [32m[1mLinking C shared library rosidl_generator_py/servo_control/servo_control_s__rosidl_typesupport_introspection_c.cpython-38-x86_64-linux-gnu.so[0m
[2.346s] [100%] [32m[1mLinking CXX shared library rosidl_generator_py/servo_control/servo_control_s__rosidl_typesupport_fastrtps_c.cpython-38-x86_64-linux-gnu.so[0m
[2.358s] [100%] Built target servo_control__rosidl_typesupport_introspection_c__pyext
[2.358s] [100%] Built target servo_control__rosidl_typesupport_c__pyext
[2.374s] [100%] Built target servo_control__rosidl_typesupport_fastrtps_c__pyext
[3.846s] Invoked command in '/home/field/MANOS/build/servo_control' returned '0': CMAKE_PREFIX_PATH=${CMAKE_PREFIX_PATH}:/home/field/MANOS/install/manos_manager:/home/field/MANOS/install/host_listener_package:/home/field/MANOS/install/hand_detector:/home/field/MANOS/install/custom_ros_controller:/home/field/MANOS/install/castelet:/home/field/MANOS/install/camera:/opt/ros/galactic /home/field/.local/bin/cmake --build /home/field/MANOS/build/servo_control -- -j20 -l20
[5.923s] Invoking command in '/home/field/MANOS/build/servo_control': CMAKE_PREFIX_PATH=${CMAKE_PREFIX_PATH}:/home/field/MANOS/install/manos_manager:/home/field/MANOS/install/host_listener_package:/home/field/MANOS/install/hand_detector:/home/field/MANOS/install/custom_ros_controller:/home/field/MANOS/install/castelet:/home/field/MANOS/install/camera:/opt/ros/galactic /home/field/.local/bin/cmake --install /home/field/MANOS/build/servo_control
[5.941s] -- Install configuration: ""
[5.941s] -- Up-to-date: /home/field/MANOS/install/servo_control/share/ament_index/resource_index/rosidl_interfaces/servo_control
[5.942s] -- Up-to-date: /home/field/MANOS/install/servo_control/include/servo_control
[5.942s] -- Up-to-date: /home/field/MANOS/install/servo_control/include/servo_control/msg
[5.942s] -- Up-to-date: /home/field/MANOS/install/servo_control/include/servo_control/msg/rosidl_generator_c__visibility_control.h
[5.942s] -- Up-to-date: /home/field/MANOS/install/servo_control/include/servo_control/srv
[5.942s] -- Installing: /home/field/MANOS/install/servo_control/include/servo_control/srv/set_servo.h
[5.943s] -- Up-to-date: /home/field/MANOS/install/servo_control/include/servo_control/srv/detail
[5.943s] -- Installing: /home/field/MANOS/install/servo_control/include/servo_control/srv/detail/set_servo__struct.h
[5.943s] -- Installing: /home/field/MANOS/install/servo_control/include/servo_control/srv/detail/set_servo__type_support.h
[5.943s] -- Installing: /home/field/MANOS/install/servo_control/include/servo_control/srv/detail/set_servo__functions.h
[5.943s] -- Installing: /home/field/MANOS/install/servo_control/include/servo_control/srv/detail/set_servo__functions.c
[5.943s] -- Up-to-date: /home/field/MANOS/install/servo_control/share/servo_control/environment/library_path.sh
[5.943s] -- Installing: /home/field/MANOS/install/servo_control/share/servo_control/environment/library_path.dsv
[5.943s] -- Installing: /home/field/MANOS/install/servo_control/lib/libservo_control__rosidl_generator_c.so
[5.943s] -- Set runtime path of "/home/field/MANOS/install/servo_control/lib/libservo_control__rosidl_generator_c.so" to ""
[5.943s] -- Up-to-date: /home/field/MANOS/install/servo_control/include/servo_control
[5.943s] -- Up-to-date: /home/field/MANOS/install/servo_control/include/servo_control/msg
[5.943s] -- Up-to-date: /home/field/MANOS/install/servo_control/include/servo_control/msg/rosidl_typesupport_fastrtps_c__visibility_control.h
[5.943s] -- Up-to-date: /home/field/MANOS/install/servo_control/include/servo_control/srv
[5.944s] -- Up-to-date: /home/field/MANOS/install/servo_control/include/servo_control/srv/detail
[5.944s] -- Installing: /home/field/MANOS/install/servo_control/include/servo_control/srv/detail/set_servo__rosidl_typesupport_fastrtps_c.h
[5.944s] -- Installing: /home/field/MANOS/install/servo_control/lib/libservo_control__rosidl_typesupport_fastrtps_c.so
[5.944s] -- Set runtime path of "/home/field/MANOS/install/servo_control/lib/libservo_control__rosidl_typesupport_fastrtps_c.so" to ""
[5.944s] -- Up-to-date: /home/field/MANOS/install/servo_control/include/servo_control
[5.944s] -- Up-to-date: /home/field/MANOS/install/servo_control/include/servo_control/msg
[5.944s] -- Up-to-date: /home/field/MANOS/install/servo_control/include/servo_control/msg/rosidl_typesupport_fastrtps_cpp__visibility_control.h
[5.944s] -- Up-to-date: /home/field/MANOS/install/servo_control/include/servo_control/srv
[5.944s] -- Up-to-date: /home/field/MANOS/install/servo_control/include/servo_control/srv/detail
[5.944s] -- Installing: /home/field/MANOS/install/servo_control/include/servo_control/srv/detail/set_servo__rosidl_typesupport_fastrtps_cpp.hpp
[5.944s] -- Up-to-date: /home/field/MANOS/install/servo_control/include/servo_control/srv/detail/dds_fastrtps
[5.944s] -- Installing: /home/field/MANOS/install/servo_control/lib/libservo_control__rosidl_typesupport_fastrtps_cpp.so
[5.944s] -- Set runtime path of "/home/field/MANOS/install/servo_control/lib/libservo_control__rosidl_typesupport_fastrtps_cpp.so" to ""
[5.944s] -- Up-to-date: /home/field/MANOS/install/servo_control/include/servo_control
[5.944s] -- Up-to-date: /home/field/MANOS/install/servo_control/include/servo_control/msg
[5.945s] -- Up-to-date: /home/field/MANOS/install/servo_control/include/servo_control/msg/rosidl_typesupport_introspection_c__visibility_control.h
[5.945s] -- Up-to-date: /home/field/MANOS/install/servo_control/include/servo_control/srv
[5.945s] -- Up-to-date: /home/field/MANOS/install/servo_control/include/servo_control/srv/detail
[5.945s] -- Installing: /home/field/MANOS/install/servo_control/include/servo_control/srv/detail/set_servo__rosidl_typesupport_introspection_c.h
[5.945s] -- Installing: /home/field/MANOS/install/servo_control/include/servo_control/srv/detail/set_servo__type_support.c
[5.945s] -- Installing: /home/field/MANOS/install/servo_control/lib/libservo_control__rosidl_typesupport_introspection_c.so
[5.945s] -- Set runtime path of "/home/field/MANOS/install/servo_control/lib/libservo_control__rosidl_typesupport_introspection_c.so" to ""
[5.945s] -- Installing: /home/field/MANOS/install/servo_control/lib/libservo_control__rosidl_typesupport_c.so
[5.945s] -- Set runtime path of "/home/field/MANOS/install/servo_control/lib/libservo_control__rosidl_typesupport_c.so" to ""
[5.945s] -- Up-to-date: /home/field/MANOS/install/servo_control/include/servo_control
[5.945s] -- Up-to-date: /home/field/MANOS/install/servo_control/include/servo_control/srv
[5.945s] -- Installing: /home/field/MANOS/install/servo_control/include/servo_control/srv/set_servo.hpp
[5.945s] -- Up-to-date: /home/field/MANOS/install/servo_control/include/servo_control/srv/detail
[5.945s] -- Installing: /home/field/MANOS/install/servo_control/include/servo_control/srv/detail/set_servo__traits.hpp
[5.945s] -- Installing: /home/field/MANOS/install/servo_control/include/servo_control/srv/detail/set_servo__builder.hpp
[5.945s] -- Installing: /home/field/MANOS/install/servo_control/include/servo_control/srv/detail/set_servo__struct.hpp
[5.946s] -- Up-to-date: /home/field/MANOS/install/servo_control/include/servo_control
[5.946s] -- Up-to-date: /home/field/MANOS/install/servo_control/include/servo_control/srv
[5.946s] -- Up-to-date: /home/field/MANOS/install/servo_control/include/servo_control/srv/detail
[5.946s] -- Installing: /home/field/MANOS/install/servo_control/include/servo_control/srv/detail/set_servo__type_support.cpp
[5.946s] -- Installing: /home/field/MANOS/install/servo_control/include/servo_control/srv/detail/set_servo__rosidl_typesupport_introspection_cpp.hpp
[5.946s] -- Installing: /home/field/MANOS/install/servo_control/lib/libservo_control__rosidl_typesupport_introspection_cpp.so
[5.946s] -- Set runtime path of "/home/field/MANOS/install/servo_control/lib/libservo_control__rosidl_typesupport_introspection_cpp.so" to ""
[5.946s] -- Installing: /home/field/MANOS/install/servo_control/lib/libservo_control__rosidl_typesupport_cpp.so
[5.946s] -- Set runtime path of "/home/field/MANOS/install/servo_control/lib/libservo_control__rosidl_typesupport_cpp.so" to ""
[5.946s] -- Up-to-date: /home/field/MANOS/install/servo_control/share/servo_control/environment/pythonpath.sh
[5.946s] -- Installing: /home/field/MANOS/install/servo_control/share/servo_control/environment/pythonpath.dsv
[5.946s] -- Installing: /home/field/MANOS/install/servo_control/lib/python3.8/site-packages/servo_control/__init__.py
[5.964s] Compiling '/home/field/MANOS/install/servo_control/lib/python3.8/site-packages/servo_control/__init__.py'...
[5.967s] -- Up-to-date: /home/field/MANOS/install/servo_control/lib/python3.8/site-packages/servo_control/srv
[5.967s] -- Installing: /home/field/MANOS/install/servo_control/lib/python3.8/site-packages/servo_control/srv/__init__.py
[5.967s] -- Installing: /home/field/MANOS/install/servo_control/lib/python3.8/site-packages/servo_control/srv/_set_servo_s.c
[5.967s] -- Installing: /home/field/MANOS/install/servo_control/lib/python3.8/site-packages/servo_control/srv/_set_servo.py
[5.967s] -- Installing: /home/field/MANOS/install/servo_control/lib/python3.8/site-packages/servo_control/servo_control_s__rosidl_typesupport_fastrtps_c.cpython-38-x86_64-linux-gnu.so
[5.968s] -- Set runtime path of "/home/field/MANOS/install/servo_control/lib/python3.8/site-packages/servo_control/servo_control_s__rosidl_typesupport_fastrtps_c.cpython-38-x86_64-linux-gnu.so" to ""
[5.968s] -- Installing: /home/field/MANOS/install/servo_control/lib/python3.8/site-packages/servo_control/servo_control_s__rosidl_typesupport_introspection_c.cpython-38-x86_64-linux-gnu.so
[5.968s] -- Set runtime path of "/home/field/MANOS/install/servo_control/lib/python3.8/site-packages/servo_control/servo_control_s__rosidl_typesupport_introspection_c.cpython-38-x86_64-linux-gnu.so" to ""
[5.968s] -- Installing: /home/field/MANOS/install/servo_control/lib/python3.8/site-packages/servo_control/servo_control_s__rosidl_typesupport_c.cpython-38-x86_64-linux-gnu.so
[5.968s] -- Set runtime path of "/home/field/MANOS/install/servo_control/lib/python3.8/site-packages/servo_control/servo_control_s__rosidl_typesupport_c.cpython-38-x86_64-linux-gnu.so" to ""
[5.968s] -- Installing: /home/field/MANOS/install/servo_control/lib/libservo_control__python.so
[5.968s] -- Set runtime path of "/home/field/MANOS/install/servo_control/lib/libservo_control__python.so" to ""
[5.968s] -- Installing: /home/field/MANOS/install/servo_control/share/servo_control/srv/SetServo.idl
[5.968s] -- Installing: /home/field/MANOS/install/servo_control/share/servo_control/srv/SetServo.srv
[5.969s] -- Installing: /home/field/MANOS/install/servo_control/share/servo_control/srv/SetServo_Request.msg
[5.969s] -- Up-to-date: /home/field/MANOS/install/servo_control/share/servo_control/srv/SetServo_Response.msg
[5.969s] -- Up-to-date: /home/field/MANOS/install/servo_control/lib/servo_control/servo_service.py
[5.969s] -- Up-to-date: /home/field/MANOS/install/servo_control/share/ament_index/resource_index/package_run_dependencies/servo_control
[5.969s] -- Up-to-date: /home/field/MANOS/install/servo_control/share/ament_index/resource_index/parent_prefix_path/servo_control
[5.969s] -- Up-to-date: /home/field/MANOS/install/servo_control/share/servo_control/environment/ament_prefix_path.sh
[5.969s] -- Installing: /home/field/MANOS/install/servo_control/share/servo_control/environment/ament_prefix_path.dsv
[5.969s] -- Up-to-date: /home/field/MANOS/install/servo_control/share/servo_control/environment/path.sh
[5.969s] -- Installing: /home/field/MANOS/install/servo_control/share/servo_control/environment/path.dsv
[5.969s] -- Up-to-date: /home/field/MANOS/install/servo_control/share/servo_control/local_setup.bash
[5.969s] -- Up-to-date: /home/field/MANOS/install/servo_control/share/servo_control/local_setup.sh
[5.969s] -- Up-to-date: /home/field/MANOS/install/servo_control/share/servo_control/local_setup.zsh
[5.970s] -- Installing: /home/field/MANOS/install/servo_control/share/servo_control/local_setup.dsv
[5.970s] -- Installing: /home/field/MANOS/install/servo_control/share/servo_control/package.dsv
[5.970s] -- Up-to-date: /home/field/MANOS/install/servo_control/share/ament_index/resource_index/packages/servo_control
[5.970s] -- Up-to-date: /home/field/MANOS/install/servo_control/share/servo_control/cmake/servo_control__rosidl_generator_cExport.cmake
[5.970s] -- Up-to-date: /home/field/MANOS/install/servo_control/share/servo_control/cmake/servo_control__rosidl_generator_cExport-noconfig.cmake
[5.970s] -- Up-to-date: /home/field/MANOS/install/servo_control/share/servo_control/cmake/servo_control__rosidl_typesupport_introspection_cExport.cmake
[5.970s] -- Up-to-date: /home/field/MANOS/install/servo_control/share/servo_control/cmake/servo_control__rosidl_typesupport_introspection_cExport-noconfig.cmake
[5.970s] -- Up-to-date: /home/field/MANOS/install/servo_control/share/servo_control/cmake/servo_control__rosidl_typesupport_cExport.cmake
[5.970s] -- Up-to-date: /home/field/MANOS/install/servo_control/share/servo_control/cmake/servo_control__rosidl_typesupport_cExport-noconfig.cmake
[5.970s] -- Up-to-date: /home/field/MANOS/install/servo_control/share/servo_control/cmake/servo_control__rosidl_generator_cppExport.cmake
[5.970s] -- Up-to-date: /home/field/MANOS/install/servo_control/share/servo_control/cmake/servo_control__rosidl_typesupport_introspection_cppExport.cmake
[5.970s] -- Up-to-date: /home/field/MANOS/install/servo_control/share/servo_control/cmake/servo_control__rosidl_typesupport_introspection_cppExport-noconfig.cmake
[5.971s] -- Up-to-date: /home/field/MANOS/install/servo_control/share/servo_control/cmake/servo_control__rosidl_typesupport_cppExport.cmake
[5.971s] -- Up-to-date: /home/field/MANOS/install/servo_control/share/servo_control/cmake/servo_control__rosidl_typesupport_cppExport-noconfig.cmake
[5.971s] -- Up-to-date: /home/field/MANOS/install/servo_control/share/servo_control/cmake/rosidl_cmake-extras.cmake
[5.971s] -- Up-to-date: /home/field/MANOS/install/servo_control/share/servo_control/cmake/ament_cmake_export_dependencies-extras.cmake
[5.971s] -- Up-to-date: /home/field/MANOS/install/servo_control/share/servo_control/cmake/ament_cmake_export_libraries-extras.cmake
[5.971s] -- Up-to-date: /home/field/MANOS/install/servo_control/share/servo_control/cmake/ament_cmake_export_targets-extras.cmake
[5.971s] -- Up-to-date: /home/field/MANOS/install/servo_control/share/servo_control/cmake/ament_cmake_export_include_directories-extras.cmake
[5.971s] -- Up-to-date: /home/field/MANOS/install/servo_control/share/servo_control/cmake/rosidl_cmake_export_typesupport_libraries-extras.cmake
[5.971s] -- Up-to-date: /home/field/MANOS/install/servo_control/share/servo_control/cmake/rosidl_cmake_export_typesupport_targets-extras.cmake
[5.971s] -- Up-to-date: /home/field/MANOS/install/servo_control/share/servo_control/cmake/servo_controlConfig.cmake
[5.971s] -- Up-to-date: /home/field/MANOS/install/servo_control/share/servo_control/cmake/servo_controlConfig-version.cmake
[5.971s] -- Up-to-date: /home/field/MANOS/install/servo_control/share/servo_control/package.xml
[5.975s] Invoked command in '/home/field/MANOS/build/servo_control' returned '0': CMAKE_PREFIX_PATH=${CMAKE_PREFIX_PATH}:/home/field/MANOS/install/manos_manager:/home/field/MANOS/install/host_listener_package:/home/field/MANOS/install/hand_detector:/home/field/MANOS/install/custom_ros_controller:/home/field/MANOS/install/castelet:/home/field/MANOS/install/camera:/opt/ros/galactic /home/field/.local/bin/cmake --install /home/field/MANOS/build/servo_control
