[2.543s] Invoking command in '/home/keny/MANOS_ws/src/camera': PYTHONPATH=/home/keny/MANOS_ws/build/camera/prefix_override:/home/keny/MANOS_ws/install/camera/lib/python3.8/site-packages:/home/keny/MANOS_ws/install/custom_msg/lib/python3.8/site-packages:/home/keny/MANOS_ws/install/py_launch_example/lib/python3.8/site-packages:/home/keny/MANOS_ws/install/manos_launch/lib/python3.8/site-packages:/home/keny/MANOS_ws/install/launch/lib/python3.8/site-packages:/home/keny/MANOS_ws/install/host_listener_package/lib/python3.8/site-packages:/home/keny/MANOS_ws/install/hand_detector_package/lib/python3.8/site-packages:/home/keny/MANOS_ws/install/hand_detector/lib/python3.8/site-packages:/home/keny/MANOS_ws/install/castelet/lib/python3.8/site-packages:/home/keny/MANOS_ws/install/camera/lib/python3.8/site-packages:/opt/ros/galactic/lib/python3.8/site-packages /usr/bin/python3 setup.py egg_info --egg-base ../../build/camera build --build-base /home/keny/MANOS_ws/build/camera/build install --record /home/keny/MANOS_ws/build/camera/install.log --single-version-externally-managed
[2.783s] running egg_info
[2.783s] writing ../../build/camera/camera.egg-info/PKG-INFO
[2.878s] writing dependency_links to ../../build/camera/camera.egg-info/dependency_links.txt
[2.879s] writing entry points to ../../build/camera/camera.egg-info/entry_points.txt
[2.879s] writing requirements to ../../build/camera/camera.egg-info/requires.txt
[2.882s] writing top-level names to ../../build/camera/camera.egg-info/top_level.txt
[2.934s] reading manifest file '../../build/camera/camera.egg-info/SOURCES.txt'
[2.935s] writing manifest file '../../build/camera/camera.egg-info/SOURCES.txt'
[2.935s] running build
[2.936s] running build_py
[2.936s] copying camera/camera.py -> /home/keny/MANOS_ws/build/camera/build/lib/camera
[2.936s] running install
[2.937s] running install_lib
[2.938s] copying /home/keny/MANOS_ws/build/camera/build/lib/camera/camera.py -> /home/keny/MANOS_ws/install/camera/lib/python3.8/site-packages/camera
[2.939s] byte-compiling /home/keny/MANOS_ws/install/camera/lib/python3.8/site-packages/camera/camera.py to camera.cpython-38.pyc
[2.941s] running install_data
[2.942s] running install_egg_info
[2.944s] removing '/home/keny/MANOS_ws/install/camera/lib/python3.8/site-packages/camera-0.0.0-py3.8.egg-info' (and everything under it)
[2.944s] Copying ../../build/camera/camera.egg-info to /home/keny/MANOS_ws/install/camera/lib/python3.8/site-packages/camera-0.0.0-py3.8.egg-info
[2.945s] running install_scripts
[2.963s] Installing camera script to /home/keny/MANOS_ws/install/camera/lib/camera
[2.964s] writing list of installed files to '/home/keny/MANOS_ws/build/camera/install.log'
[3.013s] Invoked command in '/home/keny/MANOS_ws/src/camera' returned '0': PYTHONPATH=/home/keny/MANOS_ws/build/camera/prefix_override:/home/keny/MANOS_ws/install/camera/lib/python3.8/site-packages:/home/keny/MANOS_ws/install/custom_msg/lib/python3.8/site-packages:/home/keny/MANOS_ws/install/py_launch_example/lib/python3.8/site-packages:/home/keny/MANOS_ws/install/manos_launch/lib/python3.8/site-packages:/home/keny/MANOS_ws/install/launch/lib/python3.8/site-packages:/home/keny/MANOS_ws/install/host_listener_package/lib/python3.8/site-packages:/home/keny/MANOS_ws/install/hand_detector_package/lib/python3.8/site-packages:/home/keny/MANOS_ws/install/hand_detector/lib/python3.8/site-packages:/home/keny/MANOS_ws/install/castelet/lib/python3.8/site-packages:/home/keny/MANOS_ws/install/camera/lib/python3.8/site-packages:/opt/ros/galactic/lib/python3.8/site-packages /usr/bin/python3 setup.py egg_info --egg-base ../../build/camera build --build-base /home/keny/MANOS_ws/build/camera/build install --record /home/keny/MANOS_ws/build/camera/install.log --single-version-externally-managed
