[3.741s] Invoking command in '/home/field/MANOS/src/camera': CMAKE_PREFIX_PATH=/home/field/MANOS/install/custom_msg:/home/field/MANOS/install/servo_control LD_LIBRARY_PATH=/home/field/MANOS/install/custom_msg/lib:/usr/local/cuda/lib64:/home/field/MANOS/install/servo_control/lib:/opt/ros/galactic/opt/yaml_cpp_vendor/lib:/opt/ros/galactic/opt/rviz_ogre_vendor/lib:/opt/ros/galactic/lib/x86_64-linux-gnu:/opt/ros/galactic/lib PYTHONPATH=/home/field/MANOS/build/camera/prefix_override:/home/field/MANOS/install/camera/lib/python3.8/site-packages:/home/field/MANOS/install/custom_msg/lib/python3.8/site-packages:/home/field/MANOS/install/servo_control/lib/python3.8/site-packages:/home/field/MANOS/install/manos_manager/lib/python3.8/site-packages:/home/field/MANOS/install/host_listener_package/lib/python3.8/site-packages:/home/field/MANOS/install/hand_detector/lib/python3.8/site-packages:/home/field/MANOS/install/custom_ros_controller/lib/python3.8/site-packages:/home/field/MANOS/install/castelet/lib/python3.8/site-packages:/home/field/MANOS/install/camera/lib/python3.8/site-packages:/opt/ros/galactic/lib/python3.8/site-packages /usr/bin/python3 setup.py egg_info --egg-base ../../build/camera build --build-base /home/field/MANOS/build/camera/build install --record /home/field/MANOS/build/camera/install.log --single-version-externally-managed
[3.871s] running egg_info
[3.871s] writing ../../build/camera/camera.egg-info/PKG-INFO
[3.871s] writing dependency_links to ../../build/camera/camera.egg-info/dependency_links.txt
[3.871s] writing entry points to ../../build/camera/camera.egg-info/entry_points.txt
[3.872s] writing requirements to ../../build/camera/camera.egg-info/requires.txt
[3.872s] writing top-level names to ../../build/camera/camera.egg-info/top_level.txt
[3.892s] reading manifest file '../../build/camera/camera.egg-info/SOURCES.txt'
[3.893s] writing manifest file '../../build/camera/camera.egg-info/SOURCES.txt'
[3.893s] running build
[3.893s] running build_py
[3.894s] copying camera/camera.py -> /home/field/MANOS/build/camera/build/lib/camera
[3.894s] running install
[3.895s] running install_lib
[3.895s] copying /home/field/MANOS/build/camera/build/lib/camera/camera.py -> /home/field/MANOS/install/camera/lib/python3.8/site-packages/camera
[3.895s] byte-compiling /home/field/MANOS/install/camera/lib/python3.8/site-packages/camera/camera.py to camera.cpython-38.pyc
[3.896s] running install_data
[3.896s] running install_egg_info
[3.897s] removing '/home/field/MANOS/install/camera/lib/python3.8/site-packages/camera-0.0.0-py3.8.egg-info' (and everything under it)
[3.897s] Copying ../../build/camera/camera.egg-info to /home/field/MANOS/install/camera/lib/python3.8/site-packages/camera-0.0.0-py3.8.egg-info
[3.897s] running install_scripts
[3.907s] Installing cam script to /home/field/MANOS/install/camera/lib/camera
[3.907s] Installing camera script to /home/field/MANOS/install/camera/lib/camera
[3.907s] writing list of installed files to '/home/field/MANOS/build/camera/install.log'
[5.129s] Invoked command in '/home/field/MANOS/src/camera' returned '0': CMAKE_PREFIX_PATH=/home/field/MANOS/install/custom_msg:/home/field/MANOS/install/servo_control LD_LIBRARY_PATH=/home/field/MANOS/install/custom_msg/lib:/usr/local/cuda/lib64:/home/field/MANOS/install/servo_control/lib:/opt/ros/galactic/opt/yaml_cpp_vendor/lib:/opt/ros/galactic/opt/rviz_ogre_vendor/lib:/opt/ros/galactic/lib/x86_64-linux-gnu:/opt/ros/galactic/lib PYTHONPATH=/home/field/MANOS/build/camera/prefix_override:/home/field/MANOS/install/camera/lib/python3.8/site-packages:/home/field/MANOS/install/custom_msg/lib/python3.8/site-packages:/home/field/MANOS/install/servo_control/lib/python3.8/site-packages:/home/field/MANOS/install/manos_manager/lib/python3.8/site-packages:/home/field/MANOS/install/host_listener_package/lib/python3.8/site-packages:/home/field/MANOS/install/hand_detector/lib/python3.8/site-packages:/home/field/MANOS/install/custom_ros_controller/lib/python3.8/site-packages:/home/field/MANOS/install/castelet/lib/python3.8/site-packages:/home/field/MANOS/install/camera/lib/python3.8/site-packages:/opt/ros/galactic/lib/python3.8/site-packages /usr/bin/python3 setup.py egg_info --egg-base ../../build/camera build --build-base /home/field/MANOS/build/camera/build install --record /home/field/MANOS/build/camera/install.log --single-version-externally-managed
