running egg_info
writing ../../build/manos_manager/manos_manager.egg-info/PKG-INFO
writing dependency_links to ../../build/manos_manager/manos_manager.egg-info/dependency_links.txt
writing entry points to ../../build/manos_manager/manos_manager.egg-info/entry_points.txt
writing requirements to ../../build/manos_manager/manos_manager.egg-info/requires.txt
writing top-level names to ../../build/manos_manager/manos_manager.egg-info/top_level.txt
reading manifest file '../../build/manos_manager/manos_manager.egg-info/SOURCES.txt'
writing manifest file '../../build/manos_manager/manos_manager.egg-info/SOURCES.txt'
running build
running build_py
copying manos_manager/manos_manager.py -> /home/keny/MANOS_ws/build/manos_manager/build/lib/manos_manager
copying manos_manager/__init__.py -> /home/keny/MANOS_ws/build/manos_manager/build/lib/manos_manager
running install
running install_lib
copying /home/keny/MANOS_ws/build/manos_manager/build/lib/manos_manager/manos_manager.py -> /home/keny/MANOS_ws/install/manos_manager/lib/python3.8/site-packages/manos_manager
copying /home/keny/MANOS_ws/build/manos_manager/build/lib/manos_manager/__init__.py -> /home/keny/MANOS_ws/install/manos_manager/lib/python3.8/site-packages/manos_manager
byte-compiling /home/keny/MANOS_ws/install/manos_manager/lib/python3.8/site-packages/manos_manager/manos_manager.py to manos_manager.cpython-38.pyc
byte-compiling /home/keny/MANOS_ws/install/manos_manager/lib/python3.8/site-packages/manos_manager/__init__.py to __init__.cpython-38.pyc
running install_data
copying resource/manos_manager -> /home/keny/MANOS_ws/install/manos_manager/share/ament_index/resource_index/packages
copying package.xml -> /home/keny/MANOS_ws/install/manos_manager/share/manos_manager
running install_egg_info
removing '/home/keny/MANOS_ws/install/manos_manager/lib/python3.8/site-packages/manos_manager-0.0.0-py3.8.egg-info' (and everything under it)
Copying ../../build/manos_manager/manos_manager.egg-info to /home/keny/MANOS_ws/install/manos_manager/lib/python3.8/site-packages/manos_manager-0.0.0-py3.8.egg-info
running install_scripts
Installing manos_manager script to /home/keny/MANOS_ws/install/manos_manager/lib/manos_manager
writing list of installed files to '/home/keny/MANOS_ws/build/manos_manager/install.log'
