[4.837s] Invoking command in '/home/keny/MANOS_ws/src/camera': PYTHONPATH=/home/keny/MANOS_ws/build/camera/prefix_override:/home/keny/MANOS_ws/install/camera/lib/python3.8/site-packages:/home/keny/MANOS_ws/install/custom_msg/lib/python3.8/site-packages:/home/keny/MANOS_ws/install/manos_manager/lib/python3.8/site-packages:/home/keny/MANOS_ws/install/host_listener_package/lib/python3.8/site-packages:/home/keny/MANOS_ws/install/hand_detector/lib/python3.8/site-packages:/home/keny/MANOS_ws/install/castelet/lib/python3.8/site-packages:/home/keny/MANOS_ws/install/camera/lib/python3.8/site-packages:/home/keny/MANOS_ws/install/CustomRosController/lib/python3.8/site-packages:/opt/ros/galactic/lib/python3.8/site-packages:/home/keny/acs/src/behaviors/ /usr/bin/python3 setup.py egg_info --egg-base ../../build/camera build --build-base /home/keny/MANOS_ws/build/camera/build install --record /home/keny/MANOS_ws/build/camera/install.log --single-version-externally-managed
[5.514s] running egg_info
[5.516s] writing ../../build/camera/camera.egg-info/PKG-INFO
[5.517s] writing dependency_links to ../../build/camera/camera.egg-info/dependency_links.txt
[5.517s] writing entry points to ../../build/camera/camera.egg-info/entry_points.txt
[5.518s] writing requirements to ../../build/camera/camera.egg-info/requires.txt
[5.518s] writing top-level names to ../../build/camera/camera.egg-info/top_level.txt
[5.599s] reading manifest file '../../build/camera/camera.egg-info/SOURCES.txt'
[5.601s] writing manifest file '../../build/camera/camera.egg-info/SOURCES.txt'
[5.601s] running build
[5.602s] running build_py
[5.602s] running install
[5.604s] running install_lib
[5.607s] running install_data
[5.608s] running install_egg_info
[5.612s] removing '/home/keny/MANOS_ws/install/camera/lib/python3.8/site-packages/camera-0.0.0-py3.8.egg-info' (and everything under it)
[5.613s] Copying ../../build/camera/camera.egg-info to /home/keny/MANOS_ws/install/camera/lib/python3.8/site-packages/camera-0.0.0-py3.8.egg-info
[5.615s] running install_scripts
[5.655s] Installing camera script to /home/keny/MANOS_ws/install/camera/lib/camera
[5.656s] writing list of installed files to '/home/keny/MANOS_ws/build/camera/install.log'
[5.705s] Invoked command in '/home/keny/MANOS_ws/src/camera' returned '0': PYTHONPATH=/home/keny/MANOS_ws/build/camera/prefix_override:/home/keny/MANOS_ws/install/camera/lib/python3.8/site-packages:/home/keny/MANOS_ws/install/custom_msg/lib/python3.8/site-packages:/home/keny/MANOS_ws/install/manos_manager/lib/python3.8/site-packages:/home/keny/MANOS_ws/install/host_listener_package/lib/python3.8/site-packages:/home/keny/MANOS_ws/install/hand_detector/lib/python3.8/site-packages:/home/keny/MANOS_ws/install/castelet/lib/python3.8/site-packages:/home/keny/MANOS_ws/install/camera/lib/python3.8/site-packages:/home/keny/MANOS_ws/install/CustomRosController/lib/python3.8/site-packages:/opt/ros/galactic/lib/python3.8/site-packages:/home/keny/acs/src/behaviors/ /usr/bin/python3 setup.py egg_info --egg-base ../../build/camera build --build-base /home/keny/MANOS_ws/build/camera/build install --record /home/keny/MANOS_ws/build/camera/install.log --single-version-externally-managed
