[1.835s] Invoking command in '/home/keny/MANOS_ws/src/castelet': PYTHONPATH=/home/keny/MANOS_ws/build/castelet/prefix_override:/home/keny/MANOS_ws/install/castelet/lib/python3.8/site-packages:${PYTHONPATH} /usr/bin/python3 setup.py egg_info --egg-base ../../build/castelet build --build-base /home/keny/MANOS_ws/build/castelet/build install --record /home/keny/MANOS_ws/build/castelet/install.log --single-version-externally-managed
[2.105s] running egg_info
[2.106s] writing ../../build/castelet/castelet.egg-info/PKG-INFO
[2.169s] writing dependency_links to ../../build/castelet/castelet.egg-info/dependency_links.txt
[2.169s] writing entry points to ../../build/castelet/castelet.egg-info/entry_points.txt
[2.170s] writing requirements to ../../build/castelet/castelet.egg-info/requires.txt
[2.170s] writing top-level names to ../../build/castelet/castelet.egg-info/top_level.txt
[2.211s] reading manifest file '../../build/castelet/castelet.egg-info/SOURCES.txt'
[2.212s] writing manifest file '../../build/castelet/castelet.egg-info/SOURCES.txt'
[2.213s] running build
[2.213s] running build_py
[2.214s] running install
[2.215s] running install_lib
[2.217s] running install_data
[2.218s] running install_egg_info
[2.219s] removing '/home/keny/MANOS_ws/install/castelet/lib/python3.8/site-packages/castelet-0.0.0-py3.8.egg-info' (and everything under it)
[2.219s] Copying ../../build/castelet/castelet.egg-info to /home/keny/MANOS_ws/install/castelet/lib/python3.8/site-packages/castelet-0.0.0-py3.8.egg-info
[2.220s] running install_scripts
[2.236s] Installing castelet script to /home/keny/MANOS_ws/install/castelet/lib/castelet
[2.236s] writing list of installed files to '/home/keny/MANOS_ws/build/castelet/install.log'
[2.259s] Invoked command in '/home/keny/MANOS_ws/src/castelet' returned '0': PYTHONPATH=/home/keny/MANOS_ws/build/castelet/prefix_override:/home/keny/MANOS_ws/install/castelet/lib/python3.8/site-packages:${PYTHONPATH} /usr/bin/python3 setup.py egg_info --egg-base ../../build/castelet build --build-base /home/keny/MANOS_ws/build/castelet/build install --record /home/keny/MANOS_ws/build/castelet/install.log --single-version-externally-managed
