[0.723s] Invoking command in '/home/keny/MANOS_ws/src/py_launch_example': AMENT_PREFIX_PATH=/home/keny/MANOS_ws/install/camera:/home/keny/MANOS_ws/install/py_launch_example:/home/keny/MANOS_ws/install/manos_launch:/home/keny/MANOS_ws/install/launch:/home/keny/MANOS_ws/install/host_listener_package:/home/keny/MANOS_ws/install/hand_detector:/home/keny/MANOS_ws/install/custom_msg:/home/keny/MANOS_ws/install/castelet:/opt/ros/galactic PYTHONPATH=/home/keny/MANOS_ws/build/py_launch_example/prefix_override:/home/keny/MANOS_ws/install/py_launch_example/lib/python3.8/site-packages:/home/keny/MANOS_ws/install/camera/lib/python3.8/site-packages:/home/keny/MANOS_ws/install/custom_msg/lib/python3.8/site-packages:/home/keny/MANOS_ws/install/py_launch_example/lib/python3.8/site-packages:/home/keny/MANOS_ws/install/manos_launch/lib/python3.8/site-packages:/home/keny/MANOS_ws/install/launch/lib/python3.8/site-packages:/home/keny/MANOS_ws/install/host_listener_package/lib/python3.8/site-packages:/home/keny/MANOS_ws/install/hand_detector_package/lib/python3.8/site-packages:/home/keny/MANOS_ws/install/hand_detector/lib/python3.8/site-packages:/home/keny/MANOS_ws/install/castelet/lib/python3.8/site-packages:/opt/ros/galactic/lib/python3.8/site-packages:/home/keny/acs/src/behaviors/ /usr/bin/python3 setup.py egg_info --egg-base ../../build/py_launch_example build --build-base /home/keny/MANOS_ws/build/py_launch_example/build install --record /home/keny/MANOS_ws/build/py_launch_example/install.log --single-version-externally-managed
[0.932s] running egg_info
[0.933s] writing ../../build/py_launch_example/py_launch_example.egg-info/PKG-INFO
[0.933s] writing dependency_links to ../../build/py_launch_example/py_launch_example.egg-info/dependency_links.txt
[0.933s] writing entry points to ../../build/py_launch_example/py_launch_example.egg-info/entry_points.txt
[0.934s] writing requirements to ../../build/py_launch_example/py_launch_example.egg-info/requires.txt
[0.934s] writing top-level names to ../../build/py_launch_example/py_launch_example.egg-info/top_level.txt
[0.958s] package init file 'py_launch_example/__init__.py' not found (or not a regular file)
[0.959s] reading manifest file '../../build/py_launch_example/py_launch_example.egg-info/SOURCES.txt'
[0.959s] writing manifest file '../../build/py_launch_example/py_launch_example.egg-info/SOURCES.txt'
[0.959s] running build
[0.960s] running build_py
[0.960s] running install
[0.960s] running install_lib
[0.961s] running install_data
[0.962s] running install_egg_info
[0.963s] removing '/home/keny/MANOS_ws/install/py_launch_example/lib/python3.8/site-packages/py_launch_example-0.0.0-py3.8.egg-info' (and everything under it)
[0.964s] Copying ../../build/py_launch_example/py_launch_example.egg-info to /home/keny/MANOS_ws/install/py_launch_example/lib/python3.8/site-packages/py_launch_example-0.0.0-py3.8.egg-info
[0.964s] running install_scripts
[0.976s] writing list of installed files to '/home/keny/MANOS_ws/build/py_launch_example/install.log'
[0.993s] Invoked command in '/home/keny/MANOS_ws/src/py_launch_example' returned '0': AMENT_PREFIX_PATH=/home/keny/MANOS_ws/install/camera:/home/keny/MANOS_ws/install/py_launch_example:/home/keny/MANOS_ws/install/manos_launch:/home/keny/MANOS_ws/install/launch:/home/keny/MANOS_ws/install/host_listener_package:/home/keny/MANOS_ws/install/hand_detector:/home/keny/MANOS_ws/install/custom_msg:/home/keny/MANOS_ws/install/castelet:/opt/ros/galactic PYTHONPATH=/home/keny/MANOS_ws/build/py_launch_example/prefix_override:/home/keny/MANOS_ws/install/py_launch_example/lib/python3.8/site-packages:/home/keny/MANOS_ws/install/camera/lib/python3.8/site-packages:/home/keny/MANOS_ws/install/custom_msg/lib/python3.8/site-packages:/home/keny/MANOS_ws/install/py_launch_example/lib/python3.8/site-packages:/home/keny/MANOS_ws/install/manos_launch/lib/python3.8/site-packages:/home/keny/MANOS_ws/install/launch/lib/python3.8/site-packages:/home/keny/MANOS_ws/install/host_listener_package/lib/python3.8/site-packages:/home/keny/MANOS_ws/install/hand_detector_package/lib/python3.8/site-packages:/home/keny/MANOS_ws/install/hand_detector/lib/python3.8/site-packages:/home/keny/MANOS_ws/install/castelet/lib/python3.8/site-packages:/opt/ros/galactic/lib/python3.8/site-packages:/home/keny/acs/src/behaviors/ /usr/bin/python3 setup.py egg_info --egg-base ../../build/py_launch_example build --build-base /home/keny/MANOS_ws/build/py_launch_example/build install --record /home/keny/MANOS_ws/build/py_launch_example/install.log --single-version-externally-managed
