[1.509s] Invoking command in '/home/keny/MANOS_ws/src/castelet': PYTHONPATH=/home/keny/MANOS_ws/build/castelet/prefix_override:/home/keny/MANOS_ws/install/castelet/lib/python3.8/site-packages:/home/keny/MANOS_ws/install/custom_msg/lib/python3.8/site-packages:/home/keny/MANOS_ws/install/host_listener_package/lib/python3.8/site-packages:/home/keny/MANOS_ws/install/hand_detector/lib/python3.8/site-packages:/home/keny/MANOS_ws/install/castelet/lib/python3.8/site-packages:/home/keny/MANOS_ws/install/camera/lib/python3.8/site-packages:/opt/ros/galactic/lib/python3.8/site-packages:/home/keny/acs/src/behaviors/ /usr/bin/python3 setup.py egg_info --egg-base ../../build/castelet build --build-base /home/keny/MANOS_ws/build/castelet/build install --record /home/keny/MANOS_ws/build/castelet/install.log --single-version-externally-managed
[1.783s] running egg_info
[1.783s] writing ../../build/castelet/castelet.egg-info/PKG-INFO
[1.784s] writing dependency_links to ../../build/castelet/castelet.egg-info/dependency_links.txt
[1.784s] writing entry points to ../../build/castelet/castelet.egg-info/entry_points.txt
[1.784s] writing requirements to ../../build/castelet/castelet.egg-info/requires.txt
[1.784s] writing top-level names to ../../build/castelet/castelet.egg-info/top_level.txt
[1.822s] reading manifest file '../../build/castelet/castelet.egg-info/SOURCES.txt'
[1.823s] writing manifest file '../../build/castelet/castelet.egg-info/SOURCES.txt'
[1.823s] running build
[1.824s] running build_py
[1.824s] running install
[1.824s] running install_lib
[1.826s] running install_data
[1.826s] running install_egg_info
[1.828s] removing '/home/keny/MANOS_ws/install/castelet/lib/python3.8/site-packages/castelet-0.0.0-py3.8.egg-info' (and everything under it)
[1.829s] Copying ../../build/castelet/castelet.egg-info to /home/keny/MANOS_ws/install/castelet/lib/python3.8/site-packages/castelet-0.0.0-py3.8.egg-info
[1.829s] running install_scripts
[1.847s] Installing castelet script to /home/keny/MANOS_ws/install/castelet/lib/castelet
[1.848s] writing list of installed files to '/home/keny/MANOS_ws/build/castelet/install.log'
[1.893s] Invoked command in '/home/keny/MANOS_ws/src/castelet' returned '0': PYTHONPATH=/home/keny/MANOS_ws/build/castelet/prefix_override:/home/keny/MANOS_ws/install/castelet/lib/python3.8/site-packages:/home/keny/MANOS_ws/install/custom_msg/lib/python3.8/site-packages:/home/keny/MANOS_ws/install/host_listener_package/lib/python3.8/site-packages:/home/keny/MANOS_ws/install/hand_detector/lib/python3.8/site-packages:/home/keny/MANOS_ws/install/castelet/lib/python3.8/site-packages:/home/keny/MANOS_ws/install/camera/lib/python3.8/site-packages:/opt/ros/galactic/lib/python3.8/site-packages:/home/keny/acs/src/behaviors/ /usr/bin/python3 setup.py egg_info --egg-base ../../build/castelet build --build-base /home/keny/MANOS_ws/build/castelet/build install --record /home/keny/MANOS_ws/build/castelet/install.log --single-version-externally-managed
