[1.548s] Invoking command in '/home/keny/MANOS_ws/src/camera': PYTHONPATH=/home/keny/MANOS_ws/build/camera/prefix_override:/home/keny/MANOS_ws/install/camera/lib/python3.8/site-packages:/home/keny/MANOS_ws/install/custom_msg/lib/python3.8/site-packages:/home/keny/MANOS_ws/install/py_launch_example/lib/python3.8/site-packages:/home/keny/MANOS_ws/install/manos_launch/lib/python3.8/site-packages:/home/keny/MANOS_ws/install/launch/lib/python3.8/site-packages:/home/keny/MANOS_ws/install/host_listener_package/lib/python3.8/site-packages:/home/keny/MANOS_ws/install/hand_detector_package/lib/python3.8/site-packages:/home/keny/MANOS_ws/install/hand_detector/lib/python3.8/site-packages:/home/keny/MANOS_ws/install/castelet/lib/python3.8/site-packages:/home/keny/MANOS_ws/install/camera/lib/python3.8/site-packages:/opt/ros/galactic/lib/python3.8/site-packages:/home/keny/acs/src/behaviors/ /usr/bin/python3 setup.py egg_info --egg-base ../../build/camera build --build-base /home/keny/MANOS_ws/build/camera/build install --record /home/keny/MANOS_ws/build/camera/install.log --single-version-externally-managed
[1.815s] running egg_info
[1.816s] creating ../../build/camera/camera.egg-info
[1.816s] writing ../../build/camera/camera.egg-info/PKG-INFO
[1.817s] writing dependency_links to ../../build/camera/camera.egg-info/dependency_links.txt
[1.817s] writing entry points to ../../build/camera/camera.egg-info/entry_points.txt
[1.817s] writing requirements to ../../build/camera/camera.egg-info/requires.txt
[1.817s] writing top-level names to ../../build/camera/camera.egg-info/top_level.txt
[1.818s] writing manifest file '../../build/camera/camera.egg-info/SOURCES.txt'
[1.852s] reading manifest file '../../build/camera/camera.egg-info/SOURCES.txt'
[1.852s] writing manifest file '../../build/camera/camera.egg-info/SOURCES.txt'
[1.878s] running build
[1.878s] running build_py
[1.878s] creating /home/keny/MANOS_ws/build/camera/build
[1.878s] creating /home/keny/MANOS_ws/build/camera/build/lib
[1.878s] creating /home/keny/MANOS_ws/build/camera/build/lib/camera
[1.878s] copying camera/camera.py -> /home/keny/MANOS_ws/build/camera/build/lib/camera
[1.878s] copying camera/__init__.py -> /home/keny/MANOS_ws/build/camera/build/lib/camera
[1.878s] running install
[1.879s] running install_lib
[1.880s] creating /home/keny/MANOS_ws/install/camera/lib/python3.8/site-packages/camera
[1.880s] copying /home/keny/MANOS_ws/build/camera/build/lib/camera/camera.py -> /home/keny/MANOS_ws/install/camera/lib/python3.8/site-packages/camera
[1.880s] copying /home/keny/MANOS_ws/build/camera/build/lib/camera/__init__.py -> /home/keny/MANOS_ws/install/camera/lib/python3.8/site-packages/camera
[1.881s] byte-compiling /home/keny/MANOS_ws/install/camera/lib/python3.8/site-packages/camera/camera.py to camera.cpython-38.pyc
[1.882s] byte-compiling /home/keny/MANOS_ws/install/camera/lib/python3.8/site-packages/camera/__init__.py to __init__.cpython-38.pyc
[1.882s] running install_data
[1.889s] creating /home/keny/MANOS_ws/install/camera/share/ament_index
[1.889s] creating /home/keny/MANOS_ws/install/camera/share/ament_index/resource_index
[1.889s] creating /home/keny/MANOS_ws/install/camera/share/ament_index/resource_index/packages
[1.889s] copying resource/camera -> /home/keny/MANOS_ws/install/camera/share/ament_index/resource_index/packages
[1.889s] copying package.xml -> /home/keny/MANOS_ws/install/camera/share/camera
[1.889s] running install_egg_info
[1.894s] Copying ../../build/camera/camera.egg-info to /home/keny/MANOS_ws/install/camera/lib/python3.8/site-packages/camera-0.0.0-py3.8.egg-info
[1.895s] running install_scripts
[1.906s] Installing camera script to /home/keny/MANOS_ws/install/camera/lib/camera
[1.907s] writing list of installed files to '/home/keny/MANOS_ws/build/camera/install.log'
[1.935s] Invoked command in '/home/keny/MANOS_ws/src/camera' returned '0': PYTHONPATH=/home/keny/MANOS_ws/build/camera/prefix_override:/home/keny/MANOS_ws/install/camera/lib/python3.8/site-packages:/home/keny/MANOS_ws/install/custom_msg/lib/python3.8/site-packages:/home/keny/MANOS_ws/install/py_launch_example/lib/python3.8/site-packages:/home/keny/MANOS_ws/install/manos_launch/lib/python3.8/site-packages:/home/keny/MANOS_ws/install/launch/lib/python3.8/site-packages:/home/keny/MANOS_ws/install/host_listener_package/lib/python3.8/site-packages:/home/keny/MANOS_ws/install/hand_detector_package/lib/python3.8/site-packages:/home/keny/MANOS_ws/install/hand_detector/lib/python3.8/site-packages:/home/keny/MANOS_ws/install/castelet/lib/python3.8/site-packages:/home/keny/MANOS_ws/install/camera/lib/python3.8/site-packages:/opt/ros/galactic/lib/python3.8/site-packages:/home/keny/acs/src/behaviors/ /usr/bin/python3 setup.py egg_info --egg-base ../../build/camera build --build-base /home/keny/MANOS_ws/build/camera/build install --record /home/keny/MANOS_ws/build/camera/install.log --single-version-externally-managed
