[1.951s] Invoking command in '/home/field/MANOS/src/custom_ros_controller': PYTHONPATH=/home/field/MANOS/build/custom_ros_controller/prefix_override:/home/field/MANOS/install/custom_ros_controller/lib/python3.8/site-packages:/home/field/MANOS/install/custom_msg/lib/python3.8/site-packages:/home/field/MANOS/install/manos_manager/lib/python3.8/site-packages:/home/field/MANOS/install/host_listener_package/lib/python3.8/site-packages:/home/field/MANOS/install/hand_detector/lib/python3.8/site-packages:/home/field/MANOS/install/custom_ros_controller/lib/python3.8/site-packages:/home/field/MANOS/install/castelet/lib/python3.8/site-packages:/home/field/MANOS/install/camera/lib/python3.8/site-packages:/opt/ros/galactic/lib/python3.8/site-packages /usr/bin/python3 setup.py egg_info --egg-base ../../build/custom_ros_controller build --build-base /home/field/MANOS/build/custom_ros_controller/build install --record /home/field/MANOS/build/custom_ros_controller/install.log --single-version-externally-managed
[2.083s] running egg_info
[2.083s] writing ../../build/custom_ros_controller/custom_ros_controller.egg-info/PKG-INFO
[2.083s] writing dependency_links to ../../build/custom_ros_controller/custom_ros_controller.egg-info/dependency_links.txt
[2.083s] writing entry points to ../../build/custom_ros_controller/custom_ros_controller.egg-info/entry_points.txt
[2.084s] writing requirements to ../../build/custom_ros_controller/custom_ros_controller.egg-info/requires.txt
[2.084s] writing top-level names to ../../build/custom_ros_controller/custom_ros_controller.egg-info/top_level.txt
[2.104s] reading manifest file '../../build/custom_ros_controller/custom_ros_controller.egg-info/SOURCES.txt'
[2.104s] writing manifest file '../../build/custom_ros_controller/custom_ros_controller.egg-info/SOURCES.txt'
[2.104s] running build
[2.104s] running build_py
[2.105s] copying custom_ros_controller/custom_ros_controller.py -> /home/field/MANOS/build/custom_ros_controller/build/lib/custom_ros_controller
[2.105s] running install
[2.105s] running install_lib
[2.106s] copying /home/field/MANOS/build/custom_ros_controller/build/lib/custom_ros_controller/custom_ros_controller.py -> /home/field/MANOS/install/custom_ros_controller/lib/python3.8/site-packages/custom_ros_controller
[2.106s] byte-compiling /home/field/MANOS/install/custom_ros_controller/lib/python3.8/site-packages/custom_ros_controller/custom_ros_controller.py to custom_ros_controller.cpython-38.pyc
[2.108s] running install_data
[2.108s] running install_egg_info
[2.109s] removing '/home/field/MANOS/install/custom_ros_controller/lib/python3.8/site-packages/custom_ros_controller-0.0.0-py3.8.egg-info' (and everything under it)
[2.109s] Copying ../../build/custom_ros_controller/custom_ros_controller.egg-info to /home/field/MANOS/install/custom_ros_controller/lib/python3.8/site-packages/custom_ros_controller-0.0.0-py3.8.egg-info
[2.109s] running install_scripts
[2.121s] Installing custom_ros_controller script to /home/field/MANOS/install/custom_ros_controller/lib/custom_ros_controller
[2.121s] writing list of installed files to '/home/field/MANOS/build/custom_ros_controller/install.log'
[2.428s] Invoked command in '/home/field/MANOS/src/custom_ros_controller' returned '0': PYTHONPATH=/home/field/MANOS/build/custom_ros_controller/prefix_override:/home/field/MANOS/install/custom_ros_controller/lib/python3.8/site-packages:/home/field/MANOS/install/custom_msg/lib/python3.8/site-packages:/home/field/MANOS/install/manos_manager/lib/python3.8/site-packages:/home/field/MANOS/install/host_listener_package/lib/python3.8/site-packages:/home/field/MANOS/install/hand_detector/lib/python3.8/site-packages:/home/field/MANOS/install/custom_ros_controller/lib/python3.8/site-packages:/home/field/MANOS/install/castelet/lib/python3.8/site-packages:/home/field/MANOS/install/camera/lib/python3.8/site-packages:/opt/ros/galactic/lib/python3.8/site-packages /usr/bin/python3 setup.py egg_info --egg-base ../../build/custom_ros_controller build --build-base /home/field/MANOS/build/custom_ros_controller/build install --record /home/field/MANOS/build/custom_ros_controller/install.log --single-version-externally-managed
