running egg_info
creating ../../build/hand_detector/hand_detector.egg-info
writing ../../build/hand_detector/hand_detector.egg-info/PKG-INFO
writing dependency_links to ../../build/hand_detector/hand_detector.egg-info/dependency_links.txt
writing entry points to ../../build/hand_detector/hand_detector.egg-info/entry_points.txt
writing requirements to ../../build/hand_detector/hand_detector.egg-info/requires.txt
writing top-level names to ../../build/hand_detector/hand_detector.egg-info/top_level.txt
writing manifest file '../../build/hand_detector/hand_detector.egg-info/SOURCES.txt'
reading manifest file '../../build/hand_detector/hand_detector.egg-info/SOURCES.txt'
writing manifest file '../../build/hand_detector/hand_detector.egg-info/SOURCES.txt'
running build
running build_py
creating /home/keny/MANOS_ws/build/hand_detector/build
creating /home/keny/MANOS_ws/build/hand_detector/build/lib
creating /home/keny/MANOS_ws/build/hand_detector/build/lib/hand_detector
copying hand_detector/hand_detector.py -> /home/keny/MANOS_ws/build/hand_detector/build/lib/hand_detector
copying hand_detector/__init__.py -> /home/keny/MANOS_ws/build/hand_detector/build/lib/hand_detector
running install
running install_lib
creating /home/keny/MANOS_ws/install/hand_detector/lib/python3.8/site-packages/hand_detector
copying /home/keny/MANOS_ws/build/hand_detector/build/lib/hand_detector/hand_detector.py -> /home/keny/MANOS_ws/install/hand_detector/lib/python3.8/site-packages/hand_detector
copying /home/keny/MANOS_ws/build/hand_detector/build/lib/hand_detector/__init__.py -> /home/keny/MANOS_ws/install/hand_detector/lib/python3.8/site-packages/hand_detector
byte-compiling /home/keny/MANOS_ws/install/hand_detector/lib/python3.8/site-packages/hand_detector/hand_detector.py to hand_detector.cpython-38.pyc
byte-compiling /home/keny/MANOS_ws/install/hand_detector/lib/python3.8/site-packages/hand_detector/__init__.py to __init__.cpython-38.pyc
running install_data
creating /home/keny/MANOS_ws/install/hand_detector/share/ament_index
creating /home/keny/MANOS_ws/install/hand_detector/share/ament_index/resource_index
creating /home/keny/MANOS_ws/install/hand_detector/share/ament_index/resource_index/packages
copying resource/hand_detector -> /home/keny/MANOS_ws/install/hand_detector/share/ament_index/resource_index/packages
copying package.xml -> /home/keny/MANOS_ws/install/hand_detector/share/hand_detector
running install_egg_info
Copying ../../build/hand_detector/hand_detector.egg-info to /home/keny/MANOS_ws/install/hand_detector/lib/python3.8/site-packages/hand_detector-0.0.0-py3.8.egg-info
running install_scripts
Installing hand_detector script to /home/keny/MANOS_ws/install/hand_detector/lib/hand_detector
writing list of installed files to '/home/keny/MANOS_ws/build/hand_detector/install.log'
