[0.156s] DEBUG:colcon:Command line arguments: ['/usr/bin/colcon', 'build']
[0.156s] DEBUG:colcon:Parsed command line arguments: Namespace(allow_overriding=[], ament_cmake_args=None, base_paths=['.'], build_base='build', catkin_cmake_args=None, catkin_skip_building_tests=False, cmake_args=None, cmake_clean_cache=False, cmake_clean_first=False, cmake_force_configure=False, cmake_target=None, cmake_target_skip_unavailable=False, continue_on_error=False, event_handlers=None, executor='parallel', ignore_user_meta=False, install_base='install', log_base=None, log_level=None, main=<bound method BuildVerb.main of <colcon_core.verb.build.BuildVerb object at 0x7fe98747c7f0>>, merge_install=False, metas=['./colcon.meta'], packages_above=None, packages_above_and_dependencies=None, packages_above_depth=None, packages_end=None, packages_ignore=None, packages_ignore_regex=None, packages_select=None, packages_select_build_failed=False, packages_select_by_dep=None, packages_select_regex=None, packages_select_test_failures=False, packages_skip=None, packages_skip_build_finished=False, packages_skip_by_dep=None, packages_skip_regex=None, packages_skip_test_passed=False, packages_skip_up_to=None, packages_start=None, packages_up_to=None, packages_up_to_regex=None, parallel_workers=16, paths=None, symlink_install=False, test_result_base=None, verb_extension=<colcon_core.verb.build.BuildVerb object at 0x7fe98747c7f0>, verb_name='build', verb_parser=<colcon_defaults.argument_parser.defaults.DefaultArgumentsDecorator object at 0x7fe98747cd60>)
[0.184s] Level 1:colcon.colcon_core.package_discovery:discover_packages(colcon_meta) check parameters
[0.184s] Level 1:colcon.colcon_core.package_discovery:discover_packages(recursive) check parameters
[0.184s] Level 1:colcon.colcon_core.package_discovery:discover_packages(ignore) check parameters
[0.184s] Level 1:colcon.colcon_core.package_discovery:discover_packages(path) check parameters
[0.184s] Level 1:colcon.colcon_core.package_discovery:discover_packages(colcon_meta) discover
[0.184s] Level 1:colcon.colcon_core.package_discovery:discover_packages(recursive) discover
[0.185s] INFO:colcon.colcon_core.package_discovery:Crawling recursively for packages in '/home/keny/MANOS_ws'
[0.185s] Level 1:colcon.colcon_core.package_identification:_identify(.) by extensions ['ignore', 'ignore_ament_install']
[0.185s] Level 1:colcon.colcon_core.package_identification:_identify(.) by extension 'ignore'
[0.185s] Level 1:colcon.colcon_core.package_identification:_identify(.) by extension 'ignore_ament_install'
[0.185s] Level 1:colcon.colcon_core.package_identification:_identify(.) by extensions ['colcon_pkg']
[0.185s] Level 1:colcon.colcon_core.package_identification:_identify(.) by extension 'colcon_pkg'
[0.185s] Level 1:colcon.colcon_core.package_identification:_identify(.) by extensions ['colcon_meta']
[0.185s] Level 1:colcon.colcon_core.package_identification:_identify(.) by extension 'colcon_meta'
[0.185s] Level 1:colcon.colcon_core.package_identification:_identify(.) by extensions ['ros']
[0.185s] Level 1:colcon.colcon_core.package_identification:_identify(.) by extension 'ros'
[0.194s] Level 1:colcon.colcon_core.package_identification:_identify(.) by extensions ['cmake', 'python']
[0.194s] Level 1:colcon.colcon_core.package_identification:_identify(.) by extension 'cmake'
[0.194s] Level 1:colcon.colcon_core.package_identification:_identify(.) by extension 'python'
[0.194s] Level 1:colcon.colcon_core.package_identification:_identify(.) by extensions ['python_setup_py']
[0.194s] Level 1:colcon.colcon_core.package_identification:_identify(.) by extension 'python_setup_py'
[0.194s] Level 1:colcon.colcon_core.package_identification:_identify(build) by extensions ['ignore', 'ignore_ament_install']
[0.194s] Level 1:colcon.colcon_core.package_identification:_identify(build) by extension 'ignore'
[0.195s] Level 1:colcon.colcon_core.package_identification:_identify(build) ignored
[0.195s] Level 1:colcon.colcon_core.package_identification:_identify(install) by extensions ['ignore', 'ignore_ament_install']
[0.195s] Level 1:colcon.colcon_core.package_identification:_identify(install) by extension 'ignore'
[0.195s] Level 1:colcon.colcon_core.package_identification:_identify(install) ignored
[0.195s] Level 1:colcon.colcon_core.package_identification:_identify(log) by extensions ['ignore', 'ignore_ament_install']
[0.195s] Level 1:colcon.colcon_core.package_identification:_identify(log) by extension 'ignore'
[0.196s] Level 1:colcon.colcon_core.package_identification:_identify(log) ignored
[0.196s] Level 1:colcon.colcon_core.package_identification:_identify(src) by extensions ['ignore', 'ignore_ament_install']
[0.196s] Level 1:colcon.colcon_core.package_identification:_identify(src) by extension 'ignore'
[0.196s] Level 1:colcon.colcon_core.package_identification:_identify(src) by extension 'ignore_ament_install'
[0.196s] Level 1:colcon.colcon_core.package_identification:_identify(src) by extensions ['colcon_pkg']
[0.196s] Level 1:colcon.colcon_core.package_identification:_identify(src) by extension 'colcon_pkg'
[0.196s] Level 1:colcon.colcon_core.package_identification:_identify(src) by extensions ['colcon_meta']
[0.196s] Level 1:colcon.colcon_core.package_identification:_identify(src) by extension 'colcon_meta'
[0.196s] Level 1:colcon.colcon_core.package_identification:_identify(src) by extensions ['ros']
[0.196s] Level 1:colcon.colcon_core.package_identification:_identify(src) by extension 'ros'
[0.196s] Level 1:colcon.colcon_core.package_identification:_identify(src) by extensions ['cmake', 'python']
[0.196s] Level 1:colcon.colcon_core.package_identification:_identify(src) by extension 'cmake'
[0.196s] Level 1:colcon.colcon_core.package_identification:_identify(src) by extension 'python'
[0.196s] Level 1:colcon.colcon_core.package_identification:_identify(src) by extensions ['python_setup_py']
[0.196s] Level 1:colcon.colcon_core.package_identification:_identify(src) by extension 'python_setup_py'
[0.196s] Level 1:colcon.colcon_core.package_identification:_identify(src/camera) by extensions ['ignore', 'ignore_ament_install']
[0.196s] Level 1:colcon.colcon_core.package_identification:_identify(src/camera) by extension 'ignore'
[0.197s] Level 1:colcon.colcon_core.package_identification:_identify(src/camera) by extension 'ignore_ament_install'
[0.197s] Level 1:colcon.colcon_core.package_identification:_identify(src/camera) by extensions ['colcon_pkg']
[0.197s] Level 1:colcon.colcon_core.package_identification:_identify(src/camera) by extension 'colcon_pkg'
[0.197s] Level 1:colcon.colcon_core.package_identification:_identify(src/camera) by extensions ['colcon_meta']
[0.197s] Level 1:colcon.colcon_core.package_identification:_identify(src/camera) by extension 'colcon_meta'
[0.197s] Level 1:colcon.colcon_core.package_identification:_identify(src/camera) by extensions ['ros']
[0.197s] Level 1:colcon.colcon_core.package_identification:_identify(src/camera) by extension 'ros'
[0.200s] DEBUG:colcon.colcon_core.package_identification:Package 'src/camera' with type 'ros.ament_python' and name 'camera'
[0.200s] Level 1:colcon.colcon_core.package_identification:_identify(src/castelet) by extensions ['ignore', 'ignore_ament_install']
[0.200s] Level 1:colcon.colcon_core.package_identification:_identify(src/castelet) by extension 'ignore'
[0.201s] Level 1:colcon.colcon_core.package_identification:_identify(src/castelet) by extension 'ignore_ament_install'
[0.201s] Level 1:colcon.colcon_core.package_identification:_identify(src/castelet) by extensions ['colcon_pkg']
[0.201s] Level 1:colcon.colcon_core.package_identification:_identify(src/castelet) by extension 'colcon_pkg'
[0.201s] Level 1:colcon.colcon_core.package_identification:_identify(src/castelet) by extensions ['colcon_meta']
[0.201s] Level 1:colcon.colcon_core.package_identification:_identify(src/castelet) by extension 'colcon_meta'
[0.201s] Level 1:colcon.colcon_core.package_identification:_identify(src/castelet) by extensions ['ros']
[0.201s] Level 1:colcon.colcon_core.package_identification:_identify(src/castelet) by extension 'ros'
[0.202s] DEBUG:colcon.colcon_core.package_identification:Package 'src/castelet' with type 'ros.ament_python' and name 'castelet'
[0.202s] Level 1:colcon.colcon_core.package_identification:_identify(src/custom_msg) by extensions ['ignore', 'ignore_ament_install']
[0.202s] Level 1:colcon.colcon_core.package_identification:_identify(src/custom_msg) by extension 'ignore'
[0.202s] Level 1:colcon.colcon_core.package_identification:_identify(src/custom_msg) by extension 'ignore_ament_install'
[0.202s] Level 1:colcon.colcon_core.package_identification:_identify(src/custom_msg) by extensions ['colcon_pkg']
[0.202s] Level 1:colcon.colcon_core.package_identification:_identify(src/custom_msg) by extension 'colcon_pkg'
[0.202s] Level 1:colcon.colcon_core.package_identification:_identify(src/custom_msg) by extensions ['colcon_meta']
[0.202s] Level 1:colcon.colcon_core.package_identification:_identify(src/custom_msg) by extension 'colcon_meta'
[0.203s] Level 1:colcon.colcon_core.package_identification:_identify(src/custom_msg) by extensions ['ros']
[0.203s] Level 1:colcon.colcon_core.package_identification:_identify(src/custom_msg) by extension 'ros'
[0.203s] DEBUG:colcon.colcon_core.package_identification:Package 'src/custom_msg' with type 'ros.ament_cmake' and name 'custom_msg'
[0.203s] Level 1:colcon.colcon_core.package_identification:_identify(src/hand_detector) by extensions ['ignore', 'ignore_ament_install']
[0.203s] Level 1:colcon.colcon_core.package_identification:_identify(src/hand_detector) by extension 'ignore'
[0.204s] Level 1:colcon.colcon_core.package_identification:_identify(src/hand_detector) by extension 'ignore_ament_install'
[0.204s] Level 1:colcon.colcon_core.package_identification:_identify(src/hand_detector) by extensions ['colcon_pkg']
[0.204s] Level 1:colcon.colcon_core.package_identification:_identify(src/hand_detector) by extension 'colcon_pkg'
[0.204s] Level 1:colcon.colcon_core.package_identification:_identify(src/hand_detector) by extensions ['colcon_meta']
[0.204s] Level 1:colcon.colcon_core.package_identification:_identify(src/hand_detector) by extension 'colcon_meta'
[0.204s] Level 1:colcon.colcon_core.package_identification:_identify(src/hand_detector) by extensions ['ros']
[0.204s] Level 1:colcon.colcon_core.package_identification:_identify(src/hand_detector) by extension 'ros'
[0.204s] DEBUG:colcon.colcon_core.package_identification:Package 'src/hand_detector' with type 'ros.ament_python' and name 'hand_detector'
[0.205s] Level 1:colcon.colcon_core.package_identification:_identify(src/host_listener_package) by extensions ['ignore', 'ignore_ament_install']
[0.205s] Level 1:colcon.colcon_core.package_identification:_identify(src/host_listener_package) by extension 'ignore'
[0.205s] Level 1:colcon.colcon_core.package_identification:_identify(src/host_listener_package) by extension 'ignore_ament_install'
[0.205s] Level 1:colcon.colcon_core.package_identification:_identify(src/host_listener_package) by extensions ['colcon_pkg']
[0.205s] Level 1:colcon.colcon_core.package_identification:_identify(src/host_listener_package) by extension 'colcon_pkg'
[0.205s] Level 1:colcon.colcon_core.package_identification:_identify(src/host_listener_package) by extensions ['colcon_meta']
[0.205s] Level 1:colcon.colcon_core.package_identification:_identify(src/host_listener_package) by extension 'colcon_meta'
[0.205s] Level 1:colcon.colcon_core.package_identification:_identify(src/host_listener_package) by extensions ['ros']
[0.205s] Level 1:colcon.colcon_core.package_identification:_identify(src/host_listener_package) by extension 'ros'
[0.206s] DEBUG:colcon.colcon_core.package_identification:Package 'src/host_listener_package' with type 'ros.ament_python' and name 'host_listener_package'
[0.206s] Level 1:colcon.colcon_core.package_discovery:discover_packages(recursive) using defaults
[0.206s] Level 1:colcon.colcon_core.package_discovery:discover_packages(ignore) discover
[0.206s] Level 1:colcon.colcon_core.package_discovery:discover_packages(ignore) using defaults
[0.206s] Level 1:colcon.colcon_core.package_discovery:discover_packages(path) discover
[0.206s] Level 1:colcon.colcon_core.package_discovery:discover_packages(path) using defaults
[0.230s] Level 1:colcon.colcon_core.package_discovery:discover_packages(prefix_path) check parameters
[0.230s] Level 1:colcon.colcon_core.package_discovery:discover_packages(prefix_path) discover
[0.233s] DEBUG:colcon.colcon_installed_package_information.package_discovery:Found 9 installed packages in /home/keny/MANOS_ws/install
[0.235s] DEBUG:colcon.colcon_installed_package_information.package_discovery:Found 278 installed packages in /opt/ros/galactic
[0.237s] Level 1:colcon.colcon_core.package_discovery:discover_packages(prefix_path) using defaults
[0.303s] WARNING:colcon.colcon_core.package_selection:Some selected packages are already built in one or more underlay workspaces:
	'camera' is in: /home/keny/MANOS_ws/install/camera
If a package in a merged underlay workspace is overridden and it installs headers, then all packages in the overlay must sort their include directories by workspace order. Failure to do so may result in build failures or undefined behavior at run time.
If the overridden package is used by another package in any underlay, then the overriding package in the overlay must be API and ABI compatible or undefined behavior at run time may occur.

If you understand the risks and want to override a package anyways, add the following to the command line:
	--allow-overriding camera

This may be promoted to an error in a future release of colcon-override-check.
[0.305s] Level 5:colcon.colcon_core.verb:set package 'custom_msg' build argument 'cmake_args' from command line to 'None'
[0.305s] Level 5:colcon.colcon_core.verb:set package 'custom_msg' build argument 'cmake_target' from command line to 'None'
[0.305s] Level 5:colcon.colcon_core.verb:set package 'custom_msg' build argument 'cmake_target_skip_unavailable' from command line to 'False'
[0.305s] Level 5:colcon.colcon_core.verb:set package 'custom_msg' build argument 'cmake_clean_cache' from command line to 'False'
[0.305s] Level 5:colcon.colcon_core.verb:set package 'custom_msg' build argument 'cmake_clean_first' from command line to 'False'
[0.305s] Level 5:colcon.colcon_core.verb:set package 'custom_msg' build argument 'cmake_force_configure' from command line to 'False'
[0.305s] Level 5:colcon.colcon_core.verb:set package 'custom_msg' build argument 'ament_cmake_args' from command line to 'None'
[0.305s] Level 5:colcon.colcon_core.verb:set package 'custom_msg' build argument 'catkin_cmake_args' from command line to 'None'
[0.305s] Level 5:colcon.colcon_core.verb:set package 'custom_msg' build argument 'catkin_skip_building_tests' from command line to 'False'
[0.305s] DEBUG:colcon.colcon_core.verb:Building package 'custom_msg' with the following arguments: {'ament_cmake_args': None, 'build_base': '/home/keny/MANOS_ws/build/custom_msg', 'catkin_cmake_args': None, 'catkin_skip_building_tests': False, 'cmake_args': None, 'cmake_clean_cache': False, 'cmake_clean_first': False, 'cmake_force_configure': False, 'cmake_target': None, 'cmake_target_skip_unavailable': False, 'install_base': '/home/keny/MANOS_ws/install/custom_msg', 'merge_install': False, 'path': '/home/keny/MANOS_ws/src/custom_msg', 'symlink_install': False, 'test_result_base': None}
[0.306s] Level 5:colcon.colcon_core.verb:set package 'camera' build argument 'cmake_args' from command line to 'None'
[0.307s] Level 5:colcon.colcon_core.verb:set package 'camera' build argument 'cmake_target' from command line to 'None'
[0.307s] Level 5:colcon.colcon_core.verb:set package 'camera' build argument 'cmake_target_skip_unavailable' from command line to 'False'
[0.307s] Level 5:colcon.colcon_core.verb:set package 'camera' build argument 'cmake_clean_cache' from command line to 'False'
[0.307s] Level 5:colcon.colcon_core.verb:set package 'camera' build argument 'cmake_clean_first' from command line to 'False'
[0.307s] Level 5:colcon.colcon_core.verb:set package 'camera' build argument 'cmake_force_configure' from command line to 'False'
[0.307s] Level 5:colcon.colcon_core.verb:set package 'camera' build argument 'ament_cmake_args' from command line to 'None'
[0.307s] Level 5:colcon.colcon_core.verb:set package 'camera' build argument 'catkin_cmake_args' from command line to 'None'
[0.307s] Level 5:colcon.colcon_core.verb:set package 'camera' build argument 'catkin_skip_building_tests' from command line to 'False'
[0.307s] DEBUG:colcon.colcon_core.verb:Building package 'camera' with the following arguments: {'ament_cmake_args': None, 'build_base': '/home/keny/MANOS_ws/build/camera', 'catkin_cmake_args': None, 'catkin_skip_building_tests': False, 'cmake_args': None, 'cmake_clean_cache': False, 'cmake_clean_first': False, 'cmake_force_configure': False, 'cmake_target': None, 'cmake_target_skip_unavailable': False, 'install_base': '/home/keny/MANOS_ws/install/camera', 'merge_install': False, 'path': '/home/keny/MANOS_ws/src/camera', 'symlink_install': False, 'test_result_base': None}
[0.309s] Level 5:colcon.colcon_core.verb:set package 'castelet' build argument 'cmake_args' from command line to 'None'
[0.309s] Level 5:colcon.colcon_core.verb:set package 'castelet' build argument 'cmake_target' from command line to 'None'
[0.309s] Level 5:colcon.colcon_core.verb:set package 'castelet' build argument 'cmake_target_skip_unavailable' from command line to 'False'
[0.309s] Level 5:colcon.colcon_core.verb:set package 'castelet' build argument 'cmake_clean_cache' from command line to 'False'
[0.309s] Level 5:colcon.colcon_core.verb:set package 'castelet' build argument 'cmake_clean_first' from command line to 'False'
[0.309s] Level 5:colcon.colcon_core.verb:set package 'castelet' build argument 'cmake_force_configure' from command line to 'False'
[0.309s] Level 5:colcon.colcon_core.verb:set package 'castelet' build argument 'ament_cmake_args' from command line to 'None'
[0.309s] Level 5:colcon.colcon_core.verb:set package 'castelet' build argument 'catkin_cmake_args' from command line to 'None'
[0.309s] Level 5:colcon.colcon_core.verb:set package 'castelet' build argument 'catkin_skip_building_tests' from command line to 'False'
[0.309s] DEBUG:colcon.colcon_core.verb:Building package 'castelet' with the following arguments: {'ament_cmake_args': None, 'build_base': '/home/keny/MANOS_ws/build/castelet', 'catkin_cmake_args': None, 'catkin_skip_building_tests': False, 'cmake_args': None, 'cmake_clean_cache': False, 'cmake_clean_first': False, 'cmake_force_configure': False, 'cmake_target': None, 'cmake_target_skip_unavailable': False, 'install_base': '/home/keny/MANOS_ws/install/castelet', 'merge_install': False, 'path': '/home/keny/MANOS_ws/src/castelet', 'symlink_install': False, 'test_result_base': None}
[0.310s] Level 5:colcon.colcon_core.verb:set package 'hand_detector' build argument 'cmake_args' from command line to 'None'
[0.310s] Level 5:colcon.colcon_core.verb:set package 'hand_detector' build argument 'cmake_target' from command line to 'None'
[0.310s] Level 5:colcon.colcon_core.verb:set package 'hand_detector' build argument 'cmake_target_skip_unavailable' from command line to 'False'
[0.310s] Level 5:colcon.colcon_core.verb:set package 'hand_detector' build argument 'cmake_clean_cache' from command line to 'False'
[0.310s] Level 5:colcon.colcon_core.verb:set package 'hand_detector' build argument 'cmake_clean_first' from command line to 'False'
[0.310s] Level 5:colcon.colcon_core.verb:set package 'hand_detector' build argument 'cmake_force_configure' from command line to 'False'
[0.310s] Level 5:colcon.colcon_core.verb:set package 'hand_detector' build argument 'ament_cmake_args' from command line to 'None'
[0.310s] Level 5:colcon.colcon_core.verb:set package 'hand_detector' build argument 'catkin_cmake_args' from command line to 'None'
[0.310s] Level 5:colcon.colcon_core.verb:set package 'hand_detector' build argument 'catkin_skip_building_tests' from command line to 'False'
[0.310s] DEBUG:colcon.colcon_core.verb:Building package 'hand_detector' with the following arguments: {'ament_cmake_args': None, 'build_base': '/home/keny/MANOS_ws/build/hand_detector', 'catkin_cmake_args': None, 'catkin_skip_building_tests': False, 'cmake_args': None, 'cmake_clean_cache': False, 'cmake_clean_first': False, 'cmake_force_configure': False, 'cmake_target': None, 'cmake_target_skip_unavailable': False, 'install_base': '/home/keny/MANOS_ws/install/hand_detector', 'merge_install': False, 'path': '/home/keny/MANOS_ws/src/hand_detector', 'symlink_install': False, 'test_result_base': None}
[0.312s] Level 5:colcon.colcon_core.verb:set package 'host_listener_package' build argument 'cmake_args' from command line to 'None'
[0.312s] Level 5:colcon.colcon_core.verb:set package 'host_listener_package' build argument 'cmake_target' from command line to 'None'
[0.312s] Level 5:colcon.colcon_core.verb:set package 'host_listener_package' build argument 'cmake_target_skip_unavailable' from command line to 'False'
[0.312s] Level 5:colcon.colcon_core.verb:set package 'host_listener_package' build argument 'cmake_clean_cache' from command line to 'False'
[0.312s] Level 5:colcon.colcon_core.verb:set package 'host_listener_package' build argument 'cmake_clean_first' from command line to 'False'
[0.312s] Level 5:colcon.colcon_core.verb:set package 'host_listener_package' build argument 'cmake_force_configure' from command line to 'False'
[0.312s] Level 5:colcon.colcon_core.verb:set package 'host_listener_package' build argument 'ament_cmake_args' from command line to 'None'
[0.312s] Level 5:colcon.colcon_core.verb:set package 'host_listener_package' build argument 'catkin_cmake_args' from command line to 'None'
[0.312s] Level 5:colcon.colcon_core.verb:set package 'host_listener_package' build argument 'catkin_skip_building_tests' from command line to 'False'
[0.312s] DEBUG:colcon.colcon_core.verb:Building package 'host_listener_package' with the following arguments: {'ament_cmake_args': None, 'build_base': '/home/keny/MANOS_ws/build/host_listener_package', 'catkin_cmake_args': None, 'catkin_skip_building_tests': False, 'cmake_args': None, 'cmake_clean_cache': False, 'cmake_clean_first': False, 'cmake_force_configure': False, 'cmake_target': None, 'cmake_target_skip_unavailable': False, 'install_base': '/home/keny/MANOS_ws/install/host_listener_package', 'merge_install': False, 'path': '/home/keny/MANOS_ws/src/host_listener_package', 'symlink_install': False, 'test_result_base': None}
[0.313s] INFO:colcon.colcon_core.executor:Executing jobs using 'parallel' executor
[0.322s] DEBUG:colcon.colcon_parallel_executor.executor.parallel:run_until_complete
[0.322s] INFO:colcon.colcon_ros.task.ament_cmake.build:Building ROS package in '/home/keny/MANOS_ws/src/custom_msg' with build type 'ament_cmake'
[0.322s] INFO:colcon.colcon_cmake.task.cmake.build:Building CMake package in '/home/keny/MANOS_ws/src/custom_msg'
[0.327s] INFO:colcon.colcon_core.plugin_system:Skipping extension 'colcon_core.shell.bat': Not used on non-Windows systems
[0.327s] INFO:colcon.colcon_core.shell:Skip shell extension 'powershell' for command environment: Not usable outside of PowerShell
[0.327s] DEBUG:colcon.colcon_core.shell:Skip shell extension 'dsv' for command environment
[0.341s] DEBUG:colcon.colcon_core.event_handler.log_command:Invoking command in '/home/keny/MANOS_ws/build/custom_msg': CMAKE_PREFIX_PATH=${CMAKE_PREFIX_PATH}:/home/keny/MANOS_ws/install/py_launch_example:/home/keny/MANOS_ws/install/manos_launch:/home/keny/MANOS_ws/install/launch:/home/keny/MANOS_ws/install/host_listener_package:/home/keny/MANOS_ws/install/hand_detector:/home/keny/MANOS_ws/install/castelet:/home/keny/MANOS_ws/install/camera:/opt/ros/galactic /usr/bin/cmake --build /home/keny/MANOS_ws/build/custom_msg -- -j16 -l16
[0.412s] DEBUG:colcon.colcon_core.event_handler.log_command:Invoked command in '/home/keny/MANOS_ws/build/custom_msg' returned '0': CMAKE_PREFIX_PATH=${CMAKE_PREFIX_PATH}:/home/keny/MANOS_ws/install/py_launch_example:/home/keny/MANOS_ws/install/manos_launch:/home/keny/MANOS_ws/install/launch:/home/keny/MANOS_ws/install/host_listener_package:/home/keny/MANOS_ws/install/hand_detector:/home/keny/MANOS_ws/install/castelet:/home/keny/MANOS_ws/install/camera:/opt/ros/galactic /usr/bin/cmake --build /home/keny/MANOS_ws/build/custom_msg -- -j16 -l16
[0.458s] DEBUG:colcon.colcon_core.event_handler.log_command:Invoking command in '/home/keny/MANOS_ws/build/custom_msg': CMAKE_PREFIX_PATH=${CMAKE_PREFIX_PATH}:/home/keny/MANOS_ws/install/py_launch_example:/home/keny/MANOS_ws/install/manos_launch:/home/keny/MANOS_ws/install/launch:/home/keny/MANOS_ws/install/host_listener_package:/home/keny/MANOS_ws/install/hand_detector:/home/keny/MANOS_ws/install/castelet:/home/keny/MANOS_ws/install/camera:/opt/ros/galactic /usr/bin/cmake --install /home/keny/MANOS_ws/build/custom_msg
[0.499s] Level 1:colcon.colcon_core.environment:create_environment_scripts_only(custom_msg)
[0.500s] DEBUG:colcon.colcon_core.event_handler.log_command:Invoked command in '/home/keny/MANOS_ws/build/custom_msg' returned '0': CMAKE_PREFIX_PATH=${CMAKE_PREFIX_PATH}:/home/keny/MANOS_ws/install/py_launch_example:/home/keny/MANOS_ws/install/manos_launch:/home/keny/MANOS_ws/install/launch:/home/keny/MANOS_ws/install/host_listener_package:/home/keny/MANOS_ws/install/hand_detector:/home/keny/MANOS_ws/install/castelet:/home/keny/MANOS_ws/install/camera:/opt/ros/galactic /usr/bin/cmake --install /home/keny/MANOS_ws/build/custom_msg
[0.506s] Level 1:colcon.colcon_core.environment:checking '/home/keny/MANOS_ws/install/custom_msg' for CMake module files
[0.507s] Level 1:colcon.colcon_core.environment:checking '/home/keny/MANOS_ws/install/custom_msg' for CMake config files
[0.507s] Level 1:colcon.colcon_core.shell:create_environment_hook('custom_msg', 'cmake_prefix_path')
[0.510s] INFO:colcon.colcon_core.shell:Creating environment hook '/home/keny/MANOS_ws/install/custom_msg/share/custom_msg/hook/cmake_prefix_path.ps1'
[0.511s] INFO:colcon.colcon_core.shell:Creating environment descriptor '/home/keny/MANOS_ws/install/custom_msg/share/custom_msg/hook/cmake_prefix_path.dsv'
[0.511s] INFO:colcon.colcon_core.shell:Creating environment hook '/home/keny/MANOS_ws/install/custom_msg/share/custom_msg/hook/cmake_prefix_path.sh'
[0.512s] Level 1:colcon.colcon_core.environment:checking '/home/keny/MANOS_ws/install/custom_msg/lib'
[0.512s] Level 1:colcon.colcon_core.shell:create_environment_hook('custom_msg', 'ld_library_path_lib')
[0.515s] INFO:colcon.colcon_core.shell:Creating environment hook '/home/keny/MANOS_ws/install/custom_msg/share/custom_msg/hook/ld_library_path_lib.ps1'
[0.515s] INFO:colcon.colcon_core.shell:Creating environment descriptor '/home/keny/MANOS_ws/install/custom_msg/share/custom_msg/hook/ld_library_path_lib.dsv'
[0.515s] INFO:colcon.colcon_core.shell:Creating environment hook '/home/keny/MANOS_ws/install/custom_msg/share/custom_msg/hook/ld_library_path_lib.sh'
[0.515s] Level 1:colcon.colcon_core.environment:checking '/home/keny/MANOS_ws/install/custom_msg/bin'
[0.515s] Level 1:colcon.colcon_core.environment:checking '/home/keny/MANOS_ws/install/custom_msg/lib/pkgconfig/custom_msg.pc'
[0.516s] Level 1:colcon.colcon_core.environment:checking '/home/keny/MANOS_ws/install/custom_msg/lib/python3.8/site-packages'
[0.516s] Level 1:colcon.colcon_core.shell:create_environment_hook('custom_msg', 'pythonpath')
[0.519s] INFO:colcon.colcon_core.shell:Creating environment hook '/home/keny/MANOS_ws/install/custom_msg/share/custom_msg/hook/pythonpath.ps1'
[0.519s] INFO:colcon.colcon_core.shell:Creating environment descriptor '/home/keny/MANOS_ws/install/custom_msg/share/custom_msg/hook/pythonpath.dsv'
[0.519s] INFO:colcon.colcon_core.shell:Creating environment hook '/home/keny/MANOS_ws/install/custom_msg/share/custom_msg/hook/pythonpath.sh'
[0.519s] Level 1:colcon.colcon_core.environment:checking '/home/keny/MANOS_ws/install/custom_msg/bin'
[0.522s] INFO:colcon.colcon_core.shell:Creating package script '/home/keny/MANOS_ws/install/custom_msg/share/custom_msg/package.ps1'
[0.523s] INFO:colcon.colcon_core.shell:Creating package descriptor '/home/keny/MANOS_ws/install/custom_msg/share/custom_msg/package.dsv'
[0.524s] INFO:colcon.colcon_core.shell:Creating package script '/home/keny/MANOS_ws/install/custom_msg/share/custom_msg/package.sh'
[0.524s] INFO:colcon.colcon_core.shell:Creating package script '/home/keny/MANOS_ws/install/custom_msg/share/custom_msg/package.bash'
[0.525s] INFO:colcon.colcon_core.shell:Creating package script '/home/keny/MANOS_ws/install/custom_msg/share/custom_msg/package.zsh'
[0.525s] Level 1:colcon.colcon_core.environment:create_file_with_runtime_dependencies(/home/keny/MANOS_ws/install/custom_msg/share/colcon-core/packages/custom_msg)
[0.568s] Level 1:colcon.colcon_core.environment:create_environment_scripts_only(custom_msg)
[0.572s] Level 1:colcon.colcon_core.environment:checking '/home/keny/MANOS_ws/install/custom_msg' for CMake module files
[0.572s] Level 1:colcon.colcon_core.environment:checking '/home/keny/MANOS_ws/install/custom_msg' for CMake config files
[0.573s] Level 1:colcon.colcon_core.shell:create_environment_hook('custom_msg', 'cmake_prefix_path')
[0.576s] INFO:colcon.colcon_core.shell:Creating environment hook '/home/keny/MANOS_ws/install/custom_msg/share/custom_msg/hook/cmake_prefix_path.ps1'
[0.576s] INFO:colcon.colcon_core.shell:Creating environment descriptor '/home/keny/MANOS_ws/install/custom_msg/share/custom_msg/hook/cmake_prefix_path.dsv'
[0.576s] INFO:colcon.colcon_core.shell:Creating environment hook '/home/keny/MANOS_ws/install/custom_msg/share/custom_msg/hook/cmake_prefix_path.sh'
[0.577s] Level 1:colcon.colcon_core.environment:checking '/home/keny/MANOS_ws/install/custom_msg/lib'
[0.577s] Level 1:colcon.colcon_core.shell:create_environment_hook('custom_msg', 'ld_library_path_lib')
[0.580s] INFO:colcon.colcon_core.shell:Creating environment hook '/home/keny/MANOS_ws/install/custom_msg/share/custom_msg/hook/ld_library_path_lib.ps1'
[0.580s] INFO:colcon.colcon_core.shell:Creating environment descriptor '/home/keny/MANOS_ws/install/custom_msg/share/custom_msg/hook/ld_library_path_lib.dsv'
[0.581s] INFO:colcon.colcon_core.shell:Creating environment hook '/home/keny/MANOS_ws/install/custom_msg/share/custom_msg/hook/ld_library_path_lib.sh'
[0.581s] Level 1:colcon.colcon_core.environment:checking '/home/keny/MANOS_ws/install/custom_msg/bin'
[0.581s] Level 1:colcon.colcon_core.environment:checking '/home/keny/MANOS_ws/install/custom_msg/lib/pkgconfig/custom_msg.pc'
[0.581s] Level 1:colcon.colcon_core.environment:checking '/home/keny/MANOS_ws/install/custom_msg/lib/python3.8/site-packages'
[0.581s] Level 1:colcon.colcon_core.shell:create_environment_hook('custom_msg', 'pythonpath')
[0.584s] INFO:colcon.colcon_core.shell:Creating environment hook '/home/keny/MANOS_ws/install/custom_msg/share/custom_msg/hook/pythonpath.ps1'
[0.585s] INFO:colcon.colcon_core.shell:Creating environment descriptor '/home/keny/MANOS_ws/install/custom_msg/share/custom_msg/hook/pythonpath.dsv'
[0.585s] INFO:colcon.colcon_core.shell:Creating environment hook '/home/keny/MANOS_ws/install/custom_msg/share/custom_msg/hook/pythonpath.sh'
[0.585s] Level 1:colcon.colcon_core.environment:checking '/home/keny/MANOS_ws/install/custom_msg/bin'
[0.588s] INFO:colcon.colcon_core.shell:Creating package script '/home/keny/MANOS_ws/install/custom_msg/share/custom_msg/package.ps1'
[0.589s] INFO:colcon.colcon_core.shell:Creating package descriptor '/home/keny/MANOS_ws/install/custom_msg/share/custom_msg/package.dsv'
[0.589s] INFO:colcon.colcon_core.shell:Creating package script '/home/keny/MANOS_ws/install/custom_msg/share/custom_msg/package.sh'
[0.590s] INFO:colcon.colcon_core.shell:Creating package script '/home/keny/MANOS_ws/install/custom_msg/share/custom_msg/package.bash'
[0.590s] INFO:colcon.colcon_core.shell:Creating package script '/home/keny/MANOS_ws/install/custom_msg/share/custom_msg/package.zsh'
[0.590s] Level 1:colcon.colcon_core.environment:create_file_with_runtime_dependencies(/home/keny/MANOS_ws/install/custom_msg/share/colcon-core/packages/custom_msg)
[0.591s] INFO:colcon.colcon_ros.task.ament_python.build:Building ROS package in '/home/keny/MANOS_ws/src/camera' with build type 'ament_python'
[0.591s] Level 1:colcon.colcon_core.shell:create_environment_hook('camera', 'ament_prefix_path')
[0.594s] INFO:colcon.colcon_core.shell:Creating environment hook '/home/keny/MANOS_ws/install/camera/share/camera/hook/ament_prefix_path.ps1'
[0.595s] INFO:colcon.colcon_core.shell:Creating environment descriptor '/home/keny/MANOS_ws/install/camera/share/camera/hook/ament_prefix_path.dsv'
[0.595s] INFO:colcon.colcon_core.shell:Creating environment hook '/home/keny/MANOS_ws/install/camera/share/camera/hook/ament_prefix_path.sh'
[0.599s] INFO:colcon.colcon_core.shell:Skip shell extension 'powershell' for command environment: Not usable outside of PowerShell
[0.599s] DEBUG:colcon.colcon_core.shell:Skip shell extension 'dsv' for command environment
[0.605s] INFO:colcon.colcon_ros.task.ament_python.build:Building ROS package in '/home/keny/MANOS_ws/src/castelet' with build type 'ament_python'
[0.606s] Level 1:colcon.colcon_core.shell:create_environment_hook('castelet', 'ament_prefix_path')
[0.610s] INFO:colcon.colcon_core.shell:Creating environment hook '/home/keny/MANOS_ws/install/castelet/share/castelet/hook/ament_prefix_path.ps1'
[0.611s] INFO:colcon.colcon_core.shell:Creating environment descriptor '/home/keny/MANOS_ws/install/castelet/share/castelet/hook/ament_prefix_path.dsv'
[0.612s] INFO:colcon.colcon_core.shell:Creating environment hook '/home/keny/MANOS_ws/install/castelet/share/castelet/hook/ament_prefix_path.sh'
[0.615s] INFO:colcon.colcon_core.shell:Skip shell extension 'powershell' for command environment: Not usable outside of PowerShell
[0.615s] DEBUG:colcon.colcon_core.shell:Skip shell extension 'dsv' for command environment
[0.623s] INFO:colcon.colcon_ros.task.ament_python.build:Building ROS package in '/home/keny/MANOS_ws/src/hand_detector' with build type 'ament_python'
[0.623s] Level 1:colcon.colcon_core.shell:create_environment_hook('hand_detector', 'ament_prefix_path')
[0.628s] INFO:colcon.colcon_core.shell:Creating environment hook '/home/keny/MANOS_ws/install/hand_detector/share/hand_detector/hook/ament_prefix_path.ps1'
[0.629s] INFO:colcon.colcon_core.shell:Creating environment descriptor '/home/keny/MANOS_ws/install/hand_detector/share/hand_detector/hook/ament_prefix_path.dsv'
[0.630s] INFO:colcon.colcon_core.shell:Creating environment hook '/home/keny/MANOS_ws/install/hand_detector/share/hand_detector/hook/ament_prefix_path.sh'
[0.633s] INFO:colcon.colcon_core.shell:Skip shell extension 'powershell' for command environment: Not usable outside of PowerShell
[0.633s] DEBUG:colcon.colcon_core.shell:Skip shell extension 'dsv' for command environment
[0.640s] INFO:colcon.colcon_ros.task.ament_python.build:Building ROS package in '/home/keny/MANOS_ws/src/host_listener_package' with build type 'ament_python'
[0.641s] Level 1:colcon.colcon_core.shell:create_environment_hook('host_listener_package', 'ament_prefix_path')
[0.644s] INFO:colcon.colcon_core.shell:Creating environment hook '/home/keny/MANOS_ws/install/host_listener_package/share/host_listener_package/hook/ament_prefix_path.ps1'
[0.645s] INFO:colcon.colcon_core.shell:Creating environment descriptor '/home/keny/MANOS_ws/install/host_listener_package/share/host_listener_package/hook/ament_prefix_path.dsv'
[0.645s] INFO:colcon.colcon_core.shell:Creating environment hook '/home/keny/MANOS_ws/install/host_listener_package/share/host_listener_package/hook/ament_prefix_path.sh'
[0.648s] INFO:colcon.colcon_core.shell:Skip shell extension 'powershell' for command environment: Not usable outside of PowerShell
[0.648s] DEBUG:colcon.colcon_core.shell:Skip shell extension 'dsv' for command environment
[0.890s] INFO:colcon.colcon_core.task.python.build:Building Python package in '/home/keny/MANOS_ws/src/camera'
[0.893s] INFO:colcon.colcon_core.shell:Skip shell extension 'powershell' for command environment: Not usable outside of PowerShell
[0.894s] DEBUG:colcon.colcon_core.shell:Skip shell extension 'dsv' for command environment
[1.137s] INFO:colcon.colcon_core.task.python.build:Building Python package in '/home/keny/MANOS_ws/src/castelet'
[1.140s] INFO:colcon.colcon_core.shell:Skip shell extension 'powershell' for command environment: Not usable outside of PowerShell
[1.140s] DEBUG:colcon.colcon_core.shell:Skip shell extension 'dsv' for command environment
[1.383s] INFO:colcon.colcon_core.task.python.build:Building Python package in '/home/keny/MANOS_ws/src/hand_detector'
[1.387s] INFO:colcon.colcon_core.shell:Skip shell extension 'powershell' for command environment: Not usable outside of PowerShell
[1.387s] DEBUG:colcon.colcon_core.shell:Skip shell extension 'dsv' for command environment
[1.629s] INFO:colcon.colcon_core.task.python.build:Building Python package in '/home/keny/MANOS_ws/src/host_listener_package'
[1.632s] INFO:colcon.colcon_core.shell:Skip shell extension 'powershell' for command environment: Not usable outside of PowerShell
[1.632s] DEBUG:colcon.colcon_core.shell:Skip shell extension 'dsv' for command environment
[2.173s] DEBUG:colcon.colcon_core.event_handler.log_command:Invoking command in '/home/keny/MANOS_ws/src/camera': PYTHONPATH=/home/keny/MANOS_ws/build/camera/prefix_override:/home/keny/MANOS_ws/install/camera/lib/python3.8/site-packages:/home/keny/MANOS_ws/install/custom_msg/lib/python3.8/site-packages:/home/keny/MANOS_ws/install/py_launch_example/lib/python3.8/site-packages:/home/keny/MANOS_ws/install/manos_launch/lib/python3.8/site-packages:/home/keny/MANOS_ws/install/launch/lib/python3.8/site-packages:/home/keny/MANOS_ws/install/host_listener_package/lib/python3.8/site-packages:/home/keny/MANOS_ws/install/hand_detector_package/lib/python3.8/site-packages:/home/keny/MANOS_ws/install/hand_detector/lib/python3.8/site-packages:/home/keny/MANOS_ws/install/castelet/lib/python3.8/site-packages:/home/keny/MANOS_ws/install/camera/lib/python3.8/site-packages:/opt/ros/galactic/lib/python3.8/site-packages /usr/bin/python3 setup.py egg_info --egg-base ../../build/camera build --build-base /home/keny/MANOS_ws/build/camera/build install --record /home/keny/MANOS_ws/build/camera/install.log --single-version-externally-managed
[2.174s] DEBUG:colcon.colcon_core.event_handler.log_command:Invoking command in '/home/keny/MANOS_ws/src/hand_detector': PYTHONPATH=/home/keny/MANOS_ws/build/hand_detector/prefix_override:/home/keny/MANOS_ws/install/hand_detector/lib/python3.8/site-packages:/home/keny/MANOS_ws/install/custom_msg/lib/python3.8/site-packages:/home/keny/MANOS_ws/install/py_launch_example/lib/python3.8/site-packages:/home/keny/MANOS_ws/install/manos_launch/lib/python3.8/site-packages:/home/keny/MANOS_ws/install/launch/lib/python3.8/site-packages:/home/keny/MANOS_ws/install/host_listener_package/lib/python3.8/site-packages:/home/keny/MANOS_ws/install/hand_detector_package/lib/python3.8/site-packages:/home/keny/MANOS_ws/install/hand_detector/lib/python3.8/site-packages:/home/keny/MANOS_ws/install/castelet/lib/python3.8/site-packages:/home/keny/MANOS_ws/install/camera/lib/python3.8/site-packages:/opt/ros/galactic/lib/python3.8/site-packages /usr/bin/python3 setup.py egg_info --egg-base ../../build/hand_detector build --build-base /home/keny/MANOS_ws/build/hand_detector/build install --record /home/keny/MANOS_ws/build/hand_detector/install.log --single-version-externally-managed
[2.174s] DEBUG:colcon.colcon_core.event_handler.log_command:Invoking command in '/home/keny/MANOS_ws/src/host_listener_package': PYTHONPATH=/home/keny/MANOS_ws/build/host_listener_package/prefix_override:/home/keny/MANOS_ws/install/host_listener_package/lib/python3.8/site-packages:/home/keny/MANOS_ws/install/custom_msg/lib/python3.8/site-packages:/home/keny/MANOS_ws/install/py_launch_example/lib/python3.8/site-packages:/home/keny/MANOS_ws/install/manos_launch/lib/python3.8/site-packages:/home/keny/MANOS_ws/install/launch/lib/python3.8/site-packages:/home/keny/MANOS_ws/install/host_listener_package/lib/python3.8/site-packages:/home/keny/MANOS_ws/install/hand_detector_package/lib/python3.8/site-packages:/home/keny/MANOS_ws/install/hand_detector/lib/python3.8/site-packages:/home/keny/MANOS_ws/install/castelet/lib/python3.8/site-packages:/home/keny/MANOS_ws/install/camera/lib/python3.8/site-packages:/opt/ros/galactic/lib/python3.8/site-packages /usr/bin/python3 setup.py egg_info --egg-base ../../build/host_listener_package build --build-base /home/keny/MANOS_ws/build/host_listener_package/build install --record /home/keny/MANOS_ws/build/host_listener_package/install.log --single-version-externally-managed
[2.175s] DEBUG:colcon.colcon_core.event_handler.log_command:Invoking command in '/home/keny/MANOS_ws/src/castelet': PYTHONPATH=/home/keny/MANOS_ws/build/castelet/prefix_override:/home/keny/MANOS_ws/install/castelet/lib/python3.8/site-packages:/home/keny/MANOS_ws/install/custom_msg/lib/python3.8/site-packages:/home/keny/MANOS_ws/install/py_launch_example/lib/python3.8/site-packages:/home/keny/MANOS_ws/install/manos_launch/lib/python3.8/site-packages:/home/keny/MANOS_ws/install/launch/lib/python3.8/site-packages:/home/keny/MANOS_ws/install/host_listener_package/lib/python3.8/site-packages:/home/keny/MANOS_ws/install/hand_detector_package/lib/python3.8/site-packages:/home/keny/MANOS_ws/install/hand_detector/lib/python3.8/site-packages:/home/keny/MANOS_ws/install/castelet/lib/python3.8/site-packages:/home/keny/MANOS_ws/install/camera/lib/python3.8/site-packages:/opt/ros/galactic/lib/python3.8/site-packages /usr/bin/python3 setup.py egg_info --egg-base ../../build/castelet build --build-base /home/keny/MANOS_ws/build/castelet/build install --record /home/keny/MANOS_ws/build/castelet/install.log --single-version-externally-managed
[2.281s] DEBUG:colcon.colcon_parallel_executor.executor.parallel:run_until_complete was interrupted
[2.281s] DEBUG:colcon.colcon_parallel_executor.executor.parallel:run_until_complete again
[2.302s] DEBUG:colcon.colcon_core.event_handler.log_command:Invoked command in '/home/keny/MANOS_ws/src/host_listener_package' returned '-2': PYTHONPATH=/home/keny/MANOS_ws/build/host_listener_package/prefix_override:/home/keny/MANOS_ws/install/host_listener_package/lib/python3.8/site-packages:/home/keny/MANOS_ws/install/custom_msg/lib/python3.8/site-packages:/home/keny/MANOS_ws/install/py_launch_example/lib/python3.8/site-packages:/home/keny/MANOS_ws/install/manos_launch/lib/python3.8/site-packages:/home/keny/MANOS_ws/install/launch/lib/python3.8/site-packages:/home/keny/MANOS_ws/install/host_listener_package/lib/python3.8/site-packages:/home/keny/MANOS_ws/install/hand_detector_package/lib/python3.8/site-packages:/home/keny/MANOS_ws/install/hand_detector/lib/python3.8/site-packages:/home/keny/MANOS_ws/install/castelet/lib/python3.8/site-packages:/home/keny/MANOS_ws/install/camera/lib/python3.8/site-packages:/opt/ros/galactic/lib/python3.8/site-packages /usr/bin/python3 setup.py egg_info --egg-base ../../build/host_listener_package build --build-base /home/keny/MANOS_ws/build/host_listener_package/build install --record /home/keny/MANOS_ws/build/host_listener_package/install.log --single-version-externally-managed
[2.313s] DEBUG:colcon.colcon_parallel_executor.executor.parallel:run_until_complete finished
[2.313s] DEBUG:colcon.colcon_parallel_executor.executor.parallel:closing loop
[2.314s] DEBUG:colcon.colcon_parallel_executor.executor.parallel:loop closed
[2.314s] DEBUG:colcon.colcon_core.event_reactor:joining thread
[2.318s] INFO:colcon.colcon_core.plugin_system:Skipping extension 'colcon_notification.desktop_notification.terminal_notifier': Not used on non-Darwin systems
[2.319s] INFO:colcon.colcon_core.plugin_system:Skipping extension 'colcon_notification.desktop_notification.win32': Not used on non-Windows systems
[2.319s] INFO:colcon.colcon_notification.desktop_notification:Sending desktop notification using 'notify2'
[2.328s] DEBUG:colcon.colcon_core.event_reactor:joined thread
[2.331s] INFO:colcon.colcon_core.shell:Creating prefix script '/home/keny/MANOS_ws/install/local_setup.ps1'
[2.333s] INFO:colcon.colcon_core.shell:Creating prefix util module '/home/keny/MANOS_ws/install/_local_setup_util_ps1.py'
[2.334s] INFO:colcon.colcon_core.shell:Creating prefix chain script '/home/keny/MANOS_ws/install/setup.ps1'
[2.336s] INFO:colcon.colcon_core.shell:Creating prefix script '/home/keny/MANOS_ws/install/local_setup.sh'
[2.337s] INFO:colcon.colcon_core.shell:Creating prefix util module '/home/keny/MANOS_ws/install/_local_setup_util_sh.py'
[2.337s] INFO:colcon.colcon_core.shell:Creating prefix chain script '/home/keny/MANOS_ws/install/setup.sh'
[2.339s] INFO:colcon.colcon_core.shell:Creating prefix script '/home/keny/MANOS_ws/install/local_setup.bash'
[2.339s] INFO:colcon.colcon_core.shell:Creating prefix chain script '/home/keny/MANOS_ws/install/setup.bash'
[2.341s] INFO:colcon.colcon_core.shell:Creating prefix script '/home/keny/MANOS_ws/install/local_setup.zsh'
[2.341s] INFO:colcon.colcon_core.shell:Creating prefix chain script '/home/keny/MANOS_ws/install/setup.zsh'
