[1.155s] Invoking command in '/home/field/MANOS/src/hand_detector': PYTHONPATH=/home/field/MANOS/build/hand_detector/prefix_override:/home/field/MANOS/install/hand_detector/lib/python3.8/site-packages:/home/field/MANOS/install/custom_msg/lib/python3.8/site-packages:/home/field/MANOS/install/host_listener_package/lib/python3.8/site-packages:/home/field/MANOS/install/hand_detector/lib/python3.8/site-packages:/home/field/MANOS/install/castelet/lib/python3.8/site-packages:/home/field/MANOS/install/camera/lib/python3.8/site-packages:/opt/ros/galactic/lib/python3.8/site-packages:/home/field/acs/src/behaviors/ /usr/bin/python3 setup.py egg_info --egg-base ../../build/hand_detector build --build-base /home/field/MANOS/build/hand_detector/build install --record /home/field/MANOS/build/hand_detector/install.log --single-version-externally-managed
[1.266s] running egg_info
[1.266s] writing ../../build/hand_detector/hand_detector.egg-info/PKG-INFO
[1.266s] writing dependency_links to ../../build/hand_detector/hand_detector.egg-info/dependency_links.txt
[1.266s] writing entry points to ../../build/hand_detector/hand_detector.egg-info/entry_points.txt
[1.266s] writing requirements to ../../build/hand_detector/hand_detector.egg-info/requires.txt
[1.266s] writing top-level names to ../../build/hand_detector/hand_detector.egg-info/top_level.txt
[1.284s] reading manifest file '../../build/hand_detector/hand_detector.egg-info/SOURCES.txt'
[1.285s] writing manifest file '../../build/hand_detector/hand_detector.egg-info/SOURCES.txt'
[1.285s] running build
[1.285s] running build_py
[1.285s] running install
[1.286s] running install_lib
[1.286s] running install_data
[1.287s] running install_egg_info
[1.287s] removing '/home/field/MANOS/install/hand_detector/lib/python3.8/site-packages/hand_detector-0.0.0-py3.8.egg-info' (and everything under it)
[1.288s] Copying ../../build/hand_detector/hand_detector.egg-info to /home/field/MANOS/install/hand_detector/lib/python3.8/site-packages/hand_detector-0.0.0-py3.8.egg-info
[1.288s] running install_scripts
[1.298s] Installing hand_detector script to /home/field/MANOS/install/hand_detector/lib/hand_detector
[1.298s] writing list of installed files to '/home/field/MANOS/build/hand_detector/install.log'
[1.476s] Invoked command in '/home/field/MANOS/src/hand_detector' returned '0': PYTHONPATH=/home/field/MANOS/build/hand_detector/prefix_override:/home/field/MANOS/install/hand_detector/lib/python3.8/site-packages:/home/field/MANOS/install/custom_msg/lib/python3.8/site-packages:/home/field/MANOS/install/host_listener_package/lib/python3.8/site-packages:/home/field/MANOS/install/hand_detector/lib/python3.8/site-packages:/home/field/MANOS/install/castelet/lib/python3.8/site-packages:/home/field/MANOS/install/camera/lib/python3.8/site-packages:/opt/ros/galactic/lib/python3.8/site-packages:/home/field/acs/src/behaviors/ /usr/bin/python3 setup.py egg_info --egg-base ../../build/hand_detector build --build-base /home/field/MANOS/build/hand_detector/build install --record /home/field/MANOS/build/hand_detector/install.log --single-version-externally-managed
