[1.551s] Invoking command in '/home/keny/MANOS_ws/src/hand_detector': PYTHONPATH=/home/keny/MANOS_ws/build/hand_detector/prefix_override:/home/keny/MANOS_ws/install/hand_detector/lib/python3.8/site-packages:/home/keny/MANOS_ws/install/custom_msg/lib/python3.8/site-packages:/home/keny/MANOS_ws/install/py_launch_example/lib/python3.8/site-packages:/home/keny/MANOS_ws/install/manos_launch/lib/python3.8/site-packages:/home/keny/MANOS_ws/install/launch/lib/python3.8/site-packages:/home/keny/MANOS_ws/install/host_listener_package/lib/python3.8/site-packages:/home/keny/MANOS_ws/install/hand_detector_package/lib/python3.8/site-packages:/home/keny/MANOS_ws/install/hand_detector/lib/python3.8/site-packages:/home/keny/MANOS_ws/install/castelet/lib/python3.8/site-packages:/home/keny/MANOS_ws/install/camera/lib/python3.8/site-packages:/opt/ros/galactic/lib/python3.8/site-packages /usr/bin/python3 setup.py egg_info --egg-base ../../build/hand_detector build --build-base /home/keny/MANOS_ws/build/hand_detector/build install --record /home/keny/MANOS_ws/build/hand_detector/install.log --single-version-externally-managed
[1.661s] Traceback (most recent call last):
[1.661s]   File "setup.py", line 1, in <module>
[1.661s]     from setuptools import setup
[1.661s]   File "/usr/lib/python3/dist-packages/setuptools/__init__.py", line 17, in <module>
[1.661s]     import setuptools.version
[1.662s]   File "/usr/lib/python3/dist-packages/setuptools/version.py", line 1, in <module>
[1.666s]     import pkg_resources
[1.666s]   File "/usr/lib/python3/dist-packages/pkg_resources/__init__.py", line 3254, in <module>
[1.667s]     def _initialize_master_working_set():
[1.667s]   File "/usr/lib/python3/dist-packages/pkg_resources/__init__.py", line 3237, in _call_aside
[1.668s]     f(*args, **kwargs)
[1.668s]   File "/usr/lib/python3/dist-packages/pkg_resources/__init__.py", line 3266, in _initialize_master_working_set
[1.671s]     working_set = WorkingSet._build_master()
[1.671s]   File "/usr/lib/python3/dist-packages/pkg_resources/__init__.py", line 575, in _build_master
[1.671s]     ws = cls()
[1.671s]   File "/usr/lib/python3/dist-packages/pkg_resources/__init__.py", line 568, in __init__
[1.673s]     self.add_entry(entry)
[1.673s]   File "/usr/lib/python3/dist-packages/pkg_resources/__init__.py", line 624, in add_entry
[1.673s]     for dist in find_distributions(entry, True):
[1.673s]   File "/usr/lib/python3/dist-packages/pkg_resources/__init__.py", line 2062, in find_on_path
[1.674s]     path_item_entries = _by_version_descending(filtered)
[1.675s]   File "/usr/lib/python3/dist-packages/pkg_resources/__init__.py", line 2035, in _by_version_descending
[1.679s]     return sorted(names, key=_by_version, reverse=True)
[1.679s]   File "/usr/lib/python3/dist-packages/pkg_resources/_vendor/packaging/version.py", line 54, in __eq__
[1.679s]     return self._compare(other, lambda s, o: s == o)
[1.679s]   File "/usr/lib/python3/dist-packages/pkg_resources/_vendor/packaging/version.py", line 66, in _compare
[1.679s]     if not isinstance(other, _BaseVersion):
[1.679s] KeyboardInterrupt
