[2.086s] Invoking command in '/home/keny/MANOS_ws/src/camera': PYTHONPATH=/home/keny/MANOS_ws/build/camera/prefix_override:/home/keny/MANOS_ws/install/camera/lib/python3.8/site-packages:/home/keny/MANOS_ws/install/custom_msg/lib/python3.8/site-packages:/home/keny/MANOS_ws/install/py_launch_example/lib/python3.8/site-packages:/home/keny/MANOS_ws/install/manos_launch/lib/python3.8/site-packages:/home/keny/MANOS_ws/install/launch/lib/python3.8/site-packages:/home/keny/MANOS_ws/install/host_listener_package/lib/python3.8/site-packages:/home/keny/MANOS_ws/install/hand_detector_package/lib/python3.8/site-packages:/home/keny/MANOS_ws/install/hand_detector/lib/python3.8/site-packages:/home/keny/MANOS_ws/install/castelet/lib/python3.8/site-packages:/home/keny/MANOS_ws/install/camera/lib/python3.8/site-packages:/opt/ros/galactic/lib/python3.8/site-packages:/home/keny/acs/src/behaviors/ /usr/bin/python3 setup.py egg_info --egg-base ../../build/camera build --build-base /home/keny/MANOS_ws/build/camera/build install --record /home/keny/MANOS_ws/build/camera/install.log --single-version-externally-managed
[2.338s] running egg_info
[2.339s] writing ../../build/camera/camera.egg-info/PKG-INFO
[2.413s] writing dependency_links to ../../build/camera/camera.egg-info/dependency_links.txt
[2.421s] writing entry points to ../../build/camera/camera.egg-info/entry_points.txt
[2.421s] writing requirements to ../../build/camera/camera.egg-info/requires.txt
[2.421s] writing top-level names to ../../build/camera/camera.egg-info/top_level.txt
[2.463s] reading manifest file '../../build/camera/camera.egg-info/SOURCES.txt'
[2.464s] writing manifest file '../../build/camera/camera.egg-info/SOURCES.txt'
[2.464s] running build
[2.464s] running build_py
[2.465s] running install
[2.466s] running install_lib
[2.468s] running install_data
[2.468s] running install_egg_info
[2.470s] removing '/home/keny/MANOS_ws/install/camera/lib/python3.8/site-packages/camera-0.0.0-py3.8.egg-info' (and everything under it)
[2.471s] Copying ../../build/camera/camera.egg-info to /home/keny/MANOS_ws/install/camera/lib/python3.8/site-packages/camera-0.0.0-py3.8.egg-info
[2.472s] running install_scripts
[2.488s] Installing camera script to /home/keny/MANOS_ws/install/camera/lib/camera
[2.488s] writing list of installed files to '/home/keny/MANOS_ws/build/camera/install.log'
[2.540s] Invoked command in '/home/keny/MANOS_ws/src/camera' returned '0': PYTHONPATH=/home/keny/MANOS_ws/build/camera/prefix_override:/home/keny/MANOS_ws/install/camera/lib/python3.8/site-packages:/home/keny/MANOS_ws/install/custom_msg/lib/python3.8/site-packages:/home/keny/MANOS_ws/install/py_launch_example/lib/python3.8/site-packages:/home/keny/MANOS_ws/install/manos_launch/lib/python3.8/site-packages:/home/keny/MANOS_ws/install/launch/lib/python3.8/site-packages:/home/keny/MANOS_ws/install/host_listener_package/lib/python3.8/site-packages:/home/keny/MANOS_ws/install/hand_detector_package/lib/python3.8/site-packages:/home/keny/MANOS_ws/install/hand_detector/lib/python3.8/site-packages:/home/keny/MANOS_ws/install/castelet/lib/python3.8/site-packages:/home/keny/MANOS_ws/install/camera/lib/python3.8/site-packages:/opt/ros/galactic/lib/python3.8/site-packages:/home/keny/acs/src/behaviors/ /usr/bin/python3 setup.py egg_info --egg-base ../../build/camera build --build-base /home/keny/MANOS_ws/build/camera/build install --record /home/keny/MANOS_ws/build/camera/install.log --single-version-externally-managed
