[0.175s] Invoking command in '/home/field/MANOS/build/custom_msg': CMAKE_PREFIX_PATH=${CMAKE_PREFIX_PATH}:/home/field/MANOS/install/host_listener_package:/home/field/MANOS/install/hand_detector:/home/field/MANOS/install/castelet:/home/field/MANOS/install/camera:/opt/ros/galactic /usr/bin/cmake /home/field/MANOS/src/custom_msg -DCMAKE_INSTALL_PREFIX=/home/field/MANOS/install/custom_msg
[0.295s] -- The C compiler identification is GNU 9.4.0
[0.349s] -- The CXX compiler identification is GNU 9.4.0
[0.353s] -- Check for working C compiler: /usr/bin/cc
[0.389s] -- Check for working C compiler: /usr/bin/cc -- works
[0.390s] -- Detecting C compiler ABI info
[0.427s] -- Detecting C compiler ABI info - done
[0.433s] -- Detecting C compile features
[0.434s] -- Detecting C compile features - done
[0.436s] -- Check for working CXX compiler: /usr/bin/c++
[0.478s] -- Check for working CXX compiler: /usr/bin/c++ -- works
[0.479s] -- Detecting CXX compiler ABI info
[0.522s] -- Detecting CXX compiler ABI info - done
[0.530s] -- Detecting CXX compile features
[0.530s] -- Detecting CXX compile features - done
[0.532s] -- Found ament_cmake: 1.1.6 (/opt/ros/galactic/share/ament_cmake/cmake)
[0.547s] -- Found PythonInterp: /usr/bin/python3 (found suitable version "3.8.10", minimum required is "3") 
[0.547s] -- Using PYTHON_EXECUTABLE: /usr/bin/python3
[0.592s] -- Found std_msgs: 2.2.4 (/opt/ros/galactic/share/std_msgs/cmake)
[0.608s] -- Using all available rosidl_typesupport_c: rosidl_typesupport_fastrtps_c;rosidl_typesupport_introspection_c
[0.612s] -- Found rosidl_adapter: 2.2.3 (/opt/ros/galactic/share/rosidl_adapter/cmake)
[0.655s] -- Found OpenSSL: /usr/lib/x86_64-linux-gnu/libcrypto.so (found version "1.1.1f")  
[0.671s] -- Found FastRTPS: /opt/ros/galactic/include  
[0.714s] -- Using all available rosidl_typesupport_cpp: rosidl_typesupport_fastrtps_cpp;rosidl_typesupport_introspection_cpp
[0.742s] -- Found rosidl_default_generators: 1.1.1 (/opt/ros/galactic/share/rosidl_default_generators/cmake)
[0.761s] -- Found PythonInterp: /usr/bin/python3 (found version "3.8.10") 
[0.843s] -- Found ament_cmake_ros: 0.9.2 (/opt/ros/galactic/share/ament_cmake_ros/cmake)
[0.932s] -- Using all available rosidl_typesupport_c: rosidl_typesupport_fastrtps_c;rosidl_typesupport_introspection_c
[0.962s] -- Using all available rosidl_typesupport_cpp: rosidl_typesupport_fastrtps_cpp;rosidl_typesupport_introspection_cpp
[0.977s] -- Found PythonInterp: /usr/bin/python3 (found suitable version "3.8.10", minimum required is "3.5") 
[0.977s] -- Found python_cmake_module: 0.8.1 (/opt/ros/galactic/share/python_cmake_module/cmake)
[0.994s] -- Found PythonLibs: /usr/lib/x86_64-linux-gnu/libpython3.8.so (found suitable version "3.8.10", minimum required is "3.5") 
[0.994s] -- Using PYTHON_EXECUTABLE: /usr/bin/python3
[0.994s] -- Using PYTHON_INCLUDE_DIRS: /usr/include/python3.8
[0.994s] -- Using PYTHON_LIBRARIES: /usr/lib/x86_64-linux-gnu/libpython3.8.so
[1.005s] -- Found PythonExtra: .so  
[1.038s] -- Found ament_lint_auto: 0.10.7 (/opt/ros/galactic/share/ament_lint_auto/cmake)
[1.050s] -- Added test 'copyright' to check source files copyright and LICENSE
[1.051s] -- Added test 'lint_cmake' to check CMake code style
[1.051s] -- Added test 'xmllint' to check XML markup files
[1.053s] -- Configuring done
[1.076s] -- Generating done
[1.078s] -- Build files have been written to: /home/field/MANOS/build/custom_msg
[1.084s] Invoked command in '/home/field/MANOS/build/custom_msg' returned '0': CMAKE_PREFIX_PATH=${CMAKE_PREFIX_PATH}:/home/field/MANOS/install/host_listener_package:/home/field/MANOS/install/hand_detector:/home/field/MANOS/install/castelet:/home/field/MANOS/install/camera:/opt/ros/galactic /usr/bin/cmake /home/field/MANOS/src/custom_msg -DCMAKE_INSTALL_PREFIX=/home/field/MANOS/install/custom_msg
[1.085s] Invoking command in '/home/field/MANOS/build/custom_msg': CMAKE_PREFIX_PATH=${CMAKE_PREFIX_PATH}:/home/field/MANOS/install/host_listener_package:/home/field/MANOS/install/hand_detector:/home/field/MANOS/install/castelet:/home/field/MANOS/install/camera:/opt/ros/galactic /usr/bin/cmake --build /home/field/MANOS/build/custom_msg -- -j20 -l20
[1.105s] [35m[1mScanning dependencies of target custom_msg__cpp[0m
[1.105s] [  2%] [34m[1mGenerating C code for ROS interfaces[0m
[1.111s] [  5%] [34m[1mGenerating C++ code for ROS interfaces[0m
[1.240s] [  5%] Built target custom_msg__cpp
[1.242s] [35m[1mScanning dependencies of target custom_msg__rosidl_generator_c[0m
[1.245s] [ 12%] [34m[1mGenerating C++ introspection for ROS interfaces[0m
[1.245s] [ 12%] [34m[1mGenerating C++ type support for eProsima Fast-RTPS[0m
[1.245s] [ 12%] [34m[1mGenerating C++ type support dispatch for ROS interfaces[0m
[1.249s] [ 15%] [32mBuilding C object CMakeFiles/custom_msg__rosidl_generator_c.dir/rosidl_generator_c/custom_msg/msg/detail/list_string__functions.c.o[0m
[1.249s] [ 17%] [32mBuilding C object CMakeFiles/custom_msg__rosidl_generator_c.dir/rosidl_generator_c/custom_msg/msg/detail/pos__functions.c.o[0m
[1.277s] [ 20%] [32m[1mLinking C shared library libcustom_msg__rosidl_generator_c.so[0m
[1.300s] [ 20%] Built target custom_msg__rosidl_generator_c
[1.305s] [ 23%] [34m[1mGenerating C type support dispatch for ROS interfaces[0m
[1.305s] [ 25%] [34m[1mGenerating C introspection for ROS interfaces[0m
[1.368s] [35m[1mScanning dependencies of target custom_msg__rosidl_typesupport_cpp[0m
[1.375s] [ 30%] [32mBuilding CXX object CMakeFiles/custom_msg__rosidl_typesupport_cpp.dir/rosidl_typesupport_cpp/custom_msg/msg/pos__type_support.cpp.o[0m
[1.375s] [ 30%] [32mBuilding CXX object CMakeFiles/custom_msg__rosidl_typesupport_cpp.dir/rosidl_typesupport_cpp/custom_msg/msg/list_string__type_support.cpp.o[0m
[1.377s] [35m[1mScanning dependencies of target custom_msg__rosidl_typesupport_introspection_cpp[0m
[1.384s] [35m[1mScanning dependencies of target custom_msg__rosidl_typesupport_fastrtps_cpp[0m
[1.384s] [ 33%] [32mBuilding CXX object CMakeFiles/custom_msg__rosidl_typesupport_introspection_cpp.dir/rosidl_typesupport_introspection_cpp/custom_msg/msg/detail/pos__type_support.cpp.o[0m
[1.385s] [ 35%] [32mBuilding CXX object CMakeFiles/custom_msg__rosidl_typesupport_introspection_cpp.dir/rosidl_typesupport_introspection_cpp/custom_msg/msg/detail/list_string__type_support.cpp.o[0m
[1.393s] [ 38%] [32mBuilding CXX object CMakeFiles/custom_msg__rosidl_typesupport_fastrtps_cpp.dir/rosidl_typesupport_fastrtps_cpp/custom_msg/msg/detail/dds_fastrtps/pos__type_support.cpp.o[0m
[1.393s] [ 41%] [32mBuilding CXX object CMakeFiles/custom_msg__rosidl_typesupport_fastrtps_cpp.dir/rosidl_typesupport_fastrtps_cpp/custom_msg/msg/detail/dds_fastrtps/list_string__type_support.cpp.o[0m
[1.431s] [35m[1mScanning dependencies of target custom_msg__rosidl_typesupport_c[0m
[1.439s] [ 43%] [32mBuilding CXX object CMakeFiles/custom_msg__rosidl_typesupport_c.dir/rosidl_typesupport_c/custom_msg/msg/pos__type_support.cpp.o[0m
[1.440s] [ 46%] [32mBuilding CXX object CMakeFiles/custom_msg__rosidl_typesupport_c.dir/rosidl_typesupport_c/custom_msg/msg/list_string__type_support.cpp.o[0m
[1.442s] [35m[1mScanning dependencies of target custom_msg__rosidl_typesupport_introspection_c[0m
[1.452s] [ 48%] [32mBuilding C object CMakeFiles/custom_msg__rosidl_typesupport_introspection_c.dir/rosidl_typesupport_introspection_c/custom_msg/msg/detail/pos__type_support.c.o[0m
[1.452s] [ 51%] [32mBuilding C object CMakeFiles/custom_msg__rosidl_typesupport_introspection_c.dir/rosidl_typesupport_introspection_c/custom_msg/msg/detail/list_string__type_support.c.o[0m
[1.465s] [ 53%] [32m[1mLinking CXX shared library libcustom_msg__rosidl_typesupport_c.so[0m
[1.478s] [ 56%] [32m[1mLinking C shared library libcustom_msg__rosidl_typesupport_introspection_c.so[0m
[1.490s] [ 56%] Built target custom_msg__rosidl_typesupport_c
[1.496s] [ 56%] Built target custom_msg__rosidl_typesupport_introspection_c
[1.529s] [ 58%] [32m[1mLinking CXX shared library libcustom_msg__rosidl_typesupport_cpp.so[0m
[1.553s] [ 58%] Built target custom_msg__rosidl_typesupport_cpp
[1.583s] [ 61%] [32m[1mLinking CXX shared library libcustom_msg__rosidl_typesupport_introspection_cpp.so[0m
[1.622s] [ 61%] Built target custom_msg__rosidl_typesupport_introspection_cpp
[1.625s] [ 64%] [32m[1mLinking CXX shared library libcustom_msg__rosidl_typesupport_fastrtps_cpp.so[0m
[1.672s] [ 64%] Built target custom_msg__rosidl_typesupport_fastrtps_cpp
[1.677s] [ 66%] [34m[1mGenerating C type support for eProsima Fast-RTPS[0m
[1.799s] [35m[1mScanning dependencies of target custom_msg__rosidl_typesupport_fastrtps_c[0m
[1.806s] [ 69%] [32mBuilding CXX object CMakeFiles/custom_msg__rosidl_typesupport_fastrtps_c.dir/rosidl_typesupport_fastrtps_c/custom_msg/msg/detail/list_string__type_support_c.cpp.o[0m
[1.806s] [ 71%] [32mBuilding CXX object CMakeFiles/custom_msg__rosidl_typesupport_fastrtps_c.dir/rosidl_typesupport_fastrtps_c/custom_msg/msg/detail/pos__type_support_c.cpp.o[0m
[1.963s] [ 74%] [32m[1mLinking CXX shared library libcustom_msg__rosidl_typesupport_fastrtps_c.so[0m
[2.008s] [ 74%] Built target custom_msg__rosidl_typesupport_fastrtps_c
[2.014s] [35m[1mScanning dependencies of target custom_msg[0m
[2.020s] [ 74%] Built target custom_msg
[2.025s] [35m[1mScanning dependencies of target custom_msg__py[0m
[2.031s] [ 76%] [34m[1mGenerating Python code for ROS interfaces[0m
[2.272s] [ 76%] Built target custom_msg__py
[2.277s] [35m[1mScanning dependencies of target custom_msg__python[0m
[2.298s] [ 79%] [32mBuilding C object CMakeFiles/custom_msg__python.dir/rosidl_generator_py/custom_msg/msg/_list_string_s.c.o[0m
[2.298s] [ 82%] [32mBuilding C object CMakeFiles/custom_msg__python.dir/rosidl_generator_py/custom_msg/msg/_pos_s.c.o[0m
[2.353s] [ 84%] [32m[1mLinking C shared library rosidl_generator_py/custom_msg/libcustom_msg__python.so[0m
[2.376s] [ 84%] Built target custom_msg__python
[2.382s] [35m[1mScanning dependencies of target custom_msg__rosidl_typesupport_fastrtps_c__pyext[0m
[2.382s] [35m[1mScanning dependencies of target custom_msg__rosidl_typesupport_introspection_c__pyext[0m
[2.382s] [35m[1mScanning dependencies of target custom_msg__rosidl_typesupport_c__pyext[0m
[2.391s] [ 87%] [32mBuilding C object CMakeFiles/custom_msg__rosidl_typesupport_introspection_c__pyext.dir/rosidl_generator_py/custom_msg/_custom_msg_s.ep.rosidl_typesupport_introspection_c.c.o[0m
[2.391s] [ 89%] [32mBuilding C object CMakeFiles/custom_msg__rosidl_typesupport_c__pyext.dir/rosidl_generator_py/custom_msg/_custom_msg_s.ep.rosidl_typesupport_c.c.o[0m
[2.393s] [ 92%] [32mBuilding C object CMakeFiles/custom_msg__rosidl_typesupport_fastrtps_c__pyext.dir/rosidl_generator_py/custom_msg/_custom_msg_s.ep.rosidl_typesupport_fastrtps_c.c.o[0m
[2.435s] [ 97%] [32m[1mLinking C shared library rosidl_generator_py/custom_msg/custom_msg_s__rosidl_typesupport_introspection_c.cpython-38-x86_64-linux-gnu.so[0m
[2.435s] [ 97%] [32m[1mLinking C shared library rosidl_generator_py/custom_msg/custom_msg_s__rosidl_typesupport_c.cpython-38-x86_64-linux-gnu.so[0m
[2.435s] [100%] [32m[1mLinking CXX shared library rosidl_generator_py/custom_msg/custom_msg_s__rosidl_typesupport_fastrtps_c.cpython-38-x86_64-linux-gnu.so[0m
[2.455s] [100%] Built target custom_msg__rosidl_typesupport_c__pyext
[2.455s] [100%] Built target custom_msg__rosidl_typesupport_introspection_c__pyext
[2.471s] [100%] Built target custom_msg__rosidl_typesupport_fastrtps_c__pyext
[2.478s] Invoked command in '/home/field/MANOS/build/custom_msg' returned '0': CMAKE_PREFIX_PATH=${CMAKE_PREFIX_PATH}:/home/field/MANOS/install/host_listener_package:/home/field/MANOS/install/hand_detector:/home/field/MANOS/install/castelet:/home/field/MANOS/install/camera:/opt/ros/galactic /usr/bin/cmake --build /home/field/MANOS/build/custom_msg -- -j20 -l20
[2.513s] Invoking command in '/home/field/MANOS/build/custom_msg': CMAKE_PREFIX_PATH=${CMAKE_PREFIX_PATH}:/home/field/MANOS/install/host_listener_package:/home/field/MANOS/install/hand_detector:/home/field/MANOS/install/castelet:/home/field/MANOS/install/camera:/opt/ros/galactic /usr/bin/cmake --install /home/field/MANOS/build/custom_msg
[2.518s] -- Install configuration: ""
[2.518s] -- Installing: /home/field/MANOS/install/custom_msg/share/ament_index/resource_index/rosidl_interfaces/custom_msg
[2.518s] -- Installing: /home/field/MANOS/install/custom_msg/include/custom_msg
[2.518s] -- Installing: /home/field/MANOS/install/custom_msg/include/custom_msg/msg
[2.518s] -- Installing: /home/field/MANOS/install/custom_msg/include/custom_msg/msg/rosidl_generator_c__visibility_control.h
[2.518s] -- Installing: /home/field/MANOS/install/custom_msg/include/custom_msg/msg/list_string.h
[2.518s] -- Installing: /home/field/MANOS/install/custom_msg/include/custom_msg/msg/detail
[2.518s] -- Installing: /home/field/MANOS/install/custom_msg/include/custom_msg/msg/detail/pos__functions.h
[2.518s] -- Installing: /home/field/MANOS/install/custom_msg/include/custom_msg/msg/detail/list_string__functions.h
[2.518s] -- Installing: /home/field/MANOS/install/custom_msg/include/custom_msg/msg/detail/pos__functions.c
[2.518s] -- Installing: /home/field/MANOS/install/custom_msg/include/custom_msg/msg/detail/list_string__functions.c
[2.518s] -- Installing: /home/field/MANOS/install/custom_msg/include/custom_msg/msg/detail/pos__struct.h
[2.518s] -- Installing: /home/field/MANOS/install/custom_msg/include/custom_msg/msg/detail/list_string__struct.h
[2.518s] -- Installing: /home/field/MANOS/install/custom_msg/include/custom_msg/msg/detail/list_string__type_support.h
[2.518s] -- Installing: /home/field/MANOS/install/custom_msg/include/custom_msg/msg/detail/pos__type_support.h
[2.518s] -- Installing: /home/field/MANOS/install/custom_msg/include/custom_msg/msg/pos.h
[2.518s] -- Installing: /home/field/MANOS/install/custom_msg/share/custom_msg/environment/library_path.sh
[2.518s] -- Installing: /home/field/MANOS/install/custom_msg/share/custom_msg/environment/library_path.dsv
[2.518s] -- Installing: /home/field/MANOS/install/custom_msg/lib/libcustom_msg__rosidl_generator_c.so
[2.518s] -- Set runtime path of "/home/field/MANOS/install/custom_msg/lib/libcustom_msg__rosidl_generator_c.so" to ""
[2.518s] -- Up-to-date: /home/field/MANOS/install/custom_msg/include/custom_msg
[2.518s] -- Up-to-date: /home/field/MANOS/install/custom_msg/include/custom_msg/msg
[2.519s] -- Installing: /home/field/MANOS/install/custom_msg/include/custom_msg/msg/rosidl_typesupport_fastrtps_c__visibility_control.h
[2.519s] -- Up-to-date: /home/field/MANOS/install/custom_msg/include/custom_msg/msg/detail
[2.519s] -- Installing: /home/field/MANOS/install/custom_msg/include/custom_msg/msg/detail/pos__rosidl_typesupport_fastrtps_c.h
[2.519s] -- Installing: /home/field/MANOS/install/custom_msg/include/custom_msg/msg/detail/list_string__rosidl_typesupport_fastrtps_c.h
[2.519s] -- Installing: /home/field/MANOS/install/custom_msg/lib/libcustom_msg__rosidl_typesupport_fastrtps_c.so
[2.519s] -- Set runtime path of "/home/field/MANOS/install/custom_msg/lib/libcustom_msg__rosidl_typesupport_fastrtps_c.so" to ""
[2.519s] -- Up-to-date: /home/field/MANOS/install/custom_msg/include/custom_msg
[2.519s] -- Up-to-date: /home/field/MANOS/install/custom_msg/include/custom_msg/msg
[2.519s] -- Up-to-date: /home/field/MANOS/install/custom_msg/include/custom_msg/msg/detail
[2.519s] -- Installing: /home/field/MANOS/install/custom_msg/include/custom_msg/msg/detail/list_string__rosidl_typesupport_fastrtps_cpp.hpp
[2.519s] -- Installing: /home/field/MANOS/install/custom_msg/include/custom_msg/msg/detail/pos__rosidl_typesupport_fastrtps_cpp.hpp
[2.519s] -- Installing: /home/field/MANOS/install/custom_msg/include/custom_msg/msg/detail/dds_fastrtps
[2.519s] -- Installing: /home/field/MANOS/install/custom_msg/include/custom_msg/msg/rosidl_typesupport_fastrtps_cpp__visibility_control.h
[2.519s] -- Installing: /home/field/MANOS/install/custom_msg/lib/libcustom_msg__rosidl_typesupport_fastrtps_cpp.so
[2.519s] -- Set runtime path of "/home/field/MANOS/install/custom_msg/lib/libcustom_msg__rosidl_typesupport_fastrtps_cpp.so" to ""
[2.519s] -- Up-to-date: /home/field/MANOS/install/custom_msg/include/custom_msg
[2.519s] -- Up-to-date: /home/field/MANOS/install/custom_msg/include/custom_msg/msg
[2.519s] -- Up-to-date: /home/field/MANOS/install/custom_msg/include/custom_msg/msg/detail
[2.519s] -- Installing: /home/field/MANOS/install/custom_msg/include/custom_msg/msg/detail/list_string__rosidl_typesupport_introspection_c.h
[2.519s] -- Installing: /home/field/MANOS/install/custom_msg/include/custom_msg/msg/detail/pos__type_support.c
[2.519s] -- Installing: /home/field/MANOS/install/custom_msg/include/custom_msg/msg/detail/list_string__type_support.c
[2.519s] -- Installing: /home/field/MANOS/install/custom_msg/include/custom_msg/msg/detail/pos__rosidl_typesupport_introspection_c.h
[2.519s] -- Installing: /home/field/MANOS/install/custom_msg/include/custom_msg/msg/rosidl_typesupport_introspection_c__visibility_control.h
[2.519s] -- Installing: /home/field/MANOS/install/custom_msg/lib/libcustom_msg__rosidl_typesupport_introspection_c.so
[2.519s] -- Set runtime path of "/home/field/MANOS/install/custom_msg/lib/libcustom_msg__rosidl_typesupport_introspection_c.so" to ""
[2.519s] -- Installing: /home/field/MANOS/install/custom_msg/lib/libcustom_msg__rosidl_typesupport_c.so
[2.519s] -- Set runtime path of "/home/field/MANOS/install/custom_msg/lib/libcustom_msg__rosidl_typesupport_c.so" to ""
[2.519s] -- Up-to-date: /home/field/MANOS/install/custom_msg/include/custom_msg
[2.520s] -- Up-to-date: /home/field/MANOS/install/custom_msg/include/custom_msg/msg
[2.520s] -- Installing: /home/field/MANOS/install/custom_msg/include/custom_msg/msg/pos.hpp
[2.520s] -- Up-to-date: /home/field/MANOS/install/custom_msg/include/custom_msg/msg/detail
[2.520s] -- Installing: /home/field/MANOS/install/custom_msg/include/custom_msg/msg/detail/list_string__traits.hpp
[2.520s] -- Installing: /home/field/MANOS/install/custom_msg/include/custom_msg/msg/detail/pos__traits.hpp
[2.520s] -- Installing: /home/field/MANOS/install/custom_msg/include/custom_msg/msg/detail/list_string__builder.hpp
[2.520s] -- Installing: /home/field/MANOS/install/custom_msg/include/custom_msg/msg/detail/pos__struct.hpp
[2.520s] -- Installing: /home/field/MANOS/install/custom_msg/include/custom_msg/msg/detail/list_string__struct.hpp
[2.520s] -- Installing: /home/field/MANOS/install/custom_msg/include/custom_msg/msg/detail/pos__builder.hpp
[2.520s] -- Installing: /home/field/MANOS/install/custom_msg/include/custom_msg/msg/list_string.hpp
[2.520s] -- Up-to-date: /home/field/MANOS/install/custom_msg/include/custom_msg
[2.520s] -- Up-to-date: /home/field/MANOS/install/custom_msg/include/custom_msg/msg
[2.520s] -- Up-to-date: /home/field/MANOS/install/custom_msg/include/custom_msg/msg/detail
[2.520s] -- Installing: /home/field/MANOS/install/custom_msg/include/custom_msg/msg/detail/pos__type_support.cpp
[2.520s] -- Installing: /home/field/MANOS/install/custom_msg/include/custom_msg/msg/detail/list_string__rosidl_typesupport_introspection_cpp.hpp
[2.520s] -- Installing: /home/field/MANOS/install/custom_msg/include/custom_msg/msg/detail/list_string__type_support.cpp
[2.520s] -- Installing: /home/field/MANOS/install/custom_msg/include/custom_msg/msg/detail/pos__rosidl_typesupport_introspection_cpp.hpp
[2.520s] -- Installing: /home/field/MANOS/install/custom_msg/lib/libcustom_msg__rosidl_typesupport_introspection_cpp.so
[2.520s] -- Set runtime path of "/home/field/MANOS/install/custom_msg/lib/libcustom_msg__rosidl_typesupport_introspection_cpp.so" to ""
[2.520s] -- Installing: /home/field/MANOS/install/custom_msg/lib/libcustom_msg__rosidl_typesupport_cpp.so
[2.520s] -- Set runtime path of "/home/field/MANOS/install/custom_msg/lib/libcustom_msg__rosidl_typesupport_cpp.so" to ""
[2.520s] -- Installing: /home/field/MANOS/install/custom_msg/share/custom_msg/environment/pythonpath.sh
[2.520s] -- Installing: /home/field/MANOS/install/custom_msg/share/custom_msg/environment/pythonpath.dsv
[2.520s] -- Installing: /home/field/MANOS/install/custom_msg/lib/python3.8/site-packages/custom_msg/__init__.py
[2.537s] Compiling '/home/field/MANOS/install/custom_msg/lib/python3.8/site-packages/custom_msg/__init__.py'...
[2.539s] -- Installing: /home/field/MANOS/install/custom_msg/lib/python3.8/site-packages/custom_msg/msg
[2.539s] -- Installing: /home/field/MANOS/install/custom_msg/lib/python3.8/site-packages/custom_msg/msg/__init__.py
[2.539s] -- Installing: /home/field/MANOS/install/custom_msg/lib/python3.8/site-packages/custom_msg/msg/_list_string.py
[2.539s] -- Installing: /home/field/MANOS/install/custom_msg/lib/python3.8/site-packages/custom_msg/msg/_pos.py
[2.539s] -- Installing: /home/field/MANOS/install/custom_msg/lib/python3.8/site-packages/custom_msg/msg/_pos_s.c
[2.539s] -- Installing: /home/field/MANOS/install/custom_msg/lib/python3.8/site-packages/custom_msg/msg/_list_string_s.c
[2.539s] -- Installing: /home/field/MANOS/install/custom_msg/lib/python3.8/site-packages/custom_msg/custom_msg_s__rosidl_typesupport_fastrtps_c.cpython-38-x86_64-linux-gnu.so
[2.540s] -- Set runtime path of "/home/field/MANOS/install/custom_msg/lib/python3.8/site-packages/custom_msg/custom_msg_s__rosidl_typesupport_fastrtps_c.cpython-38-x86_64-linux-gnu.so" to ""
[2.540s] -- Installing: /home/field/MANOS/install/custom_msg/lib/python3.8/site-packages/custom_msg/custom_msg_s__rosidl_typesupport_introspection_c.cpython-38-x86_64-linux-gnu.so
[2.540s] -- Set runtime path of "/home/field/MANOS/install/custom_msg/lib/python3.8/site-packages/custom_msg/custom_msg_s__rosidl_typesupport_introspection_c.cpython-38-x86_64-linux-gnu.so" to ""
[2.540s] -- Installing: /home/field/MANOS/install/custom_msg/lib/python3.8/site-packages/custom_msg/custom_msg_s__rosidl_typesupport_c.cpython-38-x86_64-linux-gnu.so
[2.540s] -- Set runtime path of "/home/field/MANOS/install/custom_msg/lib/python3.8/site-packages/custom_msg/custom_msg_s__rosidl_typesupport_c.cpython-38-x86_64-linux-gnu.so" to ""
[2.540s] -- Installing: /home/field/MANOS/install/custom_msg/lib/libcustom_msg__python.so
[2.540s] -- Set runtime path of "/home/field/MANOS/install/custom_msg/lib/libcustom_msg__python.so" to ""
[2.540s] -- Installing: /home/field/MANOS/install/custom_msg/share/custom_msg/msg/ListString.idl
[2.540s] -- Installing: /home/field/MANOS/install/custom_msg/share/custom_msg/msg/Pos.idl
[2.540s] -- Installing: /home/field/MANOS/install/custom_msg/share/custom_msg/msg/ListString.msg
[2.541s] -- Installing: /home/field/MANOS/install/custom_msg/share/custom_msg/msg/Pos.msg
[2.541s] -- Installing: /home/field/MANOS/install/custom_msg/share/ament_index/resource_index/package_run_dependencies/custom_msg
[2.541s] -- Installing: /home/field/MANOS/install/custom_msg/share/ament_index/resource_index/parent_prefix_path/custom_msg
[2.541s] -- Installing: /home/field/MANOS/install/custom_msg/share/custom_msg/environment/ament_prefix_path.sh
[2.541s] -- Installing: /home/field/MANOS/install/custom_msg/share/custom_msg/environment/ament_prefix_path.dsv
[2.541s] -- Installing: /home/field/MANOS/install/custom_msg/share/custom_msg/environment/path.sh
[2.541s] -- Installing: /home/field/MANOS/install/custom_msg/share/custom_msg/environment/path.dsv
[2.541s] -- Installing: /home/field/MANOS/install/custom_msg/share/custom_msg/local_setup.bash
[2.541s] -- Installing: /home/field/MANOS/install/custom_msg/share/custom_msg/local_setup.sh
[2.541s] -- Installing: /home/field/MANOS/install/custom_msg/share/custom_msg/local_setup.zsh
[2.541s] -- Installing: /home/field/MANOS/install/custom_msg/share/custom_msg/local_setup.dsv
[2.541s] -- Installing: /home/field/MANOS/install/custom_msg/share/custom_msg/package.dsv
[2.541s] -- Installing: /home/field/MANOS/install/custom_msg/share/ament_index/resource_index/packages/custom_msg
[2.541s] -- Installing: /home/field/MANOS/install/custom_msg/share/custom_msg/cmake/custom_msg__rosidl_generator_cExport.cmake
[2.541s] -- Installing: /home/field/MANOS/install/custom_msg/share/custom_msg/cmake/custom_msg__rosidl_generator_cExport-noconfig.cmake
[2.541s] -- Installing: /home/field/MANOS/install/custom_msg/share/custom_msg/cmake/custom_msg__rosidl_typesupport_introspection_cExport.cmake
[2.541s] -- Installing: /home/field/MANOS/install/custom_msg/share/custom_msg/cmake/custom_msg__rosidl_typesupport_introspection_cExport-noconfig.cmake
[2.541s] -- Installing: /home/field/MANOS/install/custom_msg/share/custom_msg/cmake/custom_msg__rosidl_typesupport_cExport.cmake
[2.541s] -- Installing: /home/field/MANOS/install/custom_msg/share/custom_msg/cmake/custom_msg__rosidl_typesupport_cExport-noconfig.cmake
[2.541s] -- Installing: /home/field/MANOS/install/custom_msg/share/custom_msg/cmake/custom_msg__rosidl_generator_cppExport.cmake
[2.542s] -- Installing: /home/field/MANOS/install/custom_msg/share/custom_msg/cmake/custom_msg__rosidl_typesupport_introspection_cppExport.cmake
[2.542s] -- Installing: /home/field/MANOS/install/custom_msg/share/custom_msg/cmake/custom_msg__rosidl_typesupport_introspection_cppExport-noconfig.cmake
[2.542s] -- Installing: /home/field/MANOS/install/custom_msg/share/custom_msg/cmake/custom_msg__rosidl_typesupport_cppExport.cmake
[2.542s] -- Installing: /home/field/MANOS/install/custom_msg/share/custom_msg/cmake/custom_msg__rosidl_typesupport_cppExport-noconfig.cmake
[2.542s] -- Installing: /home/field/MANOS/install/custom_msg/share/custom_msg/cmake/rosidl_cmake-extras.cmake
[2.542s] -- Installing: /home/field/MANOS/install/custom_msg/share/custom_msg/cmake/ament_cmake_export_dependencies-extras.cmake
[2.542s] -- Installing: /home/field/MANOS/install/custom_msg/share/custom_msg/cmake/ament_cmake_export_libraries-extras.cmake
[2.542s] -- Installing: /home/field/MANOS/install/custom_msg/share/custom_msg/cmake/ament_cmake_export_targets-extras.cmake
[2.542s] -- Installing: /home/field/MANOS/install/custom_msg/share/custom_msg/cmake/ament_cmake_export_include_directories-extras.cmake
[2.542s] -- Installing: /home/field/MANOS/install/custom_msg/share/custom_msg/cmake/rosidl_cmake_export_typesupport_libraries-extras.cmake
[2.542s] -- Installing: /home/field/MANOS/install/custom_msg/share/custom_msg/cmake/rosidl_cmake_export_typesupport_targets-extras.cmake
[2.542s] -- Installing: /home/field/MANOS/install/custom_msg/share/custom_msg/cmake/custom_msgConfig.cmake
[2.542s] -- Installing: /home/field/MANOS/install/custom_msg/share/custom_msg/cmake/custom_msgConfig-version.cmake
[2.542s] -- Installing: /home/field/MANOS/install/custom_msg/share/custom_msg/package.xml
[2.544s] Invoked command in '/home/field/MANOS/build/custom_msg' returned '0': CMAKE_PREFIX_PATH=${CMAKE_PREFIX_PATH}:/home/field/MANOS/install/host_listener_package:/home/field/MANOS/install/hand_detector:/home/field/MANOS/install/castelet:/home/field/MANOS/install/camera:/opt/ros/galactic /usr/bin/cmake --install /home/field/MANOS/build/custom_msg
