[1.269s] Invoking command in '/home/keny/MANOS_ws/src/castelet': PYTHONPATH=/home/keny/MANOS_ws/build/castelet/prefix_override:/home/keny/MANOS_ws/install/castelet/lib/python3.8/site-packages:${PYTHONPATH} /usr/bin/python3 setup.py egg_info --egg-base ../../build/castelet build --build-base /home/keny/MANOS_ws/build/castelet/build install --record /home/keny/MANOS_ws/build/castelet/install.log --single-version-externally-managed
[1.531s] running egg_info
[1.532s] writing ../../build/castelet/castelet.egg-info/PKG-INFO
[1.532s] writing dependency_links to ../../build/castelet/castelet.egg-info/dependency_links.txt
[1.532s] writing entry points to ../../build/castelet/castelet.egg-info/entry_points.txt
[1.532s] writing requirements to ../../build/castelet/castelet.egg-info/requires.txt
[1.533s] writing top-level names to ../../build/castelet/castelet.egg-info/top_level.txt
[1.564s] reading manifest file '../../build/castelet/castelet.egg-info/SOURCES.txt'
[1.565s] writing manifest file '../../build/castelet/castelet.egg-info/SOURCES.txt'
[1.565s] running build
[1.565s] running build_py
[1.565s] running install
[1.566s] running install_lib
[1.567s] running install_data
[1.568s] copying package.xml -> /home/keny/MANOS_ws/install/castelet/share/castelet
[1.568s] running install_egg_info
[1.570s] removing '/home/keny/MANOS_ws/install/castelet/lib/python3.8/site-packages/castelet-0.0.0-py3.8.egg-info' (and everything under it)
[1.570s] Copying ../../build/castelet/castelet.egg-info to /home/keny/MANOS_ws/install/castelet/lib/python3.8/site-packages/castelet-0.0.0-py3.8.egg-info
[1.571s] running install_scripts
[1.586s] Installing castelet script to /home/keny/MANOS_ws/install/castelet/lib/castelet
[1.587s] writing list of installed files to '/home/keny/MANOS_ws/build/castelet/install.log'
[1.607s] Invoked command in '/home/keny/MANOS_ws/src/castelet' returned '0': PYTHONPATH=/home/keny/MANOS_ws/build/castelet/prefix_override:/home/keny/MANOS_ws/install/castelet/lib/python3.8/site-packages:${PYTHONPATH} /usr/bin/python3 setup.py egg_info --egg-base ../../build/castelet build --build-base /home/keny/MANOS_ws/build/castelet/build install --record /home/keny/MANOS_ws/build/castelet/install.log --single-version-externally-managed
