[1.905s] Invoking command in '/home/keny/MANOS_ws/src/hand_detector': PYTHONPATH=/home/keny/MANOS_ws/build/hand_detector/prefix_override:/home/keny/MANOS_ws/install/hand_detector/lib/python3.8/site-packages:/home/keny/MANOS_ws/install/custom_msg/lib/python3.8/site-packages:/home/keny/MANOS_ws/install/py_launch_example/lib/python3.8/site-packages:/home/keny/MANOS_ws/install/manos_launch/lib/python3.8/site-packages:/home/keny/MANOS_ws/install/launch/lib/python3.8/site-packages:/home/keny/MANOS_ws/install/host_listener_package/lib/python3.8/site-packages:/home/keny/MANOS_ws/install/hand_detector_package/lib/python3.8/site-packages:/home/keny/MANOS_ws/install/hand_detector/lib/python3.8/site-packages:/home/keny/MANOS_ws/install/castelet/lib/python3.8/site-packages:/home/keny/MANOS_ws/install/camera/lib/python3.8/site-packages:/opt/ros/galactic/lib/python3.8/site-packages:/home/keny/acs/src/behaviors/ /usr/bin/python3 setup.py egg_info --egg-base ../../build/hand_detector build --build-base /home/keny/MANOS_ws/build/hand_detector/build install --record /home/keny/MANOS_ws/build/hand_detector/install.log --single-version-externally-managed
[2.218s] running egg_info
[2.219s] writing ../../build/hand_detector/hand_detector.egg-info/PKG-INFO
[2.219s] writing dependency_links to ../../build/hand_detector/hand_detector.egg-info/dependency_links.txt
[2.220s] writing entry points to ../../build/hand_detector/hand_detector.egg-info/entry_points.txt
[2.220s] writing requirements to ../../build/hand_detector/hand_detector.egg-info/requires.txt
[2.220s] writing top-level names to ../../build/hand_detector/hand_detector.egg-info/top_level.txt
[2.259s] reading manifest file '../../build/hand_detector/hand_detector.egg-info/SOURCES.txt'
[2.260s] writing manifest file '../../build/hand_detector/hand_detector.egg-info/SOURCES.txt'
[2.260s] running build
[2.261s] running build_py
[2.261s] copying hand_detector/hand_detector.py -> /home/keny/MANOS_ws/build/hand_detector/build/lib/hand_detector
[2.261s] running install
[2.262s] running install_lib
[2.264s] copying /home/keny/MANOS_ws/build/hand_detector/build/lib/hand_detector/hand_detector.py -> /home/keny/MANOS_ws/install/hand_detector/lib/python3.8/site-packages/hand_detector
[2.264s] byte-compiling /home/keny/MANOS_ws/install/hand_detector/lib/python3.8/site-packages/hand_detector/hand_detector.py to hand_detector.cpython-38.pyc
[2.266s] Sorry: IndentationError: expected an indented block (hand_detector.py, line 60)
[2.266s] running install_data
[2.267s] running install_egg_info
[2.269s] removing '/home/keny/MANOS_ws/install/hand_detector/lib/python3.8/site-packages/hand_detector-0.0.0-py3.8.egg-info' (and everything under it)
[2.270s] Copying ../../build/hand_detector/hand_detector.egg-info to /home/keny/MANOS_ws/install/hand_detector/lib/python3.8/site-packages/hand_detector-0.0.0-py3.8.egg-info
[2.271s] running install_scripts
[2.290s] Installing hand_detector script to /home/keny/MANOS_ws/install/hand_detector/lib/hand_detector
[2.290s] writing list of installed files to '/home/keny/MANOS_ws/build/hand_detector/install.log'
[2.329s] Invoked command in '/home/keny/MANOS_ws/src/hand_detector' returned '0': PYTHONPATH=/home/keny/MANOS_ws/build/hand_detector/prefix_override:/home/keny/MANOS_ws/install/hand_detector/lib/python3.8/site-packages:/home/keny/MANOS_ws/install/custom_msg/lib/python3.8/site-packages:/home/keny/MANOS_ws/install/py_launch_example/lib/python3.8/site-packages:/home/keny/MANOS_ws/install/manos_launch/lib/python3.8/site-packages:/home/keny/MANOS_ws/install/launch/lib/python3.8/site-packages:/home/keny/MANOS_ws/install/host_listener_package/lib/python3.8/site-packages:/home/keny/MANOS_ws/install/hand_detector_package/lib/python3.8/site-packages:/home/keny/MANOS_ws/install/hand_detector/lib/python3.8/site-packages:/home/keny/MANOS_ws/install/castelet/lib/python3.8/site-packages:/home/keny/MANOS_ws/install/camera/lib/python3.8/site-packages:/opt/ros/galactic/lib/python3.8/site-packages:/home/keny/acs/src/behaviors/ /usr/bin/python3 setup.py egg_info --egg-base ../../build/hand_detector build --build-base /home/keny/MANOS_ws/build/hand_detector/build install --record /home/keny/MANOS_ws/build/hand_detector/install.log --single-version-externally-managed
