[1.192s] Invoking command in '/home/keny/MANOS_ws/src/host_listener_package': PYTHONPATH=/home/keny/MANOS_ws/build/host_listener_package/prefix_override:/home/keny/MANOS_ws/install/host_listener_package/lib/python3.8/site-packages:/home/keny/MANOS_ws/install/custom_msg/lib/python3.8/site-packages:/home/keny/MANOS_ws/install/manos_launch/lib/python3.8/site-packages:/home/keny/MANOS_ws/install/launch/lib/python3.8/site-packages:/home/keny/MANOS_ws/install/host_listener_package/lib/python3.8/site-packages:/home/keny/MANOS_ws/install/hand_detector_package/lib/python3.8/site-packages:/home/keny/MANOS_ws/install/hand_detector/lib/python3.8/site-packages:/home/keny/MANOS_ws/install/camera/lib/python3.8/site-packages:/home/keny/MANOS_ws/install/castelet/lib/python3.8/site-packages:/opt/ros/galactic/lib/python3.8/site-packages:/home/keny/acs/src/behaviors/ /usr/bin/python3 setup.py egg_info --egg-base ../../build/host_listener_package build --build-base /home/keny/MANOS_ws/build/host_listener_package/build install --record /home/keny/MANOS_ws/build/host_listener_package/install.log --single-version-externally-managed
[1.421s] running egg_info
[1.422s] writing ../../build/host_listener_package/host_listener_package.egg-info/PKG-INFO
[1.422s] writing dependency_links to ../../build/host_listener_package/host_listener_package.egg-info/dependency_links.txt
[1.422s] writing entry points to ../../build/host_listener_package/host_listener_package.egg-info/entry_points.txt
[1.422s] writing requirements to ../../build/host_listener_package/host_listener_package.egg-info/requires.txt
[1.423s] writing top-level names to ../../build/host_listener_package/host_listener_package.egg-info/top_level.txt
[1.452s] reading manifest file '../../build/host_listener_package/host_listener_package.egg-info/SOURCES.txt'
[1.453s] writing manifest file '../../build/host_listener_package/host_listener_package.egg-info/SOURCES.txt'
[1.453s] running build
[1.453s] running build_py
[1.453s] running install
[1.454s] running install_lib
[1.455s] running install_data
[1.456s] running install_egg_info
[1.457s] removing '/home/keny/MANOS_ws/install/host_listener_package/lib/python3.8/site-packages/host_listener_package-0.0.0-py3.8.egg-info' (and everything under it)
[1.457s] Copying ../../build/host_listener_package/host_listener_package.egg-info to /home/keny/MANOS_ws/install/host_listener_package/lib/python3.8/site-packages/host_listener_package-0.0.0-py3.8.egg-info
[1.458s] running install_scripts
[1.472s] Installing host_listener script to /home/keny/MANOS_ws/install/host_listener_package/lib/host_listener_package
[1.472s] writing list of installed files to '/home/keny/MANOS_ws/build/host_listener_package/install.log'
[1.501s] Invoked command in '/home/keny/MANOS_ws/src/host_listener_package' returned '0': PYTHONPATH=/home/keny/MANOS_ws/build/host_listener_package/prefix_override:/home/keny/MANOS_ws/install/host_listener_package/lib/python3.8/site-packages:/home/keny/MANOS_ws/install/custom_msg/lib/python3.8/site-packages:/home/keny/MANOS_ws/install/manos_launch/lib/python3.8/site-packages:/home/keny/MANOS_ws/install/launch/lib/python3.8/site-packages:/home/keny/MANOS_ws/install/host_listener_package/lib/python3.8/site-packages:/home/keny/MANOS_ws/install/hand_detector_package/lib/python3.8/site-packages:/home/keny/MANOS_ws/install/hand_detector/lib/python3.8/site-packages:/home/keny/MANOS_ws/install/camera/lib/python3.8/site-packages:/home/keny/MANOS_ws/install/castelet/lib/python3.8/site-packages:/opt/ros/galactic/lib/python3.8/site-packages:/home/keny/acs/src/behaviors/ /usr/bin/python3 setup.py egg_info --egg-base ../../build/host_listener_package build --build-base /home/keny/MANOS_ws/build/host_listener_package/build install --record /home/keny/MANOS_ws/build/host_listener_package/install.log --single-version-externally-managed
