[1.864s] Invoking command in '/home/keny/MANOS_ws/src/camera': PYTHONPATH=/home/keny/MANOS_ws/build/camera/prefix_override:/home/keny/MANOS_ws/install/camera/lib/python3.8/site-packages:/home/keny/MANOS_ws/install/custom_msg/lib/python3.8/site-packages:/home/keny/MANOS_ws/install/host_listener_package/lib/python3.8/site-packages:/home/keny/MANOS_ws/install/hand_detector/lib/python3.8/site-packages:/home/keny/MANOS_ws/install/castelet/lib/python3.8/site-packages:/home/keny/MANOS_ws/install/camera/lib/python3.8/site-packages:/opt/ros/galactic/lib/python3.8/site-packages:/home/keny/acs/src/behaviors/ /usr/bin/python3 setup.py egg_info --egg-base ../../build/camera build --build-base /home/keny/MANOS_ws/build/camera/build install --record /home/keny/MANOS_ws/build/camera/install.log --single-version-externally-managed
[2.167s] running egg_info
[2.168s] writing ../../build/camera/camera.egg-info/PKG-INFO
[2.168s] writing dependency_links to ../../build/camera/camera.egg-info/dependency_links.txt
[2.168s] writing entry points to ../../build/camera/camera.egg-info/entry_points.txt
[2.168s] writing requirements to ../../build/camera/camera.egg-info/requires.txt
[2.168s] writing top-level names to ../../build/camera/camera.egg-info/top_level.txt
[2.207s] reading manifest file '../../build/camera/camera.egg-info/SOURCES.txt'
[2.208s] writing manifest file '../../build/camera/camera.egg-info/SOURCES.txt'
[2.208s] running build
[2.208s] running build_py
[2.208s] running install
[2.209s] running install_lib
[2.210s] running install_data
[2.211s] running install_egg_info
[2.213s] removing '/home/keny/MANOS_ws/install/camera/lib/python3.8/site-packages/camera-0.0.0-py3.8.egg-info' (and everything under it)
[2.213s] Copying ../../build/camera/camera.egg-info to /home/keny/MANOS_ws/install/camera/lib/python3.8/site-packages/camera-0.0.0-py3.8.egg-info
[2.214s] running install_scripts
[2.232s] Installing camera script to /home/keny/MANOS_ws/install/camera/lib/camera
[2.233s] writing list of installed files to '/home/keny/MANOS_ws/build/camera/install.log'
[2.263s] Invoked command in '/home/keny/MANOS_ws/src/camera' returned '0': PYTHONPATH=/home/keny/MANOS_ws/build/camera/prefix_override:/home/keny/MANOS_ws/install/camera/lib/python3.8/site-packages:/home/keny/MANOS_ws/install/custom_msg/lib/python3.8/site-packages:/home/keny/MANOS_ws/install/host_listener_package/lib/python3.8/site-packages:/home/keny/MANOS_ws/install/hand_detector/lib/python3.8/site-packages:/home/keny/MANOS_ws/install/castelet/lib/python3.8/site-packages:/home/keny/MANOS_ws/install/camera/lib/python3.8/site-packages:/opt/ros/galactic/lib/python3.8/site-packages:/home/keny/acs/src/behaviors/ /usr/bin/python3 setup.py egg_info --egg-base ../../build/camera build --build-base /home/keny/MANOS_ws/build/camera/build install --record /home/keny/MANOS_ws/build/camera/install.log --single-version-externally-managed
