[0.101s] Invoking command in '/home/keny/MANOS_ws/build/custom_msg': CMAKE_PREFIX_PATH=${CMAKE_PREFIX_PATH}:/home/keny/MANOS_ws/install/manos_manager:/home/keny/MANOS_ws/install/host_listener_package:/home/keny/MANOS_ws/install/hand_detector:/home/keny/MANOS_ws/install/castelet:/home/keny/MANOS_ws/install/camera:/home/keny/MANOS_ws/install/CustomRosController:/opt/ros/galactic /usr/bin/cmake --build /home/keny/MANOS_ws/build/custom_msg -- -j16 -l16
[0.986s] [  2%] Built target custom_msg__cpp
[0.987s] [ 12%] Built target custom_msg__rosidl_generator_c
[0.992s] [ 23%] Built target custom_msg__rosidl_typesupport_cpp
[0.993s] [ 33%] Built target custom_msg__rosidl_typesupport_introspection_cpp
[0.994s] [ 43%] Built target custom_msg__rosidl_typesupport_fastrtps_cpp
[0.999s] [ 53%] Built target custom_msg__rosidl_typesupport_introspection_c
[1.000s] [ 64%] Built target custom_msg__rosidl_typesupport_c
[1.004s] [ 74%] Built target custom_msg__rosidl_typesupport_fastrtps_c
[1.004s] [ 74%] Built target custom_msg
[1.005s] [ 76%] Built target custom_msg__py
[1.005s] [ 84%] Built target custom_msg__python
[1.006s] [ 89%] Built target custom_msg__rosidl_typesupport_introspection_c__pyext
[1.006s] [ 94%] Built target custom_msg__rosidl_typesupport_fastrtps_c__pyext
[1.006s] [100%] Built target custom_msg__rosidl_typesupport_c__pyext
[1.007s] Invoked command in '/home/keny/MANOS_ws/build/custom_msg' returned '0': CMAKE_PREFIX_PATH=${CMAKE_PREFIX_PATH}:/home/keny/MANOS_ws/install/manos_manager:/home/keny/MANOS_ws/install/host_listener_package:/home/keny/MANOS_ws/install/hand_detector:/home/keny/MANOS_ws/install/castelet:/home/keny/MANOS_ws/install/camera:/home/keny/MANOS_ws/install/CustomRosController:/opt/ros/galactic /usr/bin/cmake --build /home/keny/MANOS_ws/build/custom_msg -- -j16 -l16
[1.131s] Invoking command in '/home/keny/MANOS_ws/build/custom_msg': CMAKE_PREFIX_PATH=${CMAKE_PREFIX_PATH}:/home/keny/MANOS_ws/install/manos_manager:/home/keny/MANOS_ws/install/host_listener_package:/home/keny/MANOS_ws/install/hand_detector:/home/keny/MANOS_ws/install/castelet:/home/keny/MANOS_ws/install/camera:/home/keny/MANOS_ws/install/CustomRosController:/opt/ros/galactic /usr/bin/cmake --install /home/keny/MANOS_ws/build/custom_msg
[1.142s] -- Install configuration: ""
[1.143s] -- Up-to-date: /home/keny/MANOS_ws/install/custom_msg/share/ament_index/resource_index/rosidl_interfaces/custom_msg
[1.144s] -- Up-to-date: /home/keny/MANOS_ws/install/custom_msg/include/custom_msg
[1.144s] -- Up-to-date: /home/keny/MANOS_ws/install/custom_msg/include/custom_msg/msg
[1.145s] -- Up-to-date: /home/keny/MANOS_ws/install/custom_msg/include/custom_msg/msg/detail
[1.145s] -- Up-to-date: /home/keny/MANOS_ws/install/custom_msg/include/custom_msg/msg/detail/list_string__functions.h
[1.146s] -- Up-to-date: /home/keny/MANOS_ws/install/custom_msg/include/custom_msg/msg/detail/pos__functions.c
[1.146s] -- Up-to-date: /home/keny/MANOS_ws/install/custom_msg/include/custom_msg/msg/detail/list_string__type_support.h
[1.147s] -- Up-to-date: /home/keny/MANOS_ws/install/custom_msg/include/custom_msg/msg/detail/pos__type_support.h
[1.147s] -- Up-to-date: /home/keny/MANOS_ws/install/custom_msg/include/custom_msg/msg/detail/list_string__functions.c
[1.147s] -- Up-to-date: /home/keny/MANOS_ws/install/custom_msg/include/custom_msg/msg/detail/pos__struct.h
[1.148s] -- Up-to-date: /home/keny/MANOS_ws/install/custom_msg/include/custom_msg/msg/detail/list_string__struct.h
[1.148s] -- Up-to-date: /home/keny/MANOS_ws/install/custom_msg/include/custom_msg/msg/detail/pos__functions.h
[1.149s] -- Up-to-date: /home/keny/MANOS_ws/install/custom_msg/include/custom_msg/msg/rosidl_generator_c__visibility_control.h
[1.149s] -- Up-to-date: /home/keny/MANOS_ws/install/custom_msg/include/custom_msg/msg/list_string.h
[1.150s] -- Up-to-date: /home/keny/MANOS_ws/install/custom_msg/include/custom_msg/msg/pos.h
[1.150s] -- Up-to-date: /home/keny/MANOS_ws/install/custom_msg/share/custom_msg/environment/library_path.sh
[1.151s] -- Up-to-date: /home/keny/MANOS_ws/install/custom_msg/share/custom_msg/environment/library_path.dsv
[1.151s] -- Up-to-date: /home/keny/MANOS_ws/install/custom_msg/lib/libcustom_msg__rosidl_generator_c.so
[1.152s] -- Up-to-date: /home/keny/MANOS_ws/install/custom_msg/include/custom_msg
[1.152s] -- Up-to-date: /home/keny/MANOS_ws/install/custom_msg/include/custom_msg/msg
[1.153s] -- Up-to-date: /home/keny/MANOS_ws/install/custom_msg/include/custom_msg/msg/rosidl_typesupport_fastrtps_c__visibility_control.h
[1.153s] -- Up-to-date: /home/keny/MANOS_ws/install/custom_msg/include/custom_msg/msg/detail
[1.153s] -- Up-to-date: /home/keny/MANOS_ws/install/custom_msg/include/custom_msg/msg/detail/pos__rosidl_typesupport_fastrtps_c.h
[1.154s] -- Up-to-date: /home/keny/MANOS_ws/install/custom_msg/include/custom_msg/msg/detail/list_string__rosidl_typesupport_fastrtps_c.h
[1.154s] -- Up-to-date: /home/keny/MANOS_ws/install/custom_msg/lib/libcustom_msg__rosidl_typesupport_fastrtps_c.so
[1.154s] -- Up-to-date: /home/keny/MANOS_ws/install/custom_msg/include/custom_msg
[1.155s] -- Up-to-date: /home/keny/MANOS_ws/install/custom_msg/include/custom_msg/msg
[1.155s] -- Up-to-date: /home/keny/MANOS_ws/install/custom_msg/include/custom_msg/msg/detail
[1.155s] -- Up-to-date: /home/keny/MANOS_ws/install/custom_msg/include/custom_msg/msg/detail/dds_fastrtps
[1.156s] -- Up-to-date: /home/keny/MANOS_ws/install/custom_msg/include/custom_msg/msg/detail/list_string__rosidl_typesupport_fastrtps_cpp.hpp
[1.156s] -- Up-to-date: /home/keny/MANOS_ws/install/custom_msg/include/custom_msg/msg/detail/pos__rosidl_typesupport_fastrtps_cpp.hpp
[1.156s] -- Up-to-date: /home/keny/MANOS_ws/install/custom_msg/include/custom_msg/msg/rosidl_typesupport_fastrtps_cpp__visibility_control.h
[1.157s] -- Up-to-date: /home/keny/MANOS_ws/install/custom_msg/lib/libcustom_msg__rosidl_typesupport_fastrtps_cpp.so
[1.157s] -- Up-to-date: /home/keny/MANOS_ws/install/custom_msg/include/custom_msg
[1.157s] -- Up-to-date: /home/keny/MANOS_ws/install/custom_msg/include/custom_msg/msg
[1.158s] -- Up-to-date: /home/keny/MANOS_ws/install/custom_msg/include/custom_msg/msg/detail
[1.158s] -- Up-to-date: /home/keny/MANOS_ws/install/custom_msg/include/custom_msg/msg/detail/list_string__type_support.c
[1.158s] -- Up-to-date: /home/keny/MANOS_ws/install/custom_msg/include/custom_msg/msg/detail/pos__type_support.c
[1.159s] -- Up-to-date: /home/keny/MANOS_ws/install/custom_msg/include/custom_msg/msg/detail/pos__rosidl_typesupport_introspection_c.h
[1.159s] -- Up-to-date: /home/keny/MANOS_ws/install/custom_msg/include/custom_msg/msg/detail/list_string__rosidl_typesupport_introspection_c.h
[1.159s] -- Up-to-date: /home/keny/MANOS_ws/install/custom_msg/include/custom_msg/msg/rosidl_typesupport_introspection_c__visibility_control.h
[1.160s] -- Up-to-date: /home/keny/MANOS_ws/install/custom_msg/lib/libcustom_msg__rosidl_typesupport_introspection_c.so
[1.160s] -- Up-to-date: /home/keny/MANOS_ws/install/custom_msg/lib/libcustom_msg__rosidl_typesupport_c.so
[1.160s] -- Up-to-date: /home/keny/MANOS_ws/install/custom_msg/include/custom_msg
[1.161s] -- Up-to-date: /home/keny/MANOS_ws/install/custom_msg/include/custom_msg/msg
[1.161s] -- Up-to-date: /home/keny/MANOS_ws/install/custom_msg/include/custom_msg/msg/pos.hpp
[1.161s] -- Up-to-date: /home/keny/MANOS_ws/install/custom_msg/include/custom_msg/msg/list_string.hpp
[1.162s] -- Up-to-date: /home/keny/MANOS_ws/install/custom_msg/include/custom_msg/msg/detail
[1.162s] -- Up-to-date: /home/keny/MANOS_ws/install/custom_msg/include/custom_msg/msg/detail/list_string__builder.hpp
[1.162s] -- Up-to-date: /home/keny/MANOS_ws/install/custom_msg/include/custom_msg/msg/detail/pos__struct.hpp
[1.163s] -- Up-to-date: /home/keny/MANOS_ws/install/custom_msg/include/custom_msg/msg/detail/list_string__traits.hpp
[1.163s] -- Up-to-date: /home/keny/MANOS_ws/install/custom_msg/include/custom_msg/msg/detail/pos__traits.hpp
[1.163s] -- Up-to-date: /home/keny/MANOS_ws/install/custom_msg/include/custom_msg/msg/detail/list_string__struct.hpp
[1.164s] -- Up-to-date: /home/keny/MANOS_ws/install/custom_msg/include/custom_msg/msg/detail/pos__builder.hpp
[1.164s] -- Up-to-date: /home/keny/MANOS_ws/install/custom_msg/include/custom_msg
[1.164s] -- Up-to-date: /home/keny/MANOS_ws/install/custom_msg/include/custom_msg/msg
[1.165s] -- Up-to-date: /home/keny/MANOS_ws/install/custom_msg/include/custom_msg/msg/detail
[1.165s] -- Up-to-date: /home/keny/MANOS_ws/install/custom_msg/include/custom_msg/msg/detail/pos__type_support.cpp
[1.165s] -- Up-to-date: /home/keny/MANOS_ws/install/custom_msg/include/custom_msg/msg/detail/list_string__type_support.cpp
[1.166s] -- Up-to-date: /home/keny/MANOS_ws/install/custom_msg/include/custom_msg/msg/detail/list_string__rosidl_typesupport_introspection_cpp.hpp
[1.166s] -- Up-to-date: /home/keny/MANOS_ws/install/custom_msg/include/custom_msg/msg/detail/pos__rosidl_typesupport_introspection_cpp.hpp
[1.166s] -- Up-to-date: /home/keny/MANOS_ws/install/custom_msg/lib/libcustom_msg__rosidl_typesupport_introspection_cpp.so
[1.167s] -- Up-to-date: /home/keny/MANOS_ws/install/custom_msg/lib/libcustom_msg__rosidl_typesupport_cpp.so
[1.167s] -- Up-to-date: /home/keny/MANOS_ws/install/custom_msg/share/custom_msg/environment/pythonpath.sh
[1.167s] -- Up-to-date: /home/keny/MANOS_ws/install/custom_msg/share/custom_msg/environment/pythonpath.dsv
[1.168s] -- Up-to-date: /home/keny/MANOS_ws/install/custom_msg/lib/python3.8/site-packages/custom_msg/__init__.py
[1.249s] -- Up-to-date: /home/keny/MANOS_ws/install/custom_msg/lib/python3.8/site-packages/custom_msg/msg
[1.250s] -- Up-to-date: /home/keny/MANOS_ws/install/custom_msg/lib/python3.8/site-packages/custom_msg/msg/_list_string_s.c
[1.250s] -- Up-to-date: /home/keny/MANOS_ws/install/custom_msg/lib/python3.8/site-packages/custom_msg/msg/_list_string.py
[1.251s] -- Up-to-date: /home/keny/MANOS_ws/install/custom_msg/lib/python3.8/site-packages/custom_msg/msg/_pos.py
[1.251s] -- Up-to-date: /home/keny/MANOS_ws/install/custom_msg/lib/python3.8/site-packages/custom_msg/msg/__init__.py
[1.251s] -- Up-to-date: /home/keny/MANOS_ws/install/custom_msg/lib/python3.8/site-packages/custom_msg/msg/_pos_s.c
[1.252s] -- Up-to-date: /home/keny/MANOS_ws/install/custom_msg/lib/python3.8/site-packages/custom_msg/custom_msg_s__rosidl_typesupport_fastrtps_c.cpython-38-x86_64-linux-gnu.so
[1.252s] -- Up-to-date: /home/keny/MANOS_ws/install/custom_msg/lib/python3.8/site-packages/custom_msg/custom_msg_s__rosidl_typesupport_introspection_c.cpython-38-x86_64-linux-gnu.so
[1.252s] -- Up-to-date: /home/keny/MANOS_ws/install/custom_msg/lib/python3.8/site-packages/custom_msg/custom_msg_s__rosidl_typesupport_c.cpython-38-x86_64-linux-gnu.so
[1.253s] -- Up-to-date: /home/keny/MANOS_ws/install/custom_msg/lib/libcustom_msg__python.so
[1.253s] -- Up-to-date: /home/keny/MANOS_ws/install/custom_msg/share/custom_msg/msg/ListString.idl
[1.254s] -- Up-to-date: /home/keny/MANOS_ws/install/custom_msg/share/custom_msg/msg/Pos.idl
[1.254s] -- Up-to-date: /home/keny/MANOS_ws/install/custom_msg/share/custom_msg/msg/ListString.msg
[1.255s] -- Up-to-date: /home/keny/MANOS_ws/install/custom_msg/share/custom_msg/msg/Pos.msg
[1.255s] -- Up-to-date: /home/keny/MANOS_ws/install/custom_msg/share/ament_index/resource_index/package_run_dependencies/custom_msg
[1.255s] -- Up-to-date: /home/keny/MANOS_ws/install/custom_msg/share/ament_index/resource_index/parent_prefix_path/custom_msg
[1.256s] -- Up-to-date: /home/keny/MANOS_ws/install/custom_msg/share/custom_msg/environment/ament_prefix_path.sh
[1.256s] -- Up-to-date: /home/keny/MANOS_ws/install/custom_msg/share/custom_msg/environment/ament_prefix_path.dsv
[1.256s] -- Up-to-date: /home/keny/MANOS_ws/install/custom_msg/share/custom_msg/environment/path.sh
[1.257s] -- Up-to-date: /home/keny/MANOS_ws/install/custom_msg/share/custom_msg/environment/path.dsv
[1.257s] -- Up-to-date: /home/keny/MANOS_ws/install/custom_msg/share/custom_msg/local_setup.bash
[1.257s] -- Up-to-date: /home/keny/MANOS_ws/install/custom_msg/share/custom_msg/local_setup.sh
[1.257s] -- Up-to-date: /home/keny/MANOS_ws/install/custom_msg/share/custom_msg/local_setup.zsh
[1.258s] -- Up-to-date: /home/keny/MANOS_ws/install/custom_msg/share/custom_msg/local_setup.dsv
[1.258s] -- Installing: /home/keny/MANOS_ws/install/custom_msg/share/custom_msg/package.dsv
[1.258s] -- Up-to-date: /home/keny/MANOS_ws/install/custom_msg/share/ament_index/resource_index/packages/custom_msg
[1.258s] -- Up-to-date: /home/keny/MANOS_ws/install/custom_msg/share/custom_msg/cmake/custom_msg__rosidl_generator_cExport.cmake
[1.259s] -- Up-to-date: /home/keny/MANOS_ws/install/custom_msg/share/custom_msg/cmake/custom_msg__rosidl_generator_cExport-noconfig.cmake
[1.259s] -- Up-to-date: /home/keny/MANOS_ws/install/custom_msg/share/custom_msg/cmake/custom_msg__rosidl_typesupport_introspection_cExport.cmake
[1.259s] -- Up-to-date: /home/keny/MANOS_ws/install/custom_msg/share/custom_msg/cmake/custom_msg__rosidl_typesupport_introspection_cExport-noconfig.cmake
[1.259s] -- Up-to-date: /home/keny/MANOS_ws/install/custom_msg/share/custom_msg/cmake/custom_msg__rosidl_typesupport_cExport.cmake
[1.259s] -- Up-to-date: /home/keny/MANOS_ws/install/custom_msg/share/custom_msg/cmake/custom_msg__rosidl_typesupport_cExport-noconfig.cmake
[1.260s] -- Up-to-date: /home/keny/MANOS_ws/install/custom_msg/share/custom_msg/cmake/custom_msg__rosidl_generator_cppExport.cmake
[1.260s] -- Up-to-date: /home/keny/MANOS_ws/install/custom_msg/share/custom_msg/cmake/custom_msg__rosidl_typesupport_introspection_cppExport.cmake
[1.260s] -- Up-to-date: /home/keny/MANOS_ws/install/custom_msg/share/custom_msg/cmake/custom_msg__rosidl_typesupport_introspection_cppExport-noconfig.cmake
[1.261s] -- Up-to-date: /home/keny/MANOS_ws/install/custom_msg/share/custom_msg/cmake/custom_msg__rosidl_typesupport_cppExport.cmake
[1.261s] -- Up-to-date: /home/keny/MANOS_ws/install/custom_msg/share/custom_msg/cmake/custom_msg__rosidl_typesupport_cppExport-noconfig.cmake
[1.261s] -- Up-to-date: /home/keny/MANOS_ws/install/custom_msg/share/custom_msg/cmake/rosidl_cmake-extras.cmake
[1.261s] -- Up-to-date: /home/keny/MANOS_ws/install/custom_msg/share/custom_msg/cmake/ament_cmake_export_dependencies-extras.cmake
[1.262s] -- Up-to-date: /home/keny/MANOS_ws/install/custom_msg/share/custom_msg/cmake/ament_cmake_export_libraries-extras.cmake
[1.262s] -- Up-to-date: /home/keny/MANOS_ws/install/custom_msg/share/custom_msg/cmake/ament_cmake_export_targets-extras.cmake
[1.262s] -- Up-to-date: /home/keny/MANOS_ws/install/custom_msg/share/custom_msg/cmake/ament_cmake_export_include_directories-extras.cmake
[1.262s] -- Up-to-date: /home/keny/MANOS_ws/install/custom_msg/share/custom_msg/cmake/rosidl_cmake_export_typesupport_libraries-extras.cmake
[1.263s] -- Up-to-date: /home/keny/MANOS_ws/install/custom_msg/share/custom_msg/cmake/rosidl_cmake_export_typesupport_targets-extras.cmake
[1.263s] -- Up-to-date: /home/keny/MANOS_ws/install/custom_msg/share/custom_msg/cmake/custom_msgConfig.cmake
[1.263s] -- Up-to-date: /home/keny/MANOS_ws/install/custom_msg/share/custom_msg/cmake/custom_msgConfig-version.cmake
[1.264s] -- Up-to-date: /home/keny/MANOS_ws/install/custom_msg/share/custom_msg/package.xml
[1.266s] Invoked command in '/home/keny/MANOS_ws/build/custom_msg' returned '0': CMAKE_PREFIX_PATH=${CMAKE_PREFIX_PATH}:/home/keny/MANOS_ws/install/manos_manager:/home/keny/MANOS_ws/install/host_listener_package:/home/keny/MANOS_ws/install/hand_detector:/home/keny/MANOS_ws/install/castelet:/home/keny/MANOS_ws/install/camera:/home/keny/MANOS_ws/install/CustomRosController:/opt/ros/galactic /usr/bin/cmake --install /home/keny/MANOS_ws/build/custom_msg
