[1.363s] Invoking command in '/home/keny/MANOS_ws/src/camera': AMENT_PREFIX_PATH=/home/keny/MANOS_ws/install/custom_msg CMAKE_PREFIX_PATH=/home/keny/MANOS_ws/install/custom_msg LD_LIBRARY_PATH=/home/keny/MANOS_ws/install/custom_msg/lib PYTHONPATH=/home/keny/MANOS_ws/build/camera/prefix_override:/home/keny/MANOS_ws/install/camera/lib/python3.8/site-packages:/home/keny/MANOS_ws/install/custom_msg/lib/python3.8/site-packages /usr/bin/python3 setup.py egg_info --egg-base ../../build/camera build --build-base /home/keny/MANOS_ws/build/camera/build install --record /home/keny/MANOS_ws/build/camera/install.log --single-version-externally-managed
[1.562s] running egg_info
[1.562s] writing ../../build/camera/camera.egg-info/PKG-INFO
[1.640s] writing dependency_links to ../../build/camera/camera.egg-info/dependency_links.txt
[1.642s] writing entry points to ../../build/camera/camera.egg-info/entry_points.txt
[1.642s] writing requirements to ../../build/camera/camera.egg-info/requires.txt
[1.642s] writing top-level names to ../../build/camera/camera.egg-info/top_level.txt
[1.671s] reading manifest file '../../build/camera/camera.egg-info/SOURCES.txt'
[1.673s] writing manifest file '../../build/camera/camera.egg-info/SOURCES.txt'
[1.673s] running build
[1.673s] running build_py
[1.673s] running install
[1.673s] running install_lib
[1.674s] running install_data
[1.675s] running install_egg_info
[1.677s] removing '/home/keny/MANOS_ws/install/camera/lib/python3.8/site-packages/camera-0.0.0-py3.8.egg-info' (and everything under it)
[1.677s] Copying ../../build/camera/camera.egg-info to /home/keny/MANOS_ws/install/camera/lib/python3.8/site-packages/camera-0.0.0-py3.8.egg-info
[1.678s] running install_scripts
[1.691s] Installing camera script to /home/keny/MANOS_ws/install/camera/lib/camera
[1.691s] writing list of installed files to '/home/keny/MANOS_ws/build/camera/install.log'
[1.756s] Invoked command in '/home/keny/MANOS_ws/src/camera' returned '0': AMENT_PREFIX_PATH=/home/keny/MANOS_ws/install/custom_msg CMAKE_PREFIX_PATH=/home/keny/MANOS_ws/install/custom_msg LD_LIBRARY_PATH=/home/keny/MANOS_ws/install/custom_msg/lib PYTHONPATH=/home/keny/MANOS_ws/build/camera/prefix_override:/home/keny/MANOS_ws/install/camera/lib/python3.8/site-packages:/home/keny/MANOS_ws/install/custom_msg/lib/python3.8/site-packages /usr/bin/python3 setup.py egg_info --egg-base ../../build/camera build --build-base /home/keny/MANOS_ws/build/camera/build install --record /home/keny/MANOS_ws/build/camera/install.log --single-version-externally-managed
