[1.824s] Invoking command in '/home/keny/MANOS_ws/src/manos_manager': PYTHONPATH=/home/keny/MANOS_ws/build/manos_manager/prefix_override:/home/keny/MANOS_ws/install/manos_manager/lib/python3.8/site-packages:${PYTHONPATH} /usr/bin/python3 setup.py egg_info --egg-base ../../build/manos_manager build --build-base /home/keny/MANOS_ws/build/manos_manager/build install --record /home/keny/MANOS_ws/build/manos_manager/install.log --single-version-externally-managed
[2.125s] running egg_info
[2.126s] writing ../../build/manos_manager/manos_manager.egg-info/PKG-INFO
[2.126s] writing dependency_links to ../../build/manos_manager/manos_manager.egg-info/dependency_links.txt
[2.127s] writing entry points to ../../build/manos_manager/manos_manager.egg-info/entry_points.txt
[2.127s] writing requirements to ../../build/manos_manager/manos_manager.egg-info/requires.txt
[2.127s] writing top-level names to ../../build/manos_manager/manos_manager.egg-info/top_level.txt
[2.167s] reading manifest file '../../build/manos_manager/manos_manager.egg-info/SOURCES.txt'
[2.168s] writing manifest file '../../build/manos_manager/manos_manager.egg-info/SOURCES.txt'
[2.168s] running build
[2.168s] running build_py
[2.168s] running install
[2.169s] running install_lib
[2.170s] running install_data
[2.171s] running install_egg_info
[2.173s] removing '/home/keny/MANOS_ws/install/manos_manager/lib/python3.8/site-packages/manos_manager-0.0.0-py3.8.egg-info' (and everything under it)
[2.173s] Copying ../../build/manos_manager/manos_manager.egg-info to /home/keny/MANOS_ws/install/manos_manager/lib/python3.8/site-packages/manos_manager-0.0.0-py3.8.egg-info
[2.174s] running install_scripts
[2.193s] writing list of installed files to '/home/keny/MANOS_ws/build/manos_manager/install.log'
[2.223s] Invoked command in '/home/keny/MANOS_ws/src/manos_manager' returned '0': PYTHONPATH=/home/keny/MANOS_ws/build/manos_manager/prefix_override:/home/keny/MANOS_ws/install/manos_manager/lib/python3.8/site-packages:${PYTHONPATH} /usr/bin/python3 setup.py egg_info --egg-base ../../build/manos_manager build --build-base /home/keny/MANOS_ws/build/manos_manager/build install --record /home/keny/MANOS_ws/build/manos_manager/install.log --single-version-externally-managed
