[1.923s] Invoking command in '/home/keny/MANOS_ws/src/custom_ros_controller': PYTHONPATH=/home/keny/MANOS_ws/build/custom_ros_controller/prefix_override:/home/keny/MANOS_ws/install/custom_ros_controller/lib/python3.8/site-packages:${PYTHONPATH} /usr/bin/python3 setup.py egg_info --egg-base ../../build/custom_ros_controller build --build-base /home/keny/MANOS_ws/build/custom_ros_controller/build install --record /home/keny/MANOS_ws/build/custom_ros_controller/install.log --single-version-externally-managed
[2.192s] running egg_info
[2.193s] writing ../../build/custom_ros_controller/custom_ros_controller.egg-info/PKG-INFO
[2.193s] writing dependency_links to ../../build/custom_ros_controller/custom_ros_controller.egg-info/dependency_links.txt
[2.194s] writing entry points to ../../build/custom_ros_controller/custom_ros_controller.egg-info/entry_points.txt
[2.194s] writing requirements to ../../build/custom_ros_controller/custom_ros_controller.egg-info/requires.txt
[2.194s] writing top-level names to ../../build/custom_ros_controller/custom_ros_controller.egg-info/top_level.txt
[2.225s] reading manifest file '../../build/custom_ros_controller/custom_ros_controller.egg-info/SOURCES.txt'
[2.226s] writing manifest file '../../build/custom_ros_controller/custom_ros_controller.egg-info/SOURCES.txt'
[2.226s] running build
[2.226s] running build_py
[2.226s] running install
[2.227s] running install_lib
[2.228s] running install_data
[2.229s] running install_egg_info
[2.230s] removing '/home/keny/MANOS_ws/install/custom_ros_controller/lib/python3.8/site-packages/custom_ros_controller-0.0.0-py3.8.egg-info' (and everything under it)
[2.231s] Copying ../../build/custom_ros_controller/custom_ros_controller.egg-info to /home/keny/MANOS_ws/install/custom_ros_controller/lib/python3.8/site-packages/custom_ros_controller-0.0.0-py3.8.egg-info
[2.231s] running install_scripts
[2.246s] Installing custom_ros_controller script to /home/keny/MANOS_ws/install/custom_ros_controller/lib/custom_ros_controller
[2.247s] writing list of installed files to '/home/keny/MANOS_ws/build/custom_ros_controller/install.log'
[2.271s] Invoked command in '/home/keny/MANOS_ws/src/custom_ros_controller' returned '0': PYTHONPATH=/home/keny/MANOS_ws/build/custom_ros_controller/prefix_override:/home/keny/MANOS_ws/install/custom_ros_controller/lib/python3.8/site-packages:${PYTHONPATH} /usr/bin/python3 setup.py egg_info --egg-base ../../build/custom_ros_controller build --build-base /home/keny/MANOS_ws/build/custom_ros_controller/build install --record /home/keny/MANOS_ws/build/custom_ros_controller/install.log --single-version-externally-managed
