-- Found ament_cmake: 1.1.6 (/opt/ros/galactic/share/ament_cmake/cmake)
-- Using PYTHON_EXECUTABLE: /usr/bin/python3
-- Found std_msgs: 2.2.4 (/opt/ros/galactic/share/std_msgs/cmake)
-- Using all available rosidl_typesupport_c: rosidl_typesupport_fastrtps_c;rosidl_typesupport_introspection_c
-- Found rosidl_adapter: 2.2.3 (/opt/ros/galactic/share/rosidl_adapter/cmake)
-- Using all available rosidl_typesupport_cpp: rosidl_typesupport_fastrtps_cpp;rosidl_typesupport_introspection_cpp
-- Found rosidl_default_generators: 1.1.1 (/opt/ros/galactic/share/rosidl_default_generators/cmake)
-- Found PythonInterp: /usr/bin/python3 (found version "3.8.10") 
-- Found ament_cmake_ros: 0.9.2 (/opt/ros/galactic/share/ament_cmake_ros/cmake)
-- Using all available rosidl_typesupport_c: rosidl_typesupport_fastrtps_c;rosidl_typesupport_introspection_c
-- Using all available rosidl_typesupport_cpp: rosidl_typesupport_fastrtps_cpp;rosidl_typesupport_introspection_cpp
-- Found PythonInterp: /usr/bin/python3 (found suitable version "3.8.10", minimum required is "3.5") 
-- Found python_cmake_module: 0.8.1 (/opt/ros/galactic/share/python_cmake_module/cmake)
-- Using PYTHON_EXECUTABLE: /usr/bin/python3
-- Using PYTHON_INCLUDE_DIRS: /usr/include/python3.8
-- Using PYTHON_LIBRARIES: /usr/lib/x86_64-linux-gnu/libpython3.8.so
-- Found ament_lint_auto: 0.10.7 (/opt/ros/galactic/share/ament_lint_auto/cmake)
-- Added test 'copyright' to check source files copyright and LICENSE
-- Added test 'lint_cmake' to check CMake code style
-- Added test 'xmllint' to check XML markup files
-- Configuring done (0.5s)
-- Generating done (0.0s)
-- Build files have been written to: /home/field/MANOS/build/custom_msg
[  2%] [34m[1mGenerating C code for ROS interfaces[0m
[  4%] [34m[1mGenerating C++ code for ROS interfaces[0m
[  4%] Built target custom_msg__cpp
[  6%] [34m[1mGenerating C++ type support dispatch for ROS interfaces[0m
[  8%] [34m[1mGenerating C++ type support for eProsima Fast-RTPS[0m
[ 10%] [34m[1mGenerating C++ introspection for ROS interfaces[0m
[ 12%] [32mBuilding C object CMakeFiles/custom_msg__rosidl_generator_c.dir/rosidl_generator_c/custom_msg/msg/detail/list_string__functions.c.o[0m
[ 14%] [32mBuilding C object CMakeFiles/custom_msg__rosidl_generator_c.dir/rosidl_generator_c/custom_msg/msg/detail/pos__functions.c.o[0m
[ 17%] [32mBuilding C object CMakeFiles/custom_msg__rosidl_generator_c.dir/rosidl_generator_c/custom_msg/msg/detail/four_point_rect__functions.c.o[0m
[ 19%] [32m[1mLinking C shared library libcustom_msg__rosidl_generator_c.so[0m
[ 19%] Built target custom_msg__rosidl_generator_c
[ 21%] [34m[1mGenerating C introspection for ROS interfaces[0m
[ 23%] [34m[1mGenerating C type support dispatch for ROS interfaces[0m
[ 25%] [32mBuilding CXX object CMakeFiles/custom_msg__rosidl_typesupport_cpp.dir/rosidl_typesupport_cpp/custom_msg/msg/list_string__type_support.cpp.o[0m
[ 27%] [32mBuilding CXX object CMakeFiles/custom_msg__rosidl_typesupport_cpp.dir/rosidl_typesupport_cpp/custom_msg/msg/pos__type_support.cpp.o[0m
[ 29%] [32mBuilding CXX object CMakeFiles/custom_msg__rosidl_typesupport_cpp.dir/rosidl_typesupport_cpp/custom_msg/msg/four_point_rect__type_support.cpp.o[0m
[ 31%] [32mBuilding CXX object CMakeFiles/custom_msg__rosidl_typesupport_introspection_cpp.dir/rosidl_typesupport_introspection_cpp/custom_msg/msg/detail/list_string__type_support.cpp.o[0m
[ 36%] [32mBuilding CXX object CMakeFiles/custom_msg__rosidl_typesupport_introspection_cpp.dir/rosidl_typesupport_introspection_cpp/custom_msg/msg/detail/pos__type_support.cpp.o[0m
[ 36%] [32mBuilding CXX object CMakeFiles/custom_msg__rosidl_typesupport_introspection_cpp.dir/rosidl_typesupport_introspection_cpp/custom_msg/msg/detail/four_point_rect__type_support.cpp.o[0m
[ 40%] [32mBuilding CXX object CMakeFiles/custom_msg__rosidl_typesupport_fastrtps_cpp.dir/rosidl_typesupport_fastrtps_cpp/custom_msg/msg/detail/dds_fastrtps/pos__type_support.cpp.o[0m
[ 40%] [32mBuilding CXX object CMakeFiles/custom_msg__rosidl_typesupport_fastrtps_cpp.dir/rosidl_typesupport_fastrtps_cpp/custom_msg/msg/detail/dds_fastrtps/list_string__type_support.cpp.o[0m
[ 42%] [32mBuilding CXX object CMakeFiles/custom_msg__rosidl_typesupport_fastrtps_cpp.dir/rosidl_typesupport_fastrtps_cpp/custom_msg/msg/detail/dds_fastrtps/four_point_rect__type_support.cpp.o[0m
[ 46%] [32mBuilding CXX object CMakeFiles/custom_msg__rosidl_typesupport_c.dir/rosidl_typesupport_c/custom_msg/msg/list_string__type_support.cpp.o[0m
[ 46%] [32mBuilding CXX object CMakeFiles/custom_msg__rosidl_typesupport_c.dir/rosidl_typesupport_c/custom_msg/msg/pos__type_support.cpp.o[0m
[ 48%] [32mBuilding CXX object CMakeFiles/custom_msg__rosidl_typesupport_c.dir/rosidl_typesupport_c/custom_msg/msg/four_point_rect__type_support.cpp.o[0m
[ 51%] [32m[1mLinking CXX shared library libcustom_msg__rosidl_typesupport_c.so[0m
[ 53%] [32mBuilding C object CMakeFiles/custom_msg__rosidl_typesupport_introspection_c.dir/rosidl_typesupport_introspection_c/custom_msg/msg/detail/four_point_rect__type_support.c.o[0m
[ 55%] [32mBuilding C object CMakeFiles/custom_msg__rosidl_typesupport_introspection_c.dir/rosidl_typesupport_introspection_c/custom_msg/msg/detail/list_string__type_support.c.o[0m
[ 57%] [32mBuilding C object CMakeFiles/custom_msg__rosidl_typesupport_introspection_c.dir/rosidl_typesupport_introspection_c/custom_msg/msg/detail/pos__type_support.c.o[0m
[ 57%] Built target custom_msg__rosidl_typesupport_c
[ 59%] [32m[1mLinking C shared library libcustom_msg__rosidl_typesupport_introspection_c.so[0m
[ 59%] Built target custom_msg__rosidl_typesupport_introspection_c
[ 63%] [32m[1mLinking CXX shared library libcustom_msg__rosidl_typesupport_cpp.so[0m
[ 63%] [32m[1mLinking CXX shared library libcustom_msg__rosidl_typesupport_introspection_cpp.so[0m
[ 63%] Built target custom_msg__rosidl_typesupport_cpp
[ 63%] Built target custom_msg__rosidl_typesupport_introspection_cpp
[ 65%] [32m[1mLinking CXX shared library libcustom_msg__rosidl_typesupport_fastrtps_cpp.so[0m
[ 65%] Built target custom_msg__rosidl_typesupport_fastrtps_cpp
[ 68%] [34m[1mGenerating C type support for eProsima Fast-RTPS[0m
[ 70%] [32mBuilding CXX object CMakeFiles/custom_msg__rosidl_typesupport_fastrtps_c.dir/rosidl_typesupport_fastrtps_c/custom_msg/msg/detail/list_string__type_support_c.cpp.o[0m
[ 72%] [32mBuilding CXX object CMakeFiles/custom_msg__rosidl_typesupport_fastrtps_c.dir/rosidl_typesupport_fastrtps_c/custom_msg/msg/detail/pos__type_support_c.cpp.o[0m
[ 74%] [32mBuilding CXX object CMakeFiles/custom_msg__rosidl_typesupport_fastrtps_c.dir/rosidl_typesupport_fastrtps_c/custom_msg/msg/detail/four_point_rect__type_support_c.cpp.o[0m
[ 76%] [32m[1mLinking CXX shared library libcustom_msg__rosidl_typesupport_fastrtps_c.so[0m
[ 76%] Built target custom_msg__rosidl_typesupport_fastrtps_c
[ 76%] Built target custom_msg
[ 78%] [34m[1mGenerating Python code for ROS interfaces[0m
[ 78%] Built target custom_msg__py
[ 80%] [32mBuilding C object CMakeFiles/custom_msg__python.dir/rosidl_generator_py/custom_msg/msg/_list_string_s.c.o[0m
[ 82%] [32mBuilding C object CMakeFiles/custom_msg__python.dir/rosidl_generator_py/custom_msg/msg/_pos_s.c.o[0m
[ 85%] [32mBuilding C object CMakeFiles/custom_msg__python.dir/rosidl_generator_py/custom_msg/msg/_four_point_rect_s.c.o[0m
[ 87%] [32m[1mLinking C shared library rosidl_generator_py/custom_msg/libcustom_msg__python.so[0m
[ 87%] Built target custom_msg__python
[ 91%] [32mBuilding C object CMakeFiles/custom_msg__rosidl_typesupport_c__pyext.dir/rosidl_generator_py/custom_msg/_custom_msg_s.ep.rosidl_typesupport_c.c.o[0m
[ 91%] [32mBuilding C object CMakeFiles/custom_msg__rosidl_typesupport_introspection_c__pyext.dir/rosidl_generator_py/custom_msg/_custom_msg_s.ep.rosidl_typesupport_introspection_c.c.o[0m
[ 93%] [32mBuilding C object CMakeFiles/custom_msg__rosidl_typesupport_fastrtps_c__pyext.dir/rosidl_generator_py/custom_msg/_custom_msg_s.ep.rosidl_typesupport_fastrtps_c.c.o[0m
[ 97%] [32m[1mLinking CXX shared library rosidl_generator_py/custom_msg/custom_msg_s__rosidl_typesupport_fastrtps_c.cpython-38-x86_64-linux-gnu.so[0m
[ 97%] [32m[1mLinking C shared library rosidl_generator_py/custom_msg/custom_msg_s__rosidl_typesupport_c.cpython-38-x86_64-linux-gnu.so[0m
[100%] [32m[1mLinking C shared library rosidl_generator_py/custom_msg/custom_msg_s__rosidl_typesupport_introspection_c.cpython-38-x86_64-linux-gnu.so[0m
[100%] Built target custom_msg__rosidl_typesupport_introspection_c__pyext
[100%] Built target custom_msg__rosidl_typesupport_c__pyext
[100%] Built target custom_msg__rosidl_typesupport_fastrtps_c__pyext
-- Install configuration: ""
-- Installing: /home/field/MANOS/install/custom_msg/share/ament_index/resource_index/rosidl_interfaces/custom_msg
-- Up-to-date: /home/field/MANOS/install/custom_msg/include/custom_msg
-- Up-to-date: /home/field/MANOS/install/custom_msg/include/custom_msg/msg
-- Up-to-date: /home/field/MANOS/install/custom_msg/include/custom_msg/msg/rosidl_generator_c__visibility_control.h
-- Installing: /home/field/MANOS/install/custom_msg/include/custom_msg/msg/list_string.h
-- Up-to-date: /home/field/MANOS/install/custom_msg/include/custom_msg/msg/detail
-- Installing: /home/field/MANOS/install/custom_msg/include/custom_msg/msg/detail/pos__functions.h
-- Installing: /home/field/MANOS/install/custom_msg/include/custom_msg/msg/detail/four_point_rect__struct.h
-- Installing: /home/field/MANOS/install/custom_msg/include/custom_msg/msg/detail/list_string__functions.h
-- Installing: /home/field/MANOS/install/custom_msg/include/custom_msg/msg/detail/four_point_rect__functions.c
-- Installing: /home/field/MANOS/install/custom_msg/include/custom_msg/msg/detail/pos__functions.c
-- Installing: /home/field/MANOS/install/custom_msg/include/custom_msg/msg/detail/list_string__functions.c
-- Installing: /home/field/MANOS/install/custom_msg/include/custom_msg/msg/detail/four_point_rect__type_support.h
-- Installing: /home/field/MANOS/install/custom_msg/include/custom_msg/msg/detail/four_point_rect__functions.h
-- Installing: /home/field/MANOS/install/custom_msg/include/custom_msg/msg/detail/pos__struct.h
-- Installing: /home/field/MANOS/install/custom_msg/include/custom_msg/msg/detail/list_string__struct.h
-- Installing: /home/field/MANOS/install/custom_msg/include/custom_msg/msg/detail/list_string__type_support.h
-- Installing: /home/field/MANOS/install/custom_msg/include/custom_msg/msg/detail/pos__type_support.h
-- Installing: /home/field/MANOS/install/custom_msg/include/custom_msg/msg/pos.h
-- Installing: /home/field/MANOS/install/custom_msg/include/custom_msg/msg/four_point_rect.h
-- Up-to-date: /home/field/MANOS/install/custom_msg/share/custom_msg/environment/library_path.sh
-- Installing: /home/field/MANOS/install/custom_msg/share/custom_msg/environment/library_path.dsv
-- Installing: /home/field/MANOS/install/custom_msg/lib/libcustom_msg__rosidl_generator_c.so
-- Set runtime path of "/home/field/MANOS/install/custom_msg/lib/libcustom_msg__rosidl_generator_c.so" to ""
-- Up-to-date: /home/field/MANOS/install/custom_msg/include/custom_msg
-- Up-to-date: /home/field/MANOS/install/custom_msg/include/custom_msg/msg
-- Up-to-date: /home/field/MANOS/install/custom_msg/include/custom_msg/msg/rosidl_typesupport_fastrtps_c__visibility_control.h
-- Up-to-date: /home/field/MANOS/install/custom_msg/include/custom_msg/msg/detail
-- Installing: /home/field/MANOS/install/custom_msg/include/custom_msg/msg/detail/pos__rosidl_typesupport_fastrtps_c.h
-- Installing: /home/field/MANOS/install/custom_msg/include/custom_msg/msg/detail/four_point_rect__rosidl_typesupport_fastrtps_c.h
-- Installing: /home/field/MANOS/install/custom_msg/include/custom_msg/msg/detail/list_string__rosidl_typesupport_fastrtps_c.h
-- Installing: /home/field/MANOS/install/custom_msg/lib/libcustom_msg__rosidl_typesupport_fastrtps_c.so
-- Set runtime path of "/home/field/MANOS/install/custom_msg/lib/libcustom_msg__rosidl_typesupport_fastrtps_c.so" to ""
-- Up-to-date: /home/field/MANOS/install/custom_msg/include/custom_msg
-- Up-to-date: /home/field/MANOS/install/custom_msg/include/custom_msg/msg
-- Up-to-date: /home/field/MANOS/install/custom_msg/include/custom_msg/msg/detail
-- Installing: /home/field/MANOS/install/custom_msg/include/custom_msg/msg/detail/four_point_rect__rosidl_typesupport_fastrtps_cpp.hpp
-- Installing: /home/field/MANOS/install/custom_msg/include/custom_msg/msg/detail/list_string__rosidl_typesupport_fastrtps_cpp.hpp
-- Installing: /home/field/MANOS/install/custom_msg/include/custom_msg/msg/detail/pos__rosidl_typesupport_fastrtps_cpp.hpp
-- Up-to-date: /home/field/MANOS/install/custom_msg/include/custom_msg/msg/detail/dds_fastrtps
-- Up-to-date: /home/field/MANOS/install/custom_msg/include/custom_msg/msg/rosidl_typesupport_fastrtps_cpp__visibility_control.h
-- Installing: /home/field/MANOS/install/custom_msg/lib/libcustom_msg__rosidl_typesupport_fastrtps_cpp.so
-- Set runtime path of "/home/field/MANOS/install/custom_msg/lib/libcustom_msg__rosidl_typesupport_fastrtps_cpp.so" to ""
-- Up-to-date: /home/field/MANOS/install/custom_msg/include/custom_msg
-- Up-to-date: /home/field/MANOS/install/custom_msg/include/custom_msg/msg
-- Up-to-date: /home/field/MANOS/install/custom_msg/include/custom_msg/msg/detail
-- Installing: /home/field/MANOS/install/custom_msg/include/custom_msg/msg/detail/four_point_rect__type_support.c
-- Installing: /home/field/MANOS/install/custom_msg/include/custom_msg/msg/detail/list_string__rosidl_typesupport_introspection_c.h
-- Installing: /home/field/MANOS/install/custom_msg/include/custom_msg/msg/detail/pos__type_support.c
-- Installing: /home/field/MANOS/install/custom_msg/include/custom_msg/msg/detail/four_point_rect__rosidl_typesupport_introspection_c.h
-- Installing: /home/field/MANOS/install/custom_msg/include/custom_msg/msg/detail/list_string__type_support.c
-- Installing: /home/field/MANOS/install/custom_msg/include/custom_msg/msg/detail/pos__rosidl_typesupport_introspection_c.h
-- Up-to-date: /home/field/MANOS/install/custom_msg/include/custom_msg/msg/rosidl_typesupport_introspection_c__visibility_control.h
-- Installing: /home/field/MANOS/install/custom_msg/lib/libcustom_msg__rosidl_typesupport_introspection_c.so
-- Set runtime path of "/home/field/MANOS/install/custom_msg/lib/libcustom_msg__rosidl_typesupport_introspection_c.so" to ""
-- Installing: /home/field/MANOS/install/custom_msg/lib/libcustom_msg__rosidl_typesupport_c.so
-- Set runtime path of "/home/field/MANOS/install/custom_msg/lib/libcustom_msg__rosidl_typesupport_c.so" to ""
-- Up-to-date: /home/field/MANOS/install/custom_msg/include/custom_msg
-- Up-to-date: /home/field/MANOS/install/custom_msg/include/custom_msg/msg
-- Installing: /home/field/MANOS/install/custom_msg/include/custom_msg/msg/pos.hpp
-- Installing: /home/field/MANOS/install/custom_msg/include/custom_msg/msg/four_point_rect.hpp
-- Up-to-date: /home/field/MANOS/install/custom_msg/include/custom_msg/msg/detail
-- Installing: /home/field/MANOS/install/custom_msg/include/custom_msg/msg/detail/list_string__traits.hpp
-- Installing: /home/field/MANOS/install/custom_msg/include/custom_msg/msg/detail/pos__traits.hpp
-- Installing: /home/field/MANOS/install/custom_msg/include/custom_msg/msg/detail/four_point_rect__builder.hpp
-- Installing: /home/field/MANOS/install/custom_msg/include/custom_msg/msg/detail/list_string__builder.hpp
-- Installing: /home/field/MANOS/install/custom_msg/include/custom_msg/msg/detail/pos__struct.hpp
-- Installing: /home/field/MANOS/install/custom_msg/include/custom_msg/msg/detail/four_point_rect__struct.hpp
-- Installing: /home/field/MANOS/install/custom_msg/include/custom_msg/msg/detail/list_string__struct.hpp
-- Installing: /home/field/MANOS/install/custom_msg/include/custom_msg/msg/detail/four_point_rect__traits.hpp
-- Installing: /home/field/MANOS/install/custom_msg/include/custom_msg/msg/detail/pos__builder.hpp
-- Installing: /home/field/MANOS/install/custom_msg/include/custom_msg/msg/list_string.hpp
-- Up-to-date: /home/field/MANOS/install/custom_msg/include/custom_msg
-- Up-to-date: /home/field/MANOS/install/custom_msg/include/custom_msg/msg
-- Up-to-date: /home/field/MANOS/install/custom_msg/include/custom_msg/msg/detail
-- Installing: /home/field/MANOS/install/custom_msg/include/custom_msg/msg/detail/pos__type_support.cpp
-- Installing: /home/field/MANOS/install/custom_msg/include/custom_msg/msg/detail/four_point_rect__rosidl_typesupport_introspection_cpp.hpp
-- Installing: /home/field/MANOS/install/custom_msg/include/custom_msg/msg/detail/four_point_rect__type_support.cpp
-- Installing: /home/field/MANOS/install/custom_msg/include/custom_msg/msg/detail/list_string__rosidl_typesupport_introspection_cpp.hpp
-- Installing: /home/field/MANOS/install/custom_msg/include/custom_msg/msg/detail/list_string__type_support.cpp
-- Installing: /home/field/MANOS/install/custom_msg/include/custom_msg/msg/detail/pos__rosidl_typesupport_introspection_cpp.hpp
-- Installing: /home/field/MANOS/install/custom_msg/lib/libcustom_msg__rosidl_typesupport_introspection_cpp.so
-- Set runtime path of "/home/field/MANOS/install/custom_msg/lib/libcustom_msg__rosidl_typesupport_introspection_cpp.so" to ""
-- Installing: /home/field/MANOS/install/custom_msg/lib/libcustom_msg__rosidl_typesupport_cpp.so
-- Set runtime path of "/home/field/MANOS/install/custom_msg/lib/libcustom_msg__rosidl_typesupport_cpp.so" to ""
-- Up-to-date: /home/field/MANOS/install/custom_msg/share/custom_msg/environment/pythonpath.sh
-- Installing: /home/field/MANOS/install/custom_msg/share/custom_msg/environment/pythonpath.dsv
-- Installing: /home/field/MANOS/install/custom_msg/lib/python3.8/site-packages/custom_msg/__init__.py
Compiling '/home/field/MANOS/install/custom_msg/lib/python3.8/site-packages/custom_msg/__init__.py'...
-- Up-to-date: /home/field/MANOS/install/custom_msg/lib/python3.8/site-packages/custom_msg/msg
-- Installing: /home/field/MANOS/install/custom_msg/lib/python3.8/site-packages/custom_msg/msg/__init__.py
-- Installing: /home/field/MANOS/install/custom_msg/lib/python3.8/site-packages/custom_msg/msg/_list_string.py
-- Installing: /home/field/MANOS/install/custom_msg/lib/python3.8/site-packages/custom_msg/msg/_pos.py
-- Installing: /home/field/MANOS/install/custom_msg/lib/python3.8/site-packages/custom_msg/msg/_four_point_rect_s.c
-- Installing: /home/field/MANOS/install/custom_msg/lib/python3.8/site-packages/custom_msg/msg/_four_point_rect.py
-- Installing: /home/field/MANOS/install/custom_msg/lib/python3.8/site-packages/custom_msg/msg/_pos_s.c
-- Installing: /home/field/MANOS/install/custom_msg/lib/python3.8/site-packages/custom_msg/msg/_list_string_s.c
-- Installing: /home/field/MANOS/install/custom_msg/lib/python3.8/site-packages/custom_msg/custom_msg_s__rosidl_typesupport_fastrtps_c.cpython-38-x86_64-linux-gnu.so
-- Set runtime path of "/home/field/MANOS/install/custom_msg/lib/python3.8/site-packages/custom_msg/custom_msg_s__rosidl_typesupport_fastrtps_c.cpython-38-x86_64-linux-gnu.so" to ""
-- Installing: /home/field/MANOS/install/custom_msg/lib/python3.8/site-packages/custom_msg/custom_msg_s__rosidl_typesupport_introspection_c.cpython-38-x86_64-linux-gnu.so
-- Set runtime path of "/home/field/MANOS/install/custom_msg/lib/python3.8/site-packages/custom_msg/custom_msg_s__rosidl_typesupport_introspection_c.cpython-38-x86_64-linux-gnu.so" to ""
-- Installing: /home/field/MANOS/install/custom_msg/lib/python3.8/site-packages/custom_msg/custom_msg_s__rosidl_typesupport_c.cpython-38-x86_64-linux-gnu.so
-- Set runtime path of "/home/field/MANOS/install/custom_msg/lib/python3.8/site-packages/custom_msg/custom_msg_s__rosidl_typesupport_c.cpython-38-x86_64-linux-gnu.so" to ""
-- Installing: /home/field/MANOS/install/custom_msg/lib/libcustom_msg__python.so
-- Set runtime path of "/home/field/MANOS/install/custom_msg/lib/libcustom_msg__python.so" to ""
-- Up-to-date: /home/field/MANOS/install/custom_msg/share/custom_msg/msg/ListString.idl
-- Up-to-date: /home/field/MANOS/install/custom_msg/share/custom_msg/msg/Pos.idl
-- Installing: /home/field/MANOS/install/custom_msg/share/custom_msg/msg/FourPointRect.idl
-- Up-to-date: /home/field/MANOS/install/custom_msg/share/custom_msg/msg/ListString.msg
-- Up-to-date: /home/field/MANOS/install/custom_msg/share/custom_msg/msg/Pos.msg
-- Installing: /home/field/MANOS/install/custom_msg/share/custom_msg/msg/FourPointRect.msg
-- Up-to-date: /home/field/MANOS/install/custom_msg/share/ament_index/resource_index/package_run_dependencies/custom_msg
-- Up-to-date: /home/field/MANOS/install/custom_msg/share/ament_index/resource_index/parent_prefix_path/custom_msg
-- Up-to-date: /home/field/MANOS/install/custom_msg/share/custom_msg/environment/ament_prefix_path.sh
-- Installing: /home/field/MANOS/install/custom_msg/share/custom_msg/environment/ament_prefix_path.dsv
-- Up-to-date: /home/field/MANOS/install/custom_msg/share/custom_msg/environment/path.sh
-- Installing: /home/field/MANOS/install/custom_msg/share/custom_msg/environment/path.dsv
-- Up-to-date: /home/field/MANOS/install/custom_msg/share/custom_msg/local_setup.bash
-- Up-to-date: /home/field/MANOS/install/custom_msg/share/custom_msg/local_setup.sh
-- Up-to-date: /home/field/MANOS/install/custom_msg/share/custom_msg/local_setup.zsh
-- Installing: /home/field/MANOS/install/custom_msg/share/custom_msg/local_setup.dsv
-- Installing: /home/field/MANOS/install/custom_msg/share/custom_msg/package.dsv
-- Up-to-date: /home/field/MANOS/install/custom_msg/share/ament_index/resource_index/packages/custom_msg
-- Up-to-date: /home/field/MANOS/install/custom_msg/share/custom_msg/cmake/custom_msg__rosidl_generator_cExport.cmake
-- Up-to-date: /home/field/MANOS/install/custom_msg/share/custom_msg/cmake/custom_msg__rosidl_generator_cExport-noconfig.cmake
-- Up-to-date: /home/field/MANOS/install/custom_msg/share/custom_msg/cmake/custom_msg__rosidl_typesupport_introspection_cExport.cmake
-- Up-to-date: /home/field/MANOS/install/custom_msg/share/custom_msg/cmake/custom_msg__rosidl_typesupport_introspection_cExport-noconfig.cmake
-- Up-to-date: /home/field/MANOS/install/custom_msg/share/custom_msg/cmake/custom_msg__rosidl_typesupport_cExport.cmake
-- Up-to-date: /home/field/MANOS/install/custom_msg/share/custom_msg/cmake/custom_msg__rosidl_typesupport_cExport-noconfig.cmake
-- Up-to-date: /home/field/MANOS/install/custom_msg/share/custom_msg/cmake/custom_msg__rosidl_generator_cppExport.cmake
-- Up-to-date: /home/field/MANOS/install/custom_msg/share/custom_msg/cmake/custom_msg__rosidl_typesupport_introspection_cppExport.cmake
-- Up-to-date: /home/field/MANOS/install/custom_msg/share/custom_msg/cmake/custom_msg__rosidl_typesupport_introspection_cppExport-noconfig.cmake
-- Up-to-date: /home/field/MANOS/install/custom_msg/share/custom_msg/cmake/custom_msg__rosidl_typesupport_cppExport.cmake
-- Up-to-date: /home/field/MANOS/install/custom_msg/share/custom_msg/cmake/custom_msg__rosidl_typesupport_cppExport-noconfig.cmake
-- Installing: /home/field/MANOS/install/custom_msg/share/custom_msg/cmake/rosidl_cmake-extras.cmake
-- Up-to-date: /home/field/MANOS/install/custom_msg/share/custom_msg/cmake/ament_cmake_export_dependencies-extras.cmake
-- Up-to-date: /home/field/MANOS/install/custom_msg/share/custom_msg/cmake/ament_cmake_export_libraries-extras.cmake
-- Up-to-date: /home/field/MANOS/install/custom_msg/share/custom_msg/cmake/ament_cmake_export_targets-extras.cmake
-- Up-to-date: /home/field/MANOS/install/custom_msg/share/custom_msg/cmake/ament_cmake_export_include_directories-extras.cmake
-- Up-to-date: /home/field/MANOS/install/custom_msg/share/custom_msg/cmake/rosidl_cmake_export_typesupport_libraries-extras.cmake
-- Up-to-date: /home/field/MANOS/install/custom_msg/share/custom_msg/cmake/rosidl_cmake_export_typesupport_targets-extras.cmake
-- Up-to-date: /home/field/MANOS/install/custom_msg/share/custom_msg/cmake/custom_msgConfig.cmake
-- Up-to-date: /home/field/MANOS/install/custom_msg/share/custom_msg/cmake/custom_msgConfig-version.cmake
-- Up-to-date: /home/field/MANOS/install/custom_msg/share/custom_msg/package.xml
