[1.224s] Invoking command in '/home/field/MANOS/src/hand_detector': PYTHONPATH=/home/field/MANOS/build/hand_detector/prefix_override:/home/field/MANOS/install/hand_detector/lib/python3.8/site-packages:/home/field/MANOS/install/custom_msg/lib/python3.8/site-packages:/home/field/MANOS/install/manos_manager/lib/python3.8/site-packages:/home/field/MANOS/install/host_listener_package/lib/python3.8/site-packages:/home/field/MANOS/install/hand_detector/lib/python3.8/site-packages:/home/field/MANOS/install/custom_ros_controller/lib/python3.8/site-packages:/home/field/MANOS/install/castelet/lib/python3.8/site-packages:/home/field/MANOS/install/camera/lib/python3.8/site-packages:/opt/ros/galactic/lib/python3.8/site-packages:/home/field/acs/src/behaviors/ /usr/bin/python3 setup.py egg_info --egg-base ../../build/hand_detector build --build-base /home/field/MANOS/build/hand_detector/build install --record /home/field/MANOS/build/hand_detector/install.log --single-version-externally-managed
[1.338s] running egg_info
[1.338s] creating ../../build/hand_detector/hand_detector.egg-info
[1.338s] writing ../../build/hand_detector/hand_detector.egg-info/PKG-INFO
[1.338s] writing dependency_links to ../../build/hand_detector/hand_detector.egg-info/dependency_links.txt
[1.338s] writing entry points to ../../build/hand_detector/hand_detector.egg-info/entry_points.txt
[1.339s] writing requirements to ../../build/hand_detector/hand_detector.egg-info/requires.txt
[1.339s] writing top-level names to ../../build/hand_detector/hand_detector.egg-info/top_level.txt
[1.339s] writing manifest file '../../build/hand_detector/hand_detector.egg-info/SOURCES.txt'
[1.358s] reading manifest file '../../build/hand_detector/hand_detector.egg-info/SOURCES.txt'
[1.358s] writing manifest file '../../build/hand_detector/hand_detector.egg-info/SOURCES.txt'
[1.358s] running build
[1.358s] running build_py
[1.358s] creating /home/field/MANOS/build/hand_detector/build
[1.358s] creating /home/field/MANOS/build/hand_detector/build/lib
[1.358s] creating /home/field/MANOS/build/hand_detector/build/lib/hand_detector
[1.358s] copying hand_detector/__init__.py -> /home/field/MANOS/build/hand_detector/build/lib/hand_detector
[1.358s] copying hand_detector/hand_detector.py -> /home/field/MANOS/build/hand_detector/build/lib/hand_detector
[1.358s] running install
[1.358s] running install_lib
[1.359s] creating /home/field/MANOS/install/hand_detector/lib/python3.8/site-packages/hand_detector
[1.359s] copying /home/field/MANOS/build/hand_detector/build/lib/hand_detector/__init__.py -> /home/field/MANOS/install/hand_detector/lib/python3.8/site-packages/hand_detector
[1.359s] copying /home/field/MANOS/build/hand_detector/build/lib/hand_detector/hand_detector.py -> /home/field/MANOS/install/hand_detector/lib/python3.8/site-packages/hand_detector
[1.359s] byte-compiling /home/field/MANOS/install/hand_detector/lib/python3.8/site-packages/hand_detector/__init__.py to __init__.cpython-38.pyc
[1.360s] byte-compiling /home/field/MANOS/install/hand_detector/lib/python3.8/site-packages/hand_detector/hand_detector.py to hand_detector.cpython-38.pyc
[1.361s] running install_data
[1.361s] creating /home/field/MANOS/install/hand_detector/share/ament_index
[1.361s] creating /home/field/MANOS/install/hand_detector/share/ament_index/resource_index
[1.361s] creating /home/field/MANOS/install/hand_detector/share/ament_index/resource_index/packages
[1.361s] copying resource/hand_detector -> /home/field/MANOS/install/hand_detector/share/ament_index/resource_index/packages
[1.361s] copying package.xml -> /home/field/MANOS/install/hand_detector/share/hand_detector
[1.361s] running install_egg_info
[1.362s] Copying ../../build/hand_detector/hand_detector.egg-info to /home/field/MANOS/install/hand_detector/lib/python3.8/site-packages/hand_detector-0.0.0-py3.8.egg-info
[1.362s] running install_scripts
[1.372s] Installing hand_detector script to /home/field/MANOS/install/hand_detector/lib/hand_detector
[1.372s] writing list of installed files to '/home/field/MANOS/build/hand_detector/install.log'
[1.554s] Invoked command in '/home/field/MANOS/src/hand_detector' returned '0': PYTHONPATH=/home/field/MANOS/build/hand_detector/prefix_override:/home/field/MANOS/install/hand_detector/lib/python3.8/site-packages:/home/field/MANOS/install/custom_msg/lib/python3.8/site-packages:/home/field/MANOS/install/manos_manager/lib/python3.8/site-packages:/home/field/MANOS/install/host_listener_package/lib/python3.8/site-packages:/home/field/MANOS/install/hand_detector/lib/python3.8/site-packages:/home/field/MANOS/install/custom_ros_controller/lib/python3.8/site-packages:/home/field/MANOS/install/castelet/lib/python3.8/site-packages:/home/field/MANOS/install/camera/lib/python3.8/site-packages:/opt/ros/galactic/lib/python3.8/site-packages:/home/field/acs/src/behaviors/ /usr/bin/python3 setup.py egg_info --egg-base ../../build/hand_detector build --build-base /home/field/MANOS/build/hand_detector/build install --record /home/field/MANOS/build/hand_detector/install.log --single-version-externally-managed
