[0.682s] Invoking command in '/home/keny/MANOS_ws/src/castelet': PYTHONPATH=/home/keny/MANOS_ws/build/castelet/prefix_override:/home/keny/MANOS_ws/install/castelet/lib/python3.8/site-packages:${PYTHONPATH} /usr/bin/python3 setup.py egg_info --egg-base ../../build/castelet build --build-base /home/keny/MANOS_ws/build/castelet/build install --record /home/keny/MANOS_ws/build/castelet/install.log --single-version-externally-managed
[0.930s] running egg_info
[0.931s] writing ../../build/castelet/castelet.egg-info/PKG-INFO
[0.931s] writing dependency_links to ../../build/castelet/castelet.egg-info/dependency_links.txt
[0.931s] writing entry points to ../../build/castelet/castelet.egg-info/entry_points.txt
[0.931s] writing requirements to ../../build/castelet/castelet.egg-info/requires.txt
[0.931s] writing top-level names to ../../build/castelet/castelet.egg-info/top_level.txt
[0.966s] reading manifest file '../../build/castelet/castelet.egg-info/SOURCES.txt'
[0.966s] writing manifest file '../../build/castelet/castelet.egg-info/SOURCES.txt'
[0.967s] running build
[0.967s] running build_py
[0.967s] running install
[0.968s] running install_lib
[0.970s] running install_data
[0.970s] running install_egg_info
[0.972s] removing '/home/keny/MANOS_ws/install/castelet/lib/python3.8/site-packages/castelet-0.0.0-py3.8.egg-info' (and everything under it)
[0.972s] Copying ../../build/castelet/castelet.egg-info to /home/keny/MANOS_ws/install/castelet/lib/python3.8/site-packages/castelet-0.0.0-py3.8.egg-info
[0.973s] running install_scripts
[0.987s] Installing castelet script to /home/keny/MANOS_ws/install/castelet/lib/castelet
[0.988s] writing list of installed files to '/home/keny/MANOS_ws/build/castelet/install.log'
[1.004s] Invoked command in '/home/keny/MANOS_ws/src/castelet' returned '0': PYTHONPATH=/home/keny/MANOS_ws/build/castelet/prefix_override:/home/keny/MANOS_ws/install/castelet/lib/python3.8/site-packages:${PYTHONPATH} /usr/bin/python3 setup.py egg_info --egg-base ../../build/castelet build --build-base /home/keny/MANOS_ws/build/castelet/build install --record /home/keny/MANOS_ws/build/castelet/install.log --single-version-externally-managed
