running egg_info
creating ../../build/CustomRosController/CustomRosController.egg-info
writing ../../build/CustomRosController/CustomRosController.egg-info/PKG-INFO
writing dependency_links to ../../build/CustomRosController/CustomRosController.egg-info/dependency_links.txt
writing entry points to ../../build/CustomRosController/CustomRosController.egg-info/entry_points.txt
writing requirements to ../../build/CustomRosController/CustomRosController.egg-info/requires.txt
writing top-level names to ../../build/CustomRosController/CustomRosController.egg-info/top_level.txt
writing manifest file '../../build/CustomRosController/CustomRosController.egg-info/SOURCES.txt'
reading manifest file '../../build/CustomRosController/CustomRosController.egg-info/SOURCES.txt'
writing manifest file '../../build/CustomRosController/CustomRosController.egg-info/SOURCES.txt'
running build
running build_py
creating /home/keny/MANOS_ws/build/CustomRosController/build
creating /home/keny/MANOS_ws/build/CustomRosController/build/lib
creating /home/keny/MANOS_ws/build/CustomRosController/build/lib/CustomRosController
copying CustomRosController/TurtleSimController.py -> /home/keny/MANOS_ws/build/CustomRosController/build/lib/CustomRosController
copying CustomRosController/__init__.py -> /home/keny/MANOS_ws/build/CustomRosController/build/lib/CustomRosController
running install
running install_lib
creating /home/keny/MANOS_ws/install/CustomRosController/lib/python3.8/site-packages/CustomRosController
copying /home/keny/MANOS_ws/build/CustomRosController/build/lib/CustomRosController/TurtleSimController.py -> /home/keny/MANOS_ws/install/CustomRosController/lib/python3.8/site-packages/CustomRosController
copying /home/keny/MANOS_ws/build/CustomRosController/build/lib/CustomRosController/__init__.py -> /home/keny/MANOS_ws/install/CustomRosController/lib/python3.8/site-packages/CustomRosController
byte-compiling /home/keny/MANOS_ws/install/CustomRosController/lib/python3.8/site-packages/CustomRosController/TurtleSimController.py to TurtleSimController.cpython-38.pyc
byte-compiling /home/keny/MANOS_ws/install/CustomRosController/lib/python3.8/site-packages/CustomRosController/__init__.py to __init__.cpython-38.pyc
running install_data
creating /home/keny/MANOS_ws/install/CustomRosController/share/ament_index
creating /home/keny/MANOS_ws/install/CustomRosController/share/ament_index/resource_index
creating /home/keny/MANOS_ws/install/CustomRosController/share/ament_index/resource_index/packages
copying resource/CustomRosController -> /home/keny/MANOS_ws/install/CustomRosController/share/ament_index/resource_index/packages
copying package.xml -> /home/keny/MANOS_ws/install/CustomRosController/share/CustomRosController
running install_egg_info
Copying ../../build/CustomRosController/CustomRosController.egg-info to /home/keny/MANOS_ws/install/CustomRosController/lib/python3.8/site-packages/CustomRosController-0.0.0-py3.8.egg-info
running install_scripts
writing list of installed files to '/home/keny/MANOS_ws/build/CustomRosController/install.log'
