[0.664s] Invoking command in '/home/field/MANOS/build/custom_msg': CMAKE_PREFIX_PATH=${CMAKE_PREFIX_PATH}:/home/field/MANOS/install/manos_manager:/home/field/MANOS/install/host_listener_package:/home/field/MANOS/install/hand_detector:/home/field/MANOS/install/custom_ros_controller:/home/field/MANOS/install/castelet:/home/field/MANOS/install/camera:/opt/ros/galactic /home/field/.local/bin/cmake --build /home/field/MANOS/build/custom_msg -- -j20 -l20
[0.693s] -- Found ament_cmake: 1.1.6 (/opt/ros/galactic/share/ament_cmake/cmake)
[0.694s] [33mCMake Warning (dev) at /opt/ros/galactic/share/ament_cmake_core/cmake/core/python.cmake:22 (find_package):
[0.694s]   Policy CMP0148 is not set: The FindPythonInterp and FindPythonLibs modules
[0.694s]   are removed.  Run "cmake --help-policy CMP0148" for policy details.  Use
[0.694s]   the cmake_policy command to set the policy and suppress this warning.
[0.694s] 
[0.694s] Call Stack (most recent call first):
[0.694s]   /opt/ros/galactic/share/ament_cmake_core/cmake/core/all.cmake:53 (include)
[0.694s]   /opt/ros/galactic/share/ament_cmake_core/cmake/ament_cmake_core-extras.cmake:17 (include)
[0.694s]   /opt/ros/galactic/share/ament_cmake_core/cmake/ament_cmake_coreConfig.cmake:41 (include)
[0.694s]   /opt/ros/galactic/share/ament_cmake/cmake/ament_cmake_export_dependencies-extras.cmake:15 (find_package)
[0.694s]   /opt/ros/galactic/share/ament_cmake/cmake/ament_cmakeConfig.cmake:41 (include)
[0.694s]   CMakeLists.txt:9 (find_package)
[0.694s] This warning is for project developers.  Use -Wno-dev to suppress it.
[0.694s] [0m
[0.707s] -- Found PythonInterp: /usr/bin/python3 (found suitable version "3.8.10", minimum required is "3") 
[0.707s] -- Using PYTHON_EXECUTABLE: /usr/bin/python3
[0.749s] -- Found std_msgs: 2.2.4 (/opt/ros/galactic/share/std_msgs/cmake)
[0.763s] -- Using all available rosidl_typesupport_c: rosidl_typesupport_fastrtps_c;rosidl_typesupport_introspection_c
[0.765s] -- Found rosidl_adapter: 2.2.3 (/opt/ros/galactic/share/rosidl_adapter/cmake)
[0.843s] -- Using all available rosidl_typesupport_cpp: rosidl_typesupport_fastrtps_cpp;rosidl_typesupport_introspection_cpp
[0.868s] -- Found rosidl_default_generators: 1.1.1 (/opt/ros/galactic/share/rosidl_default_generators/cmake)
[0.875s] [33mCMake Warning (dev) at /opt/ros/galactic/share/rosidl_adapter/cmake/rosidl_adapt_interfaces.cmake:40 (find_package):
[0.875s]   Policy CMP0148 is not set: The FindPythonInterp and FindPythonLibs modules
[0.875s]   are removed.  Run "cmake --help-policy CMP0148" for policy details.  Use
[0.875s]   the cmake_policy command to set the policy and suppress this warning.
[0.875s] 
[0.875s] Call Stack (most recent call first):
[0.875s]   /opt/ros/galactic/share/rosidl_cmake/cmake/rosidl_generate_interfaces.cmake:130 (rosidl_adapt_interfaces)
[0.875s]   CMakeLists.txt:16 (rosidl_generate_interfaces)
[0.875s] This warning is for project developers.  Use -Wno-dev to suppress it.
[0.875s] [0m
[0.890s] -- Found PythonInterp: /usr/bin/python3 (found version "3.8.10") 
[0.991s] -- Found ament_cmake_ros: 0.9.2 (/opt/ros/galactic/share/ament_cmake_ros/cmake)
[1.101s] -- Using all available rosidl_typesupport_c: rosidl_typesupport_fastrtps_c;rosidl_typesupport_introspection_c
[1.137s] -- Using all available rosidl_typesupport_cpp: rosidl_typesupport_fastrtps_cpp;rosidl_typesupport_introspection_cpp
[1.139s] [33mCMake Warning (dev) at /opt/ros/galactic/share/rosidl_generator_py/cmake/rosidl_generator_py_generate_interfaces.cmake:20 (find_package):
[1.139s]   Policy CMP0148 is not set: The FindPythonInterp and FindPythonLibs modules
[1.139s]   are removed.  Run "cmake --help-policy CMP0148" for policy details.  Use
[1.139s]   the cmake_policy command to set the policy and suppress this warning.
[1.139s] 
[1.139s] Call Stack (most recent call first):
[1.139s]   /opt/ros/galactic/share/ament_cmake_core/cmake/core/ament_execute_extensions.cmake:48 (include)
[1.139s]   /opt/ros/galactic/share/rosidl_cmake/cmake/rosidl_generate_interfaces.cmake:286 (ament_execute_extensions)
[1.139s]   CMakeLists.txt:16 (rosidl_generate_interfaces)
[1.139s] This warning is for project developers.  Use -Wno-dev to suppress it.
[1.139s] [0m
[1.154s] -- Found PythonInterp: /usr/bin/python3 (found suitable version "3.8.10", minimum required is "3.5") 
[1.154s] -- Found python_cmake_module: 0.8.1 (/opt/ros/galactic/share/python_cmake_module/cmake)
[1.154s] [33mCMake Warning (dev) at /opt/ros/galactic/share/python_cmake_module/cmake/Modules/FindPythonExtra.cmake:45 (find_package):
[1.154s]   Policy CMP0148 is not set: The FindPythonInterp and FindPythonLibs modules
[1.154s]   are removed.  Run "cmake --help-policy CMP0148" for policy details.  Use
[1.154s]   the cmake_policy command to set the policy and suppress this warning.
[1.154s] 
[1.154s] Call Stack (most recent call first):
[1.154s]   /opt/ros/galactic/share/rosidl_generator_py/cmake/rosidl_generator_py_generate_interfaces.cmake:23 (find_package)
[1.154s]   /opt/ros/galactic/share/ament_cmake_core/cmake/core/ament_execute_extensions.cmake:48 (include)
[1.154s]   /opt/ros/galactic/share/rosidl_cmake/cmake/rosidl_generate_interfaces.cmake:286 (ament_execute_extensions)
[1.154s]   CMakeLists.txt:16 (rosidl_generate_interfaces)
[1.154s] This warning is for project developers.  Use -Wno-dev to suppress it.
[1.154s] [0m
[1.168s] [33mCMake Warning (dev) at /opt/ros/galactic/share/python_cmake_module/cmake/Modules/FindPythonExtra.cmake:133 (find_package):
[1.168s]   Policy CMP0148 is not set: The FindPythonInterp and FindPythonLibs modules
[1.168s]   are removed.  Run "cmake --help-policy CMP0148" for policy details.  Use
[1.168s]   the cmake_policy command to set the policy and suppress this warning.
[1.168s] 
[1.168s] Call Stack (most recent call first):
[1.168s]   /opt/ros/galactic/share/rosidl_generator_py/cmake/rosidl_generator_py_generate_interfaces.cmake:23 (find_package)
[1.169s]   /opt/ros/galactic/share/ament_cmake_core/cmake/core/ament_execute_extensions.cmake:48 (include)
[1.169s]   /opt/ros/galactic/share/rosidl_cmake/cmake/rosidl_generate_interfaces.cmake:286 (ament_execute_extensions)
[1.169s]   CMakeLists.txt:16 (rosidl_generate_interfaces)
[1.169s] This warning is for project developers.  Use -Wno-dev to suppress it.
[1.169s] [0m
[1.170s] -- Using PYTHON_EXECUTABLE: /usr/bin/python3
[1.170s] -- Using PYTHON_INCLUDE_DIRS: /usr/include/python3.8
[1.170s] -- Using PYTHON_LIBRARIES: /usr/lib/x86_64-linux-gnu/libpython3.8.so
[1.190s] -- Found ament_lint_auto: 0.10.7 (/opt/ros/galactic/share/ament_lint_auto/cmake)
[1.197s] -- Added test 'copyright' to check source files copyright and LICENSE
[1.198s] -- Added test 'lint_cmake' to check CMake code style
[1.198s] -- Added test 'xmllint' to check XML markup files
[1.200s] -- Configuring done (0.5s)
[1.228s] -- Generating done (0.0s)
[1.229s] -- Build files have been written to: /home/field/MANOS/build/custom_msg
[1.239s] [  1%] [34m[1mGenerating C code for ROS interfaces[0m
[1.241s] [  3%] [34m[1mGenerating C++ code for ROS interfaces[0m
[1.439s] [  3%] Built target custom_msg__cpp
[1.442s] [  5%] [34m[1mGenerating C++ type support dispatch for ROS interfaces[0m
[1.442s] [  7%] [34m[1mGenerating C++ type support for eProsima Fast-RTPS[0m
[1.443s] [  9%] [34m[1mGenerating C++ introspection for ROS interfaces[0m
[1.457s] [ 10%] [32mBuilding C object CMakeFiles/custom_msg__rosidl_generator_c.dir/rosidl_generator_c/custom_msg/msg/detail/list_string__functions.c.o[0m
[1.457s] [ 12%] [32mBuilding C object CMakeFiles/custom_msg__rosidl_generator_c.dir/rosidl_generator_c/custom_msg/msg/detail/pos__functions.c.o[0m
[1.457s] [ 14%] [32mBuilding C object CMakeFiles/custom_msg__rosidl_generator_c.dir/rosidl_generator_c/custom_msg/msg/detail/manos_bundle__functions.c.o[0m
[1.457s] [ 16%] [32mBuilding C object CMakeFiles/custom_msg__rosidl_generator_c.dir/rosidl_generator_c/custom_msg/srv/detail/set_servo__functions.c.o[0m
[1.495s] [ 18%] [32m[1mLinking C shared library libcustom_msg__rosidl_generator_c.so[0m
[1.510s] [ 18%] Built target custom_msg__rosidl_generator_c
[1.513s] [ 20%] [34m[1mGenerating C introspection for ROS interfaces[0m
[1.513s] [ 21%] [34m[1mGenerating C type support dispatch for ROS interfaces[0m
[1.612s] [ 23%] [32mBuilding CXX object CMakeFiles/custom_msg__rosidl_typesupport_cpp.dir/rosidl_typesupport_cpp/custom_msg/msg/list_string__type_support.cpp.o[0m
[1.613s] [ 25%] [32mBuilding CXX object CMakeFiles/custom_msg__rosidl_typesupport_cpp.dir/rosidl_typesupport_cpp/custom_msg/msg/pos__type_support.cpp.o[0m
[1.613s] [ 27%] [32mBuilding CXX object CMakeFiles/custom_msg__rosidl_typesupport_cpp.dir/rosidl_typesupport_cpp/custom_msg/msg/manos_bundle__type_support.cpp.o[0m
[1.614s] [ 29%] [32mBuilding CXX object CMakeFiles/custom_msg__rosidl_typesupport_cpp.dir/rosidl_typesupport_cpp/custom_msg/srv/set_servo__type_support.cpp.o[0m
[1.635s] [ 34%] [32mBuilding CXX object CMakeFiles/custom_msg__rosidl_typesupport_introspection_cpp.dir/rosidl_typesupport_introspection_cpp/custom_msg/srv/detail/set_servo__type_support.cpp.o[0m
[1.635s] [ 34%] [32mBuilding CXX object CMakeFiles/custom_msg__rosidl_typesupport_introspection_cpp.dir/rosidl_typesupport_introspection_cpp/custom_msg/msg/detail/pos__type_support.cpp.o[0m
[1.636s] [ 34%] [32mBuilding CXX object CMakeFiles/custom_msg__rosidl_typesupport_introspection_cpp.dir/rosidl_typesupport_introspection_cpp/custom_msg/msg/detail/list_string__type_support.cpp.o[0m
[1.636s] [ 36%] [32mBuilding CXX object CMakeFiles/custom_msg__rosidl_typesupport_introspection_cpp.dir/rosidl_typesupport_introspection_cpp/custom_msg/msg/detail/manos_bundle__type_support.cpp.o[0m
[1.656s] [ 40%] [32mBuilding CXX object CMakeFiles/custom_msg__rosidl_typesupport_fastrtps_cpp.dir/rosidl_typesupport_fastrtps_cpp/custom_msg/msg/detail/dds_fastrtps/list_string__type_support.cpp.o[0m
[1.656s] [ 40%] [32mBuilding CXX object CMakeFiles/custom_msg__rosidl_typesupport_fastrtps_cpp.dir/rosidl_typesupport_fastrtps_cpp/custom_msg/msg/detail/dds_fastrtps/pos__type_support.cpp.o[0m
[1.656s] [ 41%] [32mBuilding CXX object CMakeFiles/custom_msg__rosidl_typesupport_fastrtps_cpp.dir/rosidl_typesupport_fastrtps_cpp/custom_msg/msg/detail/dds_fastrtps/manos_bundle__type_support.cpp.o[0m
[1.657s] [ 43%] [32mBuilding CXX object CMakeFiles/custom_msg__rosidl_typesupport_fastrtps_cpp.dir/rosidl_typesupport_fastrtps_cpp/custom_msg/srv/detail/dds_fastrtps/set_servo__type_support.cpp.o[0m
[1.695s] [ 47%] [32mBuilding CXX object CMakeFiles/custom_msg__rosidl_typesupport_c.dir/rosidl_typesupport_c/custom_msg/msg/list_string__type_support.cpp.o[0m
[1.695s] [ 47%] [32mBuilding CXX object CMakeFiles/custom_msg__rosidl_typesupport_c.dir/rosidl_typesupport_c/custom_msg/msg/pos__type_support.cpp.o[0m
[1.695s] [ 49%] [32mBuilding CXX object CMakeFiles/custom_msg__rosidl_typesupport_c.dir/rosidl_typesupport_c/custom_msg/srv/set_servo__type_support.cpp.o[0m
[1.710s] [ 50%] [32mBuilding CXX object CMakeFiles/custom_msg__rosidl_typesupport_c.dir/rosidl_typesupport_c/custom_msg/msg/manos_bundle__type_support.cpp.o[0m
[1.735s] [ 56%] [32mBuilding C object CMakeFiles/custom_msg__rosidl_typesupport_introspection_c.dir/rosidl_typesupport_introspection_c/custom_msg/msg/detail/manos_bundle__type_support.c.o[0m
[1.736s] [ 56%] [32mBuilding C object CMakeFiles/custom_msg__rosidl_typesupport_introspection_c.dir/rosidl_typesupport_introspection_c/custom_msg/msg/detail/pos__type_support.c.o[0m
[1.736s] [ 56%] [32mBuilding C object CMakeFiles/custom_msg__rosidl_typesupport_introspection_c.dir/rosidl_typesupport_introspection_c/custom_msg/msg/detail/list_string__type_support.c.o[0m
[1.736s] [ 60%] [32m[1mLinking CXX shared library libcustom_msg__rosidl_typesupport_c.so[0m
[1.737s] [ 60%] [32mBuilding C object CMakeFiles/custom_msg__rosidl_typesupport_introspection_c.dir/rosidl_typesupport_introspection_c/custom_msg/srv/detail/set_servo__type_support.c.o[0m
[1.764s] [ 60%] Built target custom_msg__rosidl_typesupport_c
[1.765s] [ 61%] [32m[1mLinking C shared library libcustom_msg__rosidl_typesupport_introspection_c.so[0m
[1.783s] [ 61%] Built target custom_msg__rosidl_typesupport_introspection_c
[1.868s] [ 63%] [32m[1mLinking CXX shared library libcustom_msg__rosidl_typesupport_cpp.so[0m
[1.887s] [ 63%] Built target custom_msg__rosidl_typesupport_cpp
[1.911s] [ 65%] [32m[1mLinking CXX shared library libcustom_msg__rosidl_typesupport_introspection_cpp.so[0m
[1.950s] [ 65%] Built target custom_msg__rosidl_typesupport_introspection_cpp
[2.003s] [ 67%] [32m[1mLinking CXX shared library libcustom_msg__rosidl_typesupport_fastrtps_cpp.so[0m
[2.047s] [ 67%] Built target custom_msg__rosidl_typesupport_fastrtps_cpp
[2.051s] [ 69%] [34m[1mGenerating C type support for eProsima Fast-RTPS[0m
[2.234s] [ 72%] [32mBuilding CXX object CMakeFiles/custom_msg__rosidl_typesupport_fastrtps_c.dir/rosidl_typesupport_fastrtps_c/custom_msg/msg/detail/pos__type_support_c.cpp.o[0m
[2.234s] [ 72%] [32mBuilding CXX object CMakeFiles/custom_msg__rosidl_typesupport_fastrtps_c.dir/rosidl_typesupport_fastrtps_c/custom_msg/msg/detail/list_string__type_support_c.cpp.o[0m
[2.234s] [ 74%] [32mBuilding CXX object CMakeFiles/custom_msg__rosidl_typesupport_fastrtps_c.dir/rosidl_typesupport_fastrtps_c/custom_msg/msg/detail/manos_bundle__type_support_c.cpp.o[0m
[2.234s] [ 76%] [32mBuilding CXX object CMakeFiles/custom_msg__rosidl_typesupport_fastrtps_c.dir/rosidl_typesupport_fastrtps_c/custom_msg/srv/detail/set_servo__type_support_c.cpp.o[0m
[2.419s] [ 78%] [32m[1mLinking CXX shared library libcustom_msg__rosidl_typesupport_fastrtps_c.so[0m
[2.462s] [ 78%] Built target custom_msg__rosidl_typesupport_fastrtps_c
[2.468s] [ 78%] Built target custom_msg
[2.474s] [ 80%] [34m[1mGenerating Python code for ROS interfaces[0m
[2.858s] [ 80%] Built target custom_msg__py
[2.866s] [ 81%] [32mBuilding C object CMakeFiles/custom_msg__python.dir/rosidl_generator_py/custom_msg/msg/_list_string_s.c.o[0m
[2.867s] [ 83%] [32mBuilding C object CMakeFiles/custom_msg__python.dir/rosidl_generator_py/custom_msg/msg/_pos_s.c.o[0m
[2.867s] [ 85%] [32mBuilding C object CMakeFiles/custom_msg__python.dir/rosidl_generator_py/custom_msg/msg/_manos_bundle_s.c.o[0m
[2.867s] [ 87%] [32mBuilding C object CMakeFiles/custom_msg__python.dir/rosidl_generator_py/custom_msg/srv/_set_servo_s.c.o[0m
[2.915s] [ 89%] [32m[1mLinking C shared library rosidl_generator_py/custom_msg/libcustom_msg__python.so[0m
[2.934s] [ 89%] Built target custom_msg__python
[2.942s] [ 94%] [32mBuilding C object CMakeFiles/custom_msg__rosidl_typesupport_fastrtps_c__pyext.dir/rosidl_generator_py/custom_msg/_custom_msg_s.ep.rosidl_typesupport_fastrtps_c.c.o[0m
[2.942s] [ 94%] [32mBuilding C object CMakeFiles/custom_msg__rosidl_typesupport_c__pyext.dir/rosidl_generator_py/custom_msg/_custom_msg_s.ep.rosidl_typesupport_c.c.o[0m
[2.942s] [ 94%] [32mBuilding C object CMakeFiles/custom_msg__rosidl_typesupport_introspection_c__pyext.dir/rosidl_generator_py/custom_msg/_custom_msg_s.ep.rosidl_typesupport_introspection_c.c.o[0m
[2.991s] [ 98%] [32m[1mLinking C shared library rosidl_generator_py/custom_msg/custom_msg_s__rosidl_typesupport_c.cpython-38-x86_64-linux-gnu.so[0m
[2.991s] [ 98%] [32m[1mLinking C shared library rosidl_generator_py/custom_msg/custom_msg_s__rosidl_typesupport_introspection_c.cpython-38-x86_64-linux-gnu.so[0m
[2.991s] [100%] [32m[1mLinking CXX shared library rosidl_generator_py/custom_msg/custom_msg_s__rosidl_typesupport_fastrtps_c.cpython-38-x86_64-linux-gnu.so[0m
[3.007s] [100%] Built target custom_msg__rosidl_typesupport_introspection_c__pyext
[3.007s] [100%] Built target custom_msg__rosidl_typesupport_c__pyext
[3.024s] [100%] Built target custom_msg__rosidl_typesupport_fastrtps_c__pyext
[3.031s] Invoked command in '/home/field/MANOS/build/custom_msg' returned '0': CMAKE_PREFIX_PATH=${CMAKE_PREFIX_PATH}:/home/field/MANOS/install/manos_manager:/home/field/MANOS/install/host_listener_package:/home/field/MANOS/install/hand_detector:/home/field/MANOS/install/custom_ros_controller:/home/field/MANOS/install/castelet:/home/field/MANOS/install/camera:/opt/ros/galactic /home/field/.local/bin/cmake --build /home/field/MANOS/build/custom_msg -- -j20 -l20
[3.120s] Invoking command in '/home/field/MANOS/build/custom_msg': CMAKE_PREFIX_PATH=${CMAKE_PREFIX_PATH}:/home/field/MANOS/install/manos_manager:/home/field/MANOS/install/host_listener_package:/home/field/MANOS/install/hand_detector:/home/field/MANOS/install/custom_ros_controller:/home/field/MANOS/install/castelet:/home/field/MANOS/install/camera:/opt/ros/galactic /home/field/.local/bin/cmake --install /home/field/MANOS/build/custom_msg
[3.140s] -- Install configuration: ""
[3.140s] -- Installing: /home/field/MANOS/install/custom_msg/share/ament_index/resource_index/rosidl_interfaces/custom_msg
[3.140s] -- Up-to-date: /home/field/MANOS/install/custom_msg/include/custom_msg
[3.140s] -- Up-to-date: /home/field/MANOS/install/custom_msg/include/custom_msg/msg
[3.140s] -- Up-to-date: /home/field/MANOS/install/custom_msg/include/custom_msg/msg/rosidl_generator_c__visibility_control.h
[3.141s] -- Installing: /home/field/MANOS/install/custom_msg/include/custom_msg/msg/list_string.h
[3.141s] -- Up-to-date: /home/field/MANOS/install/custom_msg/include/custom_msg/msg/detail
[3.141s] -- Installing: /home/field/MANOS/install/custom_msg/include/custom_msg/msg/detail/manos_bundle__functions.c
[3.141s] -- Installing: /home/field/MANOS/install/custom_msg/include/custom_msg/msg/detail/pos__functions.h
[3.141s] -- Installing: /home/field/MANOS/install/custom_msg/include/custom_msg/msg/detail/list_string__functions.h
[3.141s] -- Installing: /home/field/MANOS/install/custom_msg/include/custom_msg/msg/detail/manos_bundle__type_support.h
[3.141s] -- Installing: /home/field/MANOS/install/custom_msg/include/custom_msg/msg/detail/manos_bundle__functions.h
[3.141s] -- Installing: /home/field/MANOS/install/custom_msg/include/custom_msg/msg/detail/manos_bundle__struct.h
[3.141s] -- Installing: /home/field/MANOS/install/custom_msg/include/custom_msg/msg/detail/pos__functions.c
[3.141s] -- Installing: /home/field/MANOS/install/custom_msg/include/custom_msg/msg/detail/list_string__functions.c
[3.141s] -- Installing: /home/field/MANOS/install/custom_msg/include/custom_msg/msg/detail/pos__struct.h
[3.141s] -- Installing: /home/field/MANOS/install/custom_msg/include/custom_msg/msg/detail/list_string__struct.h
[3.141s] -- Installing: /home/field/MANOS/install/custom_msg/include/custom_msg/msg/detail/list_string__type_support.h
[3.142s] -- Installing: /home/field/MANOS/install/custom_msg/include/custom_msg/msg/detail/pos__type_support.h
[3.142s] -- Installing: /home/field/MANOS/install/custom_msg/include/custom_msg/msg/pos.h
[3.142s] -- Installing: /home/field/MANOS/install/custom_msg/include/custom_msg/msg/manos_bundle.h
[3.142s] -- Installing: /home/field/MANOS/install/custom_msg/include/custom_msg/srv
[3.142s] -- Installing: /home/field/MANOS/install/custom_msg/include/custom_msg/srv/set_servo.h
[3.142s] -- Installing: /home/field/MANOS/install/custom_msg/include/custom_msg/srv/detail
[3.142s] -- Installing: /home/field/MANOS/install/custom_msg/include/custom_msg/srv/detail/set_servo__struct.h
[3.142s] -- Installing: /home/field/MANOS/install/custom_msg/include/custom_msg/srv/detail/set_servo__type_support.h
[3.142s] -- Installing: /home/field/MANOS/install/custom_msg/include/custom_msg/srv/detail/set_servo__functions.h
[3.142s] -- Installing: /home/field/MANOS/install/custom_msg/include/custom_msg/srv/detail/set_servo__functions.c
[3.142s] -- Up-to-date: /home/field/MANOS/install/custom_msg/share/custom_msg/environment/library_path.sh
[3.142s] -- Installing: /home/field/MANOS/install/custom_msg/share/custom_msg/environment/library_path.dsv
[3.142s] -- Installing: /home/field/MANOS/install/custom_msg/lib/libcustom_msg__rosidl_generator_c.so
[3.143s] -- Set runtime path of "/home/field/MANOS/install/custom_msg/lib/libcustom_msg__rosidl_generator_c.so" to ""
[3.143s] -- Up-to-date: /home/field/MANOS/install/custom_msg/include/custom_msg
[3.143s] -- Up-to-date: /home/field/MANOS/install/custom_msg/include/custom_msg/msg
[3.143s] -- Up-to-date: /home/field/MANOS/install/custom_msg/include/custom_msg/msg/rosidl_typesupport_fastrtps_c__visibility_control.h
[3.143s] -- Up-to-date: /home/field/MANOS/install/custom_msg/include/custom_msg/msg/detail
[3.143s] -- Installing: /home/field/MANOS/install/custom_msg/include/custom_msg/msg/detail/pos__rosidl_typesupport_fastrtps_c.h
[3.143s] -- Installing: /home/field/MANOS/install/custom_msg/include/custom_msg/msg/detail/manos_bundle__rosidl_typesupport_fastrtps_c.h
[3.143s] -- Installing: /home/field/MANOS/install/custom_msg/include/custom_msg/msg/detail/list_string__rosidl_typesupport_fastrtps_c.h
[3.143s] -- Up-to-date: /home/field/MANOS/install/custom_msg/include/custom_msg/srv
[3.143s] -- Up-to-date: /home/field/MANOS/install/custom_msg/include/custom_msg/srv/detail
[3.143s] -- Installing: /home/field/MANOS/install/custom_msg/include/custom_msg/srv/detail/set_servo__rosidl_typesupport_fastrtps_c.h
[3.143s] -- Installing: /home/field/MANOS/install/custom_msg/lib/libcustom_msg__rosidl_typesupport_fastrtps_c.so
[3.143s] -- Set runtime path of "/home/field/MANOS/install/custom_msg/lib/libcustom_msg__rosidl_typesupport_fastrtps_c.so" to ""
[3.144s] -- Up-to-date: /home/field/MANOS/install/custom_msg/include/custom_msg
[3.144s] -- Up-to-date: /home/field/MANOS/install/custom_msg/include/custom_msg/msg
[3.144s] -- Up-to-date: /home/field/MANOS/install/custom_msg/include/custom_msg/msg/detail
[3.144s] -- Installing: /home/field/MANOS/install/custom_msg/include/custom_msg/msg/detail/list_string__rosidl_typesupport_fastrtps_cpp.hpp
[3.144s] -- Installing: /home/field/MANOS/install/custom_msg/include/custom_msg/msg/detail/pos__rosidl_typesupport_fastrtps_cpp.hpp
[3.144s] -- Up-to-date: /home/field/MANOS/install/custom_msg/include/custom_msg/msg/detail/dds_fastrtps
[3.144s] -- Installing: /home/field/MANOS/install/custom_msg/include/custom_msg/msg/detail/manos_bundle__rosidl_typesupport_fastrtps_cpp.hpp
[3.144s] -- Up-to-date: /home/field/MANOS/install/custom_msg/include/custom_msg/msg/rosidl_typesupport_fastrtps_cpp__visibility_control.h
[3.144s] -- Up-to-date: /home/field/MANOS/install/custom_msg/include/custom_msg/srv
[3.144s] -- Up-to-date: /home/field/MANOS/install/custom_msg/include/custom_msg/srv/detail
[3.144s] -- Installing: /home/field/MANOS/install/custom_msg/include/custom_msg/srv/detail/set_servo__rosidl_typesupport_fastrtps_cpp.hpp
[3.144s] -- Installing: /home/field/MANOS/install/custom_msg/include/custom_msg/srv/detail/dds_fastrtps
[3.144s] -- Installing: /home/field/MANOS/install/custom_msg/lib/libcustom_msg__rosidl_typesupport_fastrtps_cpp.so
[3.144s] -- Set runtime path of "/home/field/MANOS/install/custom_msg/lib/libcustom_msg__rosidl_typesupport_fastrtps_cpp.so" to ""
[3.144s] -- Up-to-date: /home/field/MANOS/install/custom_msg/include/custom_msg
[3.144s] -- Up-to-date: /home/field/MANOS/install/custom_msg/include/custom_msg/msg
[3.144s] -- Up-to-date: /home/field/MANOS/install/custom_msg/include/custom_msg/msg/detail
[3.144s] -- Installing: /home/field/MANOS/install/custom_msg/include/custom_msg/msg/detail/list_string__rosidl_typesupport_introspection_c.h
[3.144s] -- Installing: /home/field/MANOS/install/custom_msg/include/custom_msg/msg/detail/manos_bundle__rosidl_typesupport_introspection_c.h
[3.144s] -- Installing: /home/field/MANOS/install/custom_msg/include/custom_msg/msg/detail/pos__type_support.c
[3.144s] -- Installing: /home/field/MANOS/install/custom_msg/include/custom_msg/msg/detail/manos_bundle__type_support.c
[3.144s] -- Installing: /home/field/MANOS/install/custom_msg/include/custom_msg/msg/detail/list_string__type_support.c
[3.144s] -- Installing: /home/field/MANOS/install/custom_msg/include/custom_msg/msg/detail/pos__rosidl_typesupport_introspection_c.h
[3.144s] -- Up-to-date: /home/field/MANOS/install/custom_msg/include/custom_msg/msg/rosidl_typesupport_introspection_c__visibility_control.h
[3.144s] -- Up-to-date: /home/field/MANOS/install/custom_msg/include/custom_msg/srv
[3.144s] -- Up-to-date: /home/field/MANOS/install/custom_msg/include/custom_msg/srv/detail
[3.144s] -- Installing: /home/field/MANOS/install/custom_msg/include/custom_msg/srv/detail/set_servo__rosidl_typesupport_introspection_c.h
[3.145s] -- Installing: /home/field/MANOS/install/custom_msg/include/custom_msg/srv/detail/set_servo__type_support.c
[3.145s] -- Installing: /home/field/MANOS/install/custom_msg/lib/libcustom_msg__rosidl_typesupport_introspection_c.so
[3.145s] -- Set runtime path of "/home/field/MANOS/install/custom_msg/lib/libcustom_msg__rosidl_typesupport_introspection_c.so" to ""
[3.145s] -- Installing: /home/field/MANOS/install/custom_msg/lib/libcustom_msg__rosidl_typesupport_c.so
[3.145s] -- Set runtime path of "/home/field/MANOS/install/custom_msg/lib/libcustom_msg__rosidl_typesupport_c.so" to ""
[3.145s] -- Up-to-date: /home/field/MANOS/install/custom_msg/include/custom_msg
[3.145s] -- Up-to-date: /home/field/MANOS/install/custom_msg/include/custom_msg/msg
[3.145s] -- Installing: /home/field/MANOS/install/custom_msg/include/custom_msg/msg/pos.hpp
[3.145s] -- Installing: /home/field/MANOS/install/custom_msg/include/custom_msg/msg/manos_bundle.hpp
[3.145s] -- Up-to-date: /home/field/MANOS/install/custom_msg/include/custom_msg/msg/detail
[3.145s] -- Installing: /home/field/MANOS/install/custom_msg/include/custom_msg/msg/detail/list_string__traits.hpp
[3.145s] -- Installing: /home/field/MANOS/install/custom_msg/include/custom_msg/msg/detail/pos__traits.hpp
[3.145s] -- Installing: /home/field/MANOS/install/custom_msg/include/custom_msg/msg/detail/list_string__builder.hpp
[3.145s] -- Installing: /home/field/MANOS/install/custom_msg/include/custom_msg/msg/detail/pos__struct.hpp
[3.145s] -- Installing: /home/field/MANOS/install/custom_msg/include/custom_msg/msg/detail/manos_bundle__builder.hpp
[3.145s] -- Installing: /home/field/MANOS/install/custom_msg/include/custom_msg/msg/detail/manos_bundle__struct.hpp
[3.145s] -- Installing: /home/field/MANOS/install/custom_msg/include/custom_msg/msg/detail/manos_bundle__traits.hpp
[3.145s] -- Installing: /home/field/MANOS/install/custom_msg/include/custom_msg/msg/detail/list_string__struct.hpp
[3.145s] -- Installing: /home/field/MANOS/install/custom_msg/include/custom_msg/msg/detail/pos__builder.hpp
[3.145s] -- Installing: /home/field/MANOS/install/custom_msg/include/custom_msg/msg/list_string.hpp
[3.145s] -- Up-to-date: /home/field/MANOS/install/custom_msg/include/custom_msg/srv
[3.145s] -- Installing: /home/field/MANOS/install/custom_msg/include/custom_msg/srv/set_servo.hpp
[3.145s] -- Up-to-date: /home/field/MANOS/install/custom_msg/include/custom_msg/srv/detail
[3.145s] -- Installing: /home/field/MANOS/install/custom_msg/include/custom_msg/srv/detail/set_servo__traits.hpp
[3.145s] -- Installing: /home/field/MANOS/install/custom_msg/include/custom_msg/srv/detail/set_servo__builder.hpp
[3.145s] -- Installing: /home/field/MANOS/install/custom_msg/include/custom_msg/srv/detail/set_servo__struct.hpp
[3.145s] -- Up-to-date: /home/field/MANOS/install/custom_msg/include/custom_msg
[3.145s] -- Up-to-date: /home/field/MANOS/install/custom_msg/include/custom_msg/msg
[3.145s] -- Up-to-date: /home/field/MANOS/install/custom_msg/include/custom_msg/msg/detail
[3.145s] -- Installing: /home/field/MANOS/install/custom_msg/include/custom_msg/msg/detail/pos__type_support.cpp
[3.145s] -- Installing: /home/field/MANOS/install/custom_msg/include/custom_msg/msg/detail/list_string__rosidl_typesupport_introspection_cpp.hpp
[3.145s] -- Installing: /home/field/MANOS/install/custom_msg/include/custom_msg/msg/detail/list_string__type_support.cpp
[3.146s] -- Installing: /home/field/MANOS/install/custom_msg/include/custom_msg/msg/detail/manos_bundle__rosidl_typesupport_introspection_cpp.hpp
[3.146s] -- Installing: /home/field/MANOS/install/custom_msg/include/custom_msg/msg/detail/manos_bundle__type_support.cpp
[3.146s] -- Installing: /home/field/MANOS/install/custom_msg/include/custom_msg/msg/detail/pos__rosidl_typesupport_introspection_cpp.hpp
[3.146s] -- Up-to-date: /home/field/MANOS/install/custom_msg/include/custom_msg/srv
[3.146s] -- Up-to-date: /home/field/MANOS/install/custom_msg/include/custom_msg/srv/detail
[3.146s] -- Installing: /home/field/MANOS/install/custom_msg/include/custom_msg/srv/detail/set_servo__type_support.cpp
[3.146s] -- Installing: /home/field/MANOS/install/custom_msg/include/custom_msg/srv/detail/set_servo__rosidl_typesupport_introspection_cpp.hpp
[3.146s] -- Installing: /home/field/MANOS/install/custom_msg/lib/libcustom_msg__rosidl_typesupport_introspection_cpp.so
[3.146s] -- Set runtime path of "/home/field/MANOS/install/custom_msg/lib/libcustom_msg__rosidl_typesupport_introspection_cpp.so" to ""
[3.146s] -- Installing: /home/field/MANOS/install/custom_msg/lib/libcustom_msg__rosidl_typesupport_cpp.so
[3.146s] -- Set runtime path of "/home/field/MANOS/install/custom_msg/lib/libcustom_msg__rosidl_typesupport_cpp.so" to ""
[3.146s] -- Up-to-date: /home/field/MANOS/install/custom_msg/share/custom_msg/environment/pythonpath.sh
[3.146s] -- Installing: /home/field/MANOS/install/custom_msg/share/custom_msg/environment/pythonpath.dsv
[3.146s] -- Installing: /home/field/MANOS/install/custom_msg/lib/python3.8/site-packages/custom_msg/__init__.py
[3.167s] Compiling '/home/field/MANOS/install/custom_msg/lib/python3.8/site-packages/custom_msg/__init__.py'...
[3.169s] -- Up-to-date: /home/field/MANOS/install/custom_msg/lib/python3.8/site-packages/custom_msg/msg
[3.169s] -- Installing: /home/field/MANOS/install/custom_msg/lib/python3.8/site-packages/custom_msg/msg/_manos_bundle_s.c
[3.169s] -- Installing: /home/field/MANOS/install/custom_msg/lib/python3.8/site-packages/custom_msg/msg/__init__.py
[3.169s] -- Installing: /home/field/MANOS/install/custom_msg/lib/python3.8/site-packages/custom_msg/msg/_list_string.py
[3.169s] -- Installing: /home/field/MANOS/install/custom_msg/lib/python3.8/site-packages/custom_msg/msg/_pos.py
[3.169s] -- Installing: /home/field/MANOS/install/custom_msg/lib/python3.8/site-packages/custom_msg/msg/_manos_bundle.py
[3.169s] -- Installing: /home/field/MANOS/install/custom_msg/lib/python3.8/site-packages/custom_msg/msg/_pos_s.c
[3.170s] -- Installing: /home/field/MANOS/install/custom_msg/lib/python3.8/site-packages/custom_msg/msg/_list_string_s.c
[3.170s] -- Installing: /home/field/MANOS/install/custom_msg/lib/python3.8/site-packages/custom_msg/srv
[3.170s] -- Installing: /home/field/MANOS/install/custom_msg/lib/python3.8/site-packages/custom_msg/srv/__init__.py
[3.170s] -- Installing: /home/field/MANOS/install/custom_msg/lib/python3.8/site-packages/custom_msg/srv/_set_servo_s.c
[3.170s] -- Installing: /home/field/MANOS/install/custom_msg/lib/python3.8/site-packages/custom_msg/srv/_set_servo.py
[3.170s] -- Installing: /home/field/MANOS/install/custom_msg/lib/python3.8/site-packages/custom_msg/custom_msg_s__rosidl_typesupport_fastrtps_c.cpython-38-x86_64-linux-gnu.so
[3.170s] -- Set runtime path of "/home/field/MANOS/install/custom_msg/lib/python3.8/site-packages/custom_msg/custom_msg_s__rosidl_typesupport_fastrtps_c.cpython-38-x86_64-linux-gnu.so" to ""
[3.170s] -- Installing: /home/field/MANOS/install/custom_msg/lib/python3.8/site-packages/custom_msg/custom_msg_s__rosidl_typesupport_introspection_c.cpython-38-x86_64-linux-gnu.so
[3.170s] -- Set runtime path of "/home/field/MANOS/install/custom_msg/lib/python3.8/site-packages/custom_msg/custom_msg_s__rosidl_typesupport_introspection_c.cpython-38-x86_64-linux-gnu.so" to ""
[3.170s] -- Installing: /home/field/MANOS/install/custom_msg/lib/python3.8/site-packages/custom_msg/custom_msg_s__rosidl_typesupport_c.cpython-38-x86_64-linux-gnu.so
[3.170s] -- Set runtime path of "/home/field/MANOS/install/custom_msg/lib/python3.8/site-packages/custom_msg/custom_msg_s__rosidl_typesupport_c.cpython-38-x86_64-linux-gnu.so" to ""
[3.170s] -- Installing: /home/field/MANOS/install/custom_msg/lib/libcustom_msg__python.so
[3.171s] -- Set runtime path of "/home/field/MANOS/install/custom_msg/lib/libcustom_msg__python.so" to ""
[3.171s] -- Up-to-date: /home/field/MANOS/install/custom_msg/share/custom_msg/msg/ListString.idl
[3.171s] -- Up-to-date: /home/field/MANOS/install/custom_msg/share/custom_msg/msg/Pos.idl
[3.171s] -- Up-to-date: /home/field/MANOS/install/custom_msg/share/custom_msg/msg/MANOSBundle.idl
[3.171s] -- Installing: /home/field/MANOS/install/custom_msg/share/custom_msg/srv/SetServo.idl
[3.171s] -- Up-to-date: /home/field/MANOS/install/custom_msg/share/custom_msg/msg/ListString.msg
[3.171s] -- Up-to-date: /home/field/MANOS/install/custom_msg/share/custom_msg/msg/Pos.msg
[3.171s] -- Up-to-date: /home/field/MANOS/install/custom_msg/share/custom_msg/msg/MANOSBundle.msg
[3.171s] -- Installing: /home/field/MANOS/install/custom_msg/share/custom_msg/srv/SetServo.srv
[3.171s] -- Installing: /home/field/MANOS/install/custom_msg/share/custom_msg/srv/SetServo_Request.msg
[3.171s] -- Installing: /home/field/MANOS/install/custom_msg/share/custom_msg/srv/SetServo_Response.msg
[3.171s] -- Up-to-date: /home/field/MANOS/install/custom_msg/share/ament_index/resource_index/package_run_dependencies/custom_msg
[3.171s] -- Up-to-date: /home/field/MANOS/install/custom_msg/share/ament_index/resource_index/parent_prefix_path/custom_msg
[3.171s] -- Up-to-date: /home/field/MANOS/install/custom_msg/share/custom_msg/environment/ament_prefix_path.sh
[3.171s] -- Installing: /home/field/MANOS/install/custom_msg/share/custom_msg/environment/ament_prefix_path.dsv
[3.171s] -- Up-to-date: /home/field/MANOS/install/custom_msg/share/custom_msg/environment/path.sh
[3.171s] -- Installing: /home/field/MANOS/install/custom_msg/share/custom_msg/environment/path.dsv
[3.171s] -- Up-to-date: /home/field/MANOS/install/custom_msg/share/custom_msg/local_setup.bash
[3.171s] -- Up-to-date: /home/field/MANOS/install/custom_msg/share/custom_msg/local_setup.sh
[3.171s] -- Up-to-date: /home/field/MANOS/install/custom_msg/share/custom_msg/local_setup.zsh
[3.171s] -- Installing: /home/field/MANOS/install/custom_msg/share/custom_msg/local_setup.dsv
[3.171s] -- Installing: /home/field/MANOS/install/custom_msg/share/custom_msg/package.dsv
[3.172s] -- Up-to-date: /home/field/MANOS/install/custom_msg/share/ament_index/resource_index/packages/custom_msg
[3.172s] -- Up-to-date: /home/field/MANOS/install/custom_msg/share/custom_msg/cmake/custom_msg__rosidl_generator_cExport.cmake
[3.172s] -- Up-to-date: /home/field/MANOS/install/custom_msg/share/custom_msg/cmake/custom_msg__rosidl_generator_cExport-noconfig.cmake
[3.172s] -- Up-to-date: /home/field/MANOS/install/custom_msg/share/custom_msg/cmake/custom_msg__rosidl_typesupport_introspection_cExport.cmake
[3.172s] -- Up-to-date: /home/field/MANOS/install/custom_msg/share/custom_msg/cmake/custom_msg__rosidl_typesupport_introspection_cExport-noconfig.cmake
[3.172s] -- Up-to-date: /home/field/MANOS/install/custom_msg/share/custom_msg/cmake/custom_msg__rosidl_typesupport_cExport.cmake
[3.172s] -- Up-to-date: /home/field/MANOS/install/custom_msg/share/custom_msg/cmake/custom_msg__rosidl_typesupport_cExport-noconfig.cmake
[3.172s] -- Up-to-date: /home/field/MANOS/install/custom_msg/share/custom_msg/cmake/custom_msg__rosidl_generator_cppExport.cmake
[3.172s] -- Up-to-date: /home/field/MANOS/install/custom_msg/share/custom_msg/cmake/custom_msg__rosidl_typesupport_introspection_cppExport.cmake
[3.172s] -- Up-to-date: /home/field/MANOS/install/custom_msg/share/custom_msg/cmake/custom_msg__rosidl_typesupport_introspection_cppExport-noconfig.cmake
[3.172s] -- Up-to-date: /home/field/MANOS/install/custom_msg/share/custom_msg/cmake/custom_msg__rosidl_typesupport_cppExport.cmake
[3.172s] -- Up-to-date: /home/field/MANOS/install/custom_msg/share/custom_msg/cmake/custom_msg__rosidl_typesupport_cppExport-noconfig.cmake
[3.172s] -- Installing: /home/field/MANOS/install/custom_msg/share/custom_msg/cmake/rosidl_cmake-extras.cmake
[3.172s] -- Up-to-date: /home/field/MANOS/install/custom_msg/share/custom_msg/cmake/ament_cmake_export_dependencies-extras.cmake
[3.172s] -- Up-to-date: /home/field/MANOS/install/custom_msg/share/custom_msg/cmake/ament_cmake_export_libraries-extras.cmake
[3.172s] -- Up-to-date: /home/field/MANOS/install/custom_msg/share/custom_msg/cmake/ament_cmake_export_targets-extras.cmake
[3.172s] -- Up-to-date: /home/field/MANOS/install/custom_msg/share/custom_msg/cmake/ament_cmake_export_include_directories-extras.cmake
[3.172s] -- Up-to-date: /home/field/MANOS/install/custom_msg/share/custom_msg/cmake/rosidl_cmake_export_typesupport_libraries-extras.cmake
[3.172s] -- Up-to-date: /home/field/MANOS/install/custom_msg/share/custom_msg/cmake/rosidl_cmake_export_typesupport_targets-extras.cmake
[3.172s] -- Up-to-date: /home/field/MANOS/install/custom_msg/share/custom_msg/cmake/custom_msgConfig.cmake
[3.172s] -- Up-to-date: /home/field/MANOS/install/custom_msg/share/custom_msg/cmake/custom_msgConfig-version.cmake
[3.172s] -- Up-to-date: /home/field/MANOS/install/custom_msg/share/custom_msg/package.xml
[3.176s] Invoked command in '/home/field/MANOS/build/custom_msg' returned '0': CMAKE_PREFIX_PATH=${CMAKE_PREFIX_PATH}:/home/field/MANOS/install/manos_manager:/home/field/MANOS/install/host_listener_package:/home/field/MANOS/install/hand_detector:/home/field/MANOS/install/custom_ros_controller:/home/field/MANOS/install/castelet:/home/field/MANOS/install/camera:/opt/ros/galactic /home/field/.local/bin/cmake --install /home/field/MANOS/build/custom_msg
