[1.294s] Invoking command in '/home/keny/MANOS_ws/src/castelet': PYTHONPATH=/home/keny/MANOS_ws/build/castelet/prefix_override:/home/keny/MANOS_ws/install/castelet/lib/python3.8/site-packages:${PYTHONPATH} /usr/bin/python3 setup.py egg_info --egg-base ../../build/castelet build --build-base /home/keny/MANOS_ws/build/castelet/build install --record /home/keny/MANOS_ws/build/castelet/install.log --single-version-externally-managed
[1.503s] running egg_info
[1.503s] writing ../../build/castelet/castelet.egg-info/PKG-INFO
[1.504s] writing dependency_links to ../../build/castelet/castelet.egg-info/dependency_links.txt
[1.505s] writing entry points to ../../build/castelet/castelet.egg-info/entry_points.txt
[1.505s] writing requirements to ../../build/castelet/castelet.egg-info/requires.txt
[1.505s] writing top-level names to ../../build/castelet/castelet.egg-info/top_level.txt
[1.542s] reading manifest file '../../build/castelet/castelet.egg-info/SOURCES.txt'
[1.543s] writing manifest file '../../build/castelet/castelet.egg-info/SOURCES.txt'
[1.543s] running build
[1.543s] running build_py
[1.544s] running install
[1.544s] running install_lib
[1.546s] running install_data
[1.546s] running install_egg_info
[1.548s] removing '/home/keny/MANOS_ws/install/castelet/lib/python3.8/site-packages/castelet-0.0.0-py3.8.egg-info' (and everything under it)
[1.548s] Copying ../../build/castelet/castelet.egg-info to /home/keny/MANOS_ws/install/castelet/lib/python3.8/site-packages/castelet-0.0.0-py3.8.egg-info
[1.549s] running install_scripts
[1.561s] Installing castelet script to /home/keny/MANOS_ws/install/castelet/lib/castelet
[1.562s] writing list of installed files to '/home/keny/MANOS_ws/build/castelet/install.log'
[1.580s] Invoked command in '/home/keny/MANOS_ws/src/castelet' returned '0': PYTHONPATH=/home/keny/MANOS_ws/build/castelet/prefix_override:/home/keny/MANOS_ws/install/castelet/lib/python3.8/site-packages:${PYTHONPATH} /usr/bin/python3 setup.py egg_info --egg-base ../../build/castelet build --build-base /home/keny/MANOS_ws/build/castelet/build install --record /home/keny/MANOS_ws/build/castelet/install.log --single-version-externally-managed
