[  2%] Built target custom_msg__cpp
[ 12%] Built target custom_msg__rosidl_generator_c
[ 25%] Built target custom_msg__rosidl_typesupport_c
[ 33%] Built target custom_msg__rosidl_typesupport_introspection_c
[ 38%] [32mBuilding CXX object CMakeFiles/custom_msg__rosidl_typesupport_cpp.dir/rosidl_typesupport_cpp/custom_msg/msg/list_string__type_support.cpp.o[0m
[ 38%] [32mBuilding CXX object CMakeFiles/custom_msg__rosidl_typesupport_introspection_cpp.dir/rosidl_typesupport_introspection_cpp/custom_msg/msg/detail/list_string__type_support.cpp.o[0m
[ 41%] [32mBuilding CXX object CMakeFiles/custom_msg__rosidl_typesupport_introspection_cpp.dir/rosidl_typesupport_introspection_cpp/custom_msg/msg/detail/pos__type_support.cpp.o[0m
[ 43%] [32mBuilding CXX object CMakeFiles/custom_msg__rosidl_typesupport_cpp.dir/rosidl_typesupport_cpp/custom_msg/msg/pos__type_support.cpp.o[0m
[ 46%] [32mBuilding CXX object CMakeFiles/custom_msg__rosidl_typesupport_fastrtps_cpp.dir/rosidl_typesupport_fastrtps_cpp/custom_msg/msg/detail/dds_fastrtps/list_string__type_support.cpp.o[0m
[ 48%] [32mBuilding CXX object CMakeFiles/custom_msg__rosidl_typesupport_fastrtps_cpp.dir/rosidl_typesupport_fastrtps_cpp/custom_msg/msg/detail/dds_fastrtps/pos__type_support.cpp.o[0m
[ 51%] [32m[1mLinking CXX shared library libcustom_msg__rosidl_typesupport_cpp.so[0m
[ 53%] Built target custom_msg__rosidl_typesupport_cpp
[ 56%] [32m[1mLinking CXX shared library libcustom_msg__rosidl_typesupport_introspection_cpp.so[0m
[ 58%] Built target custom_msg__rosidl_typesupport_introspection_cpp
[ 61%] [32m[1mLinking CXX shared library libcustom_msg__rosidl_typesupport_fastrtps_cpp.so[0m
[ 64%] Built target custom_msg__rosidl_typesupport_fastrtps_cpp
[ 66%] [32mBuilding CXX object CMakeFiles/custom_msg__rosidl_typesupport_fastrtps_c.dir/rosidl_typesupport_fastrtps_c/custom_msg/msg/detail/list_string__type_support_c.cpp.o[0m
[ 69%] [32mBuilding CXX object CMakeFiles/custom_msg__rosidl_typesupport_fastrtps_c.dir/rosidl_typesupport_fastrtps_c/custom_msg/msg/detail/pos__type_support_c.cpp.o[0m
[ 71%] [32m[1mLinking CXX shared library libcustom_msg__rosidl_typesupport_fastrtps_c.so[0m
[ 74%] Built target custom_msg__rosidl_typesupport_fastrtps_c
[ 74%] Built target custom_msg
[ 76%] Built target custom_msg__py
[ 79%] [32mBuilding C object CMakeFiles/custom_msg__python.dir/rosidl_generator_py/custom_msg/msg/_list_string_s.c.o[0m
[ 82%] [32mBuilding C object CMakeFiles/custom_msg__python.dir/rosidl_generator_py/custom_msg/msg/_pos_s.c.o[0m
[ 84%] [32m[1mLinking C shared library rosidl_generator_py/custom_msg/libcustom_msg__python.so[0m
[ 84%] Built target custom_msg__python
[ 87%] [32mBuilding C object CMakeFiles/custom_msg__rosidl_typesupport_introspection_c__pyext.dir/rosidl_generator_py/custom_msg/_custom_msg_s.ep.rosidl_typesupport_introspection_c.c.o[0m
[ 89%] [32mBuilding C object CMakeFiles/custom_msg__rosidl_typesupport_fastrtps_c__pyext.dir/rosidl_generator_py/custom_msg/_custom_msg_s.ep.rosidl_typesupport_fastrtps_c.c.o[0m
[ 92%] [32mBuilding C object CMakeFiles/custom_msg__rosidl_typesupport_c__pyext.dir/rosidl_generator_py/custom_msg/_custom_msg_s.ep.rosidl_typesupport_c.c.o[0m
[100%] [32m[1mLinking C shared library rosidl_generator_py/custom_msg/custom_msg_s__rosidl_typesupport_introspection_c.cpython-38-x86_64-linux-gnu.so[0m
[100%] [32m[1mLinking CXX shared library rosidl_generator_py/custom_msg/custom_msg_s__rosidl_typesupport_fastrtps_c.cpython-38-x86_64-linux-gnu.so[0m
[100%] [32m[1mLinking C shared library rosidl_generator_py/custom_msg/custom_msg_s__rosidl_typesupport_c.cpython-38-x86_64-linux-gnu.so[0m
[100%] Built target custom_msg__rosidl_typesupport_c__pyext
[100%] Built target custom_msg__rosidl_typesupport_introspection_c__pyext
[100%] Built target custom_msg__rosidl_typesupport_fastrtps_c__pyext
-- Install configuration: ""
-- Up-to-date: /home/keny/MANOS_ws/install/custom_msg/share/ament_index/resource_index/rosidl_interfaces/custom_msg
-- Up-to-date: /home/keny/MANOS_ws/install/custom_msg/include/custom_msg
-- Up-to-date: /home/keny/MANOS_ws/install/custom_msg/include/custom_msg/msg
-- Up-to-date: /home/keny/MANOS_ws/install/custom_msg/include/custom_msg/msg/detail
-- Up-to-date: /home/keny/MANOS_ws/install/custom_msg/include/custom_msg/msg/detail/list_string__functions.h
-- Up-to-date: /home/keny/MANOS_ws/install/custom_msg/include/custom_msg/msg/detail/pos__functions.c
-- Up-to-date: /home/keny/MANOS_ws/install/custom_msg/include/custom_msg/msg/detail/list_string__type_support.h
-- Up-to-date: /home/keny/MANOS_ws/install/custom_msg/include/custom_msg/msg/detail/pos__type_support.h
-- Up-to-date: /home/keny/MANOS_ws/install/custom_msg/include/custom_msg/msg/detail/list_string__functions.c
-- Up-to-date: /home/keny/MANOS_ws/install/custom_msg/include/custom_msg/msg/detail/pos__struct.h
-- Up-to-date: /home/keny/MANOS_ws/install/custom_msg/include/custom_msg/msg/detail/list_string__struct.h
-- Up-to-date: /home/keny/MANOS_ws/install/custom_msg/include/custom_msg/msg/detail/pos__functions.h
-- Up-to-date: /home/keny/MANOS_ws/install/custom_msg/include/custom_msg/msg/rosidl_generator_c__visibility_control.h
-- Up-to-date: /home/keny/MANOS_ws/install/custom_msg/include/custom_msg/msg/list_string.h
-- Up-to-date: /home/keny/MANOS_ws/install/custom_msg/include/custom_msg/msg/pos.h
-- Up-to-date: /home/keny/MANOS_ws/install/custom_msg/share/custom_msg/environment/library_path.sh
-- Up-to-date: /home/keny/MANOS_ws/install/custom_msg/share/custom_msg/environment/library_path.dsv
-- Up-to-date: /home/keny/MANOS_ws/install/custom_msg/lib/libcustom_msg__rosidl_generator_c.so
-- Up-to-date: /home/keny/MANOS_ws/install/custom_msg/include/custom_msg
-- Up-to-date: /home/keny/MANOS_ws/install/custom_msg/include/custom_msg/msg
-- Up-to-date: /home/keny/MANOS_ws/install/custom_msg/include/custom_msg/msg/rosidl_typesupport_fastrtps_c__visibility_control.h
-- Up-to-date: /home/keny/MANOS_ws/install/custom_msg/include/custom_msg/msg/detail
-- Up-to-date: /home/keny/MANOS_ws/install/custom_msg/include/custom_msg/msg/detail/pos__rosidl_typesupport_fastrtps_c.h
-- Up-to-date: /home/keny/MANOS_ws/install/custom_msg/include/custom_msg/msg/detail/list_string__rosidl_typesupport_fastrtps_c.h
-- Installing: /home/keny/MANOS_ws/install/custom_msg/lib/libcustom_msg__rosidl_typesupport_fastrtps_c.so
-- Set runtime path of "/home/keny/MANOS_ws/install/custom_msg/lib/libcustom_msg__rosidl_typesupport_fastrtps_c.so" to ""
-- Up-to-date: /home/keny/MANOS_ws/install/custom_msg/include/custom_msg
-- Up-to-date: /home/keny/MANOS_ws/install/custom_msg/include/custom_msg/msg
-- Up-to-date: /home/keny/MANOS_ws/install/custom_msg/include/custom_msg/msg/detail
-- Up-to-date: /home/keny/MANOS_ws/install/custom_msg/include/custom_msg/msg/detail/dds_fastrtps
-- Up-to-date: /home/keny/MANOS_ws/install/custom_msg/include/custom_msg/msg/detail/list_string__rosidl_typesupport_fastrtps_cpp.hpp
-- Up-to-date: /home/keny/MANOS_ws/install/custom_msg/include/custom_msg/msg/detail/pos__rosidl_typesupport_fastrtps_cpp.hpp
-- Up-to-date: /home/keny/MANOS_ws/install/custom_msg/include/custom_msg/msg/rosidl_typesupport_fastrtps_cpp__visibility_control.h
-- Installing: /home/keny/MANOS_ws/install/custom_msg/lib/libcustom_msg__rosidl_typesupport_fastrtps_cpp.so
-- Set runtime path of "/home/keny/MANOS_ws/install/custom_msg/lib/libcustom_msg__rosidl_typesupport_fastrtps_cpp.so" to ""
-- Up-to-date: /home/keny/MANOS_ws/install/custom_msg/include/custom_msg
-- Up-to-date: /home/keny/MANOS_ws/install/custom_msg/include/custom_msg/msg
-- Up-to-date: /home/keny/MANOS_ws/install/custom_msg/include/custom_msg/msg/detail
-- Up-to-date: /home/keny/MANOS_ws/install/custom_msg/include/custom_msg/msg/detail/list_string__type_support.c
-- Up-to-date: /home/keny/MANOS_ws/install/custom_msg/include/custom_msg/msg/detail/pos__type_support.c
-- Up-to-date: /home/keny/MANOS_ws/install/custom_msg/include/custom_msg/msg/detail/pos__rosidl_typesupport_introspection_c.h
-- Up-to-date: /home/keny/MANOS_ws/install/custom_msg/include/custom_msg/msg/detail/list_string__rosidl_typesupport_introspection_c.h
-- Up-to-date: /home/keny/MANOS_ws/install/custom_msg/include/custom_msg/msg/rosidl_typesupport_introspection_c__visibility_control.h
-- Up-to-date: /home/keny/MANOS_ws/install/custom_msg/lib/libcustom_msg__rosidl_typesupport_introspection_c.so
-- Up-to-date: /home/keny/MANOS_ws/install/custom_msg/lib/libcustom_msg__rosidl_typesupport_c.so
-- Up-to-date: /home/keny/MANOS_ws/install/custom_msg/include/custom_msg
-- Up-to-date: /home/keny/MANOS_ws/install/custom_msg/include/custom_msg/msg
-- Up-to-date: /home/keny/MANOS_ws/install/custom_msg/include/custom_msg/msg/pos.hpp
-- Up-to-date: /home/keny/MANOS_ws/install/custom_msg/include/custom_msg/msg/list_string.hpp
-- Up-to-date: /home/keny/MANOS_ws/install/custom_msg/include/custom_msg/msg/detail
-- Up-to-date: /home/keny/MANOS_ws/install/custom_msg/include/custom_msg/msg/detail/list_string__builder.hpp
-- Up-to-date: /home/keny/MANOS_ws/install/custom_msg/include/custom_msg/msg/detail/pos__struct.hpp
-- Up-to-date: /home/keny/MANOS_ws/install/custom_msg/include/custom_msg/msg/detail/list_string__traits.hpp
-- Up-to-date: /home/keny/MANOS_ws/install/custom_msg/include/custom_msg/msg/detail/pos__traits.hpp
-- Up-to-date: /home/keny/MANOS_ws/install/custom_msg/include/custom_msg/msg/detail/list_string__struct.hpp
-- Up-to-date: /home/keny/MANOS_ws/install/custom_msg/include/custom_msg/msg/detail/pos__builder.hpp
-- Up-to-date: /home/keny/MANOS_ws/install/custom_msg/include/custom_msg
-- Up-to-date: /home/keny/MANOS_ws/install/custom_msg/include/custom_msg/msg
-- Up-to-date: /home/keny/MANOS_ws/install/custom_msg/include/custom_msg/msg/detail
-- Up-to-date: /home/keny/MANOS_ws/install/custom_msg/include/custom_msg/msg/detail/pos__type_support.cpp
-- Up-to-date: /home/keny/MANOS_ws/install/custom_msg/include/custom_msg/msg/detail/list_string__type_support.cpp
-- Up-to-date: /home/keny/MANOS_ws/install/custom_msg/include/custom_msg/msg/detail/list_string__rosidl_typesupport_introspection_cpp.hpp
-- Up-to-date: /home/keny/MANOS_ws/install/custom_msg/include/custom_msg/msg/detail/pos__rosidl_typesupport_introspection_cpp.hpp
-- Installing: /home/keny/MANOS_ws/install/custom_msg/lib/libcustom_msg__rosidl_typesupport_introspection_cpp.so
-- Set runtime path of "/home/keny/MANOS_ws/install/custom_msg/lib/libcustom_msg__rosidl_typesupport_introspection_cpp.so" to ""
-- Installing: /home/keny/MANOS_ws/install/custom_msg/lib/libcustom_msg__rosidl_typesupport_cpp.so
-- Set runtime path of "/home/keny/MANOS_ws/install/custom_msg/lib/libcustom_msg__rosidl_typesupport_cpp.so" to ""
-- Up-to-date: /home/keny/MANOS_ws/install/custom_msg/share/custom_msg/environment/pythonpath.sh
-- Up-to-date: /home/keny/MANOS_ws/install/custom_msg/share/custom_msg/environment/pythonpath.dsv
-- Up-to-date: /home/keny/MANOS_ws/install/custom_msg/lib/python3.8/site-packages/custom_msg/__init__.py
-- Up-to-date: /home/keny/MANOS_ws/install/custom_msg/lib/python3.8/site-packages/custom_msg/msg
-- Up-to-date: /home/keny/MANOS_ws/install/custom_msg/lib/python3.8/site-packages/custom_msg/msg/_list_string_s.c
-- Up-to-date: /home/keny/MANOS_ws/install/custom_msg/lib/python3.8/site-packages/custom_msg/msg/_list_string.py
-- Up-to-date: /home/keny/MANOS_ws/install/custom_msg/lib/python3.8/site-packages/custom_msg/msg/_pos.py
-- Up-to-date: /home/keny/MANOS_ws/install/custom_msg/lib/python3.8/site-packages/custom_msg/msg/__init__.py
-- Up-to-date: /home/keny/MANOS_ws/install/custom_msg/lib/python3.8/site-packages/custom_msg/msg/_pos_s.c
-- Installing: /home/keny/MANOS_ws/install/custom_msg/lib/python3.8/site-packages/custom_msg/custom_msg_s__rosidl_typesupport_fastrtps_c.cpython-38-x86_64-linux-gnu.so
-- Set runtime path of "/home/keny/MANOS_ws/install/custom_msg/lib/python3.8/site-packages/custom_msg/custom_msg_s__rosidl_typesupport_fastrtps_c.cpython-38-x86_64-linux-gnu.so" to ""
-- Installing: /home/keny/MANOS_ws/install/custom_msg/lib/python3.8/site-packages/custom_msg/custom_msg_s__rosidl_typesupport_introspection_c.cpython-38-x86_64-linux-gnu.so
-- Set runtime path of "/home/keny/MANOS_ws/install/custom_msg/lib/python3.8/site-packages/custom_msg/custom_msg_s__rosidl_typesupport_introspection_c.cpython-38-x86_64-linux-gnu.so" to ""
-- Installing: /home/keny/MANOS_ws/install/custom_msg/lib/python3.8/site-packages/custom_msg/custom_msg_s__rosidl_typesupport_c.cpython-38-x86_64-linux-gnu.so
-- Set runtime path of "/home/keny/MANOS_ws/install/custom_msg/lib/python3.8/site-packages/custom_msg/custom_msg_s__rosidl_typesupport_c.cpython-38-x86_64-linux-gnu.so" to ""
-- Installing: /home/keny/MANOS_ws/install/custom_msg/lib/libcustom_msg__python.so
-- Set runtime path of "/home/keny/MANOS_ws/install/custom_msg/lib/libcustom_msg__python.so" to ""
-- Up-to-date: /home/keny/MANOS_ws/install/custom_msg/share/custom_msg/msg/ListString.idl
-- Up-to-date: /home/keny/MANOS_ws/install/custom_msg/share/custom_msg/msg/Pos.idl
-- Up-to-date: /home/keny/MANOS_ws/install/custom_msg/share/custom_msg/msg/ListString.msg
-- Up-to-date: /home/keny/MANOS_ws/install/custom_msg/share/custom_msg/msg/Pos.msg
-- Up-to-date: /home/keny/MANOS_ws/install/custom_msg/share/ament_index/resource_index/package_run_dependencies/custom_msg
-- Up-to-date: /home/keny/MANOS_ws/install/custom_msg/share/ament_index/resource_index/parent_prefix_path/custom_msg
-- Up-to-date: /home/keny/MANOS_ws/install/custom_msg/share/custom_msg/environment/ament_prefix_path.sh
-- Up-to-date: /home/keny/MANOS_ws/install/custom_msg/share/custom_msg/environment/ament_prefix_path.dsv
-- Up-to-date: /home/keny/MANOS_ws/install/custom_msg/share/custom_msg/environment/path.sh
-- Up-to-date: /home/keny/MANOS_ws/install/custom_msg/share/custom_msg/environment/path.dsv
-- Up-to-date: /home/keny/MANOS_ws/install/custom_msg/share/custom_msg/local_setup.bash
-- Up-to-date: /home/keny/MANOS_ws/install/custom_msg/share/custom_msg/local_setup.sh
-- Up-to-date: /home/keny/MANOS_ws/install/custom_msg/share/custom_msg/local_setup.zsh
-- Up-to-date: /home/keny/MANOS_ws/install/custom_msg/share/custom_msg/local_setup.dsv
-- Installing: /home/keny/MANOS_ws/install/custom_msg/share/custom_msg/package.dsv
-- Up-to-date: /home/keny/MANOS_ws/install/custom_msg/share/ament_index/resource_index/packages/custom_msg
-- Up-to-date: /home/keny/MANOS_ws/install/custom_msg/share/custom_msg/cmake/custom_msg__rosidl_generator_cExport.cmake
-- Up-to-date: /home/keny/MANOS_ws/install/custom_msg/share/custom_msg/cmake/custom_msg__rosidl_generator_cExport-noconfig.cmake
-- Up-to-date: /home/keny/MANOS_ws/install/custom_msg/share/custom_msg/cmake/custom_msg__rosidl_typesupport_introspection_cExport.cmake
-- Up-to-date: /home/keny/MANOS_ws/install/custom_msg/share/custom_msg/cmake/custom_msg__rosidl_typesupport_introspection_cExport-noconfig.cmake
-- Up-to-date: /home/keny/MANOS_ws/install/custom_msg/share/custom_msg/cmake/custom_msg__rosidl_typesupport_cExport.cmake
-- Up-to-date: /home/keny/MANOS_ws/install/custom_msg/share/custom_msg/cmake/custom_msg__rosidl_typesupport_cExport-noconfig.cmake
-- Up-to-date: /home/keny/MANOS_ws/install/custom_msg/share/custom_msg/cmake/custom_msg__rosidl_generator_cppExport.cmake
-- Up-to-date: /home/keny/MANOS_ws/install/custom_msg/share/custom_msg/cmake/custom_msg__rosidl_typesupport_introspection_cppExport.cmake
-- Up-to-date: /home/keny/MANOS_ws/install/custom_msg/share/custom_msg/cmake/custom_msg__rosidl_typesupport_introspection_cppExport-noconfig.cmake
-- Up-to-date: /home/keny/MANOS_ws/install/custom_msg/share/custom_msg/cmake/custom_msg__rosidl_typesupport_cppExport.cmake
-- Up-to-date: /home/keny/MANOS_ws/install/custom_msg/share/custom_msg/cmake/custom_msg__rosidl_typesupport_cppExport-noconfig.cmake
-- Up-to-date: /home/keny/MANOS_ws/install/custom_msg/share/custom_msg/cmake/rosidl_cmake-extras.cmake
-- Up-to-date: /home/keny/MANOS_ws/install/custom_msg/share/custom_msg/cmake/ament_cmake_export_dependencies-extras.cmake
-- Up-to-date: /home/keny/MANOS_ws/install/custom_msg/share/custom_msg/cmake/ament_cmake_export_libraries-extras.cmake
-- Up-to-date: /home/keny/MANOS_ws/install/custom_msg/share/custom_msg/cmake/ament_cmake_export_targets-extras.cmake
-- Up-to-date: /home/keny/MANOS_ws/install/custom_msg/share/custom_msg/cmake/ament_cmake_export_include_directories-extras.cmake
-- Up-to-date: /home/keny/MANOS_ws/install/custom_msg/share/custom_msg/cmake/rosidl_cmake_export_typesupport_libraries-extras.cmake
-- Up-to-date: /home/keny/MANOS_ws/install/custom_msg/share/custom_msg/cmake/rosidl_cmake_export_typesupport_targets-extras.cmake
-- Up-to-date: /home/keny/MANOS_ws/install/custom_msg/share/custom_msg/cmake/custom_msgConfig.cmake
-- Up-to-date: /home/keny/MANOS_ws/install/custom_msg/share/custom_msg/cmake/custom_msgConfig-version.cmake
-- Up-to-date: /home/keny/MANOS_ws/install/custom_msg/share/custom_msg/package.xml
