[1.179s] Invoking command in '/home/keny/MANOS_ws/src/camera': PYTHONPATH=/home/keny/MANOS_ws/build/camera/prefix_override:/home/keny/MANOS_ws/install/camera/lib/python3.8/site-packages:/home/keny/MANOS_ws/install/custom_msg/lib/python3.8/site-packages:/home/keny/MANOS_ws/install/py_launch_example/lib/python3.8/site-packages:/home/keny/MANOS_ws/install/manos_launch/lib/python3.8/site-packages:/home/keny/MANOS_ws/install/launch/lib/python3.8/site-packages:/home/keny/MANOS_ws/install/host_listener_package/lib/python3.8/site-packages:/home/keny/MANOS_ws/install/hand_detector_package/lib/python3.8/site-packages:/home/keny/MANOS_ws/install/hand_detector/lib/python3.8/site-packages:/home/keny/MANOS_ws/install/camera/lib/python3.8/site-packages:/home/keny/MANOS_ws/install/castelet/lib/python3.8/site-packages:/opt/ros/galactic/lib/python3.8/site-packages /usr/bin/python3 setup.py egg_info --egg-base ../../build/camera build --build-base /home/keny/MANOS_ws/build/camera/build install --record /home/keny/MANOS_ws/build/camera/install.log --single-version-externally-managed
[1.411s] running egg_info
[1.412s] writing ../../build/camera/camera.egg-info/PKG-INFO
[1.412s] writing dependency_links to ../../build/camera/camera.egg-info/dependency_links.txt
[1.412s] writing entry points to ../../build/camera/camera.egg-info/entry_points.txt
[1.413s] writing requirements to ../../build/camera/camera.egg-info/requires.txt
[1.413s] writing top-level names to ../../build/camera/camera.egg-info/top_level.txt
[1.442s] reading manifest file '../../build/camera/camera.egg-info/SOURCES.txt'
[1.443s] writing manifest file '../../build/camera/camera.egg-info/SOURCES.txt'
[1.443s] running build
[1.443s] running build_py
[1.443s] copying camera/camera.py -> /home/keny/MANOS_ws/build/camera/build/lib/camera
[1.443s] running install
[1.444s] running install_lib
[1.445s] copying /home/keny/MANOS_ws/build/camera/build/lib/camera/camera.py -> /home/keny/MANOS_ws/install/camera/lib/python3.8/site-packages/camera
[1.445s] byte-compiling /home/keny/MANOS_ws/install/camera/lib/python3.8/site-packages/camera/camera.py to camera.cpython-38.pyc
[1.446s] running install_data
[1.447s] running install_egg_info
[1.448s] removing '/home/keny/MANOS_ws/install/camera/lib/python3.8/site-packages/camera-0.0.0-py3.8.egg-info' (and everything under it)
[1.448s] Copying ../../build/camera/camera.egg-info to /home/keny/MANOS_ws/install/camera/lib/python3.8/site-packages/camera-0.0.0-py3.8.egg-info
[1.449s] running install_scripts
[1.464s] Installing camera script to /home/keny/MANOS_ws/install/camera/lib/camera
[1.464s] writing list of installed files to '/home/keny/MANOS_ws/build/camera/install.log'
[1.501s] Invoked command in '/home/keny/MANOS_ws/src/camera' returned '0': PYTHONPATH=/home/keny/MANOS_ws/build/camera/prefix_override:/home/keny/MANOS_ws/install/camera/lib/python3.8/site-packages:/home/keny/MANOS_ws/install/custom_msg/lib/python3.8/site-packages:/home/keny/MANOS_ws/install/py_launch_example/lib/python3.8/site-packages:/home/keny/MANOS_ws/install/manos_launch/lib/python3.8/site-packages:/home/keny/MANOS_ws/install/launch/lib/python3.8/site-packages:/home/keny/MANOS_ws/install/host_listener_package/lib/python3.8/site-packages:/home/keny/MANOS_ws/install/hand_detector_package/lib/python3.8/site-packages:/home/keny/MANOS_ws/install/hand_detector/lib/python3.8/site-packages:/home/keny/MANOS_ws/install/camera/lib/python3.8/site-packages:/home/keny/MANOS_ws/install/castelet/lib/python3.8/site-packages:/opt/ros/galactic/lib/python3.8/site-packages /usr/bin/python3 setup.py egg_info --egg-base ../../build/camera build --build-base /home/keny/MANOS_ws/build/camera/build install --record /home/keny/MANOS_ws/build/camera/install.log --single-version-externally-managed
