[2.069s] Invoking command in '/home/keny/MANOS_ws/src/custom_ros_controller': PYTHONPATH=/home/keny/MANOS_ws/build/custom_ros_controller/prefix_override:/home/keny/MANOS_ws/install/custom_ros_controller/lib/python3.8/site-packages:${PYTHONPATH} /usr/bin/python3 setup.py egg_info --egg-base ../../build/custom_ros_controller build --build-base /home/keny/MANOS_ws/build/custom_ros_controller/build install --record /home/keny/MANOS_ws/build/custom_ros_controller/install.log --single-version-externally-managed
[2.341s] running egg_info
[2.342s] creating ../../build/custom_ros_controller/custom_ros_controller.egg-info
[2.342s] writing ../../build/custom_ros_controller/custom_ros_controller.egg-info/PKG-INFO
[2.342s] writing dependency_links to ../../build/custom_ros_controller/custom_ros_controller.egg-info/dependency_links.txt
[2.342s] writing entry points to ../../build/custom_ros_controller/custom_ros_controller.egg-info/entry_points.txt
[2.342s] writing requirements to ../../build/custom_ros_controller/custom_ros_controller.egg-info/requires.txt
[2.343s] writing top-level names to ../../build/custom_ros_controller/custom_ros_controller.egg-info/top_level.txt
[2.343s] writing manifest file '../../build/custom_ros_controller/custom_ros_controller.egg-info/SOURCES.txt'
[2.375s] reading manifest file '../../build/custom_ros_controller/custom_ros_controller.egg-info/SOURCES.txt'
[2.375s] writing manifest file '../../build/custom_ros_controller/custom_ros_controller.egg-info/SOURCES.txt'
[2.375s] running build
[2.376s] running build_py
[2.376s] creating /home/keny/MANOS_ws/build/custom_ros_controller/build
[2.376s] creating /home/keny/MANOS_ws/build/custom_ros_controller/build/lib
[2.376s] creating /home/keny/MANOS_ws/build/custom_ros_controller/build/lib/custom_ros_controller
[2.376s] copying custom_ros_controller/custom_ros_controller.py -> /home/keny/MANOS_ws/build/custom_ros_controller/build/lib/custom_ros_controller
[2.376s] copying custom_ros_controller/TurtleSimController.py -> /home/keny/MANOS_ws/build/custom_ros_controller/build/lib/custom_ros_controller
[2.376s] copying custom_ros_controller/__init__.py -> /home/keny/MANOS_ws/build/custom_ros_controller/build/lib/custom_ros_controller
[2.377s] running install
[2.377s] running install_lib
[2.378s] creating /home/keny/MANOS_ws/install/custom_ros_controller/lib/python3.8/site-packages/custom_ros_controller
[2.378s] copying /home/keny/MANOS_ws/build/custom_ros_controller/build/lib/custom_ros_controller/custom_ros_controller.py -> /home/keny/MANOS_ws/install/custom_ros_controller/lib/python3.8/site-packages/custom_ros_controller
[2.378s] copying /home/keny/MANOS_ws/build/custom_ros_controller/build/lib/custom_ros_controller/TurtleSimController.py -> /home/keny/MANOS_ws/install/custom_ros_controller/lib/python3.8/site-packages/custom_ros_controller
[2.378s] copying /home/keny/MANOS_ws/build/custom_ros_controller/build/lib/custom_ros_controller/__init__.py -> /home/keny/MANOS_ws/install/custom_ros_controller/lib/python3.8/site-packages/custom_ros_controller
[2.379s] byte-compiling /home/keny/MANOS_ws/install/custom_ros_controller/lib/python3.8/site-packages/custom_ros_controller/custom_ros_controller.py to custom_ros_controller.cpython-38.pyc
[2.380s] byte-compiling /home/keny/MANOS_ws/install/custom_ros_controller/lib/python3.8/site-packages/custom_ros_controller/TurtleSimController.py to TurtleSimController.cpython-38.pyc
[2.381s] byte-compiling /home/keny/MANOS_ws/install/custom_ros_controller/lib/python3.8/site-packages/custom_ros_controller/__init__.py to __init__.cpython-38.pyc
[2.381s] running install_data
[2.381s] creating /home/keny/MANOS_ws/install/custom_ros_controller/share/ament_index
[2.382s] creating /home/keny/MANOS_ws/install/custom_ros_controller/share/ament_index/resource_index
[2.382s] creating /home/keny/MANOS_ws/install/custom_ros_controller/share/ament_index/resource_index/packages
[2.382s] copying resource/custom_ros_controller -> /home/keny/MANOS_ws/install/custom_ros_controller/share/ament_index/resource_index/packages
[2.382s] copying package.xml -> /home/keny/MANOS_ws/install/custom_ros_controller/share/custom_ros_controller
[2.382s] running install_egg_info
[2.383s] Copying ../../build/custom_ros_controller/custom_ros_controller.egg-info to /home/keny/MANOS_ws/install/custom_ros_controller/lib/python3.8/site-packages/custom_ros_controller-0.0.0-py3.8.egg-info
[2.384s] running install_scripts
[2.403s] Installing custom_ros_controller script to /home/keny/MANOS_ws/install/custom_ros_controller/lib/custom_ros_controller
[2.405s] writing list of installed files to '/home/keny/MANOS_ws/build/custom_ros_controller/install.log'
[2.430s] Invoked command in '/home/keny/MANOS_ws/src/custom_ros_controller' returned '0': PYTHONPATH=/home/keny/MANOS_ws/build/custom_ros_controller/prefix_override:/home/keny/MANOS_ws/install/custom_ros_controller/lib/python3.8/site-packages:${PYTHONPATH} /usr/bin/python3 setup.py egg_info --egg-base ../../build/custom_ros_controller build --build-base /home/keny/MANOS_ws/build/custom_ros_controller/build install --record /home/keny/MANOS_ws/build/custom_ros_controller/install.log --single-version-externally-managed
