[0.296s] Invoking command in '/home/field/MANOS/build/custom_msg': CMAKE_PREFIX_PATH=${CMAKE_PREFIX_PATH}:/home/field/MANOS/install/manos_manager:/home/field/MANOS/install/host_listener_package:/home/field/MANOS/install/hand_detector:/home/field/MANOS/install/custom_ros_controller:/home/field/MANOS/install/castelet:/home/field/MANOS/install/camera:/opt/ros/galactic /home/field/.local/bin/cmake --build /home/field/MANOS/build/custom_msg -- -j20 -l20
[0.322s] -- Found ament_cmake: 1.1.6 (/opt/ros/galactic/share/ament_cmake/cmake)
[0.322s] [33mCMake Warning (dev) at /opt/ros/galactic/share/ament_cmake_core/cmake/core/python.cmake:22 (find_package):
[0.322s]   Policy CMP0148 is not set: The FindPythonInterp and FindPythonLibs modules
[0.322s]   are removed.  Run "cmake --help-policy CMP0148" for policy details.  Use
[0.323s]   the cmake_policy command to set the policy and suppress this warning.
[0.323s] 
[0.323s] Call Stack (most recent call first):
[0.323s]   /opt/ros/galactic/share/ament_cmake_core/cmake/core/all.cmake:53 (include)
[0.323s]   /opt/ros/galactic/share/ament_cmake_core/cmake/ament_cmake_core-extras.cmake:17 (include)
[0.323s]   /opt/ros/galactic/share/ament_cmake_core/cmake/ament_cmake_coreConfig.cmake:41 (include)
[0.323s]   /opt/ros/galactic/share/ament_cmake/cmake/ament_cmake_export_dependencies-extras.cmake:15 (find_package)
[0.323s]   /opt/ros/galactic/share/ament_cmake/cmake/ament_cmakeConfig.cmake:41 (include)
[0.323s]   CMakeLists.txt:9 (find_package)
[0.323s] This warning is for project developers.  Use -Wno-dev to suppress it.
[0.323s] [0m
[0.335s] -- Found PythonInterp: /usr/bin/python3 (found suitable version "3.8.10", minimum required is "3") 
[0.335s] -- Using PYTHON_EXECUTABLE: /usr/bin/python3
[0.372s] -- Found std_msgs: 2.2.4 (/opt/ros/galactic/share/std_msgs/cmake)
[0.385s] -- Using all available rosidl_typesupport_c: rosidl_typesupport_fastrtps_c;rosidl_typesupport_introspection_c
[0.387s] -- Found rosidl_adapter: 2.2.3 (/opt/ros/galactic/share/rosidl_adapter/cmake)
[0.461s] -- Using all available rosidl_typesupport_cpp: rosidl_typesupport_fastrtps_cpp;rosidl_typesupport_introspection_cpp
[0.484s] -- Found rosidl_default_generators: 1.1.1 (/opt/ros/galactic/share/rosidl_default_generators/cmake)
[0.490s] [33mCMake Warning (dev) at /opt/ros/galactic/share/rosidl_adapter/cmake/rosidl_adapt_interfaces.cmake:40 (find_package):
[0.490s]   Policy CMP0148 is not set: The FindPythonInterp and FindPythonLibs modules
[0.490s]   are removed.  Run "cmake --help-policy CMP0148" for policy details.  Use
[0.490s]   the cmake_policy command to set the policy and suppress this warning.
[0.490s] 
[0.490s] Call Stack (most recent call first):
[0.490s]   /opt/ros/galactic/share/rosidl_cmake/cmake/rosidl_generate_interfaces.cmake:130 (rosidl_adapt_interfaces)
[0.490s]   CMakeLists.txt:16 (rosidl_generate_interfaces)
[0.491s] This warning is for project developers.  Use -Wno-dev to suppress it.
[0.491s] [0m
[0.503s] -- Found PythonInterp: /usr/bin/python3 (found version "3.8.10") 
[0.601s] -- Found ament_cmake_ros: 0.9.2 (/opt/ros/galactic/share/ament_cmake_ros/cmake)
[0.706s] -- Using all available rosidl_typesupport_c: rosidl_typesupport_fastrtps_c;rosidl_typesupport_introspection_c
[0.741s] -- Using all available rosidl_typesupport_cpp: rosidl_typesupport_fastrtps_cpp;rosidl_typesupport_introspection_cpp
[0.743s] [33mCMake Warning (dev) at /opt/ros/galactic/share/rosidl_generator_py/cmake/rosidl_generator_py_generate_interfaces.cmake:20 (find_package):
[0.743s]   Policy CMP0148 is not set: The FindPythonInterp and FindPythonLibs modules
[0.744s]   are removed.  Run "cmake --help-policy CMP0148" for policy details.  Use
[0.744s]   the cmake_policy command to set the policy and suppress this warning.
[0.744s] 
[0.744s] Call Stack (most recent call first):
[0.744s]   /opt/ros/galactic/share/ament_cmake_core/cmake/core/ament_execute_extensions.cmake:48 (include)
[0.744s]   /opt/ros/galactic/share/rosidl_cmake/cmake/rosidl_generate_interfaces.cmake:286 (ament_execute_extensions)
[0.744s]   CMakeLists.txt:16 (rosidl_generate_interfaces)
[0.744s] This warning is for project developers.  Use -Wno-dev to suppress it.
[0.744s] [0m
[0.757s] -- Found PythonInterp: /usr/bin/python3 (found suitable version "3.8.10", minimum required is "3.5") 
[0.757s] -- Found python_cmake_module: 0.8.1 (/opt/ros/galactic/share/python_cmake_module/cmake)
[0.758s] [33mCMake Warning (dev) at /opt/ros/galactic/share/python_cmake_module/cmake/Modules/FindPythonExtra.cmake:45 (find_package):
[0.758s]   Policy CMP0148 is not set: The FindPythonInterp and FindPythonLibs modules
[0.758s]   are removed.  Run "cmake --help-policy CMP0148" for policy details.  Use
[0.758s]   the cmake_policy command to set the policy and suppress this warning.
[0.758s] 
[0.758s] Call Stack (most recent call first):
[0.758s]   /opt/ros/galactic/share/rosidl_generator_py/cmake/rosidl_generator_py_generate_interfaces.cmake:23 (find_package)
[0.758s]   /opt/ros/galactic/share/ament_cmake_core/cmake/core/ament_execute_extensions.cmake:48 (include)
[0.758s]   /opt/ros/galactic/share/rosidl_cmake/cmake/rosidl_generate_interfaces.cmake:286 (ament_execute_extensions)
[0.758s]   CMakeLists.txt:16 (rosidl_generate_interfaces)
[0.758s] This warning is for project developers.  Use -Wno-dev to suppress it.
[0.758s] [0m
[0.771s] [33mCMake Warning (dev) at /opt/ros/galactic/share/python_cmake_module/cmake/Modules/FindPythonExtra.cmake:133 (find_package):
[0.771s]   Policy CMP0148 is not set: The FindPythonInterp and FindPythonLibs modules
[0.771s]   are removed.  Run "cmake --help-policy CMP0148" for policy details.  Use
[0.771s]   the cmake_policy command to set the policy and suppress this warning.
[0.771s] 
[0.771s] Call Stack (most recent call first):
[0.771s]   /opt/ros/galactic/share/rosidl_generator_py/cmake/rosidl_generator_py_generate_interfaces.cmake:23 (find_package)
[0.771s]   /opt/ros/galactic/share/ament_cmake_core/cmake/core/ament_execute_extensions.cmake:48 (include)
[0.771s]   /opt/ros/galactic/share/rosidl_cmake/cmake/rosidl_generate_interfaces.cmake:286 (ament_execute_extensions)
[0.771s]   CMakeLists.txt:16 (rosidl_generate_interfaces)
[0.771s] This warning is for project developers.  Use -Wno-dev to suppress it.
[0.771s] [0m
[0.772s] -- Using PYTHON_EXECUTABLE: /usr/bin/python3
[0.772s] -- Using PYTHON_INCLUDE_DIRS: /usr/include/python3.8
[0.772s] -- Using PYTHON_LIBRARIES: /usr/lib/x86_64-linux-gnu/libpython3.8.so
[0.793s] -- Found ament_lint_auto: 0.10.7 (/opt/ros/galactic/share/ament_lint_auto/cmake)
[0.797s] -- Added test 'copyright' to check source files copyright and LICENSE
[0.798s] -- Added test 'lint_cmake' to check CMake code style
[0.799s] -- Added test 'xmllint' to check XML markup files
[0.799s] -- Configuring done (0.5s)
[0.824s] -- Generating done (0.0s)
[0.825s] -- Build files have been written to: /home/field/MANOS/build/custom_msg
[0.833s] [  1%] [34m[1mGenerating C code for ROS interfaces[0m
[0.836s] [  3%] [34m[1mGenerating C++ code for ROS interfaces[0m
[1.032s] [  3%] Built target custom_msg__cpp
[1.034s] [  5%] [34m[1mGenerating C++ type support dispatch for ROS interfaces[0m
[1.035s] [  7%] [34m[1mGenerating C++ type support for eProsima Fast-RTPS[0m
[1.035s] [  9%] [34m[1mGenerating C++ introspection for ROS interfaces[0m
[1.049s] [ 10%] [32mBuilding C object CMakeFiles/custom_msg__rosidl_generator_c.dir/rosidl_generator_c/custom_msg/msg/detail/pos__functions.c.o[0m
[1.049s] [ 14%] [32mBuilding C object CMakeFiles/custom_msg__rosidl_generator_c.dir/rosidl_generator_c/custom_msg/msg/detail/manos_bundle__functions.c.o[0m
[1.049s] [ 14%] [32mBuilding C object CMakeFiles/custom_msg__rosidl_generator_c.dir/rosidl_generator_c/custom_msg/srv/detail/set_servo__functions.c.o[0m
[1.050s] [ 16%] [32mBuilding C object CMakeFiles/custom_msg__rosidl_generator_c.dir/rosidl_generator_c/custom_msg/msg/detail/list_string__functions.c.o[0m
[1.056s] In file included from [01m[K/home/field/MANOS/build/custom_msg/rosidl_generator_c/custom_msg/msg/detail/pos__functions.h:19[m[K,
[1.056s]                  from [01m[K/home/field/MANOS/build/custom_msg/rosidl_generator_c/custom_msg/msg/detail/pos__functions.c:4[m[K:
[1.056s] [01m[K/home/field/MANOS/build/custom_msg/rosidl_generator_c/custom_msg/msg/detail/pos__struct.h:22:10:[m[K [01;31m[Kfatal error: [m[Kcustom_msg/msg/detail/int32__struct.h: No such file or directory
[1.056s]    22 | #include [01;31m[K"custom_msg/msg/detail/int32__struct.h"[m[K
[1.056s]       |          [01;31m[K^~~~~~~~~~~~~~~~~~~~~~~~~~~~~~~~~~~~~~~[m[K
[1.056s] compilation terminated.
[1.056s] make[2]: *** [CMakeFiles/custom_msg__rosidl_generator_c.dir/build.make:199: CMakeFiles/custom_msg__rosidl_generator_c.dir/rosidl_generator_c/custom_msg/msg/detail/pos__functions.c.o] Error 1
[1.056s] make[2]: *** Waiting for unfinished jobs....
[1.079s] make[1]: *** [CMakeFiles/Makefile2:210: CMakeFiles/custom_msg__rosidl_generator_c.dir/all] Error 2
[1.079s] make[1]: *** Waiting for unfinished jobs....
[1.201s] [ 20%] [32mBuilding CXX object CMakeFiles/custom_msg__rosidl_typesupport_cpp.dir/rosidl_typesupport_cpp/custom_msg/msg/manos_bundle__type_support.cpp.o[0m
[1.202s] [ 20%] [32mBuilding CXX object CMakeFiles/custom_msg__rosidl_typesupport_cpp.dir/rosidl_typesupport_cpp/custom_msg/msg/pos__type_support.cpp.o[0m
[1.202s] [ 21%] [32mBuilding CXX object CMakeFiles/custom_msg__rosidl_typesupport_cpp.dir/rosidl_typesupport_cpp/custom_msg/srv/set_servo__type_support.cpp.o[0m
[1.202s] [ 23%] [32mBuilding CXX object CMakeFiles/custom_msg__rosidl_typesupport_cpp.dir/rosidl_typesupport_cpp/custom_msg/msg/list_string__type_support.cpp.o[0m
[1.220s] [ 25%] [32mBuilding CXX object CMakeFiles/custom_msg__rosidl_typesupport_introspection_cpp.dir/rosidl_typesupport_introspection_cpp/custom_msg/msg/detail/pos__type_support.cpp.o[0m
[1.221s] [ 27%] [32mBuilding CXX object CMakeFiles/custom_msg__rosidl_typesupport_introspection_cpp.dir/rosidl_typesupport_introspection_cpp/custom_msg/msg/detail/list_string__type_support.cpp.o[0m
[1.221s] [ 29%] [32mBuilding CXX object CMakeFiles/custom_msg__rosidl_typesupport_introspection_cpp.dir/rosidl_typesupport_introspection_cpp/custom_msg/msg/detail/manos_bundle__type_support.cpp.o[0m
[1.221s] [ 30%] [32mBuilding CXX object CMakeFiles/custom_msg__rosidl_typesupport_introspection_cpp.dir/rosidl_typesupport_introspection_cpp/custom_msg/srv/detail/set_servo__type_support.cpp.o[0m
[1.226s] In file included from [01m[K/home/field/MANOS/build/custom_msg/rosidl_typesupport_cpp/custom_msg/msg/pos__type_support.cpp:7[m[K:
[1.226s] [01m[K/home/field/MANOS/build/custom_msg/rosidl_generator_cpp/custom_msg/msg/detail/pos__struct.hpp:19:10:[m[K [01;31m[Kfatal error: [m[Kcustom_msg/msg/detail/int32__struct.hpp: No such file or directory
[1.226s]    19 | #include [01;31m[K"custom_msg/msg/detail/int32__struct.hpp"[m[K
[1.226s]       |          [01;31m[K^~~~~~~~~~~~~~~~~~~~~~~~~~~~~~~~~~~~~~~~~[m[K
[1.226s] compilation terminated.
[1.227s] make[2]: *** [CMakeFiles/custom_msg__rosidl_typesupport_cpp.dir/build.make:144: CMakeFiles/custom_msg__rosidl_typesupport_cpp.dir/rosidl_typesupport_cpp/custom_msg/msg/pos__type_support.cpp.o] Error 1
[1.227s] make[2]: *** Waiting for unfinished jobs....
[1.241s] [ 32%] [32mBuilding CXX object CMakeFiles/custom_msg__rosidl_typesupport_fastrtps_cpp.dir/rosidl_typesupport_fastrtps_cpp/custom_msg/msg/detail/dds_fastrtps/list_string__type_support.cpp.o[0m
[1.241s] [ 34%] [32mBuilding CXX object CMakeFiles/custom_msg__rosidl_typesupport_fastrtps_cpp.dir/rosidl_typesupport_fastrtps_cpp/custom_msg/srv/detail/dds_fastrtps/set_servo__type_support.cpp.o[0m
[1.241s] [ 36%] [32mBuilding CXX object CMakeFiles/custom_msg__rosidl_typesupport_fastrtps_cpp.dir/rosidl_typesupport_fastrtps_cpp/custom_msg/msg/detail/dds_fastrtps/pos__type_support.cpp.o[0m
[1.241s] [ 38%] [32mBuilding CXX object CMakeFiles/custom_msg__rosidl_typesupport_fastrtps_cpp.dir/rosidl_typesupport_fastrtps_cpp/custom_msg/msg/detail/dds_fastrtps/manos_bundle__type_support.cpp.o[0m
[1.257s] In file included from [01m[K/home/field/MANOS/build/custom_msg/rosidl_typesupport_introspection_cpp/custom_msg/msg/detail/pos__type_support.cpp:12[m[K:
[1.258s] [01m[K/home/field/MANOS/build/custom_msg/rosidl_generator_cpp/custom_msg/msg/detail/pos__struct.hpp:19:10:[m[K [01;31m[Kfatal error: [m[Kcustom_msg/msg/detail/int32__struct.hpp: No such file or directory
[1.258s]    19 | #include [01;31m[K"custom_msg/msg/detail/int32__struct.hpp"[m[K
[1.258s]       |          [01;31m[K^~~~~~~~~~~~~~~~~~~~~~~~~~~~~~~~~~~~~~~~~[m[K
[1.258s] compilation terminated.
[1.259s] make[2]: *** [CMakeFiles/custom_msg__rosidl_typesupport_introspection_cpp.dir/build.make:158: CMakeFiles/custom_msg__rosidl_typesupport_introspection_cpp.dir/rosidl_typesupport_introspection_cpp/custom_msg/msg/detail/pos__type_support.cpp.o] Error 1
[1.259s] make[2]: *** Waiting for unfinished jobs....
[1.266s] In file included from [01m[K/home/field/MANOS/build/custom_msg/rosidl_typesupport_fastrtps_cpp/custom_msg/msg/detail/pos__rosidl_typesupport_fastrtps_cpp.hpp:11[m[K,
[1.266s]                  from [01m[K/home/field/MANOS/build/custom_msg/rosidl_typesupport_fastrtps_cpp/custom_msg/msg/detail/dds_fastrtps/pos__type_support.cpp:4[m[K:
[1.266s] [01m[K/home/field/MANOS/build/custom_msg/rosidl_generator_cpp/custom_msg/msg/detail/pos__struct.hpp:19:10:[m[K [01;31m[Kfatal error: [m[Kcustom_msg/msg/detail/int32__struct.hpp: No such file or directory
[1.266s]    19 | #include [01;31m[K"custom_msg/msg/detail/int32__struct.hpp"[m[K
[1.266s]       |          [01;31m[K^~~~~~~~~~~~~~~~~~~~~~~~~~~~~~~~~~~~~~~~~[m[K
[1.266s] compilation terminated.
[1.267s] make[2]: *** [CMakeFiles/custom_msg__rosidl_typesupport_fastrtps_cpp.dir/build.make:158: CMakeFiles/custom_msg__rosidl_typesupport_fastrtps_cpp.dir/rosidl_typesupport_fastrtps_cpp/custom_msg/msg/detail/dds_fastrtps/pos__type_support.cpp.o] Error 1
[1.267s] make[2]: *** Waiting for unfinished jobs....
[1.387s] make[1]: *** [CMakeFiles/Makefile2:394: CMakeFiles/custom_msg__rosidl_typesupport_cpp.dir/all] Error 2
[1.468s] make[1]: *** [CMakeFiles/Makefile2:368: CMakeFiles/custom_msg__rosidl_typesupport_introspection_cpp.dir/all] Error 2
[1.529s] make[1]: *** [CMakeFiles/Makefile2:264: CMakeFiles/custom_msg__rosidl_typesupport_fastrtps_cpp.dir/all] Error 2
[1.529s] make: *** [Makefile:146: all] Error 2
[1.532s] Invoked command in '/home/field/MANOS/build/custom_msg' returned '2': CMAKE_PREFIX_PATH=${CMAKE_PREFIX_PATH}:/home/field/MANOS/install/manos_manager:/home/field/MANOS/install/host_listener_package:/home/field/MANOS/install/hand_detector:/home/field/MANOS/install/custom_ros_controller:/home/field/MANOS/install/castelet:/home/field/MANOS/install/camera:/opt/ros/galactic /home/field/.local/bin/cmake --build /home/field/MANOS/build/custom_msg -- -j20 -l20
