[3.750s] Invoking command in '/home/keny/MANOS_ws/src/castelet': PYTHONPATH=/home/keny/MANOS_ws/build/castelet/prefix_override:/home/keny/MANOS_ws/install/castelet/lib/python3.8/site-packages:/home/keny/MANOS_ws/install/custom_msg/lib/python3.8/site-packages:/home/keny/MANOS_ws/install/manos_manager/lib/python3.8/site-packages:/home/keny/MANOS_ws/install/host_listener_package/lib/python3.8/site-packages:/home/keny/MANOS_ws/install/hand_detector/lib/python3.8/site-packages:/home/keny/MANOS_ws/install/castelet/lib/python3.8/site-packages:/home/keny/MANOS_ws/install/camera/lib/python3.8/site-packages:/home/keny/MANOS_ws/install/CustomRosController/lib/python3.8/site-packages:/opt/ros/galactic/lib/python3.8/site-packages:/home/keny/acs/src/behaviors/ /usr/bin/python3 setup.py egg_info --egg-base ../../build/castelet build --build-base /home/keny/MANOS_ws/build/castelet/build install --record /home/keny/MANOS_ws/build/castelet/install.log --single-version-externally-managed
[4.315s] running egg_info
[4.316s] writing ../../build/castelet/castelet.egg-info/PKG-INFO
[4.317s] writing dependency_links to ../../build/castelet/castelet.egg-info/dependency_links.txt
[4.318s] writing entry points to ../../build/castelet/castelet.egg-info/entry_points.txt
[4.318s] writing requirements to ../../build/castelet/castelet.egg-info/requires.txt
[4.318s] writing top-level names to ../../build/castelet/castelet.egg-info/top_level.txt
[4.388s] reading manifest file '../../build/castelet/castelet.egg-info/SOURCES.txt'
[4.391s] writing manifest file '../../build/castelet/castelet.egg-info/SOURCES.txt'
[4.392s] running build
[4.392s] running build_py
[4.392s] copying castelet/castelet.py -> /home/keny/MANOS_ws/build/castelet/build/lib/castelet
[4.393s] running install
[4.395s] running install_lib
[4.397s] copying /home/keny/MANOS_ws/build/castelet/build/lib/castelet/castelet.py -> /home/keny/MANOS_ws/install/castelet/lib/python3.8/site-packages/castelet
[4.399s] byte-compiling /home/keny/MANOS_ws/install/castelet/lib/python3.8/site-packages/castelet/castelet.py to castelet.cpython-38.pyc
[4.403s] running install_data
[4.405s] running install_egg_info
[4.408s] removing '/home/keny/MANOS_ws/install/castelet/lib/python3.8/site-packages/castelet-0.0.0-py3.8.egg-info' (and everything under it)
[4.408s] Copying ../../build/castelet/castelet.egg-info to /home/keny/MANOS_ws/install/castelet/lib/python3.8/site-packages/castelet-0.0.0-py3.8.egg-info
[4.410s] running install_scripts
[4.442s] Installing castelet script to /home/keny/MANOS_ws/install/castelet/lib/castelet
[4.443s] writing list of installed files to '/home/keny/MANOS_ws/build/castelet/install.log'
[4.542s] Invoked command in '/home/keny/MANOS_ws/src/castelet' returned '0': PYTHONPATH=/home/keny/MANOS_ws/build/castelet/prefix_override:/home/keny/MANOS_ws/install/castelet/lib/python3.8/site-packages:/home/keny/MANOS_ws/install/custom_msg/lib/python3.8/site-packages:/home/keny/MANOS_ws/install/manos_manager/lib/python3.8/site-packages:/home/keny/MANOS_ws/install/host_listener_package/lib/python3.8/site-packages:/home/keny/MANOS_ws/install/hand_detector/lib/python3.8/site-packages:/home/keny/MANOS_ws/install/castelet/lib/python3.8/site-packages:/home/keny/MANOS_ws/install/camera/lib/python3.8/site-packages:/home/keny/MANOS_ws/install/CustomRosController/lib/python3.8/site-packages:/opt/ros/galactic/lib/python3.8/site-packages:/home/keny/acs/src/behaviors/ /usr/bin/python3 setup.py egg_info --egg-base ../../build/castelet build --build-base /home/keny/MANOS_ws/build/castelet/build install --record /home/keny/MANOS_ws/build/castelet/install.log --single-version-externally-managed
