[0.076s] Invoking command in '/home/field/MANOS/build/custom_msg': CMAKE_PREFIX_PATH=${CMAKE_PREFIX_PATH}:/home/field/MANOS/install/host_listener_package:/home/field/MANOS/install/hand_detector:/home/field/MANOS/install/castelet:/home/field/MANOS/install/camera:/opt/ros/galactic /usr/bin/cmake --build /home/field/MANOS/build/custom_msg -- -j20 -l20
[0.103s] [  2%] Built target custom_msg__cpp
[0.103s] [ 12%] Built target custom_msg__rosidl_generator_c
[0.115s] [ 51%] Built target custom_msg__rosidl_typesupport_cpp
[0.115s] [ 51%] Built target custom_msg__rosidl_typesupport_introspection_cpp
[0.115s] [ 51%] Built target custom_msg__rosidl_typesupport_c
[0.115s] [ 53%] Built target custom_msg__rosidl_typesupport_introspection_c
[0.117s] [ 64%] Built target custom_msg__rosidl_typesupport_fastrtps_cpp
[0.131s] [ 74%] Built target custom_msg__rosidl_typesupport_fastrtps_c
[0.142s] [ 74%] Built target custom_msg
[0.154s] [ 76%] Built target custom_msg__py
[0.169s] [ 84%] Built target custom_msg__python
[0.183s] [ 92%] Built target custom_msg__rosidl_typesupport_fastrtps_c__pyext
[0.183s] [ 94%] Built target custom_msg__rosidl_typesupport_introspection_c__pyext
[0.183s] [100%] Built target custom_msg__rosidl_typesupport_c__pyext
[0.190s] Invoked command in '/home/field/MANOS/build/custom_msg' returned '0': CMAKE_PREFIX_PATH=${CMAKE_PREFIX_PATH}:/home/field/MANOS/install/host_listener_package:/home/field/MANOS/install/hand_detector:/home/field/MANOS/install/castelet:/home/field/MANOS/install/camera:/opt/ros/galactic /usr/bin/cmake --build /home/field/MANOS/build/custom_msg -- -j20 -l20
[0.228s] Invoking command in '/home/field/MANOS/build/custom_msg': CMAKE_PREFIX_PATH=${CMAKE_PREFIX_PATH}:/home/field/MANOS/install/host_listener_package:/home/field/MANOS/install/hand_detector:/home/field/MANOS/install/castelet:/home/field/MANOS/install/camera:/opt/ros/galactic /usr/bin/cmake --install /home/field/MANOS/build/custom_msg
[0.232s] -- Install configuration: ""
[0.232s] -- Up-to-date: /home/field/MANOS/install/custom_msg/share/ament_index/resource_index/rosidl_interfaces/custom_msg
[0.233s] -- Up-to-date: /home/field/MANOS/install/custom_msg/include/custom_msg
[0.233s] -- Up-to-date: /home/field/MANOS/install/custom_msg/include/custom_msg/msg
[0.233s] -- Up-to-date: /home/field/MANOS/install/custom_msg/include/custom_msg/msg/rosidl_generator_c__visibility_control.h
[0.233s] -- Up-to-date: /home/field/MANOS/install/custom_msg/include/custom_msg/msg/list_string.h
[0.233s] -- Up-to-date: /home/field/MANOS/install/custom_msg/include/custom_msg/msg/detail
[0.233s] -- Up-to-date: /home/field/MANOS/install/custom_msg/include/custom_msg/msg/detail/pos__functions.h
[0.233s] -- Up-to-date: /home/field/MANOS/install/custom_msg/include/custom_msg/msg/detail/list_string__functions.h
[0.233s] -- Up-to-date: /home/field/MANOS/install/custom_msg/include/custom_msg/msg/detail/pos__functions.c
[0.233s] -- Up-to-date: /home/field/MANOS/install/custom_msg/include/custom_msg/msg/detail/list_string__functions.c
[0.233s] -- Up-to-date: /home/field/MANOS/install/custom_msg/include/custom_msg/msg/detail/pos__struct.h
[0.233s] -- Up-to-date: /home/field/MANOS/install/custom_msg/include/custom_msg/msg/detail/list_string__struct.h
[0.233s] -- Up-to-date: /home/field/MANOS/install/custom_msg/include/custom_msg/msg/detail/list_string__type_support.h
[0.233s] -- Up-to-date: /home/field/MANOS/install/custom_msg/include/custom_msg/msg/detail/pos__type_support.h
[0.233s] -- Up-to-date: /home/field/MANOS/install/custom_msg/include/custom_msg/msg/pos.h
[0.234s] -- Up-to-date: /home/field/MANOS/install/custom_msg/share/custom_msg/environment/library_path.sh
[0.234s] -- Up-to-date: /home/field/MANOS/install/custom_msg/share/custom_msg/environment/library_path.dsv
[0.234s] -- Up-to-date: /home/field/MANOS/install/custom_msg/lib/libcustom_msg__rosidl_generator_c.so
[0.234s] -- Up-to-date: /home/field/MANOS/install/custom_msg/include/custom_msg
[0.234s] -- Up-to-date: /home/field/MANOS/install/custom_msg/include/custom_msg/msg
[0.234s] -- Up-to-date: /home/field/MANOS/install/custom_msg/include/custom_msg/msg/rosidl_typesupport_fastrtps_c__visibility_control.h
[0.234s] -- Up-to-date: /home/field/MANOS/install/custom_msg/include/custom_msg/msg/detail
[0.234s] -- Up-to-date: /home/field/MANOS/install/custom_msg/include/custom_msg/msg/detail/pos__rosidl_typesupport_fastrtps_c.h
[0.234s] -- Up-to-date: /home/field/MANOS/install/custom_msg/include/custom_msg/msg/detail/list_string__rosidl_typesupport_fastrtps_c.h
[0.234s] -- Up-to-date: /home/field/MANOS/install/custom_msg/lib/libcustom_msg__rosidl_typesupport_fastrtps_c.so
[0.234s] -- Up-to-date: /home/field/MANOS/install/custom_msg/include/custom_msg
[0.234s] -- Up-to-date: /home/field/MANOS/install/custom_msg/include/custom_msg/msg
[0.234s] -- Up-to-date: /home/field/MANOS/install/custom_msg/include/custom_msg/msg/detail
[0.234s] -- Up-to-date: /home/field/MANOS/install/custom_msg/include/custom_msg/msg/detail/list_string__rosidl_typesupport_fastrtps_cpp.hpp
[0.234s] -- Up-to-date: /home/field/MANOS/install/custom_msg/include/custom_msg/msg/detail/pos__rosidl_typesupport_fastrtps_cpp.hpp
[0.234s] -- Up-to-date: /home/field/MANOS/install/custom_msg/include/custom_msg/msg/detail/dds_fastrtps
[0.235s] -- Up-to-date: /home/field/MANOS/install/custom_msg/include/custom_msg/msg/rosidl_typesupport_fastrtps_cpp__visibility_control.h
[0.235s] -- Up-to-date: /home/field/MANOS/install/custom_msg/lib/libcustom_msg__rosidl_typesupport_fastrtps_cpp.so
[0.235s] -- Up-to-date: /home/field/MANOS/install/custom_msg/include/custom_msg
[0.235s] -- Up-to-date: /home/field/MANOS/install/custom_msg/include/custom_msg/msg
[0.235s] -- Up-to-date: /home/field/MANOS/install/custom_msg/include/custom_msg/msg/detail
[0.235s] -- Up-to-date: /home/field/MANOS/install/custom_msg/include/custom_msg/msg/detail/list_string__rosidl_typesupport_introspection_c.h
[0.235s] -- Up-to-date: /home/field/MANOS/install/custom_msg/include/custom_msg/msg/detail/pos__type_support.c
[0.235s] -- Up-to-date: /home/field/MANOS/install/custom_msg/include/custom_msg/msg/detail/list_string__type_support.c
[0.235s] -- Up-to-date: /home/field/MANOS/install/custom_msg/include/custom_msg/msg/detail/pos__rosidl_typesupport_introspection_c.h
[0.235s] -- Up-to-date: /home/field/MANOS/install/custom_msg/include/custom_msg/msg/rosidl_typesupport_introspection_c__visibility_control.h
[0.235s] -- Up-to-date: /home/field/MANOS/install/custom_msg/lib/libcustom_msg__rosidl_typesupport_introspection_c.so
[0.235s] -- Up-to-date: /home/field/MANOS/install/custom_msg/lib/libcustom_msg__rosidl_typesupport_c.so
[0.235s] -- Up-to-date: /home/field/MANOS/install/custom_msg/include/custom_msg
[0.235s] -- Up-to-date: /home/field/MANOS/install/custom_msg/include/custom_msg/msg
[0.235s] -- Up-to-date: /home/field/MANOS/install/custom_msg/include/custom_msg/msg/pos.hpp
[0.235s] -- Up-to-date: /home/field/MANOS/install/custom_msg/include/custom_msg/msg/detail
[0.235s] -- Up-to-date: /home/field/MANOS/install/custom_msg/include/custom_msg/msg/detail/list_string__traits.hpp
[0.235s] -- Up-to-date: /home/field/MANOS/install/custom_msg/include/custom_msg/msg/detail/pos__traits.hpp
[0.236s] -- Up-to-date: /home/field/MANOS/install/custom_msg/include/custom_msg/msg/detail/list_string__builder.hpp
[0.236s] -- Up-to-date: /home/field/MANOS/install/custom_msg/include/custom_msg/msg/detail/pos__struct.hpp
[0.236s] -- Up-to-date: /home/field/MANOS/install/custom_msg/include/custom_msg/msg/detail/list_string__struct.hpp
[0.236s] -- Up-to-date: /home/field/MANOS/install/custom_msg/include/custom_msg/msg/detail/pos__builder.hpp
[0.236s] -- Up-to-date: /home/field/MANOS/install/custom_msg/include/custom_msg/msg/list_string.hpp
[0.236s] -- Up-to-date: /home/field/MANOS/install/custom_msg/include/custom_msg
[0.236s] -- Up-to-date: /home/field/MANOS/install/custom_msg/include/custom_msg/msg
[0.236s] -- Up-to-date: /home/field/MANOS/install/custom_msg/include/custom_msg/msg/detail
[0.236s] -- Up-to-date: /home/field/MANOS/install/custom_msg/include/custom_msg/msg/detail/pos__type_support.cpp
[0.236s] -- Up-to-date: /home/field/MANOS/install/custom_msg/include/custom_msg/msg/detail/list_string__rosidl_typesupport_introspection_cpp.hpp
[0.236s] -- Up-to-date: /home/field/MANOS/install/custom_msg/include/custom_msg/msg/detail/list_string__type_support.cpp
[0.236s] -- Up-to-date: /home/field/MANOS/install/custom_msg/include/custom_msg/msg/detail/pos__rosidl_typesupport_introspection_cpp.hpp
[0.236s] -- Up-to-date: /home/field/MANOS/install/custom_msg/lib/libcustom_msg__rosidl_typesupport_introspection_cpp.so
[0.236s] -- Up-to-date: /home/field/MANOS/install/custom_msg/lib/libcustom_msg__rosidl_typesupport_cpp.so
[0.236s] -- Up-to-date: /home/field/MANOS/install/custom_msg/share/custom_msg/environment/pythonpath.sh
[0.236s] -- Up-to-date: /home/field/MANOS/install/custom_msg/share/custom_msg/environment/pythonpath.dsv
[0.236s] -- Up-to-date: /home/field/MANOS/install/custom_msg/lib/python3.8/site-packages/custom_msg/__init__.py
[0.254s] -- Up-to-date: /home/field/MANOS/install/custom_msg/lib/python3.8/site-packages/custom_msg/msg
[0.254s] -- Up-to-date: /home/field/MANOS/install/custom_msg/lib/python3.8/site-packages/custom_msg/msg/__init__.py
[0.254s] -- Up-to-date: /home/field/MANOS/install/custom_msg/lib/python3.8/site-packages/custom_msg/msg/_list_string.py
[0.254s] -- Up-to-date: /home/field/MANOS/install/custom_msg/lib/python3.8/site-packages/custom_msg/msg/_pos.py
[0.254s] -- Up-to-date: /home/field/MANOS/install/custom_msg/lib/python3.8/site-packages/custom_msg/msg/_pos_s.c
[0.254s] -- Up-to-date: /home/field/MANOS/install/custom_msg/lib/python3.8/site-packages/custom_msg/msg/_list_string_s.c
[0.254s] -- Up-to-date: /home/field/MANOS/install/custom_msg/lib/python3.8/site-packages/custom_msg/custom_msg_s__rosidl_typesupport_fastrtps_c.cpython-38-x86_64-linux-gnu.so
[0.255s] -- Up-to-date: /home/field/MANOS/install/custom_msg/lib/python3.8/site-packages/custom_msg/custom_msg_s__rosidl_typesupport_introspection_c.cpython-38-x86_64-linux-gnu.so
[0.255s] -- Up-to-date: /home/field/MANOS/install/custom_msg/lib/python3.8/site-packages/custom_msg/custom_msg_s__rosidl_typesupport_c.cpython-38-x86_64-linux-gnu.so
[0.255s] -- Up-to-date: /home/field/MANOS/install/custom_msg/lib/libcustom_msg__python.so
[0.255s] -- Up-to-date: /home/field/MANOS/install/custom_msg/share/custom_msg/msg/ListString.idl
[0.255s] -- Up-to-date: /home/field/MANOS/install/custom_msg/share/custom_msg/msg/Pos.idl
[0.255s] -- Up-to-date: /home/field/MANOS/install/custom_msg/share/custom_msg/msg/ListString.msg
[0.255s] -- Up-to-date: /home/field/MANOS/install/custom_msg/share/custom_msg/msg/Pos.msg
[0.256s] -- Up-to-date: /home/field/MANOS/install/custom_msg/share/ament_index/resource_index/package_run_dependencies/custom_msg
[0.256s] -- Up-to-date: /home/field/MANOS/install/custom_msg/share/ament_index/resource_index/parent_prefix_path/custom_msg
[0.256s] -- Up-to-date: /home/field/MANOS/install/custom_msg/share/custom_msg/environment/ament_prefix_path.sh
[0.256s] -- Up-to-date: /home/field/MANOS/install/custom_msg/share/custom_msg/environment/ament_prefix_path.dsv
[0.256s] -- Up-to-date: /home/field/MANOS/install/custom_msg/share/custom_msg/environment/path.sh
[0.256s] -- Up-to-date: /home/field/MANOS/install/custom_msg/share/custom_msg/environment/path.dsv
[0.256s] -- Up-to-date: /home/field/MANOS/install/custom_msg/share/custom_msg/local_setup.bash
[0.256s] -- Up-to-date: /home/field/MANOS/install/custom_msg/share/custom_msg/local_setup.sh
[0.256s] -- Up-to-date: /home/field/MANOS/install/custom_msg/share/custom_msg/local_setup.zsh
[0.256s] -- Up-to-date: /home/field/MANOS/install/custom_msg/share/custom_msg/local_setup.dsv
[0.256s] -- Installing: /home/field/MANOS/install/custom_msg/share/custom_msg/package.dsv
[0.256s] -- Up-to-date: /home/field/MANOS/install/custom_msg/share/ament_index/resource_index/packages/custom_msg
[0.256s] -- Up-to-date: /home/field/MANOS/install/custom_msg/share/custom_msg/cmake/custom_msg__rosidl_generator_cExport.cmake
[0.256s] -- Up-to-date: /home/field/MANOS/install/custom_msg/share/custom_msg/cmake/custom_msg__rosidl_generator_cExport-noconfig.cmake
[0.257s] -- Up-to-date: /home/field/MANOS/install/custom_msg/share/custom_msg/cmake/custom_msg__rosidl_typesupport_introspection_cExport.cmake
[0.257s] -- Up-to-date: /home/field/MANOS/install/custom_msg/share/custom_msg/cmake/custom_msg__rosidl_typesupport_introspection_cExport-noconfig.cmake
[0.257s] -- Up-to-date: /home/field/MANOS/install/custom_msg/share/custom_msg/cmake/custom_msg__rosidl_typesupport_cExport.cmake
[0.257s] -- Up-to-date: /home/field/MANOS/install/custom_msg/share/custom_msg/cmake/custom_msg__rosidl_typesupport_cExport-noconfig.cmake
[0.257s] -- Up-to-date: /home/field/MANOS/install/custom_msg/share/custom_msg/cmake/custom_msg__rosidl_generator_cppExport.cmake
[0.257s] -- Up-to-date: /home/field/MANOS/install/custom_msg/share/custom_msg/cmake/custom_msg__rosidl_typesupport_introspection_cppExport.cmake
[0.257s] -- Up-to-date: /home/field/MANOS/install/custom_msg/share/custom_msg/cmake/custom_msg__rosidl_typesupport_introspection_cppExport-noconfig.cmake
[0.257s] -- Up-to-date: /home/field/MANOS/install/custom_msg/share/custom_msg/cmake/custom_msg__rosidl_typesupport_cppExport.cmake
[0.257s] -- Up-to-date: /home/field/MANOS/install/custom_msg/share/custom_msg/cmake/custom_msg__rosidl_typesupport_cppExport-noconfig.cmake
[0.257s] -- Up-to-date: /home/field/MANOS/install/custom_msg/share/custom_msg/cmake/rosidl_cmake-extras.cmake
[0.257s] -- Up-to-date: /home/field/MANOS/install/custom_msg/share/custom_msg/cmake/ament_cmake_export_dependencies-extras.cmake
[0.257s] -- Up-to-date: /home/field/MANOS/install/custom_msg/share/custom_msg/cmake/ament_cmake_export_libraries-extras.cmake
[0.258s] -- Up-to-date: /home/field/MANOS/install/custom_msg/share/custom_msg/cmake/ament_cmake_export_targets-extras.cmake
[0.258s] -- Up-to-date: /home/field/MANOS/install/custom_msg/share/custom_msg/cmake/ament_cmake_export_include_directories-extras.cmake
[0.258s] -- Up-to-date: /home/field/MANOS/install/custom_msg/share/custom_msg/cmake/rosidl_cmake_export_typesupport_libraries-extras.cmake
[0.258s] -- Up-to-date: /home/field/MANOS/install/custom_msg/share/custom_msg/cmake/rosidl_cmake_export_typesupport_targets-extras.cmake
[0.258s] -- Up-to-date: /home/field/MANOS/install/custom_msg/share/custom_msg/cmake/custom_msgConfig.cmake
[0.258s] -- Up-to-date: /home/field/MANOS/install/custom_msg/share/custom_msg/cmake/custom_msgConfig-version.cmake
[0.258s] -- Up-to-date: /home/field/MANOS/install/custom_msg/share/custom_msg/package.xml
[0.258s] Invoked command in '/home/field/MANOS/build/custom_msg' returned '0': CMAKE_PREFIX_PATH=${CMAKE_PREFIX_PATH}:/home/field/MANOS/install/host_listener_package:/home/field/MANOS/install/hand_detector:/home/field/MANOS/install/castelet:/home/field/MANOS/install/camera:/opt/ros/galactic /usr/bin/cmake --install /home/field/MANOS/build/custom_msg
