[1.490s] Invoking command in '/home/keny/MANOS_ws/src/py_launch_example': PYTHONPATH=/home/keny/MANOS_ws/build/py_launch_example/prefix_override:/home/keny/MANOS_ws/install/py_launch_example/lib/python3.8/site-packages:${PYTHONPATH} /usr/bin/python3 setup.py egg_info --egg-base ../../build/py_launch_example build --build-base /home/keny/MANOS_ws/build/py_launch_example/build install --record /home/keny/MANOS_ws/build/py_launch_example/install.log --single-version-externally-managed
[1.725s] running egg_info
[1.726s] writing ../../build/py_launch_example/py_launch_example.egg-info/PKG-INFO
[1.726s] writing dependency_links to ../../build/py_launch_example/py_launch_example.egg-info/dependency_links.txt
[1.726s] writing entry points to ../../build/py_launch_example/py_launch_example.egg-info/entry_points.txt
[1.726s] writing requirements to ../../build/py_launch_example/py_launch_example.egg-info/requires.txt
[1.727s] writing top-level names to ../../build/py_launch_example/py_launch_example.egg-info/top_level.txt
[1.755s] reading manifest file '../../build/py_launch_example/py_launch_example.egg-info/SOURCES.txt'
[1.756s] writing manifest file '../../build/py_launch_example/py_launch_example.egg-info/SOURCES.txt'
[1.756s] running build
[1.757s] running build_py
[1.757s] copying py_launch_example/my_script.launch.py -> /home/keny/MANOS_ws/build/py_launch_example/build/lib/py_launch_example
[1.757s] running install
[1.757s] running install_lib
[1.758s] copying /home/keny/MANOS_ws/build/py_launch_example/build/lib/py_launch_example/my_script.launch.py -> /home/keny/MANOS_ws/install/py_launch_example/lib/python3.8/site-packages/py_launch_example
[1.759s] byte-compiling /home/keny/MANOS_ws/install/py_launch_example/lib/python3.8/site-packages/py_launch_example/my_script.launch.py to my_script.launch.cpython-38.pyc
[1.760s] running install_data
[1.761s] running install_egg_info
[1.762s] removing '/home/keny/MANOS_ws/install/py_launch_example/lib/python3.8/site-packages/py_launch_example-0.0.0-py3.8.egg-info' (and everything under it)
[1.762s] Copying ../../build/py_launch_example/py_launch_example.egg-info to /home/keny/MANOS_ws/install/py_launch_example/lib/python3.8/site-packages/py_launch_example-0.0.0-py3.8.egg-info
[1.763s] running install_scripts
[1.777s] writing list of installed files to '/home/keny/MANOS_ws/build/py_launch_example/install.log'
[1.812s] Invoked command in '/home/keny/MANOS_ws/src/py_launch_example' returned '0': PYTHONPATH=/home/keny/MANOS_ws/build/py_launch_example/prefix_override:/home/keny/MANOS_ws/install/py_launch_example/lib/python3.8/site-packages:${PYTHONPATH} /usr/bin/python3 setup.py egg_info --egg-base ../../build/py_launch_example build --build-base /home/keny/MANOS_ws/build/py_launch_example/build install --record /home/keny/MANOS_ws/build/py_launch_example/install.log --single-version-externally-managed
