[3.714s] Invoking command in '/home/keny/MANOS_ws/src/CustomRosController': PYTHONPATH=/home/keny/MANOS_ws/build/CustomRosController/prefix_override:/home/keny/MANOS_ws/install/CustomRosController/lib/python3.8/site-packages:${PYTHONPATH} /usr/bin/python3 setup.py egg_info --egg-base ../../build/CustomRosController build --build-base /home/keny/MANOS_ws/build/CustomRosController/build install --record /home/keny/MANOS_ws/build/CustomRosController/install.log --single-version-externally-managed
[4.551s] running egg_info
[4.552s] writing ../../build/CustomRosController/CustomRosController.egg-info/PKG-INFO
[4.553s] writing dependency_links to ../../build/CustomRosController/CustomRosController.egg-info/dependency_links.txt
[4.554s] writing entry points to ../../build/CustomRosController/CustomRosController.egg-info/entry_points.txt
[4.554s] writing requirements to ../../build/CustomRosController/CustomRosController.egg-info/requires.txt
[4.554s] writing top-level names to ../../build/CustomRosController/CustomRosController.egg-info/top_level.txt
[4.634s] reading manifest file '../../build/CustomRosController/CustomRosController.egg-info/SOURCES.txt'
[4.636s] writing manifest file '../../build/CustomRosController/CustomRosController.egg-info/SOURCES.txt'
[4.636s] running build
[4.637s] running build_py
[4.638s] running install
[4.639s] running install_lib
[4.642s] running install_data
[4.643s] running install_egg_info
[4.647s] removing '/home/keny/MANOS_ws/install/CustomRosController/lib/python3.8/site-packages/CustomRosController-0.0.0-py3.8.egg-info' (and everything under it)
[4.647s] Copying ../../build/CustomRosController/CustomRosController.egg-info to /home/keny/MANOS_ws/install/CustomRosController/lib/python3.8/site-packages/CustomRosController-0.0.0-py3.8.egg-info
[4.649s] running install_scripts
[4.698s] writing list of installed files to '/home/keny/MANOS_ws/build/CustomRosController/install.log'
[4.746s] Invoked command in '/home/keny/MANOS_ws/src/CustomRosController' returned '0': PYTHONPATH=/home/keny/MANOS_ws/build/CustomRosController/prefix_override:/home/keny/MANOS_ws/install/CustomRosController/lib/python3.8/site-packages:${PYTHONPATH} /usr/bin/python3 setup.py egg_info --egg-base ../../build/CustomRosController build --build-base /home/keny/MANOS_ws/build/CustomRosController/build install --record /home/keny/MANOS_ws/build/CustomRosController/install.log --single-version-externally-managed
