[5.622s] Invoking command in '/home/keny/MANOS_ws/src/hand_detector': PYTHONPATH=/home/keny/MANOS_ws/build/hand_detector/prefix_override:/home/keny/MANOS_ws/install/hand_detector/lib/python3.8/site-packages:/home/keny/MANOS_ws/install/custom_msg/lib/python3.8/site-packages:/home/keny/MANOS_ws/install/manos_manager/lib/python3.8/site-packages:/home/keny/MANOS_ws/install/host_listener_package/lib/python3.8/site-packages:/home/keny/MANOS_ws/install/hand_detector/lib/python3.8/site-packages:/home/keny/MANOS_ws/install/castelet/lib/python3.8/site-packages:/home/keny/MANOS_ws/install/camera/lib/python3.8/site-packages:/home/keny/MANOS_ws/install/CustomRosController/lib/python3.8/site-packages:/opt/ros/galactic/lib/python3.8/site-packages:/home/keny/acs/src/behaviors/ /usr/bin/python3 setup.py egg_info --egg-base ../../build/hand_detector build --build-base /home/keny/MANOS_ws/build/hand_detector/build install --record /home/keny/MANOS_ws/build/hand_detector/install.log --single-version-externally-managed
[6.332s] running egg_info
[6.335s] writing ../../build/hand_detector/hand_detector.egg-info/PKG-INFO
[6.335s] writing dependency_links to ../../build/hand_detector/hand_detector.egg-info/dependency_links.txt
[6.336s] writing entry points to ../../build/hand_detector/hand_detector.egg-info/entry_points.txt
[6.336s] writing requirements to ../../build/hand_detector/hand_detector.egg-info/requires.txt
[6.336s] writing top-level names to ../../build/hand_detector/hand_detector.egg-info/top_level.txt
[6.437s] reading manifest file '../../build/hand_detector/hand_detector.egg-info/SOURCES.txt'
[6.440s] writing manifest file '../../build/hand_detector/hand_detector.egg-info/SOURCES.txt'
[6.440s] running build
[6.441s] running build_py
[6.441s] running install
[6.444s] running install_lib
[6.446s] running install_data
[6.448s] running install_egg_info
[6.452s] removing '/home/keny/MANOS_ws/install/hand_detector/lib/python3.8/site-packages/hand_detector-0.0.0-py3.8.egg-info' (and everything under it)
[6.452s] Copying ../../build/hand_detector/hand_detector.egg-info to /home/keny/MANOS_ws/install/hand_detector/lib/python3.8/site-packages/hand_detector-0.0.0-py3.8.egg-info
[6.455s] running install_scripts
[6.506s] Installing hand_detector script to /home/keny/MANOS_ws/install/hand_detector/lib/hand_detector
[6.507s] writing list of installed files to '/home/keny/MANOS_ws/build/hand_detector/install.log'
[6.687s] Invoked command in '/home/keny/MANOS_ws/src/hand_detector' returned '0': PYTHONPATH=/home/keny/MANOS_ws/build/hand_detector/prefix_override:/home/keny/MANOS_ws/install/hand_detector/lib/python3.8/site-packages:/home/keny/MANOS_ws/install/custom_msg/lib/python3.8/site-packages:/home/keny/MANOS_ws/install/manos_manager/lib/python3.8/site-packages:/home/keny/MANOS_ws/install/host_listener_package/lib/python3.8/site-packages:/home/keny/MANOS_ws/install/hand_detector/lib/python3.8/site-packages:/home/keny/MANOS_ws/install/castelet/lib/python3.8/site-packages:/home/keny/MANOS_ws/install/camera/lib/python3.8/site-packages:/home/keny/MANOS_ws/install/CustomRosController/lib/python3.8/site-packages:/opt/ros/galactic/lib/python3.8/site-packages:/home/keny/acs/src/behaviors/ /usr/bin/python3 setup.py egg_info --egg-base ../../build/hand_detector build --build-base /home/keny/MANOS_ws/build/hand_detector/build install --record /home/keny/MANOS_ws/build/hand_detector/install.log --single-version-externally-managed
