[1.379s] Invoking command in '/home/keny/MANOS_ws/src/camera': AMENT_PREFIX_PATH=/home/keny/MANOS_ws/install/custom_msg:${AMENT_PREFIX_PATH} CMAKE_PREFIX_PATH=/home/keny/MANOS_ws/install/custom_msg LD_LIBRARY_PATH=/home/keny/MANOS_ws/install/custom_msg/lib:${LD_LIBRARY_PATH} PYTHONPATH=/home/keny/MANOS_ws/build/camera/prefix_override:/home/keny/MANOS_ws/install/camera/lib/python3.8/site-packages:/home/keny/MANOS_ws/install/custom_msg/lib/python3.8/site-packages:${PYTHONPATH} /usr/bin/python3 setup.py egg_info --egg-base ../../build/camera build --build-base /home/keny/MANOS_ws/build/camera/build install --record /home/keny/MANOS_ws/build/camera/install.log --single-version-externally-managed
[1.596s] running egg_info
[1.596s] writing ../../build/camera/camera.egg-info/PKG-INFO
[1.596s] writing dependency_links to ../../build/camera/camera.egg-info/dependency_links.txt
[1.596s] writing entry points to ../../build/camera/camera.egg-info/entry_points.txt
[1.597s] writing requirements to ../../build/camera/camera.egg-info/requires.txt
[1.597s] writing top-level names to ../../build/camera/camera.egg-info/top_level.txt
[1.623s] reading manifest file '../../build/camera/camera.egg-info/SOURCES.txt'
[1.694s] writing manifest file '../../build/camera/camera.egg-info/SOURCES.txt'
[1.696s] running build
[1.696s] running build_py
[1.698s] running install
[1.698s] running install_lib
[1.702s] running install_data
[1.704s] running install_egg_info
[1.709s] removing '/home/keny/MANOS_ws/install/camera/lib/python3.8/site-packages/camera-0.0.0-py3.8.egg-info' (and everything under it)
[1.710s] Copying ../../build/camera/camera.egg-info to /home/keny/MANOS_ws/install/camera/lib/python3.8/site-packages/camera-0.0.0-py3.8.egg-info
[1.714s] running install_scripts
[1.740s] Installing camera script to /home/keny/MANOS_ws/install/camera/lib/camera
[1.740s] writing list of installed files to '/home/keny/MANOS_ws/build/camera/install.log'
[1.777s] Invoked command in '/home/keny/MANOS_ws/src/camera' returned '0': AMENT_PREFIX_PATH=/home/keny/MANOS_ws/install/custom_msg:${AMENT_PREFIX_PATH} CMAKE_PREFIX_PATH=/home/keny/MANOS_ws/install/custom_msg LD_LIBRARY_PATH=/home/keny/MANOS_ws/install/custom_msg/lib:${LD_LIBRARY_PATH} PYTHONPATH=/home/keny/MANOS_ws/build/camera/prefix_override:/home/keny/MANOS_ws/install/camera/lib/python3.8/site-packages:/home/keny/MANOS_ws/install/custom_msg/lib/python3.8/site-packages:${PYTHONPATH} /usr/bin/python3 setup.py egg_info --egg-base ../../build/camera build --build-base /home/keny/MANOS_ws/build/camera/build install --record /home/keny/MANOS_ws/build/camera/install.log --single-version-externally-managed
