[0.176s] DEBUG:colcon:Command line arguments: ['/usr/bin/colcon', 'build']
[0.176s] DEBUG:colcon:Parsed command line arguments: Namespace(allow_overriding=[], ament_cmake_args=None, base_paths=['.'], build_base='build', catkin_cmake_args=None, catkin_skip_building_tests=False, cmake_args=None, cmake_clean_cache=False, cmake_clean_first=False, cmake_force_configure=False, cmake_target=None, cmake_target_skip_unavailable=False, continue_on_error=False, event_handlers=None, executor='parallel', ignore_user_meta=False, install_base='install', log_base=None, log_level=None, main=<bound method BuildVerb.main of <colcon_core.verb.build.BuildVerb object at 0x7f03419675b0>>, merge_install=False, metas=['./colcon.meta'], packages_above=None, packages_above_and_dependencies=None, packages_above_depth=None, packages_end=None, packages_ignore=None, packages_ignore_regex=None, packages_select=None, packages_select_build_failed=False, packages_select_by_dep=None, packages_select_regex=None, packages_select_test_failures=False, packages_skip=None, packages_skip_build_finished=False, packages_skip_by_dep=None, packages_skip_regex=None, packages_skip_test_passed=False, packages_skip_up_to=None, packages_start=None, packages_up_to=None, packages_up_to_regex=None, parallel_workers=16, paths=None, symlink_install=False, test_result_base=None, verb_extension=<colcon_core.verb.build.BuildVerb object at 0x7f03419675b0>, verb_name='build', verb_parser=<colcon_defaults.argument_parser.defaults.DefaultArgumentsDecorator object at 0x7f0341967af0>)
[0.207s] Level 1:colcon.colcon_core.package_discovery:discover_packages(colcon_meta) check parameters
[0.207s] Level 1:colcon.colcon_core.package_discovery:discover_packages(recursive) check parameters
[0.207s] Level 1:colcon.colcon_core.package_discovery:discover_packages(ignore) check parameters
[0.207s] Level 1:colcon.colcon_core.package_discovery:discover_packages(path) check parameters
[0.207s] Level 1:colcon.colcon_core.package_discovery:discover_packages(colcon_meta) discover
[0.207s] Level 1:colcon.colcon_core.package_discovery:discover_packages(recursive) discover
[0.208s] INFO:colcon.colcon_core.package_discovery:Crawling recursively for packages in '/home/keny/MANOS_ws'
[0.208s] Level 1:colcon.colcon_core.package_identification:_identify(.) by extensions ['ignore', 'ignore_ament_install']
[0.208s] Level 1:colcon.colcon_core.package_identification:_identify(.) by extension 'ignore'
[0.208s] Level 1:colcon.colcon_core.package_identification:_identify(.) by extension 'ignore_ament_install'
[0.208s] Level 1:colcon.colcon_core.package_identification:_identify(.) by extensions ['colcon_pkg']
[0.208s] Level 1:colcon.colcon_core.package_identification:_identify(.) by extension 'colcon_pkg'
[0.208s] Level 1:colcon.colcon_core.package_identification:_identify(.) by extensions ['colcon_meta']
[0.208s] Level 1:colcon.colcon_core.package_identification:_identify(.) by extension 'colcon_meta'
[0.208s] Level 1:colcon.colcon_core.package_identification:_identify(.) by extensions ['ros']
[0.208s] Level 1:colcon.colcon_core.package_identification:_identify(.) by extension 'ros'
[0.217s] Level 1:colcon.colcon_core.package_identification:_identify(.) by extensions ['cmake', 'python']
[0.217s] Level 1:colcon.colcon_core.package_identification:_identify(.) by extension 'cmake'
[0.217s] Level 1:colcon.colcon_core.package_identification:_identify(.) by extension 'python'
[0.217s] Level 1:colcon.colcon_core.package_identification:_identify(.) by extensions ['python_setup_py']
[0.217s] Level 1:colcon.colcon_core.package_identification:_identify(.) by extension 'python_setup_py'
[0.217s] Level 1:colcon.colcon_core.package_identification:_identify(build) by extensions ['ignore', 'ignore_ament_install']
[0.218s] Level 1:colcon.colcon_core.package_identification:_identify(build) by extension 'ignore'
[0.218s] Level 1:colcon.colcon_core.package_identification:_identify(build) ignored
[0.218s] Level 1:colcon.colcon_core.package_identification:_identify(install) by extensions ['ignore', 'ignore_ament_install']
[0.218s] Level 1:colcon.colcon_core.package_identification:_identify(install) by extension 'ignore'
[0.218s] Level 1:colcon.colcon_core.package_identification:_identify(install) ignored
[0.218s] Level 1:colcon.colcon_core.package_identification:_identify(log) by extensions ['ignore', 'ignore_ament_install']
[0.218s] Level 1:colcon.colcon_core.package_identification:_identify(log) by extension 'ignore'
[0.218s] Level 1:colcon.colcon_core.package_identification:_identify(log) ignored
[0.219s] Level 1:colcon.colcon_core.package_identification:_identify(src) by extensions ['ignore', 'ignore_ament_install']
[0.219s] Level 1:colcon.colcon_core.package_identification:_identify(src) by extension 'ignore'
[0.219s] Level 1:colcon.colcon_core.package_identification:_identify(src) by extension 'ignore_ament_install'
[0.219s] Level 1:colcon.colcon_core.package_identification:_identify(src) by extensions ['colcon_pkg']
[0.219s] Level 1:colcon.colcon_core.package_identification:_identify(src) by extension 'colcon_pkg'
[0.219s] Level 1:colcon.colcon_core.package_identification:_identify(src) by extensions ['colcon_meta']
[0.219s] Level 1:colcon.colcon_core.package_identification:_identify(src) by extension 'colcon_meta'
[0.219s] Level 1:colcon.colcon_core.package_identification:_identify(src) by extensions ['ros']
[0.219s] Level 1:colcon.colcon_core.package_identification:_identify(src) by extension 'ros'
[0.219s] Level 1:colcon.colcon_core.package_identification:_identify(src) by extensions ['cmake', 'python']
[0.219s] Level 1:colcon.colcon_core.package_identification:_identify(src) by extension 'cmake'
[0.220s] Level 1:colcon.colcon_core.package_identification:_identify(src) by extension 'python'
[0.220s] Level 1:colcon.colcon_core.package_identification:_identify(src) by extensions ['python_setup_py']
[0.220s] Level 1:colcon.colcon_core.package_identification:_identify(src) by extension 'python_setup_py'
[0.220s] Level 1:colcon.colcon_core.package_identification:_identify(src/camera) by extensions ['ignore', 'ignore_ament_install']
[0.220s] Level 1:colcon.colcon_core.package_identification:_identify(src/camera) by extension 'ignore'
[0.220s] Level 1:colcon.colcon_core.package_identification:_identify(src/camera) by extension 'ignore_ament_install'
[0.220s] Level 1:colcon.colcon_core.package_identification:_identify(src/camera) by extensions ['colcon_pkg']
[0.220s] Level 1:colcon.colcon_core.package_identification:_identify(src/camera) by extension 'colcon_pkg'
[0.220s] Level 1:colcon.colcon_core.package_identification:_identify(src/camera) by extensions ['colcon_meta']
[0.220s] Level 1:colcon.colcon_core.package_identification:_identify(src/camera) by extension 'colcon_meta'
[0.220s] Level 1:colcon.colcon_core.package_identification:_identify(src/camera) by extensions ['ros']
[0.220s] Level 1:colcon.colcon_core.package_identification:_identify(src/camera) by extension 'ros'
[0.223s] DEBUG:colcon.colcon_core.package_identification:Package 'src/camera' with type 'ros.ament_python' and name 'camera'
[0.224s] Level 1:colcon.colcon_core.package_identification:_identify(src/castelet) by extensions ['ignore', 'ignore_ament_install']
[0.224s] Level 1:colcon.colcon_core.package_identification:_identify(src/castelet) by extension 'ignore'
[0.224s] Level 1:colcon.colcon_core.package_identification:_identify(src/castelet) by extension 'ignore_ament_install'
[0.224s] Level 1:colcon.colcon_core.package_identification:_identify(src/castelet) by extensions ['colcon_pkg']
[0.224s] Level 1:colcon.colcon_core.package_identification:_identify(src/castelet) by extension 'colcon_pkg'
[0.224s] Level 1:colcon.colcon_core.package_identification:_identify(src/castelet) by extensions ['colcon_meta']
[0.224s] Level 1:colcon.colcon_core.package_identification:_identify(src/castelet) by extension 'colcon_meta'
[0.224s] Level 1:colcon.colcon_core.package_identification:_identify(src/castelet) by extensions ['ros']
[0.224s] Level 1:colcon.colcon_core.package_identification:_identify(src/castelet) by extension 'ros'
[0.225s] DEBUG:colcon.colcon_core.package_identification:Package 'src/castelet' with type 'ros.ament_python' and name 'castelet'
[0.226s] Level 1:colcon.colcon_core.package_identification:_identify(src/custom_msg) by extensions ['ignore', 'ignore_ament_install']
[0.226s] Level 1:colcon.colcon_core.package_identification:_identify(src/custom_msg) by extension 'ignore'
[0.226s] Level 1:colcon.colcon_core.package_identification:_identify(src/custom_msg) by extension 'ignore_ament_install'
[0.226s] Level 1:colcon.colcon_core.package_identification:_identify(src/custom_msg) by extensions ['colcon_pkg']
[0.226s] Level 1:colcon.colcon_core.package_identification:_identify(src/custom_msg) by extension 'colcon_pkg'
[0.226s] Level 1:colcon.colcon_core.package_identification:_identify(src/custom_msg) by extensions ['colcon_meta']
[0.226s] Level 1:colcon.colcon_core.package_identification:_identify(src/custom_msg) by extension 'colcon_meta'
[0.226s] Level 1:colcon.colcon_core.package_identification:_identify(src/custom_msg) by extensions ['ros']
[0.226s] Level 1:colcon.colcon_core.package_identification:_identify(src/custom_msg) by extension 'ros'
[0.227s] DEBUG:colcon.colcon_core.package_identification:Package 'src/custom_msg' with type 'ros.ament_cmake' and name 'custom_msg'
[0.227s] Level 1:colcon.colcon_core.package_identification:_identify(src/custom_ros_controller) by extensions ['ignore', 'ignore_ament_install']
[0.227s] Level 1:colcon.colcon_core.package_identification:_identify(src/custom_ros_controller) by extension 'ignore'
[0.227s] Level 1:colcon.colcon_core.package_identification:_identify(src/custom_ros_controller) by extension 'ignore_ament_install'
[0.227s] Level 1:colcon.colcon_core.package_identification:_identify(src/custom_ros_controller) by extensions ['colcon_pkg']
[0.227s] Level 1:colcon.colcon_core.package_identification:_identify(src/custom_ros_controller) by extension 'colcon_pkg'
[0.227s] Level 1:colcon.colcon_core.package_identification:_identify(src/custom_ros_controller) by extensions ['colcon_meta']
[0.227s] Level 1:colcon.colcon_core.package_identification:_identify(src/custom_ros_controller) by extension 'colcon_meta'
[0.227s] Level 1:colcon.colcon_core.package_identification:_identify(src/custom_ros_controller) by extensions ['ros']
[0.227s] Level 1:colcon.colcon_core.package_identification:_identify(src/custom_ros_controller) by extension 'ros'
[0.228s] DEBUG:colcon.colcon_core.package_identification:Package 'src/custom_ros_controller' with type 'ros.ament_python' and name 'custom_ros_controller'
[0.228s] Level 1:colcon.colcon_core.package_identification:_identify(src/hand_detector) by extensions ['ignore', 'ignore_ament_install']
[0.228s] Level 1:colcon.colcon_core.package_identification:_identify(src/hand_detector) by extension 'ignore'
[0.228s] Level 1:colcon.colcon_core.package_identification:_identify(src/hand_detector) by extension 'ignore_ament_install'
[0.228s] Level 1:colcon.colcon_core.package_identification:_identify(src/hand_detector) by extensions ['colcon_pkg']
[0.228s] Level 1:colcon.colcon_core.package_identification:_identify(src/hand_detector) by extension 'colcon_pkg'
[0.228s] Level 1:colcon.colcon_core.package_identification:_identify(src/hand_detector) by extensions ['colcon_meta']
[0.228s] Level 1:colcon.colcon_core.package_identification:_identify(src/hand_detector) by extension 'colcon_meta'
[0.228s] Level 1:colcon.colcon_core.package_identification:_identify(src/hand_detector) by extensions ['ros']
[0.228s] Level 1:colcon.colcon_core.package_identification:_identify(src/hand_detector) by extension 'ros'
[0.229s] DEBUG:colcon.colcon_core.package_identification:Package 'src/hand_detector' with type 'ros.ament_python' and name 'hand_detector'
[0.229s] Level 1:colcon.colcon_core.package_identification:_identify(src/host_listener_package) by extensions ['ignore', 'ignore_ament_install']
[0.229s] Level 1:colcon.colcon_core.package_identification:_identify(src/host_listener_package) by extension 'ignore'
[0.229s] Level 1:colcon.colcon_core.package_identification:_identify(src/host_listener_package) by extension 'ignore_ament_install'
[0.229s] Level 1:colcon.colcon_core.package_identification:_identify(src/host_listener_package) by extensions ['colcon_pkg']
[0.229s] Level 1:colcon.colcon_core.package_identification:_identify(src/host_listener_package) by extension 'colcon_pkg'
[0.229s] Level 1:colcon.colcon_core.package_identification:_identify(src/host_listener_package) by extensions ['colcon_meta']
[0.229s] Level 1:colcon.colcon_core.package_identification:_identify(src/host_listener_package) by extension 'colcon_meta'
[0.229s] Level 1:colcon.colcon_core.package_identification:_identify(src/host_listener_package) by extensions ['ros']
[0.229s] Level 1:colcon.colcon_core.package_identification:_identify(src/host_listener_package) by extension 'ros'
[0.230s] DEBUG:colcon.colcon_core.package_identification:Package 'src/host_listener_package' with type 'ros.ament_python' and name 'host_listener_package'
[0.230s] Level 1:colcon.colcon_core.package_identification:_identify(src/manos_manager) by extensions ['ignore', 'ignore_ament_install']
[0.230s] Level 1:colcon.colcon_core.package_identification:_identify(src/manos_manager) by extension 'ignore'
[0.230s] Level 1:colcon.colcon_core.package_identification:_identify(src/manos_manager) by extension 'ignore_ament_install'
[0.231s] Level 1:colcon.colcon_core.package_identification:_identify(src/manos_manager) by extensions ['colcon_pkg']
[0.231s] Level 1:colcon.colcon_core.package_identification:_identify(src/manos_manager) by extension 'colcon_pkg'
[0.231s] Level 1:colcon.colcon_core.package_identification:_identify(src/manos_manager) by extensions ['colcon_meta']
[0.231s] Level 1:colcon.colcon_core.package_identification:_identify(src/manos_manager) by extension 'colcon_meta'
[0.231s] Level 1:colcon.colcon_core.package_identification:_identify(src/manos_manager) by extensions ['ros']
[0.231s] Level 1:colcon.colcon_core.package_identification:_identify(src/manos_manager) by extension 'ros'
[0.232s] DEBUG:colcon.colcon_core.package_identification:Package 'src/manos_manager' with type 'ros.ament_python' and name 'manos_manager'
[0.232s] Level 1:colcon.colcon_core.package_discovery:discover_packages(recursive) using defaults
[0.232s] Level 1:colcon.colcon_core.package_discovery:discover_packages(ignore) discover
[0.232s] Level 1:colcon.colcon_core.package_discovery:discover_packages(ignore) using defaults
[0.232s] Level 1:colcon.colcon_core.package_discovery:discover_packages(path) discover
[0.232s] Level 1:colcon.colcon_core.package_discovery:discover_packages(path) using defaults
[0.256s] Level 1:colcon.colcon_core.package_discovery:discover_packages(prefix_path) check parameters
[0.256s] Level 1:colcon.colcon_core.package_discovery:discover_packages(prefix_path) discover
[0.260s] DEBUG:colcon.colcon_installed_package_information.package_discovery:Found 8 installed packages in /home/keny/MANOS_ws/install
[0.262s] DEBUG:colcon.colcon_installed_package_information.package_discovery:Found 268 installed packages in /opt/ros/galactic
[0.265s] Level 1:colcon.colcon_core.package_discovery:discover_packages(prefix_path) using defaults
[0.334s] Level 5:colcon.colcon_core.verb:set package 'custom_msg' build argument 'cmake_args' from command line to 'None'
[0.334s] Level 5:colcon.colcon_core.verb:set package 'custom_msg' build argument 'cmake_target' from command line to 'None'
[0.334s] Level 5:colcon.colcon_core.verb:set package 'custom_msg' build argument 'cmake_target_skip_unavailable' from command line to 'False'
[0.334s] Level 5:colcon.colcon_core.verb:set package 'custom_msg' build argument 'cmake_clean_cache' from command line to 'False'
[0.334s] Level 5:colcon.colcon_core.verb:set package 'custom_msg' build argument 'cmake_clean_first' from command line to 'False'
[0.334s] Level 5:colcon.colcon_core.verb:set package 'custom_msg' build argument 'cmake_force_configure' from command line to 'False'
[0.334s] Level 5:colcon.colcon_core.verb:set package 'custom_msg' build argument 'ament_cmake_args' from command line to 'None'
[0.334s] Level 5:colcon.colcon_core.verb:set package 'custom_msg' build argument 'catkin_cmake_args' from command line to 'None'
[0.335s] Level 5:colcon.colcon_core.verb:set package 'custom_msg' build argument 'catkin_skip_building_tests' from command line to 'False'
[0.335s] DEBUG:colcon.colcon_core.verb:Building package 'custom_msg' with the following arguments: {'ament_cmake_args': None, 'build_base': '/home/keny/MANOS_ws/build/custom_msg', 'catkin_cmake_args': None, 'catkin_skip_building_tests': False, 'cmake_args': None, 'cmake_clean_cache': False, 'cmake_clean_first': False, 'cmake_force_configure': False, 'cmake_target': None, 'cmake_target_skip_unavailable': False, 'install_base': '/home/keny/MANOS_ws/install/custom_msg', 'merge_install': False, 'path': '/home/keny/MANOS_ws/src/custom_msg', 'symlink_install': False, 'test_result_base': None}
[0.336s] Level 5:colcon.colcon_core.verb:set package 'custom_ros_controller' build argument 'cmake_args' from command line to 'None'
[0.336s] Level 5:colcon.colcon_core.verb:set package 'custom_ros_controller' build argument 'cmake_target' from command line to 'None'
[0.336s] Level 5:colcon.colcon_core.verb:set package 'custom_ros_controller' build argument 'cmake_target_skip_unavailable' from command line to 'False'
[0.336s] Level 5:colcon.colcon_core.verb:set package 'custom_ros_controller' build argument 'cmake_clean_cache' from command line to 'False'
[0.336s] Level 5:colcon.colcon_core.verb:set package 'custom_ros_controller' build argument 'cmake_clean_first' from command line to 'False'
[0.336s] Level 5:colcon.colcon_core.verb:set package 'custom_ros_controller' build argument 'cmake_force_configure' from command line to 'False'
[0.336s] Level 5:colcon.colcon_core.verb:set package 'custom_ros_controller' build argument 'ament_cmake_args' from command line to 'None'
[0.337s] Level 5:colcon.colcon_core.verb:set package 'custom_ros_controller' build argument 'catkin_cmake_args' from command line to 'None'
[0.337s] Level 5:colcon.colcon_core.verb:set package 'custom_ros_controller' build argument 'catkin_skip_building_tests' from command line to 'False'
[0.337s] DEBUG:colcon.colcon_core.verb:Building package 'custom_ros_controller' with the following arguments: {'ament_cmake_args': None, 'build_base': '/home/keny/MANOS_ws/build/custom_ros_controller', 'catkin_cmake_args': None, 'catkin_skip_building_tests': False, 'cmake_args': None, 'cmake_clean_cache': False, 'cmake_clean_first': False, 'cmake_force_configure': False, 'cmake_target': None, 'cmake_target_skip_unavailable': False, 'install_base': '/home/keny/MANOS_ws/install/custom_ros_controller', 'merge_install': False, 'path': '/home/keny/MANOS_ws/src/custom_ros_controller', 'symlink_install': False, 'test_result_base': None}
[0.338s] Level 5:colcon.colcon_core.verb:set package 'camera' build argument 'cmake_args' from command line to 'None'
[0.338s] Level 5:colcon.colcon_core.verb:set package 'camera' build argument 'cmake_target' from command line to 'None'
[0.339s] Level 5:colcon.colcon_core.verb:set package 'camera' build argument 'cmake_target_skip_unavailable' from command line to 'False'
[0.339s] Level 5:colcon.colcon_core.verb:set package 'camera' build argument 'cmake_clean_cache' from command line to 'False'
[0.339s] Level 5:colcon.colcon_core.verb:set package 'camera' build argument 'cmake_clean_first' from command line to 'False'
[0.339s] Level 5:colcon.colcon_core.verb:set package 'camera' build argument 'cmake_force_configure' from command line to 'False'
[0.339s] Level 5:colcon.colcon_core.verb:set package 'camera' build argument 'ament_cmake_args' from command line to 'None'
[0.339s] Level 5:colcon.colcon_core.verb:set package 'camera' build argument 'catkin_cmake_args' from command line to 'None'
[0.339s] Level 5:colcon.colcon_core.verb:set package 'camera' build argument 'catkin_skip_building_tests' from command line to 'False'
[0.339s] DEBUG:colcon.colcon_core.verb:Building package 'camera' with the following arguments: {'ament_cmake_args': None, 'build_base': '/home/keny/MANOS_ws/build/camera', 'catkin_cmake_args': None, 'catkin_skip_building_tests': False, 'cmake_args': None, 'cmake_clean_cache': False, 'cmake_clean_first': False, 'cmake_force_configure': False, 'cmake_target': None, 'cmake_target_skip_unavailable': False, 'install_base': '/home/keny/MANOS_ws/install/camera', 'merge_install': False, 'path': '/home/keny/MANOS_ws/src/camera', 'symlink_install': False, 'test_result_base': None}
[0.341s] Level 5:colcon.colcon_core.verb:set package 'castelet' build argument 'cmake_args' from command line to 'None'
[0.341s] Level 5:colcon.colcon_core.verb:set package 'castelet' build argument 'cmake_target' from command line to 'None'
[0.341s] Level 5:colcon.colcon_core.verb:set package 'castelet' build argument 'cmake_target_skip_unavailable' from command line to 'False'
[0.341s] Level 5:colcon.colcon_core.verb:set package 'castelet' build argument 'cmake_clean_cache' from command line to 'False'
[0.341s] Level 5:colcon.colcon_core.verb:set package 'castelet' build argument 'cmake_clean_first' from command line to 'False'
[0.341s] Level 5:colcon.colcon_core.verb:set package 'castelet' build argument 'cmake_force_configure' from command line to 'False'
[0.341s] Level 5:colcon.colcon_core.verb:set package 'castelet' build argument 'ament_cmake_args' from command line to 'None'
[0.341s] Level 5:colcon.colcon_core.verb:set package 'castelet' build argument 'catkin_cmake_args' from command line to 'None'
[0.341s] Level 5:colcon.colcon_core.verb:set package 'castelet' build argument 'catkin_skip_building_tests' from command line to 'False'
[0.341s] DEBUG:colcon.colcon_core.verb:Building package 'castelet' with the following arguments: {'ament_cmake_args': None, 'build_base': '/home/keny/MANOS_ws/build/castelet', 'catkin_cmake_args': None, 'catkin_skip_building_tests': False, 'cmake_args': None, 'cmake_clean_cache': False, 'cmake_clean_first': False, 'cmake_force_configure': False, 'cmake_target': None, 'cmake_target_skip_unavailable': False, 'install_base': '/home/keny/MANOS_ws/install/castelet', 'merge_install': False, 'path': '/home/keny/MANOS_ws/src/castelet', 'symlink_install': False, 'test_result_base': None}
[0.343s] Level 5:colcon.colcon_core.verb:set package 'hand_detector' build argument 'cmake_args' from command line to 'None'
[0.343s] Level 5:colcon.colcon_core.verb:set package 'hand_detector' build argument 'cmake_target' from command line to 'None'
[0.343s] Level 5:colcon.colcon_core.verb:set package 'hand_detector' build argument 'cmake_target_skip_unavailable' from command line to 'False'
[0.343s] Level 5:colcon.colcon_core.verb:set package 'hand_detector' build argument 'cmake_clean_cache' from command line to 'False'
[0.343s] Level 5:colcon.colcon_core.verb:set package 'hand_detector' build argument 'cmake_clean_first' from command line to 'False'
[0.343s] Level 5:colcon.colcon_core.verb:set package 'hand_detector' build argument 'cmake_force_configure' from command line to 'False'
[0.343s] Level 5:colcon.colcon_core.verb:set package 'hand_detector' build argument 'ament_cmake_args' from command line to 'None'
[0.343s] Level 5:colcon.colcon_core.verb:set package 'hand_detector' build argument 'catkin_cmake_args' from command line to 'None'
[0.343s] Level 5:colcon.colcon_core.verb:set package 'hand_detector' build argument 'catkin_skip_building_tests' from command line to 'False'
[0.343s] DEBUG:colcon.colcon_core.verb:Building package 'hand_detector' with the following arguments: {'ament_cmake_args': None, 'build_base': '/home/keny/MANOS_ws/build/hand_detector', 'catkin_cmake_args': None, 'catkin_skip_building_tests': False, 'cmake_args': None, 'cmake_clean_cache': False, 'cmake_clean_first': False, 'cmake_force_configure': False, 'cmake_target': None, 'cmake_target_skip_unavailable': False, 'install_base': '/home/keny/MANOS_ws/install/hand_detector', 'merge_install': False, 'path': '/home/keny/MANOS_ws/src/hand_detector', 'symlink_install': False, 'test_result_base': None}
[0.345s] Level 5:colcon.colcon_core.verb:set package 'host_listener_package' build argument 'cmake_args' from command line to 'None'
[0.345s] Level 5:colcon.colcon_core.verb:set package 'host_listener_package' build argument 'cmake_target' from command line to 'None'
[0.345s] Level 5:colcon.colcon_core.verb:set package 'host_listener_package' build argument 'cmake_target_skip_unavailable' from command line to 'False'
[0.345s] Level 5:colcon.colcon_core.verb:set package 'host_listener_package' build argument 'cmake_clean_cache' from command line to 'False'
[0.345s] Level 5:colcon.colcon_core.verb:set package 'host_listener_package' build argument 'cmake_clean_first' from command line to 'False'
[0.345s] Level 5:colcon.colcon_core.verb:set package 'host_listener_package' build argument 'cmake_force_configure' from command line to 'False'
[0.345s] Level 5:colcon.colcon_core.verb:set package 'host_listener_package' build argument 'ament_cmake_args' from command line to 'None'
[0.345s] Level 5:colcon.colcon_core.verb:set package 'host_listener_package' build argument 'catkin_cmake_args' from command line to 'None'
[0.345s] Level 5:colcon.colcon_core.verb:set package 'host_listener_package' build argument 'catkin_skip_building_tests' from command line to 'False'
[0.345s] DEBUG:colcon.colcon_core.verb:Building package 'host_listener_package' with the following arguments: {'ament_cmake_args': None, 'build_base': '/home/keny/MANOS_ws/build/host_listener_package', 'catkin_cmake_args': None, 'catkin_skip_building_tests': False, 'cmake_args': None, 'cmake_clean_cache': False, 'cmake_clean_first': False, 'cmake_force_configure': False, 'cmake_target': None, 'cmake_target_skip_unavailable': False, 'install_base': '/home/keny/MANOS_ws/install/host_listener_package', 'merge_install': False, 'path': '/home/keny/MANOS_ws/src/host_listener_package', 'symlink_install': False, 'test_result_base': None}
[0.347s] Level 5:colcon.colcon_core.verb:set package 'manos_manager' build argument 'cmake_args' from command line to 'None'
[0.347s] Level 5:colcon.colcon_core.verb:set package 'manos_manager' build argument 'cmake_target' from command line to 'None'
[0.347s] Level 5:colcon.colcon_core.verb:set package 'manos_manager' build argument 'cmake_target_skip_unavailable' from command line to 'False'
[0.347s] Level 5:colcon.colcon_core.verb:set package 'manos_manager' build argument 'cmake_clean_cache' from command line to 'False'
[0.347s] Level 5:colcon.colcon_core.verb:set package 'manos_manager' build argument 'cmake_clean_first' from command line to 'False'
[0.347s] Level 5:colcon.colcon_core.verb:set package 'manos_manager' build argument 'cmake_force_configure' from command line to 'False'
[0.347s] Level 5:colcon.colcon_core.verb:set package 'manos_manager' build argument 'ament_cmake_args' from command line to 'None'
[0.347s] Level 5:colcon.colcon_core.verb:set package 'manos_manager' build argument 'catkin_cmake_args' from command line to 'None'
[0.347s] Level 5:colcon.colcon_core.verb:set package 'manos_manager' build argument 'catkin_skip_building_tests' from command line to 'False'
[0.347s] DEBUG:colcon.colcon_core.verb:Building package 'manos_manager' with the following arguments: {'ament_cmake_args': None, 'build_base': '/home/keny/MANOS_ws/build/manos_manager', 'catkin_cmake_args': None, 'catkin_skip_building_tests': False, 'cmake_args': None, 'cmake_clean_cache': False, 'cmake_clean_first': False, 'cmake_force_configure': False, 'cmake_target': None, 'cmake_target_skip_unavailable': False, 'install_base': '/home/keny/MANOS_ws/install/manos_manager', 'merge_install': False, 'path': '/home/keny/MANOS_ws/src/manos_manager', 'symlink_install': False, 'test_result_base': None}
[0.348s] INFO:colcon.colcon_core.executor:Executing jobs using 'parallel' executor
[0.358s] DEBUG:colcon.colcon_parallel_executor.executor.parallel:run_until_complete
[0.358s] INFO:colcon.colcon_ros.task.ament_cmake.build:Building ROS package in '/home/keny/MANOS_ws/src/custom_msg' with build type 'ament_cmake'
[0.358s] INFO:colcon.colcon_cmake.task.cmake.build:Building CMake package in '/home/keny/MANOS_ws/src/custom_msg'
[0.364s] INFO:colcon.colcon_core.plugin_system:Skipping extension 'colcon_core.shell.bat': Not used on non-Windows systems
[0.365s] INFO:colcon.colcon_core.shell:Skip shell extension 'powershell' for command environment: Not usable outside of PowerShell
[0.365s] DEBUG:colcon.colcon_core.shell:Skip shell extension 'dsv' for command environment
[0.372s] INFO:colcon.colcon_ros.task.ament_python.build:Building ROS package in '/home/keny/MANOS_ws/src/custom_ros_controller' with build type 'ament_python'
[0.373s] Level 1:colcon.colcon_core.shell:create_environment_hook('custom_ros_controller', 'ament_prefix_path')
[0.376s] INFO:colcon.colcon_core.shell:Creating environment hook '/home/keny/MANOS_ws/install/custom_ros_controller/share/custom_ros_controller/hook/ament_prefix_path.ps1'
[0.377s] INFO:colcon.colcon_core.shell:Creating environment descriptor '/home/keny/MANOS_ws/install/custom_ros_controller/share/custom_ros_controller/hook/ament_prefix_path.dsv'
[0.378s] INFO:colcon.colcon_core.shell:Creating environment hook '/home/keny/MANOS_ws/install/custom_ros_controller/share/custom_ros_controller/hook/ament_prefix_path.sh'
[0.381s] INFO:colcon.colcon_core.shell:Skip shell extension 'powershell' for command environment: Not usable outside of PowerShell
[0.381s] DEBUG:colcon.colcon_core.shell:Skip shell extension 'dsv' for command environment
[0.398s] DEBUG:colcon.colcon_core.event_handler.log_command:Invoking command in '/home/keny/MANOS_ws/build/custom_msg': CMAKE_PREFIX_PATH=${CMAKE_PREFIX_PATH}:/home/keny/MANOS_ws/install/manos_manager:/home/keny/MANOS_ws/install/host_listener_package:/home/keny/MANOS_ws/install/hand_detector:/home/keny/MANOS_ws/install/custom_ros_controller:/home/keny/MANOS_ws/install/castelet:/home/keny/MANOS_ws/install/camera:/home/keny/MANOS_ws/install/CustomRosController:/opt/ros/galactic /usr/bin/cmake --build /home/keny/MANOS_ws/build/custom_msg -- -j16 -l16
[0.671s] INFO:colcon.colcon_core.task.python.build:Building Python package in '/home/keny/MANOS_ws/src/custom_ros_controller'
[0.675s] INFO:colcon.colcon_core.shell:Skip shell extension 'powershell' for command environment: Not usable outside of PowerShell
[0.675s] DEBUG:colcon.colcon_core.shell:Skip shell extension 'dsv' for command environment
[0.684s] DEBUG:colcon.colcon_core.event_handler.log_command:Invoked command in '/home/keny/MANOS_ws/build/custom_msg' returned '0': CMAKE_PREFIX_PATH=${CMAKE_PREFIX_PATH}:/home/keny/MANOS_ws/install/manos_manager:/home/keny/MANOS_ws/install/host_listener_package:/home/keny/MANOS_ws/install/hand_detector:/home/keny/MANOS_ws/install/custom_ros_controller:/home/keny/MANOS_ws/install/castelet:/home/keny/MANOS_ws/install/camera:/home/keny/MANOS_ws/install/CustomRosController:/opt/ros/galactic /usr/bin/cmake --build /home/keny/MANOS_ws/build/custom_msg -- -j16 -l16
[0.739s] DEBUG:colcon.colcon_core.event_handler.log_command:Invoking command in '/home/keny/MANOS_ws/build/custom_msg': CMAKE_PREFIX_PATH=${CMAKE_PREFIX_PATH}:/home/keny/MANOS_ws/install/manos_manager:/home/keny/MANOS_ws/install/host_listener_package:/home/keny/MANOS_ws/install/hand_detector:/home/keny/MANOS_ws/install/custom_ros_controller:/home/keny/MANOS_ws/install/castelet:/home/keny/MANOS_ws/install/camera:/home/keny/MANOS_ws/install/CustomRosController:/opt/ros/galactic /usr/bin/cmake --install /home/keny/MANOS_ws/build/custom_msg
[0.796s] Level 1:colcon.colcon_core.environment:create_environment_scripts_only(custom_msg)
[0.797s] DEBUG:colcon.colcon_core.event_handler.log_command:Invoked command in '/home/keny/MANOS_ws/build/custom_msg' returned '0': CMAKE_PREFIX_PATH=${CMAKE_PREFIX_PATH}:/home/keny/MANOS_ws/install/manos_manager:/home/keny/MANOS_ws/install/host_listener_package:/home/keny/MANOS_ws/install/hand_detector:/home/keny/MANOS_ws/install/custom_ros_controller:/home/keny/MANOS_ws/install/castelet:/home/keny/MANOS_ws/install/camera:/home/keny/MANOS_ws/install/CustomRosController:/opt/ros/galactic /usr/bin/cmake --install /home/keny/MANOS_ws/build/custom_msg
[0.804s] Level 1:colcon.colcon_core.environment:checking '/home/keny/MANOS_ws/install/custom_msg' for CMake module files
[0.805s] Level 1:colcon.colcon_core.environment:checking '/home/keny/MANOS_ws/install/custom_msg' for CMake config files
[0.805s] Level 1:colcon.colcon_core.shell:create_environment_hook('custom_msg', 'cmake_prefix_path')
[0.809s] INFO:colcon.colcon_core.shell:Creating environment hook '/home/keny/MANOS_ws/install/custom_msg/share/custom_msg/hook/cmake_prefix_path.ps1'
[0.809s] INFO:colcon.colcon_core.shell:Creating environment descriptor '/home/keny/MANOS_ws/install/custom_msg/share/custom_msg/hook/cmake_prefix_path.dsv'
[0.809s] INFO:colcon.colcon_core.shell:Creating environment hook '/home/keny/MANOS_ws/install/custom_msg/share/custom_msg/hook/cmake_prefix_path.sh'
[0.810s] Level 1:colcon.colcon_core.environment:checking '/home/keny/MANOS_ws/install/custom_msg/lib'
[0.810s] Level 1:colcon.colcon_core.shell:create_environment_hook('custom_msg', 'ld_library_path_lib')
[0.814s] INFO:colcon.colcon_core.shell:Creating environment hook '/home/keny/MANOS_ws/install/custom_msg/share/custom_msg/hook/ld_library_path_lib.ps1'
[0.815s] INFO:colcon.colcon_core.shell:Creating environment descriptor '/home/keny/MANOS_ws/install/custom_msg/share/custom_msg/hook/ld_library_path_lib.dsv'
[0.815s] INFO:colcon.colcon_core.shell:Creating environment hook '/home/keny/MANOS_ws/install/custom_msg/share/custom_msg/hook/ld_library_path_lib.sh'
[0.815s] Level 1:colcon.colcon_core.environment:checking '/home/keny/MANOS_ws/install/custom_msg/bin'
[0.815s] Level 1:colcon.colcon_core.environment:checking '/home/keny/MANOS_ws/install/custom_msg/lib/pkgconfig/custom_msg.pc'
[0.816s] Level 1:colcon.colcon_core.environment:checking '/home/keny/MANOS_ws/install/custom_msg/lib/python3.8/site-packages'
[0.816s] Level 1:colcon.colcon_core.shell:create_environment_hook('custom_msg', 'pythonpath')
[0.819s] INFO:colcon.colcon_core.shell:Creating environment hook '/home/keny/MANOS_ws/install/custom_msg/share/custom_msg/hook/pythonpath.ps1'
[0.820s] INFO:colcon.colcon_core.shell:Creating environment descriptor '/home/keny/MANOS_ws/install/custom_msg/share/custom_msg/hook/pythonpath.dsv'
[0.820s] INFO:colcon.colcon_core.shell:Creating environment hook '/home/keny/MANOS_ws/install/custom_msg/share/custom_msg/hook/pythonpath.sh'
[0.821s] Level 1:colcon.colcon_core.environment:checking '/home/keny/MANOS_ws/install/custom_msg/bin'
[0.824s] INFO:colcon.colcon_core.shell:Creating package script '/home/keny/MANOS_ws/install/custom_msg/share/custom_msg/package.ps1'
[0.825s] INFO:colcon.colcon_core.shell:Creating package descriptor '/home/keny/MANOS_ws/install/custom_msg/share/custom_msg/package.dsv'
[0.826s] INFO:colcon.colcon_core.shell:Creating package script '/home/keny/MANOS_ws/install/custom_msg/share/custom_msg/package.sh'
[0.827s] INFO:colcon.colcon_core.shell:Creating package script '/home/keny/MANOS_ws/install/custom_msg/share/custom_msg/package.bash'
[0.827s] INFO:colcon.colcon_core.shell:Creating package script '/home/keny/MANOS_ws/install/custom_msg/share/custom_msg/package.zsh'
[0.828s] Level 1:colcon.colcon_core.environment:create_file_with_runtime_dependencies(/home/keny/MANOS_ws/install/custom_msg/share/colcon-core/packages/custom_msg)
[0.880s] Level 1:colcon.colcon_core.environment:create_environment_scripts_only(custom_msg)
[0.884s] Level 1:colcon.colcon_core.environment:checking '/home/keny/MANOS_ws/install/custom_msg' for CMake module files
[0.885s] Level 1:colcon.colcon_core.environment:checking '/home/keny/MANOS_ws/install/custom_msg' for CMake config files
[0.886s] Level 1:colcon.colcon_core.shell:create_environment_hook('custom_msg', 'cmake_prefix_path')
[0.890s] INFO:colcon.colcon_core.shell:Creating environment hook '/home/keny/MANOS_ws/install/custom_msg/share/custom_msg/hook/cmake_prefix_path.ps1'
[0.890s] INFO:colcon.colcon_core.shell:Creating environment descriptor '/home/keny/MANOS_ws/install/custom_msg/share/custom_msg/hook/cmake_prefix_path.dsv'
[0.891s] INFO:colcon.colcon_core.shell:Creating environment hook '/home/keny/MANOS_ws/install/custom_msg/share/custom_msg/hook/cmake_prefix_path.sh'
[0.892s] Level 1:colcon.colcon_core.environment:checking '/home/keny/MANOS_ws/install/custom_msg/lib'
[0.892s] Level 1:colcon.colcon_core.shell:create_environment_hook('custom_msg', 'ld_library_path_lib')
[0.895s] INFO:colcon.colcon_core.shell:Creating environment hook '/home/keny/MANOS_ws/install/custom_msg/share/custom_msg/hook/ld_library_path_lib.ps1'
[0.895s] INFO:colcon.colcon_core.shell:Creating environment descriptor '/home/keny/MANOS_ws/install/custom_msg/share/custom_msg/hook/ld_library_path_lib.dsv'
[0.896s] INFO:colcon.colcon_core.shell:Creating environment hook '/home/keny/MANOS_ws/install/custom_msg/share/custom_msg/hook/ld_library_path_lib.sh'
[0.896s] Level 1:colcon.colcon_core.environment:checking '/home/keny/MANOS_ws/install/custom_msg/bin'
[0.896s] Level 1:colcon.colcon_core.environment:checking '/home/keny/MANOS_ws/install/custom_msg/lib/pkgconfig/custom_msg.pc'
[0.897s] Level 1:colcon.colcon_core.environment:checking '/home/keny/MANOS_ws/install/custom_msg/lib/python3.8/site-packages'
[0.897s] Level 1:colcon.colcon_core.shell:create_environment_hook('custom_msg', 'pythonpath')
[0.900s] INFO:colcon.colcon_core.shell:Creating environment hook '/home/keny/MANOS_ws/install/custom_msg/share/custom_msg/hook/pythonpath.ps1'
[0.900s] INFO:colcon.colcon_core.shell:Creating environment descriptor '/home/keny/MANOS_ws/install/custom_msg/share/custom_msg/hook/pythonpath.dsv'
[0.900s] INFO:colcon.colcon_core.shell:Creating environment hook '/home/keny/MANOS_ws/install/custom_msg/share/custom_msg/hook/pythonpath.sh'
[0.901s] Level 1:colcon.colcon_core.environment:checking '/home/keny/MANOS_ws/install/custom_msg/bin'
[0.904s] INFO:colcon.colcon_core.shell:Creating package script '/home/keny/MANOS_ws/install/custom_msg/share/custom_msg/package.ps1'
[0.905s] INFO:colcon.colcon_core.shell:Creating package descriptor '/home/keny/MANOS_ws/install/custom_msg/share/custom_msg/package.dsv'
[0.905s] INFO:colcon.colcon_core.shell:Creating package script '/home/keny/MANOS_ws/install/custom_msg/share/custom_msg/package.sh'
[0.906s] INFO:colcon.colcon_core.shell:Creating package script '/home/keny/MANOS_ws/install/custom_msg/share/custom_msg/package.bash'
[0.906s] INFO:colcon.colcon_core.shell:Creating package script '/home/keny/MANOS_ws/install/custom_msg/share/custom_msg/package.zsh'
[0.907s] Level 1:colcon.colcon_core.environment:create_file_with_runtime_dependencies(/home/keny/MANOS_ws/install/custom_msg/share/colcon-core/packages/custom_msg)
[0.907s] INFO:colcon.colcon_ros.task.ament_python.build:Building ROS package in '/home/keny/MANOS_ws/src/camera' with build type 'ament_python'
[0.908s] Level 1:colcon.colcon_core.shell:create_environment_hook('camera', 'ament_prefix_path')
[0.911s] INFO:colcon.colcon_core.shell:Creating environment hook '/home/keny/MANOS_ws/install/camera/share/camera/hook/ament_prefix_path.ps1'
[0.912s] INFO:colcon.colcon_core.shell:Creating environment descriptor '/home/keny/MANOS_ws/install/camera/share/camera/hook/ament_prefix_path.dsv'
[0.912s] INFO:colcon.colcon_core.shell:Creating environment hook '/home/keny/MANOS_ws/install/camera/share/camera/hook/ament_prefix_path.sh'
[0.916s] INFO:colcon.colcon_core.shell:Skip shell extension 'powershell' for command environment: Not usable outside of PowerShell
[0.916s] DEBUG:colcon.colcon_core.shell:Skip shell extension 'dsv' for command environment
[0.926s] INFO:colcon.colcon_ros.task.ament_python.build:Building ROS package in '/home/keny/MANOS_ws/src/castelet' with build type 'ament_python'
[0.926s] Level 1:colcon.colcon_core.shell:create_environment_hook('castelet', 'ament_prefix_path')
[0.930s] INFO:colcon.colcon_core.shell:Creating environment hook '/home/keny/MANOS_ws/install/castelet/share/castelet/hook/ament_prefix_path.ps1'
[0.931s] INFO:colcon.colcon_core.shell:Creating environment descriptor '/home/keny/MANOS_ws/install/castelet/share/castelet/hook/ament_prefix_path.dsv'
[0.932s] INFO:colcon.colcon_core.shell:Creating environment hook '/home/keny/MANOS_ws/install/castelet/share/castelet/hook/ament_prefix_path.sh'
[0.935s] INFO:colcon.colcon_core.shell:Skip shell extension 'powershell' for command environment: Not usable outside of PowerShell
[0.935s] DEBUG:colcon.colcon_core.shell:Skip shell extension 'dsv' for command environment
[0.943s] INFO:colcon.colcon_ros.task.ament_python.build:Building ROS package in '/home/keny/MANOS_ws/src/hand_detector' with build type 'ament_python'
[0.944s] Level 1:colcon.colcon_core.shell:create_environment_hook('hand_detector', 'ament_prefix_path')
[0.948s] INFO:colcon.colcon_core.shell:Creating environment hook '/home/keny/MANOS_ws/install/hand_detector/share/hand_detector/hook/ament_prefix_path.ps1'
[0.949s] INFO:colcon.colcon_core.shell:Creating environment descriptor '/home/keny/MANOS_ws/install/hand_detector/share/hand_detector/hook/ament_prefix_path.dsv'
[0.949s] INFO:colcon.colcon_core.shell:Creating environment hook '/home/keny/MANOS_ws/install/hand_detector/share/hand_detector/hook/ament_prefix_path.sh'
[0.953s] INFO:colcon.colcon_core.shell:Skip shell extension 'powershell' for command environment: Not usable outside of PowerShell
[0.953s] DEBUG:colcon.colcon_core.shell:Skip shell extension 'dsv' for command environment
[0.965s] INFO:colcon.colcon_ros.task.ament_python.build:Building ROS package in '/home/keny/MANOS_ws/src/host_listener_package' with build type 'ament_python'
[0.965s] Level 1:colcon.colcon_core.shell:create_environment_hook('host_listener_package', 'ament_prefix_path')
[0.971s] INFO:colcon.colcon_core.shell:Creating environment hook '/home/keny/MANOS_ws/install/host_listener_package/share/host_listener_package/hook/ament_prefix_path.ps1'
[0.972s] INFO:colcon.colcon_core.shell:Creating environment descriptor '/home/keny/MANOS_ws/install/host_listener_package/share/host_listener_package/hook/ament_prefix_path.dsv'
[0.973s] INFO:colcon.colcon_core.shell:Creating environment hook '/home/keny/MANOS_ws/install/host_listener_package/share/host_listener_package/hook/ament_prefix_path.sh'
[0.978s] INFO:colcon.colcon_core.shell:Skip shell extension 'powershell' for command environment: Not usable outside of PowerShell
[0.979s] DEBUG:colcon.colcon_core.shell:Skip shell extension 'dsv' for command environment
[0.989s] INFO:colcon.colcon_ros.task.ament_python.build:Building ROS package in '/home/keny/MANOS_ws/src/manos_manager' with build type 'ament_python'
[0.990s] Level 1:colcon.colcon_core.shell:create_environment_hook('manos_manager', 'ament_prefix_path')
[0.994s] INFO:colcon.colcon_core.shell:Creating environment hook '/home/keny/MANOS_ws/install/manos_manager/share/manos_manager/hook/ament_prefix_path.ps1'
[0.995s] INFO:colcon.colcon_core.shell:Creating environment descriptor '/home/keny/MANOS_ws/install/manos_manager/share/manos_manager/hook/ament_prefix_path.dsv'
[0.996s] INFO:colcon.colcon_core.shell:Creating environment hook '/home/keny/MANOS_ws/install/manos_manager/share/manos_manager/hook/ament_prefix_path.sh'
[0.999s] INFO:colcon.colcon_core.shell:Skip shell extension 'powershell' for command environment: Not usable outside of PowerShell
[1.000s] DEBUG:colcon.colcon_core.shell:Skip shell extension 'dsv' for command environment
[1.292s] INFO:colcon.colcon_core.task.python.build:Building Python package in '/home/keny/MANOS_ws/src/camera'
[1.296s] INFO:colcon.colcon_core.shell:Skip shell extension 'powershell' for command environment: Not usable outside of PowerShell
[1.296s] DEBUG:colcon.colcon_core.shell:Skip shell extension 'dsv' for command environment
[1.555s] INFO:colcon.colcon_core.task.python.build:Building Python package in '/home/keny/MANOS_ws/src/castelet'
[1.559s] INFO:colcon.colcon_core.shell:Skip shell extension 'powershell' for command environment: Not usable outside of PowerShell
[1.559s] DEBUG:colcon.colcon_core.shell:Skip shell extension 'dsv' for command environment
[1.822s] INFO:colcon.colcon_core.task.python.build:Building Python package in '/home/keny/MANOS_ws/src/hand_detector'
[1.826s] INFO:colcon.colcon_core.shell:Skip shell extension 'powershell' for command environment: Not usable outside of PowerShell
[1.826s] DEBUG:colcon.colcon_core.shell:Skip shell extension 'dsv' for command environment
[2.089s] INFO:colcon.colcon_core.task.python.build:Building Python package in '/home/keny/MANOS_ws/src/host_listener_package'
[2.093s] INFO:colcon.colcon_core.shell:Skip shell extension 'powershell' for command environment: Not usable outside of PowerShell
[2.094s] DEBUG:colcon.colcon_core.shell:Skip shell extension 'dsv' for command environment
[2.355s] INFO:colcon.colcon_core.task.python.build:Building Python package in '/home/keny/MANOS_ws/src/manos_manager'
[2.358s] INFO:colcon.colcon_core.shell:Skip shell extension 'powershell' for command environment: Not usable outside of PowerShell
[2.358s] DEBUG:colcon.colcon_core.shell:Skip shell extension 'dsv' for command environment
[2.373s] DEBUG:colcon.colcon_core.event_handler.log_command:Invoking command in '/home/keny/MANOS_ws/src/custom_ros_controller': PYTHONPATH=/home/keny/MANOS_ws/build/custom_ros_controller/prefix_override:/home/keny/MANOS_ws/install/custom_ros_controller/lib/python3.8/site-packages:${PYTHONPATH} /usr/bin/python3 setup.py egg_info --egg-base ../../build/custom_ros_controller build --build-base /home/keny/MANOS_ws/build/custom_ros_controller/build install --record /home/keny/MANOS_ws/build/custom_ros_controller/install.log --single-version-externally-managed
[2.807s] Level 1:colcon.colcon_core.environment:checking '/home/keny/MANOS_ws/install/custom_ros_controller' for CMake module files
[2.808s] DEBUG:colcon.colcon_core.event_handler.log_command:Invoked command in '/home/keny/MANOS_ws/src/custom_ros_controller' returned '0': PYTHONPATH=/home/keny/MANOS_ws/build/custom_ros_controller/prefix_override:/home/keny/MANOS_ws/install/custom_ros_controller/lib/python3.8/site-packages:${PYTHONPATH} /usr/bin/python3 setup.py egg_info --egg-base ../../build/custom_ros_controller build --build-base /home/keny/MANOS_ws/build/custom_ros_controller/build install --record /home/keny/MANOS_ws/build/custom_ros_controller/install.log --single-version-externally-managed
[2.809s] Level 1:colcon.colcon_core.environment:checking '/home/keny/MANOS_ws/install/custom_ros_controller' for CMake config files
[2.810s] Level 1:colcon.colcon_core.environment:checking '/home/keny/MANOS_ws/install/custom_ros_controller/lib'
[2.810s] Level 1:colcon.colcon_core.environment:checking '/home/keny/MANOS_ws/install/custom_ros_controller/bin'
[2.810s] Level 1:colcon.colcon_core.environment:checking '/home/keny/MANOS_ws/install/custom_ros_controller/lib/pkgconfig/custom_ros_controller.pc'
[2.810s] Level 1:colcon.colcon_core.environment:checking '/home/keny/MANOS_ws/install/custom_ros_controller/lib/python3.8/site-packages'
[2.811s] Level 1:colcon.colcon_core.shell:create_environment_hook('custom_ros_controller', 'pythonpath')
[2.817s] INFO:colcon.colcon_core.shell:Creating environment hook '/home/keny/MANOS_ws/install/custom_ros_controller/share/custom_ros_controller/hook/pythonpath.ps1'
[2.818s] INFO:colcon.colcon_core.shell:Creating environment descriptor '/home/keny/MANOS_ws/install/custom_ros_controller/share/custom_ros_controller/hook/pythonpath.dsv'
[2.819s] INFO:colcon.colcon_core.shell:Creating environment hook '/home/keny/MANOS_ws/install/custom_ros_controller/share/custom_ros_controller/hook/pythonpath.sh'
[2.819s] Level 1:colcon.colcon_core.environment:checking '/home/keny/MANOS_ws/install/custom_ros_controller/bin'
[2.820s] Level 1:colcon.colcon_core.environment:create_environment_scripts_only(custom_ros_controller)
[2.826s] INFO:colcon.colcon_core.shell:Creating package script '/home/keny/MANOS_ws/install/custom_ros_controller/share/custom_ros_controller/package.ps1'
[2.827s] INFO:colcon.colcon_core.shell:Creating package descriptor '/home/keny/MANOS_ws/install/custom_ros_controller/share/custom_ros_controller/package.dsv'
[2.827s] INFO:colcon.colcon_core.shell:Creating package script '/home/keny/MANOS_ws/install/custom_ros_controller/share/custom_ros_controller/package.sh'
[2.828s] INFO:colcon.colcon_core.shell:Creating package script '/home/keny/MANOS_ws/install/custom_ros_controller/share/custom_ros_controller/package.bash'
[2.829s] INFO:colcon.colcon_core.shell:Creating package script '/home/keny/MANOS_ws/install/custom_ros_controller/share/custom_ros_controller/package.zsh'
[2.830s] Level 1:colcon.colcon_core.environment:create_file_with_runtime_dependencies(/home/keny/MANOS_ws/install/custom_ros_controller/share/colcon-core/packages/custom_ros_controller)
[2.891s] DEBUG:colcon.colcon_core.event_handler.log_command:Invoking command in '/home/keny/MANOS_ws/src/camera': PYTHONPATH=/home/keny/MANOS_ws/build/camera/prefix_override:/home/keny/MANOS_ws/install/camera/lib/python3.8/site-packages:/home/keny/MANOS_ws/install/custom_msg/lib/python3.8/site-packages:/home/keny/MANOS_ws/install/manos_manager/lib/python3.8/site-packages:/home/keny/MANOS_ws/install/host_listener_package/lib/python3.8/site-packages:/home/keny/MANOS_ws/install/hand_detector/lib/python3.8/site-packages:/home/keny/MANOS_ws/install/custom_ros_controller/lib/python3.8/site-packages:/home/keny/MANOS_ws/install/castelet/lib/python3.8/site-packages:/home/keny/MANOS_ws/install/camera/lib/python3.8/site-packages:/home/keny/MANOS_ws/install/CustomRosController/lib/python3.8/site-packages:/opt/ros/galactic/lib/python3.8/site-packages:/home/keny/acs/src/behaviors/ /usr/bin/python3 setup.py egg_info --egg-base ../../build/camera build --build-base /home/keny/MANOS_ws/build/camera/build install --record /home/keny/MANOS_ws/build/camera/install.log --single-version-externally-managed
[2.913s] DEBUG:colcon.colcon_core.event_handler.log_command:Invoking command in '/home/keny/MANOS_ws/src/hand_detector': PYTHONPATH=/home/keny/MANOS_ws/build/hand_detector/prefix_override:/home/keny/MANOS_ws/install/hand_detector/lib/python3.8/site-packages:/home/keny/MANOS_ws/install/custom_msg/lib/python3.8/site-packages:/home/keny/MANOS_ws/install/manos_manager/lib/python3.8/site-packages:/home/keny/MANOS_ws/install/host_listener_package/lib/python3.8/site-packages:/home/keny/MANOS_ws/install/hand_detector/lib/python3.8/site-packages:/home/keny/MANOS_ws/install/custom_ros_controller/lib/python3.8/site-packages:/home/keny/MANOS_ws/install/castelet/lib/python3.8/site-packages:/home/keny/MANOS_ws/install/camera/lib/python3.8/site-packages:/home/keny/MANOS_ws/install/CustomRosController/lib/python3.8/site-packages:/opt/ros/galactic/lib/python3.8/site-packages:/home/keny/acs/src/behaviors/ /usr/bin/python3 setup.py egg_info --egg-base ../../build/hand_detector build --build-base /home/keny/MANOS_ws/build/hand_detector/build install --record /home/keny/MANOS_ws/build/hand_detector/install.log --single-version-externally-managed
[2.943s] DEBUG:colcon.colcon_core.event_handler.log_command:Invoking command in '/home/keny/MANOS_ws/src/host_listener_package': PYTHONPATH=/home/keny/MANOS_ws/build/host_listener_package/prefix_override:/home/keny/MANOS_ws/install/host_listener_package/lib/python3.8/site-packages:/home/keny/MANOS_ws/install/custom_msg/lib/python3.8/site-packages:/home/keny/MANOS_ws/install/manos_manager/lib/python3.8/site-packages:/home/keny/MANOS_ws/install/host_listener_package/lib/python3.8/site-packages:/home/keny/MANOS_ws/install/hand_detector/lib/python3.8/site-packages:/home/keny/MANOS_ws/install/custom_ros_controller/lib/python3.8/site-packages:/home/keny/MANOS_ws/install/castelet/lib/python3.8/site-packages:/home/keny/MANOS_ws/install/camera/lib/python3.8/site-packages:/home/keny/MANOS_ws/install/CustomRosController/lib/python3.8/site-packages:/opt/ros/galactic/lib/python3.8/site-packages:/home/keny/acs/src/behaviors/ /usr/bin/python3 setup.py egg_info --egg-base ../../build/host_listener_package build --build-base /home/keny/MANOS_ws/build/host_listener_package/build install --record /home/keny/MANOS_ws/build/host_listener_package/install.log --single-version-externally-managed
[2.978s] DEBUG:colcon.colcon_core.event_handler.log_command:Invoking command in '/home/keny/MANOS_ws/src/castelet': PYTHONPATH=/home/keny/MANOS_ws/build/castelet/prefix_override:/home/keny/MANOS_ws/install/castelet/lib/python3.8/site-packages:/home/keny/MANOS_ws/install/custom_msg/lib/python3.8/site-packages:/home/keny/MANOS_ws/install/manos_manager/lib/python3.8/site-packages:/home/keny/MANOS_ws/install/host_listener_package/lib/python3.8/site-packages:/home/keny/MANOS_ws/install/hand_detector/lib/python3.8/site-packages:/home/keny/MANOS_ws/install/custom_ros_controller/lib/python3.8/site-packages:/home/keny/MANOS_ws/install/castelet/lib/python3.8/site-packages:/home/keny/MANOS_ws/install/camera/lib/python3.8/site-packages:/home/keny/MANOS_ws/install/CustomRosController/lib/python3.8/site-packages:/opt/ros/galactic/lib/python3.8/site-packages:/home/keny/acs/src/behaviors/ /usr/bin/python3 setup.py egg_info --egg-base ../../build/castelet build --build-base /home/keny/MANOS_ws/build/castelet/build install --record /home/keny/MANOS_ws/build/castelet/install.log --single-version-externally-managed
[2.987s] DEBUG:colcon.colcon_core.event_handler.log_command:Invoking command in '/home/keny/MANOS_ws/src/manos_manager': PYTHONPATH=/home/keny/MANOS_ws/build/manos_manager/prefix_override:/home/keny/MANOS_ws/install/manos_manager/lib/python3.8/site-packages:/home/keny/MANOS_ws/install/custom_msg/lib/python3.8/site-packages:/home/keny/MANOS_ws/install/manos_manager/lib/python3.8/site-packages:/home/keny/MANOS_ws/install/host_listener_package/lib/python3.8/site-packages:/home/keny/MANOS_ws/install/hand_detector/lib/python3.8/site-packages:/home/keny/MANOS_ws/install/custom_ros_controller/lib/python3.8/site-packages:/home/keny/MANOS_ws/install/castelet/lib/python3.8/site-packages:/home/keny/MANOS_ws/install/camera/lib/python3.8/site-packages:/home/keny/MANOS_ws/install/CustomRosController/lib/python3.8/site-packages:/opt/ros/galactic/lib/python3.8/site-packages:/home/keny/acs/src/behaviors/ /usr/bin/python3 setup.py egg_info --egg-base ../../build/manos_manager build --build-base /home/keny/MANOS_ws/build/manos_manager/build install --record /home/keny/MANOS_ws/build/manos_manager/install.log --single-version-externally-managed
[3.309s] Level 1:colcon.colcon_core.environment:checking '/home/keny/MANOS_ws/install/camera' for CMake module files
[3.311s] DEBUG:colcon.colcon_core.event_handler.log_command:Invoked command in '/home/keny/MANOS_ws/src/camera' returned '0': PYTHONPATH=/home/keny/MANOS_ws/build/camera/prefix_override:/home/keny/MANOS_ws/install/camera/lib/python3.8/site-packages:/home/keny/MANOS_ws/install/custom_msg/lib/python3.8/site-packages:/home/keny/MANOS_ws/install/manos_manager/lib/python3.8/site-packages:/home/keny/MANOS_ws/install/host_listener_package/lib/python3.8/site-packages:/home/keny/MANOS_ws/install/hand_detector/lib/python3.8/site-packages:/home/keny/MANOS_ws/install/custom_ros_controller/lib/python3.8/site-packages:/home/keny/MANOS_ws/install/castelet/lib/python3.8/site-packages:/home/keny/MANOS_ws/install/camera/lib/python3.8/site-packages:/home/keny/MANOS_ws/install/CustomRosController/lib/python3.8/site-packages:/opt/ros/galactic/lib/python3.8/site-packages:/home/keny/acs/src/behaviors/ /usr/bin/python3 setup.py egg_info --egg-base ../../build/camera build --build-base /home/keny/MANOS_ws/build/camera/build install --record /home/keny/MANOS_ws/build/camera/install.log --single-version-externally-managed
[3.312s] Level 1:colcon.colcon_core.environment:checking '/home/keny/MANOS_ws/install/camera' for CMake config files
[3.313s] Level 1:colcon.colcon_core.environment:checking '/home/keny/MANOS_ws/install/camera/lib'
[3.313s] Level 1:colcon.colcon_core.environment:checking '/home/keny/MANOS_ws/install/camera/bin'
[3.313s] Level 1:colcon.colcon_core.environment:checking '/home/keny/MANOS_ws/install/camera/lib/pkgconfig/camera.pc'
[3.314s] Level 1:colcon.colcon_core.environment:checking '/home/keny/MANOS_ws/install/camera/lib/python3.8/site-packages'
[3.314s] Level 1:colcon.colcon_core.shell:create_environment_hook('camera', 'pythonpath')
[3.321s] INFO:colcon.colcon_core.shell:Creating environment hook '/home/keny/MANOS_ws/install/camera/share/camera/hook/pythonpath.ps1'
[3.322s] INFO:colcon.colcon_core.shell:Creating environment descriptor '/home/keny/MANOS_ws/install/camera/share/camera/hook/pythonpath.dsv'
[3.323s] INFO:colcon.colcon_core.shell:Creating environment hook '/home/keny/MANOS_ws/install/camera/share/camera/hook/pythonpath.sh'
[3.324s] Level 1:colcon.colcon_core.environment:checking '/home/keny/MANOS_ws/install/camera/bin'
[3.324s] Level 1:colcon.colcon_core.environment:create_environment_scripts_only(camera)
[3.331s] INFO:colcon.colcon_core.shell:Creating package script '/home/keny/MANOS_ws/install/camera/share/camera/package.ps1'
[3.332s] INFO:colcon.colcon_core.shell:Creating package descriptor '/home/keny/MANOS_ws/install/camera/share/camera/package.dsv'
[3.333s] INFO:colcon.colcon_core.shell:Creating package script '/home/keny/MANOS_ws/install/camera/share/camera/package.sh'
[3.333s] INFO:colcon.colcon_core.shell:Creating package script '/home/keny/MANOS_ws/install/camera/share/camera/package.bash'
[3.334s] INFO:colcon.colcon_core.shell:Creating package script '/home/keny/MANOS_ws/install/camera/share/camera/package.zsh'
[3.334s] Level 1:colcon.colcon_core.environment:create_file_with_runtime_dependencies(/home/keny/MANOS_ws/install/camera/share/colcon-core/packages/camera)
[3.345s] Level 1:colcon.colcon_core.environment:checking '/home/keny/MANOS_ws/install/hand_detector' for CMake module files
[3.346s] DEBUG:colcon.colcon_core.event_handler.log_command:Invoked command in '/home/keny/MANOS_ws/src/hand_detector' returned '0': PYTHONPATH=/home/keny/MANOS_ws/build/hand_detector/prefix_override:/home/keny/MANOS_ws/install/hand_detector/lib/python3.8/site-packages:/home/keny/MANOS_ws/install/custom_msg/lib/python3.8/site-packages:/home/keny/MANOS_ws/install/manos_manager/lib/python3.8/site-packages:/home/keny/MANOS_ws/install/host_listener_package/lib/python3.8/site-packages:/home/keny/MANOS_ws/install/hand_detector/lib/python3.8/site-packages:/home/keny/MANOS_ws/install/custom_ros_controller/lib/python3.8/site-packages:/home/keny/MANOS_ws/install/castelet/lib/python3.8/site-packages:/home/keny/MANOS_ws/install/camera/lib/python3.8/site-packages:/home/keny/MANOS_ws/install/CustomRosController/lib/python3.8/site-packages:/opt/ros/galactic/lib/python3.8/site-packages:/home/keny/acs/src/behaviors/ /usr/bin/python3 setup.py egg_info --egg-base ../../build/hand_detector build --build-base /home/keny/MANOS_ws/build/hand_detector/build install --record /home/keny/MANOS_ws/build/hand_detector/install.log --single-version-externally-managed
[3.347s] Level 1:colcon.colcon_core.environment:checking '/home/keny/MANOS_ws/install/hand_detector' for CMake config files
[3.348s] Level 1:colcon.colcon_core.environment:checking '/home/keny/MANOS_ws/install/hand_detector/lib'
[3.348s] Level 1:colcon.colcon_core.environment:checking '/home/keny/MANOS_ws/install/hand_detector/bin'
[3.348s] Level 1:colcon.colcon_core.environment:checking '/home/keny/MANOS_ws/install/hand_detector/lib/pkgconfig/hand_detector.pc'
[3.348s] Level 1:colcon.colcon_core.environment:checking '/home/keny/MANOS_ws/install/hand_detector/lib/python3.8/site-packages'
[3.349s] Level 1:colcon.colcon_core.shell:create_environment_hook('hand_detector', 'pythonpath')
[3.355s] INFO:colcon.colcon_core.shell:Creating environment hook '/home/keny/MANOS_ws/install/hand_detector/share/hand_detector/hook/pythonpath.ps1'
[3.356s] INFO:colcon.colcon_core.shell:Creating environment descriptor '/home/keny/MANOS_ws/install/hand_detector/share/hand_detector/hook/pythonpath.dsv'
[3.358s] INFO:colcon.colcon_core.shell:Creating environment hook '/home/keny/MANOS_ws/install/hand_detector/share/hand_detector/hook/pythonpath.sh'
[3.359s] Level 1:colcon.colcon_core.environment:checking '/home/keny/MANOS_ws/install/hand_detector/bin'
[3.359s] Level 1:colcon.colcon_core.environment:create_environment_scripts_only(hand_detector)
[3.366s] INFO:colcon.colcon_core.shell:Creating package script '/home/keny/MANOS_ws/install/hand_detector/share/hand_detector/package.ps1'
[3.368s] INFO:colcon.colcon_core.shell:Creating package descriptor '/home/keny/MANOS_ws/install/hand_detector/share/hand_detector/package.dsv'
[3.369s] INFO:colcon.colcon_core.shell:Creating package script '/home/keny/MANOS_ws/install/hand_detector/share/hand_detector/package.sh'
[3.369s] INFO:colcon.colcon_core.shell:Creating package script '/home/keny/MANOS_ws/install/hand_detector/share/hand_detector/package.bash'
[3.370s] INFO:colcon.colcon_core.shell:Creating package script '/home/keny/MANOS_ws/install/hand_detector/share/hand_detector/package.zsh'
[3.370s] Level 1:colcon.colcon_core.environment:create_file_with_runtime_dependencies(/home/keny/MANOS_ws/install/hand_detector/share/colcon-core/packages/hand_detector)
[3.381s] Level 1:colcon.colcon_core.environment:checking '/home/keny/MANOS_ws/install/host_listener_package' for CMake module files
[3.382s] DEBUG:colcon.colcon_core.event_handler.log_command:Invoked command in '/home/keny/MANOS_ws/src/host_listener_package' returned '0': PYTHONPATH=/home/keny/MANOS_ws/build/host_listener_package/prefix_override:/home/keny/MANOS_ws/install/host_listener_package/lib/python3.8/site-packages:/home/keny/MANOS_ws/install/custom_msg/lib/python3.8/site-packages:/home/keny/MANOS_ws/install/manos_manager/lib/python3.8/site-packages:/home/keny/MANOS_ws/install/host_listener_package/lib/python3.8/site-packages:/home/keny/MANOS_ws/install/hand_detector/lib/python3.8/site-packages:/home/keny/MANOS_ws/install/custom_ros_controller/lib/python3.8/site-packages:/home/keny/MANOS_ws/install/castelet/lib/python3.8/site-packages:/home/keny/MANOS_ws/install/camera/lib/python3.8/site-packages:/home/keny/MANOS_ws/install/CustomRosController/lib/python3.8/site-packages:/opt/ros/galactic/lib/python3.8/site-packages:/home/keny/acs/src/behaviors/ /usr/bin/python3 setup.py egg_info --egg-base ../../build/host_listener_package build --build-base /home/keny/MANOS_ws/build/host_listener_package/build install --record /home/keny/MANOS_ws/build/host_listener_package/install.log --single-version-externally-managed
[3.382s] Level 1:colcon.colcon_core.environment:checking '/home/keny/MANOS_ws/install/host_listener_package' for CMake config files
[3.383s] Level 1:colcon.colcon_core.environment:checking '/home/keny/MANOS_ws/install/host_listener_package/lib'
[3.383s] Level 1:colcon.colcon_core.environment:checking '/home/keny/MANOS_ws/install/host_listener_package/bin'
[3.384s] Level 1:colcon.colcon_core.environment:checking '/home/keny/MANOS_ws/install/host_listener_package/lib/pkgconfig/host_listener_package.pc'
[3.384s] Level 1:colcon.colcon_core.environment:checking '/home/keny/MANOS_ws/install/host_listener_package/lib/python3.8/site-packages'
[3.384s] Level 1:colcon.colcon_core.shell:create_environment_hook('host_listener_package', 'pythonpath')
[3.390s] INFO:colcon.colcon_core.shell:Creating environment hook '/home/keny/MANOS_ws/install/host_listener_package/share/host_listener_package/hook/pythonpath.ps1'
[3.390s] INFO:colcon.colcon_core.shell:Creating environment descriptor '/home/keny/MANOS_ws/install/host_listener_package/share/host_listener_package/hook/pythonpath.dsv'
[3.391s] INFO:colcon.colcon_core.shell:Creating environment hook '/home/keny/MANOS_ws/install/host_listener_package/share/host_listener_package/hook/pythonpath.sh'
[3.392s] Level 1:colcon.colcon_core.environment:checking '/home/keny/MANOS_ws/install/host_listener_package/bin'
[3.392s] Level 1:colcon.colcon_core.environment:create_environment_scripts_only(host_listener_package)
[3.400s] INFO:colcon.colcon_core.shell:Creating package script '/home/keny/MANOS_ws/install/host_listener_package/share/host_listener_package/package.ps1'
[3.400s] INFO:colcon.colcon_core.shell:Creating package descriptor '/home/keny/MANOS_ws/install/host_listener_package/share/host_listener_package/package.dsv'
[3.401s] INFO:colcon.colcon_core.shell:Creating package script '/home/keny/MANOS_ws/install/host_listener_package/share/host_listener_package/package.sh'
[3.402s] INFO:colcon.colcon_core.shell:Creating package script '/home/keny/MANOS_ws/install/host_listener_package/share/host_listener_package/package.bash'
[3.402s] INFO:colcon.colcon_core.shell:Creating package script '/home/keny/MANOS_ws/install/host_listener_package/share/host_listener_package/package.zsh'
[3.403s] Level 1:colcon.colcon_core.environment:create_file_with_runtime_dependencies(/home/keny/MANOS_ws/install/host_listener_package/share/colcon-core/packages/host_listener_package)
[3.420s] Level 1:colcon.colcon_core.environment:checking '/home/keny/MANOS_ws/install/castelet' for CMake module files
[3.421s] Level 1:colcon.colcon_core.environment:checking '/home/keny/MANOS_ws/install/castelet' for CMake config files
[3.421s] DEBUG:colcon.colcon_core.event_handler.log_command:Invoked command in '/home/keny/MANOS_ws/src/castelet' returned '0': PYTHONPATH=/home/keny/MANOS_ws/build/castelet/prefix_override:/home/keny/MANOS_ws/install/castelet/lib/python3.8/site-packages:/home/keny/MANOS_ws/install/custom_msg/lib/python3.8/site-packages:/home/keny/MANOS_ws/install/manos_manager/lib/python3.8/site-packages:/home/keny/MANOS_ws/install/host_listener_package/lib/python3.8/site-packages:/home/keny/MANOS_ws/install/hand_detector/lib/python3.8/site-packages:/home/keny/MANOS_ws/install/custom_ros_controller/lib/python3.8/site-packages:/home/keny/MANOS_ws/install/castelet/lib/python3.8/site-packages:/home/keny/MANOS_ws/install/camera/lib/python3.8/site-packages:/home/keny/MANOS_ws/install/CustomRosController/lib/python3.8/site-packages:/opt/ros/galactic/lib/python3.8/site-packages:/home/keny/acs/src/behaviors/ /usr/bin/python3 setup.py egg_info --egg-base ../../build/castelet build --build-base /home/keny/MANOS_ws/build/castelet/build install --record /home/keny/MANOS_ws/build/castelet/install.log --single-version-externally-managed
[3.422s] Level 1:colcon.colcon_core.environment:checking '/home/keny/MANOS_ws/install/castelet/lib'
[3.423s] Level 1:colcon.colcon_core.environment:checking '/home/keny/MANOS_ws/install/castelet/bin'
[3.423s] Level 1:colcon.colcon_core.environment:checking '/home/keny/MANOS_ws/install/castelet/lib/pkgconfig/castelet.pc'
[3.423s] Level 1:colcon.colcon_core.environment:checking '/home/keny/MANOS_ws/install/castelet/lib/python3.8/site-packages'
[3.423s] Level 1:colcon.colcon_core.shell:create_environment_hook('castelet', 'pythonpath')
[3.428s] INFO:colcon.colcon_core.shell:Creating environment hook '/home/keny/MANOS_ws/install/castelet/share/castelet/hook/pythonpath.ps1'
[3.429s] INFO:colcon.colcon_core.shell:Creating environment descriptor '/home/keny/MANOS_ws/install/castelet/share/castelet/hook/pythonpath.dsv'
[3.429s] INFO:colcon.colcon_core.shell:Creating environment hook '/home/keny/MANOS_ws/install/castelet/share/castelet/hook/pythonpath.sh'
[3.430s] Level 1:colcon.colcon_core.environment:checking '/home/keny/MANOS_ws/install/castelet/bin'
[3.430s] Level 1:colcon.colcon_core.environment:create_environment_scripts_only(castelet)
[3.434s] INFO:colcon.colcon_core.shell:Creating package script '/home/keny/MANOS_ws/install/castelet/share/castelet/package.ps1'
[3.435s] INFO:colcon.colcon_core.shell:Creating package descriptor '/home/keny/MANOS_ws/install/castelet/share/castelet/package.dsv'
[3.436s] INFO:colcon.colcon_core.shell:Creating package script '/home/keny/MANOS_ws/install/castelet/share/castelet/package.sh'
[3.436s] INFO:colcon.colcon_core.shell:Creating package script '/home/keny/MANOS_ws/install/castelet/share/castelet/package.bash'
[3.437s] INFO:colcon.colcon_core.shell:Creating package script '/home/keny/MANOS_ws/install/castelet/share/castelet/package.zsh'
[3.437s] Level 1:colcon.colcon_core.environment:create_file_with_runtime_dependencies(/home/keny/MANOS_ws/install/castelet/share/colcon-core/packages/castelet)
[3.480s] Level 1:colcon.colcon_core.environment:checking '/home/keny/MANOS_ws/install/manos_manager' for CMake module files
[3.480s] DEBUG:colcon.colcon_core.event_handler.log_command:Invoked command in '/home/keny/MANOS_ws/src/manos_manager' returned '0': PYTHONPATH=/home/keny/MANOS_ws/build/manos_manager/prefix_override:/home/keny/MANOS_ws/install/manos_manager/lib/python3.8/site-packages:/home/keny/MANOS_ws/install/custom_msg/lib/python3.8/site-packages:/home/keny/MANOS_ws/install/manos_manager/lib/python3.8/site-packages:/home/keny/MANOS_ws/install/host_listener_package/lib/python3.8/site-packages:/home/keny/MANOS_ws/install/hand_detector/lib/python3.8/site-packages:/home/keny/MANOS_ws/install/custom_ros_controller/lib/python3.8/site-packages:/home/keny/MANOS_ws/install/castelet/lib/python3.8/site-packages:/home/keny/MANOS_ws/install/camera/lib/python3.8/site-packages:/home/keny/MANOS_ws/install/CustomRosController/lib/python3.8/site-packages:/opt/ros/galactic/lib/python3.8/site-packages:/home/keny/acs/src/behaviors/ /usr/bin/python3 setup.py egg_info --egg-base ../../build/manos_manager build --build-base /home/keny/MANOS_ws/build/manos_manager/build install --record /home/keny/MANOS_ws/build/manos_manager/install.log --single-version-externally-managed
[3.481s] Level 1:colcon.colcon_core.environment:checking '/home/keny/MANOS_ws/install/manos_manager' for CMake config files
[3.481s] Level 1:colcon.colcon_core.environment:checking '/home/keny/MANOS_ws/install/manos_manager/lib'
[3.481s] Level 1:colcon.colcon_core.environment:checking '/home/keny/MANOS_ws/install/manos_manager/bin'
[3.482s] Level 1:colcon.colcon_core.environment:checking '/home/keny/MANOS_ws/install/manos_manager/lib/pkgconfig/manos_manager.pc'
[3.482s] Level 1:colcon.colcon_core.environment:checking '/home/keny/MANOS_ws/install/manos_manager/lib/python3.8/site-packages'
[3.482s] Level 1:colcon.colcon_core.shell:create_environment_hook('manos_manager', 'pythonpath')
[3.489s] INFO:colcon.colcon_core.shell:Creating environment hook '/home/keny/MANOS_ws/install/manos_manager/share/manos_manager/hook/pythonpath.ps1'
[3.490s] INFO:colcon.colcon_core.shell:Creating environment descriptor '/home/keny/MANOS_ws/install/manos_manager/share/manos_manager/hook/pythonpath.dsv'
[3.490s] INFO:colcon.colcon_core.shell:Creating environment hook '/home/keny/MANOS_ws/install/manos_manager/share/manos_manager/hook/pythonpath.sh'
[3.491s] Level 1:colcon.colcon_core.environment:checking '/home/keny/MANOS_ws/install/manos_manager/bin'
[3.491s] Level 1:colcon.colcon_core.environment:create_environment_scripts_only(manos_manager)
[3.496s] INFO:colcon.colcon_core.shell:Creating package script '/home/keny/MANOS_ws/install/manos_manager/share/manos_manager/package.ps1'
[3.497s] INFO:colcon.colcon_core.shell:Creating package descriptor '/home/keny/MANOS_ws/install/manos_manager/share/manos_manager/package.dsv'
[3.498s] INFO:colcon.colcon_core.shell:Creating package script '/home/keny/MANOS_ws/install/manos_manager/share/manos_manager/package.sh'
[3.498s] INFO:colcon.colcon_core.shell:Creating package script '/home/keny/MANOS_ws/install/manos_manager/share/manos_manager/package.bash'
[3.498s] INFO:colcon.colcon_core.shell:Creating package script '/home/keny/MANOS_ws/install/manos_manager/share/manos_manager/package.zsh'
[3.499s] Level 1:colcon.colcon_core.environment:create_file_with_runtime_dependencies(/home/keny/MANOS_ws/install/manos_manager/share/colcon-core/packages/manos_manager)
[3.499s] DEBUG:colcon.colcon_parallel_executor.executor.parallel:closing loop
[3.500s] DEBUG:colcon.colcon_parallel_executor.executor.parallel:loop closed
[3.500s] DEBUG:colcon.colcon_parallel_executor.executor.parallel:run_until_complete finished with '0'
[3.500s] DEBUG:colcon.colcon_core.event_reactor:joining thread
[3.507s] INFO:colcon.colcon_core.plugin_system:Skipping extension 'colcon_notification.desktop_notification.terminal_notifier': Not used on non-Darwin systems
[3.507s] INFO:colcon.colcon_core.plugin_system:Skipping extension 'colcon_notification.desktop_notification.win32': Not used on non-Windows systems
[3.508s] INFO:colcon.colcon_notification.desktop_notification:Sending desktop notification using 'notify2'
[3.525s] DEBUG:colcon.colcon_core.event_reactor:joined thread
[3.530s] INFO:colcon.colcon_core.shell:Creating prefix script '/home/keny/MANOS_ws/install/local_setup.ps1'
[3.531s] INFO:colcon.colcon_core.shell:Creating prefix util module '/home/keny/MANOS_ws/install/_local_setup_util_ps1.py'
[3.533s] INFO:colcon.colcon_core.shell:Creating prefix chain script '/home/keny/MANOS_ws/install/setup.ps1'
[3.535s] INFO:colcon.colcon_core.shell:Creating prefix script '/home/keny/MANOS_ws/install/local_setup.sh'
[3.536s] INFO:colcon.colcon_core.shell:Creating prefix util module '/home/keny/MANOS_ws/install/_local_setup_util_sh.py'
[3.536s] INFO:colcon.colcon_core.shell:Creating prefix chain script '/home/keny/MANOS_ws/install/setup.sh'
[3.539s] INFO:colcon.colcon_core.shell:Creating prefix script '/home/keny/MANOS_ws/install/local_setup.bash'
[3.540s] INFO:colcon.colcon_core.shell:Creating prefix chain script '/home/keny/MANOS_ws/install/setup.bash'
[3.542s] INFO:colcon.colcon_core.shell:Creating prefix script '/home/keny/MANOS_ws/install/local_setup.zsh'
[3.543s] INFO:colcon.colcon_core.shell:Creating prefix chain script '/home/keny/MANOS_ws/install/setup.zsh'
