[1.654s] Invoking command in '/home/keny/MANOS_ws/src/host_listener_package': AMENT_PREFIX_PATH=/home/keny/MANOS_ws/install/custom_msg:${AMENT_PREFIX_PATH} CMAKE_PREFIX_PATH=/home/keny/MANOS_ws/install/custom_msg LD_LIBRARY_PATH=/home/keny/MANOS_ws/install/custom_msg/lib:${LD_LIBRARY_PATH} PYTHONPATH=/home/keny/MANOS_ws/build/host_listener_package/prefix_override:/home/keny/MANOS_ws/install/host_listener_package/lib/python3.8/site-packages:/home/keny/MANOS_ws/install/custom_msg/lib/python3.8/site-packages:/opt/ros/galactic/lib/python3.8/site-packages:/home/keny/acs/src/behaviors/ /usr/bin/python3 setup.py egg_info --egg-base ../../build/host_listener_package build --build-base /home/keny/MANOS_ws/build/host_listener_package/build install --record /home/keny/MANOS_ws/build/host_listener_package/install.log --single-version-externally-managed
[1.879s] running egg_info
[1.879s] writing ../../build/host_listener_package/host_listener_package.egg-info/PKG-INFO
[1.960s] writing dependency_links to ../../build/host_listener_package/host_listener_package.egg-info/dependency_links.txt
[1.961s] writing entry points to ../../build/host_listener_package/host_listener_package.egg-info/entry_points.txt
[1.961s] writing requirements to ../../build/host_listener_package/host_listener_package.egg-info/requires.txt
[1.968s] writing top-level names to ../../build/host_listener_package/host_listener_package.egg-info/top_level.txt
[2.022s] reading manifest file '../../build/host_listener_package/host_listener_package.egg-info/SOURCES.txt'
[2.024s] writing manifest file '../../build/host_listener_package/host_listener_package.egg-info/SOURCES.txt'
[2.024s] running build
[2.024s] running build_py
[2.025s] running install
[2.026s] running install_lib
[2.027s] running install_data
[2.028s] running install_egg_info
[2.029s] removing '/home/keny/MANOS_ws/install/host_listener_package/lib/python3.8/site-packages/host_listener_package-0.0.0-py3.8.egg-info' (and everything under it)
[2.029s] Copying ../../build/host_listener_package/host_listener_package.egg-info to /home/keny/MANOS_ws/install/host_listener_package/lib/python3.8/site-packages/host_listener_package-0.0.0-py3.8.egg-info
[2.031s] running install_scripts
[2.044s] Installing host_listener script to /home/keny/MANOS_ws/install/host_listener_package/lib/host_listener_package
[2.045s] writing list of installed files to '/home/keny/MANOS_ws/build/host_listener_package/install.log'
[2.113s] Invoked command in '/home/keny/MANOS_ws/src/host_listener_package' returned '0': AMENT_PREFIX_PATH=/home/keny/MANOS_ws/install/custom_msg:${AMENT_PREFIX_PATH} CMAKE_PREFIX_PATH=/home/keny/MANOS_ws/install/custom_msg LD_LIBRARY_PATH=/home/keny/MANOS_ws/install/custom_msg/lib:${LD_LIBRARY_PATH} PYTHONPATH=/home/keny/MANOS_ws/build/host_listener_package/prefix_override:/home/keny/MANOS_ws/install/host_listener_package/lib/python3.8/site-packages:/home/keny/MANOS_ws/install/custom_msg/lib/python3.8/site-packages:/opt/ros/galactic/lib/python3.8/site-packages:/home/keny/acs/src/behaviors/ /usr/bin/python3 setup.py egg_info --egg-base ../../build/host_listener_package build --build-base /home/keny/MANOS_ws/build/host_listener_package/build install --record /home/keny/MANOS_ws/build/host_listener_package/install.log --single-version-externally-managed
