[1.373s] Invoking command in '/home/field/MANOS/src/camera': PYTHONPATH=/home/field/MANOS/build/camera/prefix_override:/home/field/MANOS/install/camera/lib/python3.8/site-packages:/home/field/MANOS/install/custom_msg/lib/python3.8/site-packages:/home/field/MANOS/install/host_listener_package/lib/python3.8/site-packages:/home/field/MANOS/install/hand_detector/lib/python3.8/site-packages:/home/field/MANOS/install/castelet/lib/python3.8/site-packages:/home/field/MANOS/install/camera/lib/python3.8/site-packages:/opt/ros/galactic/lib/python3.8/site-packages:/home/field/acs/src/behaviors/ /usr/bin/python3 setup.py egg_info --egg-base ../../build/camera build --build-base /home/field/MANOS/build/camera/build install --record /home/field/MANOS/build/camera/install.log --single-version-externally-managed
[1.484s] running egg_info
[1.484s] writing ../../build/camera/camera.egg-info/PKG-INFO
[1.484s] writing dependency_links to ../../build/camera/camera.egg-info/dependency_links.txt
[1.484s] writing entry points to ../../build/camera/camera.egg-info/entry_points.txt
[1.484s] writing requirements to ../../build/camera/camera.egg-info/requires.txt
[1.484s] writing top-level names to ../../build/camera/camera.egg-info/top_level.txt
[1.502s] reading manifest file '../../build/camera/camera.egg-info/SOURCES.txt'
[1.503s] writing manifest file '../../build/camera/camera.egg-info/SOURCES.txt'
[1.503s] running build
[1.504s] running build_py
[1.504s] running install
[1.504s] running install_lib
[1.504s] running install_data
[1.504s] running install_egg_info
[1.505s] removing '/home/field/MANOS/install/camera/lib/python3.8/site-packages/camera-0.0.0-py3.8.egg-info' (and everything under it)
[1.505s] Copying ../../build/camera/camera.egg-info to /home/field/MANOS/install/camera/lib/python3.8/site-packages/camera-0.0.0-py3.8.egg-info
[1.506s] running install_scripts
[1.515s] Installing camera script to /home/field/MANOS/install/camera/lib/camera
[1.516s] writing list of installed files to '/home/field/MANOS/build/camera/install.log'
[1.640s] Invoked command in '/home/field/MANOS/src/camera' returned '0': PYTHONPATH=/home/field/MANOS/build/camera/prefix_override:/home/field/MANOS/install/camera/lib/python3.8/site-packages:/home/field/MANOS/install/custom_msg/lib/python3.8/site-packages:/home/field/MANOS/install/host_listener_package/lib/python3.8/site-packages:/home/field/MANOS/install/hand_detector/lib/python3.8/site-packages:/home/field/MANOS/install/castelet/lib/python3.8/site-packages:/home/field/MANOS/install/camera/lib/python3.8/site-packages:/opt/ros/galactic/lib/python3.8/site-packages:/home/field/acs/src/behaviors/ /usr/bin/python3 setup.py egg_info --egg-base ../../build/camera build --build-base /home/field/MANOS/build/camera/build install --record /home/field/MANOS/build/camera/install.log --single-version-externally-managed
