[1.365s] Invoking command in '/home/keny/MANOS_ws/src/castelet': PYTHONPATH=/home/keny/MANOS_ws/build/castelet/prefix_override:/home/keny/MANOS_ws/install/castelet/lib/python3.8/site-packages:${PYTHONPATH} /usr/bin/python3 setup.py egg_info --egg-base ../../build/castelet build --build-base /home/keny/MANOS_ws/build/castelet/build install --record /home/keny/MANOS_ws/build/castelet/install.log --single-version-externally-managed
[1.646s] running egg_info
[1.646s] writing ../../build/castelet/castelet.egg-info/PKG-INFO
[1.647s] writing dependency_links to ../../build/castelet/castelet.egg-info/dependency_links.txt
[1.647s] writing entry points to ../../build/castelet/castelet.egg-info/entry_points.txt
[1.647s] writing requirements to ../../build/castelet/castelet.egg-info/requires.txt
[1.647s] writing top-level names to ../../build/castelet/castelet.egg-info/top_level.txt
[1.678s] reading manifest file '../../build/castelet/castelet.egg-info/SOURCES.txt'
[1.678s] writing manifest file '../../build/castelet/castelet.egg-info/SOURCES.txt'
[1.678s] running build
[1.679s] running build_py
[1.679s] copying castelet/CasteletWindow.py -> /home/keny/MANOS_ws/build/castelet/build/lib/castelet
[1.679s] running install
[1.680s] running install_lib
[1.681s] copying /home/keny/MANOS_ws/build/castelet/build/lib/castelet/CasteletWindow.py -> /home/keny/MANOS_ws/install/castelet/lib/python3.8/site-packages/castelet
[1.682s] byte-compiling /home/keny/MANOS_ws/install/castelet/lib/python3.8/site-packages/castelet/CasteletWindow.py to CasteletWindow.cpython-38.pyc
[1.684s] running install_data
[1.684s] running install_egg_info
[1.686s] removing '/home/keny/MANOS_ws/install/castelet/lib/python3.8/site-packages/castelet-0.0.0-py3.8.egg-info' (and everything under it)
[1.686s] Copying ../../build/castelet/castelet.egg-info to /home/keny/MANOS_ws/install/castelet/lib/python3.8/site-packages/castelet-0.0.0-py3.8.egg-info
[1.687s] running install_scripts
[1.702s] Installing castelet script to /home/keny/MANOS_ws/install/castelet/lib/castelet
[1.703s] writing list of installed files to '/home/keny/MANOS_ws/build/castelet/install.log'
[1.729s] Invoked command in '/home/keny/MANOS_ws/src/castelet' returned '0': PYTHONPATH=/home/keny/MANOS_ws/build/castelet/prefix_override:/home/keny/MANOS_ws/install/castelet/lib/python3.8/site-packages:${PYTHONPATH} /usr/bin/python3 setup.py egg_info --egg-base ../../build/castelet build --build-base /home/keny/MANOS_ws/build/castelet/build install --record /home/keny/MANOS_ws/build/castelet/install.log --single-version-externally-managed
