[0.282s] Invoking command in '/home/field/MANOS/build/custom_msg': CMAKE_PREFIX_PATH=${CMAKE_PREFIX_PATH}:/home/field/MANOS/install/manos_manager:/home/field/MANOS/install/host_listener_package:/home/field/MANOS/install/hand_detector:/home/field/MANOS/install/custom_ros_controller:/home/field/MANOS/install/castelet:/home/field/MANOS/install/camera:/opt/ros/galactic /home/field/.local/bin/cmake --build /home/field/MANOS/build/custom_msg -- -j20 -l20
[0.305s] -- Found ament_cmake: 1.1.6 (/opt/ros/galactic/share/ament_cmake/cmake)
[0.306s] [33mCMake Warning (dev) at /opt/ros/galactic/share/ament_cmake_core/cmake/core/python.cmake:22 (find_package):
[0.306s]   Policy CMP0148 is not set: The FindPythonInterp and FindPythonLibs modules
[0.306s]   are removed.  Run "cmake --help-policy CMP0148" for policy details.  Use
[0.306s]   the cmake_policy command to set the policy and suppress this warning.
[0.306s] 
[0.306s] Call Stack (most recent call first):
[0.306s]   /opt/ros/galactic/share/ament_cmake_core/cmake/core/all.cmake:53 (include)
[0.306s]   /opt/ros/galactic/share/ament_cmake_core/cmake/ament_cmake_core-extras.cmake:17 (include)
[0.306s]   /opt/ros/galactic/share/ament_cmake_core/cmake/ament_cmake_coreConfig.cmake:41 (include)
[0.306s]   /opt/ros/galactic/share/ament_cmake/cmake/ament_cmake_export_dependencies-extras.cmake:15 (find_package)
[0.306s]   /opt/ros/galactic/share/ament_cmake/cmake/ament_cmakeConfig.cmake:41 (include)
[0.306s]   CMakeLists.txt:9 (find_package)
[0.306s] This warning is for project developers.  Use -Wno-dev to suppress it.
[0.306s] [0m
[0.318s] -- Found PythonInterp: /usr/bin/python3 (found suitable version "3.8.10", minimum required is "3") 
[0.318s] -- Using PYTHON_EXECUTABLE: /usr/bin/python3
[0.354s] -- Found std_msgs: 2.2.4 (/opt/ros/galactic/share/std_msgs/cmake)
[0.366s] -- Using all available rosidl_typesupport_c: rosidl_typesupport_fastrtps_c;rosidl_typesupport_introspection_c
[0.368s] -- Found rosidl_adapter: 2.2.3 (/opt/ros/galactic/share/rosidl_adapter/cmake)
[0.437s] -- Using all available rosidl_typesupport_cpp: rosidl_typesupport_fastrtps_cpp;rosidl_typesupport_introspection_cpp
[0.459s] -- Found rosidl_default_generators: 1.1.1 (/opt/ros/galactic/share/rosidl_default_generators/cmake)
[0.465s] [33mCMake Warning (dev) at /opt/ros/galactic/share/rosidl_adapter/cmake/rosidl_adapt_interfaces.cmake:40 (find_package):
[0.465s]   Policy CMP0148 is not set: The FindPythonInterp and FindPythonLibs modules
[0.465s]   are removed.  Run "cmake --help-policy CMP0148" for policy details.  Use
[0.465s]   the cmake_policy command to set the policy and suppress this warning.
[0.465s] 
[0.465s] Call Stack (most recent call first):
[0.465s]   /opt/ros/galactic/share/rosidl_cmake/cmake/rosidl_generate_interfaces.cmake:130 (rosidl_adapt_interfaces)
[0.465s]   CMakeLists.txt:16 (rosidl_generate_interfaces)
[0.465s] This warning is for project developers.  Use -Wno-dev to suppress it.
[0.465s] [0m
[0.478s] -- Found PythonInterp: /usr/bin/python3 (found version "3.8.10") 
[0.575s] -- Found ament_cmake_ros: 0.9.2 (/opt/ros/galactic/share/ament_cmake_ros/cmake)
[0.676s] -- Using all available rosidl_typesupport_c: rosidl_typesupport_fastrtps_c;rosidl_typesupport_introspection_c
[0.708s] -- Using all available rosidl_typesupport_cpp: rosidl_typesupport_fastrtps_cpp;rosidl_typesupport_introspection_cpp
[0.710s] [33mCMake Warning (dev) at /opt/ros/galactic/share/rosidl_generator_py/cmake/rosidl_generator_py_generate_interfaces.cmake:20 (find_package):
[0.710s]   Policy CMP0148 is not set: The FindPythonInterp and FindPythonLibs modules
[0.710s]   are removed.  Run "cmake --help-policy CMP0148" for policy details.  Use
[0.710s]   the cmake_policy command to set the policy and suppress this warning.
[0.710s] 
[0.710s] Call Stack (most recent call first):
[0.710s]   /opt/ros/galactic/share/ament_cmake_core/cmake/core/ament_execute_extensions.cmake:48 (include)
[0.710s]   /opt/ros/galactic/share/rosidl_cmake/cmake/rosidl_generate_interfaces.cmake:286 (ament_execute_extensions)
[0.710s]   CMakeLists.txt:16 (rosidl_generate_interfaces)
[0.711s] This warning is for project developers.  Use -Wno-dev to suppress it.
[0.711s] [0m
[0.723s] -- Found PythonInterp: /usr/bin/python3 (found suitable version "3.8.10", minimum required is "3.5") 
[0.723s] -- Found python_cmake_module: 0.8.1 (/opt/ros/galactic/share/python_cmake_module/cmake)
[0.723s] [33mCMake Warning (dev) at /opt/ros/galactic/share/python_cmake_module/cmake/Modules/FindPythonExtra.cmake:45 (find_package):
[0.723s]   Policy CMP0148 is not set: The FindPythonInterp and FindPythonLibs modules
[0.723s]   are removed.  Run "cmake --help-policy CMP0148" for policy details.  Use
[0.723s]   the cmake_policy command to set the policy and suppress this warning.
[0.723s] 
[0.723s] Call Stack (most recent call first):
[0.724s]   /opt/ros/galactic/share/rosidl_generator_py/cmake/rosidl_generator_py_generate_interfaces.cmake:23 (find_package)
[0.724s]   /opt/ros/galactic/share/ament_cmake_core/cmake/core/ament_execute_extensions.cmake:48 (include)
[0.724s]   /opt/ros/galactic/share/rosidl_cmake/cmake/rosidl_generate_interfaces.cmake:286 (ament_execute_extensions)
[0.724s]   CMakeLists.txt:16 (rosidl_generate_interfaces)
[0.724s] This warning is for project developers.  Use -Wno-dev to suppress it.
[0.724s] [0m
[0.736s] [33mCMake Warning (dev) at /opt/ros/galactic/share/python_cmake_module/cmake/Modules/FindPythonExtra.cmake:133 (find_package):
[0.737s]   Policy CMP0148 is not set: The FindPythonInterp and FindPythonLibs modules
[0.737s]   are removed.  Run "cmake --help-policy CMP0148" for policy details.  Use
[0.737s]   the cmake_policy command to set the policy and suppress this warning.
[0.737s] 
[0.737s] Call Stack (most recent call first):
[0.737s]   /opt/ros/galactic/share/rosidl_generator_py/cmake/rosidl_generator_py_generate_interfaces.cmake:23 (find_package)
[0.737s]   /opt/ros/galactic/share/ament_cmake_core/cmake/core/ament_execute_extensions.cmake:48 (include)
[0.737s]   /opt/ros/galactic/share/rosidl_cmake/cmake/rosidl_generate_interfaces.cmake:286 (ament_execute_extensions)
[0.737s]   CMakeLists.txt:16 (rosidl_generate_interfaces)
[0.737s] This warning is for project developers.  Use -Wno-dev to suppress it.
[0.737s] [0m
[0.738s] -- Using PYTHON_EXECUTABLE: /usr/bin/python3
[0.738s] -- Using PYTHON_INCLUDE_DIRS: /usr/include/python3.8
[0.738s] -- Using PYTHON_LIBRARIES: /usr/lib/x86_64-linux-gnu/libpython3.8.so
[0.758s] -- Found ament_lint_auto: 0.10.7 (/opt/ros/galactic/share/ament_lint_auto/cmake)
[0.763s] -- Added test 'copyright' to check source files copyright and LICENSE
[0.764s] -- Added test 'lint_cmake' to check CMake code style
[0.764s] -- Added test 'xmllint' to check XML markup files
[0.765s] -- Configuring done (0.5s)
[0.787s] -- Generating done (0.0s)
[0.788s] -- Build files have been written to: /home/field/MANOS/build/custom_msg
[0.796s] [  1%] [34m[1mGenerating C code for ROS interfaces[0m
[0.799s] [  3%] [34m[1mGenerating C++ code for ROS interfaces[0m
[0.987s] [  3%] Built target custom_msg__cpp
[0.990s] [  5%] [34m[1mGenerating C++ type support dispatch for ROS interfaces[0m
[0.990s] [  7%] [34m[1mGenerating C++ type support for eProsima Fast-RTPS[0m
[0.990s] [  9%] [34m[1mGenerating C++ introspection for ROS interfaces[0m
[1.004s] [ 10%] [32mBuilding C object CMakeFiles/custom_msg__rosidl_generator_c.dir/rosidl_generator_c/custom_msg/msg/detail/list_string__functions.c.o[0m
[1.004s] [ 12%] [32mBuilding C object CMakeFiles/custom_msg__rosidl_generator_c.dir/rosidl_generator_c/custom_msg/msg/detail/pos__functions.c.o[0m
[1.004s] [ 14%] [32mBuilding C object CMakeFiles/custom_msg__rosidl_generator_c.dir/rosidl_generator_c/custom_msg/msg/detail/manos_bundle__functions.c.o[0m
[1.005s] [ 16%] [32mBuilding C object CMakeFiles/custom_msg__rosidl_generator_c.dir/rosidl_generator_c/custom_msg/srv/detail/set_servo__functions.c.o[0m
[1.040s] [ 18%] [32m[1mLinking C shared library libcustom_msg__rosidl_generator_c.so[0m
[1.055s] [ 18%] Built target custom_msg__rosidl_generator_c
[1.058s] [ 20%] [34m[1mGenerating C introspection for ROS interfaces[0m
[1.058s] [ 21%] [34m[1mGenerating C type support dispatch for ROS interfaces[0m
[1.150s] [ 23%] [32mBuilding CXX object CMakeFiles/custom_msg__rosidl_typesupport_cpp.dir/rosidl_typesupport_cpp/custom_msg/msg/list_string__type_support.cpp.o[0m
[1.150s] [ 27%] [32mBuilding CXX object CMakeFiles/custom_msg__rosidl_typesupport_cpp.dir/rosidl_typesupport_cpp/custom_msg/srv/set_servo__type_support.cpp.o[0m
[1.150s] [ 27%] [32mBuilding CXX object CMakeFiles/custom_msg__rosidl_typesupport_cpp.dir/rosidl_typesupport_cpp/custom_msg/msg/pos__type_support.cpp.o[0m
[1.151s] [ 29%] [32mBuilding CXX object CMakeFiles/custom_msg__rosidl_typesupport_cpp.dir/rosidl_typesupport_cpp/custom_msg/msg/manos_bundle__type_support.cpp.o[0m
[1.172s] [ 30%] [32mBuilding CXX object CMakeFiles/custom_msg__rosidl_typesupport_introspection_cpp.dir/rosidl_typesupport_introspection_cpp/custom_msg/msg/detail/list_string__type_support.cpp.o[0m
[1.173s] [ 32%] [32mBuilding CXX object CMakeFiles/custom_msg__rosidl_typesupport_introspection_cpp.dir/rosidl_typesupport_introspection_cpp/custom_msg/msg/detail/pos__type_support.cpp.o[0m
[1.173s] [ 34%] [32mBuilding CXX object CMakeFiles/custom_msg__rosidl_typesupport_introspection_cpp.dir/rosidl_typesupport_introspection_cpp/custom_msg/msg/detail/manos_bundle__type_support.cpp.o[0m
[1.173s] [ 36%] [32mBuilding CXX object CMakeFiles/custom_msg__rosidl_typesupport_introspection_cpp.dir/rosidl_typesupport_introspection_cpp/custom_msg/srv/detail/set_servo__type_support.cpp.o[0m
[1.189s] [ 38%] [32mBuilding CXX object CMakeFiles/custom_msg__rosidl_typesupport_fastrtps_cpp.dir/rosidl_typesupport_fastrtps_cpp/custom_msg/msg/detail/dds_fastrtps/list_string__type_support.cpp.o[0m
[1.189s] [ 41%] [32mBuilding CXX object CMakeFiles/custom_msg__rosidl_typesupport_fastrtps_cpp.dir/rosidl_typesupport_fastrtps_cpp/custom_msg/msg/detail/dds_fastrtps/manos_bundle__type_support.cpp.o[0m
[1.189s] [ 40%] [32mBuilding CXX object CMakeFiles/custom_msg__rosidl_typesupport_fastrtps_cpp.dir/rosidl_typesupport_fastrtps_cpp/custom_msg/msg/detail/dds_fastrtps/pos__type_support.cpp.o[0m
[1.190s] [ 43%] [32mBuilding CXX object CMakeFiles/custom_msg__rosidl_typesupport_fastrtps_cpp.dir/rosidl_typesupport_fastrtps_cpp/custom_msg/srv/detail/dds_fastrtps/set_servo__type_support.cpp.o[0m
[1.223s] [ 45%] [32mBuilding CXX object CMakeFiles/custom_msg__rosidl_typesupport_c.dir/rosidl_typesupport_c/custom_msg/msg/list_string__type_support.cpp.o[0m
[1.223s] [ 47%] [32mBuilding CXX object CMakeFiles/custom_msg__rosidl_typesupport_c.dir/rosidl_typesupport_c/custom_msg/msg/pos__type_support.cpp.o[0m
[1.223s] [ 49%] [32mBuilding CXX object CMakeFiles/custom_msg__rosidl_typesupport_c.dir/rosidl_typesupport_c/custom_msg/msg/manos_bundle__type_support.cpp.o[0m
[1.223s] [ 50%] [32mBuilding CXX object CMakeFiles/custom_msg__rosidl_typesupport_c.dir/rosidl_typesupport_c/custom_msg/srv/set_servo__type_support.cpp.o[0m
[1.245s] [ 52%] [32m[1mLinking CXX shared library libcustom_msg__rosidl_typesupport_c.so[0m
[1.255s] [ 58%] [32mBuilding C object CMakeFiles/custom_msg__rosidl_typesupport_introspection_c.dir/rosidl_typesupport_introspection_c/custom_msg/msg/detail/manos_bundle__type_support.c.o[0m
[1.255s] [ 58%] [32mBuilding C object CMakeFiles/custom_msg__rosidl_typesupport_introspection_c.dir/rosidl_typesupport_introspection_c/custom_msg/msg/detail/list_string__type_support.c.o[0m
[1.255s] [ 58%] [32mBuilding C object CMakeFiles/custom_msg__rosidl_typesupport_introspection_c.dir/rosidl_typesupport_introspection_c/custom_msg/msg/detail/pos__type_support.c.o[0m
[1.255s] [ 60%] [32mBuilding C object CMakeFiles/custom_msg__rosidl_typesupport_introspection_c.dir/rosidl_typesupport_introspection_c/custom_msg/srv/detail/set_servo__type_support.c.o[0m
[1.272s] [ 60%] Built target custom_msg__rosidl_typesupport_c
[1.281s] [ 61%] [32m[1mLinking C shared library libcustom_msg__rosidl_typesupport_introspection_c.so[0m
[1.299s] [ 61%] Built target custom_msg__rosidl_typesupport_introspection_c
[1.412s] [ 63%] [32m[1mLinking CXX shared library libcustom_msg__rosidl_typesupport_introspection_cpp.so[0m
[1.416s] [ 65%] [32m[1mLinking CXX shared library libcustom_msg__rosidl_typesupport_cpp.so[0m
[1.434s] [ 65%] Built target custom_msg__rosidl_typesupport_cpp
[1.451s] [ 65%] Built target custom_msg__rosidl_typesupport_introspection_cpp
[1.528s] [ 67%] [32m[1mLinking CXX shared library libcustom_msg__rosidl_typesupport_fastrtps_cpp.so[0m
[1.571s] [ 67%] Built target custom_msg__rosidl_typesupport_fastrtps_cpp
[1.574s] [ 69%] [34m[1mGenerating C type support for eProsima Fast-RTPS[0m
[1.757s] [ 70%] [32mBuilding CXX object CMakeFiles/custom_msg__rosidl_typesupport_fastrtps_c.dir/rosidl_typesupport_fastrtps_c/custom_msg/msg/detail/list_string__type_support_c.cpp.o[0m
[1.757s] [ 72%] [32mBuilding CXX object CMakeFiles/custom_msg__rosidl_typesupport_fastrtps_c.dir/rosidl_typesupport_fastrtps_c/custom_msg/msg/detail/pos__type_support_c.cpp.o[0m
[1.757s] [ 74%] [32mBuilding CXX object CMakeFiles/custom_msg__rosidl_typesupport_fastrtps_c.dir/rosidl_typesupport_fastrtps_c/custom_msg/msg/detail/manos_bundle__type_support_c.cpp.o[0m
[1.758s] [ 76%] [32mBuilding CXX object CMakeFiles/custom_msg__rosidl_typesupport_fastrtps_c.dir/rosidl_typesupport_fastrtps_c/custom_msg/srv/detail/set_servo__type_support_c.cpp.o[0m
[1.936s] [ 78%] [32m[1mLinking CXX shared library libcustom_msg__rosidl_typesupport_fastrtps_c.so[0m
[1.977s] [ 78%] Built target custom_msg__rosidl_typesupport_fastrtps_c
[1.982s] [ 78%] Built target custom_msg
[1.988s] [ 80%] [34m[1mGenerating Python code for ROS interfaces[0m
[2.368s] [ 80%] Built target custom_msg__py
[2.376s] [ 81%] [32mBuilding C object CMakeFiles/custom_msg__python.dir/rosidl_generator_py/custom_msg/msg/_list_string_s.c.o[0m
[2.376s] [ 83%] [32mBuilding C object CMakeFiles/custom_msg__python.dir/rosidl_generator_py/custom_msg/msg/_pos_s.c.o[0m
[2.376s] [ 85%] [32mBuilding C object CMakeFiles/custom_msg__python.dir/rosidl_generator_py/custom_msg/msg/_manos_bundle_s.c.o[0m
[2.376s] [ 87%] [32mBuilding C object CMakeFiles/custom_msg__python.dir/rosidl_generator_py/custom_msg/srv/_set_servo_s.c.o[0m
[2.423s] [ 89%] [32m[1mLinking C shared library rosidl_generator_py/custom_msg/libcustom_msg__python.so[0m
[2.440s] [ 89%] Built target custom_msg__python
[2.447s] [ 90%] [32mBuilding C object CMakeFiles/custom_msg__rosidl_typesupport_introspection_c__pyext.dir/rosidl_generator_py/custom_msg/_custom_msg_s.ep.rosidl_typesupport_introspection_c.c.o[0m
[2.447s] [ 92%] [32mBuilding C object CMakeFiles/custom_msg__rosidl_typesupport_fastrtps_c__pyext.dir/rosidl_generator_py/custom_msg/_custom_msg_s.ep.rosidl_typesupport_fastrtps_c.c.o[0m
[2.447s] [ 94%] [32mBuilding C object CMakeFiles/custom_msg__rosidl_typesupport_c__pyext.dir/rosidl_generator_py/custom_msg/_custom_msg_s.ep.rosidl_typesupport_c.c.o[0m
[2.493s] [100%] [32m[1mLinking C shared library rosidl_generator_py/custom_msg/custom_msg_s__rosidl_typesupport_introspection_c.cpython-38-x86_64-linux-gnu.so[0m
[2.493s] [100%] [32m[1mLinking C shared library rosidl_generator_py/custom_msg/custom_msg_s__rosidl_typesupport_c.cpython-38-x86_64-linux-gnu.so[0m
[2.493s] [100%] [32m[1mLinking CXX shared library rosidl_generator_py/custom_msg/custom_msg_s__rosidl_typesupport_fastrtps_c.cpython-38-x86_64-linux-gnu.so[0m
[2.507s] [100%] Built target custom_msg__rosidl_typesupport_introspection_c__pyext
[2.507s] [100%] Built target custom_msg__rosidl_typesupport_c__pyext
[2.523s] [100%] Built target custom_msg__rosidl_typesupport_fastrtps_c__pyext
[2.529s] Invoked command in '/home/field/MANOS/build/custom_msg' returned '0': CMAKE_PREFIX_PATH=${CMAKE_PREFIX_PATH}:/home/field/MANOS/install/manos_manager:/home/field/MANOS/install/host_listener_package:/home/field/MANOS/install/hand_detector:/home/field/MANOS/install/custom_ros_controller:/home/field/MANOS/install/castelet:/home/field/MANOS/install/camera:/opt/ros/galactic /home/field/.local/bin/cmake --build /home/field/MANOS/build/custom_msg -- -j20 -l20
[2.612s] Invoking command in '/home/field/MANOS/build/custom_msg': CMAKE_PREFIX_PATH=${CMAKE_PREFIX_PATH}:/home/field/MANOS/install/manos_manager:/home/field/MANOS/install/host_listener_package:/home/field/MANOS/install/hand_detector:/home/field/MANOS/install/custom_ros_controller:/home/field/MANOS/install/castelet:/home/field/MANOS/install/camera:/opt/ros/galactic /home/field/.local/bin/cmake --install /home/field/MANOS/build/custom_msg
[2.629s] -- Install configuration: ""
[2.629s] -- Up-to-date: /home/field/MANOS/install/custom_msg/share/ament_index/resource_index/rosidl_interfaces/custom_msg
[2.629s] -- Up-to-date: /home/field/MANOS/install/custom_msg/include/custom_msg
[2.629s] -- Up-to-date: /home/field/MANOS/install/custom_msg/include/custom_msg/msg
[2.629s] -- Up-to-date: /home/field/MANOS/install/custom_msg/include/custom_msg/msg/rosidl_generator_c__visibility_control.h
[2.629s] -- Installing: /home/field/MANOS/install/custom_msg/include/custom_msg/msg/list_string.h
[2.629s] -- Up-to-date: /home/field/MANOS/install/custom_msg/include/custom_msg/msg/detail
[2.629s] -- Installing: /home/field/MANOS/install/custom_msg/include/custom_msg/msg/detail/manos_bundle__functions.c
[2.629s] -- Installing: /home/field/MANOS/install/custom_msg/include/custom_msg/msg/detail/pos__functions.h
[2.629s] -- Installing: /home/field/MANOS/install/custom_msg/include/custom_msg/msg/detail/list_string__functions.h
[2.629s] -- Installing: /home/field/MANOS/install/custom_msg/include/custom_msg/msg/detail/manos_bundle__type_support.h
[2.629s] -- Installing: /home/field/MANOS/install/custom_msg/include/custom_msg/msg/detail/manos_bundle__functions.h
[2.629s] -- Installing: /home/field/MANOS/install/custom_msg/include/custom_msg/msg/detail/manos_bundle__struct.h
[2.629s] -- Installing: /home/field/MANOS/install/custom_msg/include/custom_msg/msg/detail/pos__functions.c
[2.629s] -- Installing: /home/field/MANOS/install/custom_msg/include/custom_msg/msg/detail/list_string__functions.c
[2.629s] -- Installing: /home/field/MANOS/install/custom_msg/include/custom_msg/msg/detail/pos__struct.h
[2.629s] -- Installing: /home/field/MANOS/install/custom_msg/include/custom_msg/msg/detail/list_string__struct.h
[2.629s] -- Installing: /home/field/MANOS/install/custom_msg/include/custom_msg/msg/detail/list_string__type_support.h
[2.629s] -- Installing: /home/field/MANOS/install/custom_msg/include/custom_msg/msg/detail/pos__type_support.h
[2.629s] -- Installing: /home/field/MANOS/install/custom_msg/include/custom_msg/msg/pos.h
[2.629s] -- Installing: /home/field/MANOS/install/custom_msg/include/custom_msg/msg/manos_bundle.h
[2.629s] -- Up-to-date: /home/field/MANOS/install/custom_msg/include/custom_msg/srv
[2.629s] -- Installing: /home/field/MANOS/install/custom_msg/include/custom_msg/srv/set_servo.h
[2.630s] -- Up-to-date: /home/field/MANOS/install/custom_msg/include/custom_msg/srv/detail
[2.630s] -- Installing: /home/field/MANOS/install/custom_msg/include/custom_msg/srv/detail/set_servo__struct.h
[2.630s] -- Installing: /home/field/MANOS/install/custom_msg/include/custom_msg/srv/detail/set_servo__type_support.h
[2.630s] -- Installing: /home/field/MANOS/install/custom_msg/include/custom_msg/srv/detail/set_servo__functions.h
[2.630s] -- Installing: /home/field/MANOS/install/custom_msg/include/custom_msg/srv/detail/set_servo__functions.c
[2.630s] -- Up-to-date: /home/field/MANOS/install/custom_msg/share/custom_msg/environment/library_path.sh
[2.630s] -- Installing: /home/field/MANOS/install/custom_msg/share/custom_msg/environment/library_path.dsv
[2.630s] -- Installing: /home/field/MANOS/install/custom_msg/lib/libcustom_msg__rosidl_generator_c.so
[2.630s] -- Set runtime path of "/home/field/MANOS/install/custom_msg/lib/libcustom_msg__rosidl_generator_c.so" to ""
[2.630s] -- Up-to-date: /home/field/MANOS/install/custom_msg/include/custom_msg
[2.630s] -- Up-to-date: /home/field/MANOS/install/custom_msg/include/custom_msg/msg
[2.630s] -- Up-to-date: /home/field/MANOS/install/custom_msg/include/custom_msg/msg/rosidl_typesupport_fastrtps_c__visibility_control.h
[2.630s] -- Up-to-date: /home/field/MANOS/install/custom_msg/include/custom_msg/msg/detail
[2.630s] -- Installing: /home/field/MANOS/install/custom_msg/include/custom_msg/msg/detail/pos__rosidl_typesupport_fastrtps_c.h
[2.630s] -- Installing: /home/field/MANOS/install/custom_msg/include/custom_msg/msg/detail/manos_bundle__rosidl_typesupport_fastrtps_c.h
[2.630s] -- Installing: /home/field/MANOS/install/custom_msg/include/custom_msg/msg/detail/list_string__rosidl_typesupport_fastrtps_c.h
[2.630s] -- Up-to-date: /home/field/MANOS/install/custom_msg/include/custom_msg/srv
[2.630s] -- Up-to-date: /home/field/MANOS/install/custom_msg/include/custom_msg/srv/detail
[2.630s] -- Installing: /home/field/MANOS/install/custom_msg/include/custom_msg/srv/detail/set_servo__rosidl_typesupport_fastrtps_c.h
[2.630s] -- Installing: /home/field/MANOS/install/custom_msg/lib/libcustom_msg__rosidl_typesupport_fastrtps_c.so
[2.630s] -- Set runtime path of "/home/field/MANOS/install/custom_msg/lib/libcustom_msg__rosidl_typesupport_fastrtps_c.so" to ""
[2.630s] -- Up-to-date: /home/field/MANOS/install/custom_msg/include/custom_msg
[2.630s] -- Up-to-date: /home/field/MANOS/install/custom_msg/include/custom_msg/msg
[2.630s] -- Up-to-date: /home/field/MANOS/install/custom_msg/include/custom_msg/msg/detail
[2.630s] -- Installing: /home/field/MANOS/install/custom_msg/include/custom_msg/msg/detail/list_string__rosidl_typesupport_fastrtps_cpp.hpp
[2.630s] -- Installing: /home/field/MANOS/install/custom_msg/include/custom_msg/msg/detail/pos__rosidl_typesupport_fastrtps_cpp.hpp
[2.630s] -- Up-to-date: /home/field/MANOS/install/custom_msg/include/custom_msg/msg/detail/dds_fastrtps
[2.630s] -- Installing: /home/field/MANOS/install/custom_msg/include/custom_msg/msg/detail/manos_bundle__rosidl_typesupport_fastrtps_cpp.hpp
[2.630s] -- Up-to-date: /home/field/MANOS/install/custom_msg/include/custom_msg/msg/rosidl_typesupport_fastrtps_cpp__visibility_control.h
[2.630s] -- Up-to-date: /home/field/MANOS/install/custom_msg/include/custom_msg/srv
[2.631s] -- Up-to-date: /home/field/MANOS/install/custom_msg/include/custom_msg/srv/detail
[2.631s] -- Installing: /home/field/MANOS/install/custom_msg/include/custom_msg/srv/detail/set_servo__rosidl_typesupport_fastrtps_cpp.hpp
[2.631s] -- Up-to-date: /home/field/MANOS/install/custom_msg/include/custom_msg/srv/detail/dds_fastrtps
[2.631s] -- Installing: /home/field/MANOS/install/custom_msg/lib/libcustom_msg__rosidl_typesupport_fastrtps_cpp.so
[2.631s] -- Set runtime path of "/home/field/MANOS/install/custom_msg/lib/libcustom_msg__rosidl_typesupport_fastrtps_cpp.so" to ""
[2.631s] -- Up-to-date: /home/field/MANOS/install/custom_msg/include/custom_msg
[2.631s] -- Up-to-date: /home/field/MANOS/install/custom_msg/include/custom_msg/msg
[2.631s] -- Up-to-date: /home/field/MANOS/install/custom_msg/include/custom_msg/msg/detail
[2.631s] -- Installing: /home/field/MANOS/install/custom_msg/include/custom_msg/msg/detail/list_string__rosidl_typesupport_introspection_c.h
[2.631s] -- Installing: /home/field/MANOS/install/custom_msg/include/custom_msg/msg/detail/manos_bundle__rosidl_typesupport_introspection_c.h
[2.631s] -- Installing: /home/field/MANOS/install/custom_msg/include/custom_msg/msg/detail/pos__type_support.c
[2.631s] -- Installing: /home/field/MANOS/install/custom_msg/include/custom_msg/msg/detail/manos_bundle__type_support.c
[2.631s] -- Installing: /home/field/MANOS/install/custom_msg/include/custom_msg/msg/detail/list_string__type_support.c
[2.631s] -- Installing: /home/field/MANOS/install/custom_msg/include/custom_msg/msg/detail/pos__rosidl_typesupport_introspection_c.h
[2.631s] -- Up-to-date: /home/field/MANOS/install/custom_msg/include/custom_msg/msg/rosidl_typesupport_introspection_c__visibility_control.h
[2.631s] -- Up-to-date: /home/field/MANOS/install/custom_msg/include/custom_msg/srv
[2.631s] -- Up-to-date: /home/field/MANOS/install/custom_msg/include/custom_msg/srv/detail
[2.631s] -- Installing: /home/field/MANOS/install/custom_msg/include/custom_msg/srv/detail/set_servo__rosidl_typesupport_introspection_c.h
[2.631s] -- Installing: /home/field/MANOS/install/custom_msg/include/custom_msg/srv/detail/set_servo__type_support.c
[2.631s] -- Installing: /home/field/MANOS/install/custom_msg/lib/libcustom_msg__rosidl_typesupport_introspection_c.so
[2.631s] -- Set runtime path of "/home/field/MANOS/install/custom_msg/lib/libcustom_msg__rosidl_typesupport_introspection_c.so" to ""
[2.631s] -- Installing: /home/field/MANOS/install/custom_msg/lib/libcustom_msg__rosidl_typesupport_c.so
[2.631s] -- Set runtime path of "/home/field/MANOS/install/custom_msg/lib/libcustom_msg__rosidl_typesupport_c.so" to ""
[2.631s] -- Up-to-date: /home/field/MANOS/install/custom_msg/include/custom_msg
[2.631s] -- Up-to-date: /home/field/MANOS/install/custom_msg/include/custom_msg/msg
[2.631s] -- Installing: /home/field/MANOS/install/custom_msg/include/custom_msg/msg/pos.hpp
[2.631s] -- Installing: /home/field/MANOS/install/custom_msg/include/custom_msg/msg/manos_bundle.hpp
[2.631s] -- Up-to-date: /home/field/MANOS/install/custom_msg/include/custom_msg/msg/detail
[2.631s] -- Installing: /home/field/MANOS/install/custom_msg/include/custom_msg/msg/detail/list_string__traits.hpp
[2.631s] -- Installing: /home/field/MANOS/install/custom_msg/include/custom_msg/msg/detail/pos__traits.hpp
[2.632s] -- Installing: /home/field/MANOS/install/custom_msg/include/custom_msg/msg/detail/list_string__builder.hpp
[2.632s] -- Installing: /home/field/MANOS/install/custom_msg/include/custom_msg/msg/detail/pos__struct.hpp
[2.632s] -- Installing: /home/field/MANOS/install/custom_msg/include/custom_msg/msg/detail/manos_bundle__builder.hpp
[2.632s] -- Installing: /home/field/MANOS/install/custom_msg/include/custom_msg/msg/detail/manos_bundle__struct.hpp
[2.632s] -- Installing: /home/field/MANOS/install/custom_msg/include/custom_msg/msg/detail/manos_bundle__traits.hpp
[2.632s] -- Installing: /home/field/MANOS/install/custom_msg/include/custom_msg/msg/detail/list_string__struct.hpp
[2.632s] -- Installing: /home/field/MANOS/install/custom_msg/include/custom_msg/msg/detail/pos__builder.hpp
[2.632s] -- Installing: /home/field/MANOS/install/custom_msg/include/custom_msg/msg/list_string.hpp
[2.632s] -- Up-to-date: /home/field/MANOS/install/custom_msg/include/custom_msg/srv
[2.632s] -- Installing: /home/field/MANOS/install/custom_msg/include/custom_msg/srv/set_servo.hpp
[2.632s] -- Up-to-date: /home/field/MANOS/install/custom_msg/include/custom_msg/srv/detail
[2.632s] -- Installing: /home/field/MANOS/install/custom_msg/include/custom_msg/srv/detail/set_servo__traits.hpp
[2.632s] -- Installing: /home/field/MANOS/install/custom_msg/include/custom_msg/srv/detail/set_servo__builder.hpp
[2.632s] -- Installing: /home/field/MANOS/install/custom_msg/include/custom_msg/srv/detail/set_servo__struct.hpp
[2.632s] -- Up-to-date: /home/field/MANOS/install/custom_msg/include/custom_msg
[2.632s] -- Up-to-date: /home/field/MANOS/install/custom_msg/include/custom_msg/msg
[2.632s] -- Up-to-date: /home/field/MANOS/install/custom_msg/include/custom_msg/msg/detail
[2.632s] -- Installing: /home/field/MANOS/install/custom_msg/include/custom_msg/msg/detail/pos__type_support.cpp
[2.632s] -- Installing: /home/field/MANOS/install/custom_msg/include/custom_msg/msg/detail/list_string__rosidl_typesupport_introspection_cpp.hpp
[2.632s] -- Installing: /home/field/MANOS/install/custom_msg/include/custom_msg/msg/detail/list_string__type_support.cpp
[2.632s] -- Installing: /home/field/MANOS/install/custom_msg/include/custom_msg/msg/detail/manos_bundle__rosidl_typesupport_introspection_cpp.hpp
[2.632s] -- Installing: /home/field/MANOS/install/custom_msg/include/custom_msg/msg/detail/manos_bundle__type_support.cpp
[2.632s] -- Installing: /home/field/MANOS/install/custom_msg/include/custom_msg/msg/detail/pos__rosidl_typesupport_introspection_cpp.hpp
[2.632s] -- Up-to-date: /home/field/MANOS/install/custom_msg/include/custom_msg/srv
[2.632s] -- Up-to-date: /home/field/MANOS/install/custom_msg/include/custom_msg/srv/detail
[2.632s] -- Installing: /home/field/MANOS/install/custom_msg/include/custom_msg/srv/detail/set_servo__type_support.cpp
[2.632s] -- Installing: /home/field/MANOS/install/custom_msg/include/custom_msg/srv/detail/set_servo__rosidl_typesupport_introspection_cpp.hpp
[2.632s] -- Installing: /home/field/MANOS/install/custom_msg/lib/libcustom_msg__rosidl_typesupport_introspection_cpp.so
[2.632s] -- Set runtime path of "/home/field/MANOS/install/custom_msg/lib/libcustom_msg__rosidl_typesupport_introspection_cpp.so" to ""
[2.632s] -- Installing: /home/field/MANOS/install/custom_msg/lib/libcustom_msg__rosidl_typesupport_cpp.so
[2.633s] -- Set runtime path of "/home/field/MANOS/install/custom_msg/lib/libcustom_msg__rosidl_typesupport_cpp.so" to ""
[2.633s] -- Up-to-date: /home/field/MANOS/install/custom_msg/share/custom_msg/environment/pythonpath.sh
[2.633s] -- Installing: /home/field/MANOS/install/custom_msg/share/custom_msg/environment/pythonpath.dsv
[2.633s] -- Installing: /home/field/MANOS/install/custom_msg/lib/python3.8/site-packages/custom_msg/__init__.py
[2.652s] Compiling '/home/field/MANOS/install/custom_msg/lib/python3.8/site-packages/custom_msg/__init__.py'...
[2.655s] -- Up-to-date: /home/field/MANOS/install/custom_msg/lib/python3.8/site-packages/custom_msg/msg
[2.655s] -- Installing: /home/field/MANOS/install/custom_msg/lib/python3.8/site-packages/custom_msg/msg/_manos_bundle_s.c
[2.655s] -- Installing: /home/field/MANOS/install/custom_msg/lib/python3.8/site-packages/custom_msg/msg/__init__.py
[2.655s] -- Installing: /home/field/MANOS/install/custom_msg/lib/python3.8/site-packages/custom_msg/msg/_list_string.py
[2.655s] -- Installing: /home/field/MANOS/install/custom_msg/lib/python3.8/site-packages/custom_msg/msg/_pos.py
[2.655s] -- Installing: /home/field/MANOS/install/custom_msg/lib/python3.8/site-packages/custom_msg/msg/_manos_bundle.py
[2.655s] -- Installing: /home/field/MANOS/install/custom_msg/lib/python3.8/site-packages/custom_msg/msg/_pos_s.c
[2.655s] -- Installing: /home/field/MANOS/install/custom_msg/lib/python3.8/site-packages/custom_msg/msg/_list_string_s.c
[2.655s] -- Up-to-date: /home/field/MANOS/install/custom_msg/lib/python3.8/site-packages/custom_msg/srv
[2.655s] -- Installing: /home/field/MANOS/install/custom_msg/lib/python3.8/site-packages/custom_msg/srv/__init__.py
[2.655s] -- Installing: /home/field/MANOS/install/custom_msg/lib/python3.8/site-packages/custom_msg/srv/_set_servo_s.c
[2.655s] -- Installing: /home/field/MANOS/install/custom_msg/lib/python3.8/site-packages/custom_msg/srv/_set_servo.py
[2.655s] -- Installing: /home/field/MANOS/install/custom_msg/lib/python3.8/site-packages/custom_msg/custom_msg_s__rosidl_typesupport_fastrtps_c.cpython-38-x86_64-linux-gnu.so
[2.655s] -- Set runtime path of "/home/field/MANOS/install/custom_msg/lib/python3.8/site-packages/custom_msg/custom_msg_s__rosidl_typesupport_fastrtps_c.cpython-38-x86_64-linux-gnu.so" to ""
[2.655s] -- Installing: /home/field/MANOS/install/custom_msg/lib/python3.8/site-packages/custom_msg/custom_msg_s__rosidl_typesupport_introspection_c.cpython-38-x86_64-linux-gnu.so
[2.656s] -- Set runtime path of "/home/field/MANOS/install/custom_msg/lib/python3.8/site-packages/custom_msg/custom_msg_s__rosidl_typesupport_introspection_c.cpython-38-x86_64-linux-gnu.so" to ""
[2.656s] -- Installing: /home/field/MANOS/install/custom_msg/lib/python3.8/site-packages/custom_msg/custom_msg_s__rosidl_typesupport_c.cpython-38-x86_64-linux-gnu.so
[2.656s] -- Set runtime path of "/home/field/MANOS/install/custom_msg/lib/python3.8/site-packages/custom_msg/custom_msg_s__rosidl_typesupport_c.cpython-38-x86_64-linux-gnu.so" to ""
[2.656s] -- Installing: /home/field/MANOS/install/custom_msg/lib/libcustom_msg__python.so
[2.656s] -- Set runtime path of "/home/field/MANOS/install/custom_msg/lib/libcustom_msg__python.so" to ""
[2.656s] -- Up-to-date: /home/field/MANOS/install/custom_msg/share/custom_msg/msg/ListString.idl
[2.656s] -- Up-to-date: /home/field/MANOS/install/custom_msg/share/custom_msg/msg/Pos.idl
[2.656s] -- Up-to-date: /home/field/MANOS/install/custom_msg/share/custom_msg/msg/MANOSBundle.idl
[2.656s] -- Installing: /home/field/MANOS/install/custom_msg/share/custom_msg/srv/SetServo.idl
[2.656s] -- Up-to-date: /home/field/MANOS/install/custom_msg/share/custom_msg/msg/ListString.msg
[2.656s] -- Up-to-date: /home/field/MANOS/install/custom_msg/share/custom_msg/msg/Pos.msg
[2.656s] -- Up-to-date: /home/field/MANOS/install/custom_msg/share/custom_msg/msg/MANOSBundle.msg
[2.656s] -- Installing: /home/field/MANOS/install/custom_msg/share/custom_msg/srv/SetServo.srv
[2.656s] -- Installing: /home/field/MANOS/install/custom_msg/share/custom_msg/srv/SetServo_Request.msg
[2.656s] -- Up-to-date: /home/field/MANOS/install/custom_msg/share/custom_msg/srv/SetServo_Response.msg
[2.656s] -- Up-to-date: /home/field/MANOS/install/custom_msg/share/ament_index/resource_index/package_run_dependencies/custom_msg
[2.656s] -- Up-to-date: /home/field/MANOS/install/custom_msg/share/ament_index/resource_index/parent_prefix_path/custom_msg
[2.656s] -- Up-to-date: /home/field/MANOS/install/custom_msg/share/custom_msg/environment/ament_prefix_path.sh
[2.656s] -- Installing: /home/field/MANOS/install/custom_msg/share/custom_msg/environment/ament_prefix_path.dsv
[2.656s] -- Up-to-date: /home/field/MANOS/install/custom_msg/share/custom_msg/environment/path.sh
[2.657s] -- Installing: /home/field/MANOS/install/custom_msg/share/custom_msg/environment/path.dsv
[2.657s] -- Up-to-date: /home/field/MANOS/install/custom_msg/share/custom_msg/local_setup.bash
[2.657s] -- Up-to-date: /home/field/MANOS/install/custom_msg/share/custom_msg/local_setup.sh
[2.657s] -- Up-to-date: /home/field/MANOS/install/custom_msg/share/custom_msg/local_setup.zsh
[2.657s] -- Installing: /home/field/MANOS/install/custom_msg/share/custom_msg/local_setup.dsv
[2.657s] -- Installing: /home/field/MANOS/install/custom_msg/share/custom_msg/package.dsv
[2.657s] -- Up-to-date: /home/field/MANOS/install/custom_msg/share/ament_index/resource_index/packages/custom_msg
[2.657s] -- Up-to-date: /home/field/MANOS/install/custom_msg/share/custom_msg/cmake/custom_msg__rosidl_generator_cExport.cmake
[2.657s] -- Up-to-date: /home/field/MANOS/install/custom_msg/share/custom_msg/cmake/custom_msg__rosidl_generator_cExport-noconfig.cmake
[2.657s] -- Up-to-date: /home/field/MANOS/install/custom_msg/share/custom_msg/cmake/custom_msg__rosidl_typesupport_introspection_cExport.cmake
[2.657s] -- Up-to-date: /home/field/MANOS/install/custom_msg/share/custom_msg/cmake/custom_msg__rosidl_typesupport_introspection_cExport-noconfig.cmake
[2.657s] -- Up-to-date: /home/field/MANOS/install/custom_msg/share/custom_msg/cmake/custom_msg__rosidl_typesupport_cExport.cmake
[2.657s] -- Up-to-date: /home/field/MANOS/install/custom_msg/share/custom_msg/cmake/custom_msg__rosidl_typesupport_cExport-noconfig.cmake
[2.657s] -- Up-to-date: /home/field/MANOS/install/custom_msg/share/custom_msg/cmake/custom_msg__rosidl_generator_cppExport.cmake
[2.657s] -- Up-to-date: /home/field/MANOS/install/custom_msg/share/custom_msg/cmake/custom_msg__rosidl_typesupport_introspection_cppExport.cmake
[2.657s] -- Up-to-date: /home/field/MANOS/install/custom_msg/share/custom_msg/cmake/custom_msg__rosidl_typesupport_introspection_cppExport-noconfig.cmake
[2.657s] -- Up-to-date: /home/field/MANOS/install/custom_msg/share/custom_msg/cmake/custom_msg__rosidl_typesupport_cppExport.cmake
[2.657s] -- Up-to-date: /home/field/MANOS/install/custom_msg/share/custom_msg/cmake/custom_msg__rosidl_typesupport_cppExport-noconfig.cmake
[2.657s] -- Up-to-date: /home/field/MANOS/install/custom_msg/share/custom_msg/cmake/rosidl_cmake-extras.cmake
[2.657s] -- Up-to-date: /home/field/MANOS/install/custom_msg/share/custom_msg/cmake/ament_cmake_export_dependencies-extras.cmake
[2.657s] -- Up-to-date: /home/field/MANOS/install/custom_msg/share/custom_msg/cmake/ament_cmake_export_libraries-extras.cmake
[2.657s] -- Up-to-date: /home/field/MANOS/install/custom_msg/share/custom_msg/cmake/ament_cmake_export_targets-extras.cmake
[2.657s] -- Up-to-date: /home/field/MANOS/install/custom_msg/share/custom_msg/cmake/ament_cmake_export_include_directories-extras.cmake
[2.657s] -- Up-to-date: /home/field/MANOS/install/custom_msg/share/custom_msg/cmake/rosidl_cmake_export_typesupport_libraries-extras.cmake
[2.657s] -- Up-to-date: /home/field/MANOS/install/custom_msg/share/custom_msg/cmake/rosidl_cmake_export_typesupport_targets-extras.cmake
[2.657s] -- Up-to-date: /home/field/MANOS/install/custom_msg/share/custom_msg/cmake/custom_msgConfig.cmake
[2.657s] -- Up-to-date: /home/field/MANOS/install/custom_msg/share/custom_msg/cmake/custom_msgConfig-version.cmake
[2.657s] -- Up-to-date: /home/field/MANOS/install/custom_msg/share/custom_msg/package.xml
[2.661s] Invoked command in '/home/field/MANOS/build/custom_msg' returned '0': CMAKE_PREFIX_PATH=${CMAKE_PREFIX_PATH}:/home/field/MANOS/install/manos_manager:/home/field/MANOS/install/host_listener_package:/home/field/MANOS/install/hand_detector:/home/field/MANOS/install/custom_ros_controller:/home/field/MANOS/install/castelet:/home/field/MANOS/install/camera:/opt/ros/galactic /home/field/.local/bin/cmake --install /home/field/MANOS/build/custom_msg
