[1.810s] Invoking command in '/home/field/MANOS/src/camera': PYTHONPATH=/home/field/MANOS/build/camera/prefix_override:/home/field/MANOS/install/camera/lib/python3.8/site-packages:/home/field/MANOS/install/custom_msg/lib/python3.8/site-packages:/home/field/MANOS/install/manos_manager/lib/python3.8/site-packages:/home/field/MANOS/install/host_listener_package/lib/python3.8/site-packages:/home/field/MANOS/install/hand_detector/lib/python3.8/site-packages:/home/field/MANOS/install/custom_ros_controller/lib/python3.8/site-packages:/home/field/MANOS/install/castelet/lib/python3.8/site-packages:/home/field/MANOS/install/camera/lib/python3.8/site-packages:/opt/ros/galactic/lib/python3.8/site-packages /usr/bin/python3 setup.py egg_info --egg-base ../../build/camera build --build-base /home/field/MANOS/build/camera/build install --record /home/field/MANOS/build/camera/install.log --single-version-externally-managed
[1.945s] running egg_info
[1.946s] creating ../../build/camera/camera.egg-info
[1.946s] writing ../../build/camera/camera.egg-info/PKG-INFO
[1.946s] writing dependency_links to ../../build/camera/camera.egg-info/dependency_links.txt
[1.946s] writing entry points to ../../build/camera/camera.egg-info/entry_points.txt
[1.946s] writing requirements to ../../build/camera/camera.egg-info/requires.txt
[1.946s] writing top-level names to ../../build/camera/camera.egg-info/top_level.txt
[1.947s] writing manifest file '../../build/camera/camera.egg-info/SOURCES.txt'
[1.967s] reading manifest file '../../build/camera/camera.egg-info/SOURCES.txt'
[1.967s] writing manifest file '../../build/camera/camera.egg-info/SOURCES.txt'
[1.967s] running build
[1.967s] running build_py
[1.967s] creating /home/field/MANOS/build/camera/build
[1.967s] creating /home/field/MANOS/build/camera/build/lib
[1.967s] creating /home/field/MANOS/build/camera/build/lib/camera
[1.967s] copying camera/__init__.py -> /home/field/MANOS/build/camera/build/lib/camera
[1.968s] copying camera/camera.py -> /home/field/MANOS/build/camera/build/lib/camera
[1.968s] copying camera/test_camera.py -> /home/field/MANOS/build/camera/build/lib/camera
[1.968s] running install
[1.968s] running install_lib
[1.968s] creating /home/field/MANOS/install/camera/lib/python3.8/site-packages/camera
[1.969s] copying /home/field/MANOS/build/camera/build/lib/camera/__init__.py -> /home/field/MANOS/install/camera/lib/python3.8/site-packages/camera
[1.969s] copying /home/field/MANOS/build/camera/build/lib/camera/camera.py -> /home/field/MANOS/install/camera/lib/python3.8/site-packages/camera
[1.969s] copying /home/field/MANOS/build/camera/build/lib/camera/test_camera.py -> /home/field/MANOS/install/camera/lib/python3.8/site-packages/camera
[1.969s] byte-compiling /home/field/MANOS/install/camera/lib/python3.8/site-packages/camera/__init__.py to __init__.cpython-38.pyc
[1.969s] byte-compiling /home/field/MANOS/install/camera/lib/python3.8/site-packages/camera/camera.py to camera.cpython-38.pyc
[1.970s] byte-compiling /home/field/MANOS/install/camera/lib/python3.8/site-packages/camera/test_camera.py to test_camera.cpython-38.pyc
[1.971s] running install_data
[1.971s] creating /home/field/MANOS/install/camera/share/ament_index
[1.971s] creating /home/field/MANOS/install/camera/share/ament_index/resource_index
[1.971s] creating /home/field/MANOS/install/camera/share/ament_index/resource_index/packages
[1.971s] copying resource/camera -> /home/field/MANOS/install/camera/share/ament_index/resource_index/packages
[1.971s] copying package.xml -> /home/field/MANOS/install/camera/share/camera
[1.971s] running install_egg_info
[1.972s] Copying ../../build/camera/camera.egg-info to /home/field/MANOS/install/camera/lib/python3.8/site-packages/camera-0.0.0-py3.8.egg-info
[1.972s] running install_scripts
[1.983s] Installing camera script to /home/field/MANOS/install/camera/lib/camera
[1.983s] writing list of installed files to '/home/field/MANOS/build/camera/install.log'
[2.180s] Invoked command in '/home/field/MANOS/src/camera' returned '0': PYTHONPATH=/home/field/MANOS/build/camera/prefix_override:/home/field/MANOS/install/camera/lib/python3.8/site-packages:/home/field/MANOS/install/custom_msg/lib/python3.8/site-packages:/home/field/MANOS/install/manos_manager/lib/python3.8/site-packages:/home/field/MANOS/install/host_listener_package/lib/python3.8/site-packages:/home/field/MANOS/install/hand_detector/lib/python3.8/site-packages:/home/field/MANOS/install/custom_ros_controller/lib/python3.8/site-packages:/home/field/MANOS/install/castelet/lib/python3.8/site-packages:/home/field/MANOS/install/camera/lib/python3.8/site-packages:/opt/ros/galactic/lib/python3.8/site-packages /usr/bin/python3 setup.py egg_info --egg-base ../../build/camera build --build-base /home/field/MANOS/build/camera/build install --record /home/field/MANOS/build/camera/install.log --single-version-externally-managed
