[1.471s] Invoking command in '/home/keny/MANOS_ws/src/hand_detector': PYTHONPATH=/home/keny/MANOS_ws/build/hand_detector/prefix_override:/home/keny/MANOS_ws/install/hand_detector/lib/python3.8/site-packages:/home/keny/MANOS_ws/install/custom_msg/lib/python3.8/site-packages:/home/keny/MANOS_ws/install/py_launch_example/lib/python3.8/site-packages:/home/keny/MANOS_ws/install/manos_launch/lib/python3.8/site-packages:/home/keny/MANOS_ws/install/launch/lib/python3.8/site-packages:/home/keny/MANOS_ws/install/host_listener_package/lib/python3.8/site-packages:/home/keny/MANOS_ws/install/hand_detector_package/lib/python3.8/site-packages:/home/keny/MANOS_ws/install/hand_detector/lib/python3.8/site-packages:/home/keny/MANOS_ws/install/castelet/lib/python3.8/site-packages:/home/keny/MANOS_ws/install/camera/lib/python3.8/site-packages:/opt/ros/galactic/lib/python3.8/site-packages:/home/keny/acs/src/behaviors/ /usr/bin/python3 setup.py egg_info --egg-base ../../build/hand_detector build --build-base /home/keny/MANOS_ws/build/hand_detector/build install --record /home/keny/MANOS_ws/build/hand_detector/install.log --single-version-externally-managed
[1.705s] running egg_info
[1.705s] writing ../../build/hand_detector/hand_detector.egg-info/PKG-INFO
[1.706s] writing dependency_links to ../../build/hand_detector/hand_detector.egg-info/dependency_links.txt
[1.706s] writing entry points to ../../build/hand_detector/hand_detector.egg-info/entry_points.txt
[1.706s] writing requirements to ../../build/hand_detector/hand_detector.egg-info/requires.txt
[1.706s] writing top-level names to ../../build/hand_detector/hand_detector.egg-info/top_level.txt
[1.735s] reading manifest file '../../build/hand_detector/hand_detector.egg-info/SOURCES.txt'
[1.736s] writing manifest file '../../build/hand_detector/hand_detector.egg-info/SOURCES.txt'
[1.736s] running build
[1.736s] running build_py
[1.736s] copying hand_detector/hand_detector.py -> /home/keny/MANOS_ws/build/hand_detector/build/lib/hand_detector
[1.736s] running install
[1.737s] running install_lib
[1.737s] copying /home/keny/MANOS_ws/build/hand_detector/build/lib/hand_detector/hand_detector.py -> /home/keny/MANOS_ws/install/hand_detector/lib/python3.8/site-packages/hand_detector
[1.738s] byte-compiling /home/keny/MANOS_ws/install/hand_detector/lib/python3.8/site-packages/hand_detector/hand_detector.py to hand_detector.cpython-38.pyc
[1.740s] running install_data
[1.741s] running install_egg_info
[1.742s] removing '/home/keny/MANOS_ws/install/hand_detector/lib/python3.8/site-packages/hand_detector-0.0.0-py3.8.egg-info' (and everything under it)
[1.742s] Copying ../../build/hand_detector/hand_detector.egg-info to /home/keny/MANOS_ws/install/hand_detector/lib/python3.8/site-packages/hand_detector-0.0.0-py3.8.egg-info
[1.743s] running install_scripts
[1.757s] Installing hand_detector script to /home/keny/MANOS_ws/install/hand_detector/lib/hand_detector
[1.757s] writing list of installed files to '/home/keny/MANOS_ws/build/hand_detector/install.log'
[1.824s] Invoked command in '/home/keny/MANOS_ws/src/hand_detector' returned '0': PYTHONPATH=/home/keny/MANOS_ws/build/hand_detector/prefix_override:/home/keny/MANOS_ws/install/hand_detector/lib/python3.8/site-packages:/home/keny/MANOS_ws/install/custom_msg/lib/python3.8/site-packages:/home/keny/MANOS_ws/install/py_launch_example/lib/python3.8/site-packages:/home/keny/MANOS_ws/install/manos_launch/lib/python3.8/site-packages:/home/keny/MANOS_ws/install/launch/lib/python3.8/site-packages:/home/keny/MANOS_ws/install/host_listener_package/lib/python3.8/site-packages:/home/keny/MANOS_ws/install/hand_detector_package/lib/python3.8/site-packages:/home/keny/MANOS_ws/install/hand_detector/lib/python3.8/site-packages:/home/keny/MANOS_ws/install/castelet/lib/python3.8/site-packages:/home/keny/MANOS_ws/install/camera/lib/python3.8/site-packages:/opt/ros/galactic/lib/python3.8/site-packages:/home/keny/acs/src/behaviors/ /usr/bin/python3 setup.py egg_info --egg-base ../../build/hand_detector build --build-base /home/keny/MANOS_ws/build/hand_detector/build install --record /home/keny/MANOS_ws/build/hand_detector/install.log --single-version-externally-managed
