[1.278s] Invoking command in '/home/keny/MANOS_ws/src/host_listener_package': PYTHONPATH=/home/keny/MANOS_ws/build/host_listener_package/prefix_override:/home/keny/MANOS_ws/install/host_listener_package/lib/python3.8/site-packages:/home/keny/MANOS_ws/install/custom_msg/lib/python3.8/site-packages:/home/keny/MANOS_ws/install/py_launch_example/lib/python3.8/site-packages:/home/keny/MANOS_ws/install/manos_launch/lib/python3.8/site-packages:/home/keny/MANOS_ws/install/launch/lib/python3.8/site-packages:/home/keny/MANOS_ws/install/host_listener_package/lib/python3.8/site-packages:/home/keny/MANOS_ws/install/hand_detector_package/lib/python3.8/site-packages:/home/keny/MANOS_ws/install/hand_detector/lib/python3.8/site-packages:/home/keny/MANOS_ws/install/camera/lib/python3.8/site-packages:/home/keny/MANOS_ws/install/castelet/lib/python3.8/site-packages:/home/keny/acs/devel/lib/python3/dist-packages:/opt/ros/noetic/lib/python3/dist-packages:/opt/ros/galactic/lib/python3.8/site-packages:/home/keny/acs/src/behaviors/ /usr/bin/python3 setup.py egg_info --egg-base ../../build/host_listener_package build --build-base /home/keny/MANOS_ws/build/host_listener_package/build install --record /home/keny/MANOS_ws/build/host_listener_package/install.log --single-version-externally-managed
[1.542s] running egg_info
[1.543s] writing ../../build/host_listener_package/host_listener_package.egg-info/PKG-INFO
[1.543s] writing dependency_links to ../../build/host_listener_package/host_listener_package.egg-info/dependency_links.txt
[1.544s] writing entry points to ../../build/host_listener_package/host_listener_package.egg-info/entry_points.txt
[1.544s] writing requirements to ../../build/host_listener_package/host_listener_package.egg-info/requires.txt
[1.544s] writing top-level names to ../../build/host_listener_package/host_listener_package.egg-info/top_level.txt
[1.575s] reading manifest file '../../build/host_listener_package/host_listener_package.egg-info/SOURCES.txt'
[1.575s] writing manifest file '../../build/host_listener_package/host_listener_package.egg-info/SOURCES.txt'
[1.576s] running build
[1.576s] running build_py
[1.576s] running install
[1.577s] running install_lib
[1.578s] running install_data
[1.579s] running install_egg_info
[1.580s] removing '/home/keny/MANOS_ws/install/host_listener_package/lib/python3.8/site-packages/host_listener_package-0.0.0-py3.8.egg-info' (and everything under it)
[1.581s] Copying ../../build/host_listener_package/host_listener_package.egg-info to /home/keny/MANOS_ws/install/host_listener_package/lib/python3.8/site-packages/host_listener_package-0.0.0-py3.8.egg-info
[1.582s] running install_scripts
[1.598s] Installing host_listener script to /home/keny/MANOS_ws/install/host_listener_package/lib/host_listener_package
[1.599s] writing list of installed files to '/home/keny/MANOS_ws/build/host_listener_package/install.log'
[1.626s] Invoked command in '/home/keny/MANOS_ws/src/host_listener_package' returned '0': PYTHONPATH=/home/keny/MANOS_ws/build/host_listener_package/prefix_override:/home/keny/MANOS_ws/install/host_listener_package/lib/python3.8/site-packages:/home/keny/MANOS_ws/install/custom_msg/lib/python3.8/site-packages:/home/keny/MANOS_ws/install/py_launch_example/lib/python3.8/site-packages:/home/keny/MANOS_ws/install/manos_launch/lib/python3.8/site-packages:/home/keny/MANOS_ws/install/launch/lib/python3.8/site-packages:/home/keny/MANOS_ws/install/host_listener_package/lib/python3.8/site-packages:/home/keny/MANOS_ws/install/hand_detector_package/lib/python3.8/site-packages:/home/keny/MANOS_ws/install/hand_detector/lib/python3.8/site-packages:/home/keny/MANOS_ws/install/camera/lib/python3.8/site-packages:/home/keny/MANOS_ws/install/castelet/lib/python3.8/site-packages:/home/keny/acs/devel/lib/python3/dist-packages:/opt/ros/noetic/lib/python3/dist-packages:/opt/ros/galactic/lib/python3.8/site-packages:/home/keny/acs/src/behaviors/ /usr/bin/python3 setup.py egg_info --egg-base ../../build/host_listener_package build --build-base /home/keny/MANOS_ws/build/host_listener_package/build install --record /home/keny/MANOS_ws/build/host_listener_package/install.log --single-version-externally-managed
