[1.591s] Invoking command in '/home/keny/MANOS_ws/src/castelet': PYTHONPATH=/home/keny/MANOS_ws/build/castelet/prefix_override:/home/keny/MANOS_ws/install/castelet/lib/python3.8/site-packages:/home/keny/MANOS_ws/install/custom_msg/lib/python3.8/site-packages:/home/keny/MANOS_ws/install/py_launch_example/lib/python3.8/site-packages:/home/keny/MANOS_ws/install/manos_launch/lib/python3.8/site-packages:/home/keny/MANOS_ws/install/launch/lib/python3.8/site-packages:/home/keny/MANOS_ws/install/host_listener_package/lib/python3.8/site-packages:/home/keny/MANOS_ws/install/hand_detector_package/lib/python3.8/site-packages:/home/keny/MANOS_ws/install/hand_detector/lib/python3.8/site-packages:/home/keny/MANOS_ws/install/castelet/lib/python3.8/site-packages:/home/keny/MANOS_ws/install/camera/lib/python3.8/site-packages:/opt/ros/galactic/lib/python3.8/site-packages /usr/bin/python3 setup.py egg_info --egg-base ../../build/castelet build --build-base /home/keny/MANOS_ws/build/castelet/build install --record /home/keny/MANOS_ws/build/castelet/install.log --single-version-externally-managed
[1.844s] running egg_info
[1.845s] writing ../../build/castelet/castelet.egg-info/PKG-INFO
[1.845s] writing dependency_links to ../../build/castelet/castelet.egg-info/dependency_links.txt
[1.845s] writing entry points to ../../build/castelet/castelet.egg-info/entry_points.txt
[1.846s] writing requirements to ../../build/castelet/castelet.egg-info/requires.txt
[1.846s] writing top-level names to ../../build/castelet/castelet.egg-info/top_level.txt
[1.877s] reading manifest file '../../build/castelet/castelet.egg-info/SOURCES.txt'
[1.878s] writing manifest file '../../build/castelet/castelet.egg-info/SOURCES.txt'
[1.878s] running build
[1.878s] running build_py
[1.878s] copying castelet/castelet.py -> /home/keny/MANOS_ws/build/castelet/build/lib/castelet
[1.878s] running install
[1.879s] running install_lib
[1.880s] copying /home/keny/MANOS_ws/build/castelet/build/lib/castelet/castelet.py -> /home/keny/MANOS_ws/install/castelet/lib/python3.8/site-packages/castelet
[1.881s] byte-compiling /home/keny/MANOS_ws/install/castelet/lib/python3.8/site-packages/castelet/castelet.py to castelet.cpython-38.pyc
[1.883s] running install_data
[1.884s] running install_egg_info
[1.885s] removing '/home/keny/MANOS_ws/install/castelet/lib/python3.8/site-packages/castelet-0.0.0-py3.8.egg-info' (and everything under it)
[1.886s] Copying ../../build/castelet/castelet.egg-info to /home/keny/MANOS_ws/install/castelet/lib/python3.8/site-packages/castelet-0.0.0-py3.8.egg-info
[1.886s] running install_scripts
[1.900s] Installing castelet script to /home/keny/MANOS_ws/install/castelet/lib/castelet
[1.901s] writing list of installed files to '/home/keny/MANOS_ws/build/castelet/install.log'
[1.928s] Invoked command in '/home/keny/MANOS_ws/src/castelet' returned '0': PYTHONPATH=/home/keny/MANOS_ws/build/castelet/prefix_override:/home/keny/MANOS_ws/install/castelet/lib/python3.8/site-packages:/home/keny/MANOS_ws/install/custom_msg/lib/python3.8/site-packages:/home/keny/MANOS_ws/install/py_launch_example/lib/python3.8/site-packages:/home/keny/MANOS_ws/install/manos_launch/lib/python3.8/site-packages:/home/keny/MANOS_ws/install/launch/lib/python3.8/site-packages:/home/keny/MANOS_ws/install/host_listener_package/lib/python3.8/site-packages:/home/keny/MANOS_ws/install/hand_detector_package/lib/python3.8/site-packages:/home/keny/MANOS_ws/install/hand_detector/lib/python3.8/site-packages:/home/keny/MANOS_ws/install/castelet/lib/python3.8/site-packages:/home/keny/MANOS_ws/install/camera/lib/python3.8/site-packages:/opt/ros/galactic/lib/python3.8/site-packages /usr/bin/python3 setup.py egg_info --egg-base ../../build/castelet build --build-base /home/keny/MANOS_ws/build/castelet/build install --record /home/keny/MANOS_ws/build/castelet/install.log --single-version-externally-managed
