[2.854s] Invoking command in '/home/field/MANOS/src/host_listener_package': CMAKE_PREFIX_PATH=/home/field/MANOS/install/custom_msg:/home/field/MANOS/install/servo_control LD_LIBRARY_PATH=/home/field/MANOS/install/custom_msg/lib:/usr/local/cuda/lib64:/home/field/MANOS/install/servo_control/lib:/opt/ros/galactic/opt/yaml_cpp_vendor/lib:/opt/ros/galactic/opt/rviz_ogre_vendor/lib:/opt/ros/galactic/lib/x86_64-linux-gnu:/opt/ros/galactic/lib PYTHONPATH=/home/field/MANOS/build/host_listener_package/prefix_override:/home/field/MANOS/install/host_listener_package/lib/python3.8/site-packages:/home/field/MANOS/install/custom_msg/lib/python3.8/site-packages:/home/field/MANOS/install/servo_control/lib/python3.8/site-packages:/home/field/MANOS/install/manos_manager/lib/python3.8/site-packages:/home/field/MANOS/install/host_listener_package/lib/python3.8/site-packages:/home/field/MANOS/install/hand_detector/lib/python3.8/site-packages:/home/field/MANOS/install/custom_ros_controller/lib/python3.8/site-packages:/home/field/MANOS/install/castelet/lib/python3.8/site-packages:/home/field/MANOS/install/camera/lib/python3.8/site-packages:/opt/ros/galactic/lib/python3.8/site-packages /usr/bin/python3 setup.py egg_info --egg-base ../../build/host_listener_package build --build-base /home/field/MANOS/build/host_listener_package/build install --record /home/field/MANOS/build/host_listener_package/install.log --single-version-externally-managed
[2.989s] running egg_info
[2.990s] writing ../../build/host_listener_package/host_listener_package.egg-info/PKG-INFO
[2.990s] writing dependency_links to ../../build/host_listener_package/host_listener_package.egg-info/dependency_links.txt
[2.990s] writing entry points to ../../build/host_listener_package/host_listener_package.egg-info/entry_points.txt
[2.990s] writing requirements to ../../build/host_listener_package/host_listener_package.egg-info/requires.txt
[2.990s] writing top-level names to ../../build/host_listener_package/host_listener_package.egg-info/top_level.txt
[3.010s] reading manifest file '../../build/host_listener_package/host_listener_package.egg-info/SOURCES.txt'
[3.011s] writing manifest file '../../build/host_listener_package/host_listener_package.egg-info/SOURCES.txt'
[3.011s] running build
[3.011s] running build_py
[3.011s] copying host_listener_package/host_listener.py -> /home/field/MANOS/build/host_listener_package/build/lib/host_listener_package
[3.011s] running install
[3.011s] running install_lib
[3.012s] copying /home/field/MANOS/build/host_listener_package/build/lib/host_listener_package/host_listener.py -> /home/field/MANOS/install/host_listener_package/lib/python3.8/site-packages/host_listener_package
[3.012s] byte-compiling /home/field/MANOS/install/host_listener_package/lib/python3.8/site-packages/host_listener_package/host_listener.py to host_listener.cpython-38.pyc
[3.013s] running install_data
[3.013s] running install_egg_info
[3.014s] removing '/home/field/MANOS/install/host_listener_package/lib/python3.8/site-packages/host_listener_package-0.0.0-py3.8.egg-info' (and everything under it)
[3.015s] Copying ../../build/host_listener_package/host_listener_package.egg-info to /home/field/MANOS/install/host_listener_package/lib/python3.8/site-packages/host_listener_package-0.0.0-py3.8.egg-info
[3.015s] running install_scripts
[3.026s] Installing host_listener script to /home/field/MANOS/install/host_listener_package/lib/host_listener_package
[3.026s] writing list of installed files to '/home/field/MANOS/build/host_listener_package/install.log'
[4.070s] Invoked command in '/home/field/MANOS/src/host_listener_package' returned '0': CMAKE_PREFIX_PATH=/home/field/MANOS/install/custom_msg:/home/field/MANOS/install/servo_control LD_LIBRARY_PATH=/home/field/MANOS/install/custom_msg/lib:/usr/local/cuda/lib64:/home/field/MANOS/install/servo_control/lib:/opt/ros/galactic/opt/yaml_cpp_vendor/lib:/opt/ros/galactic/opt/rviz_ogre_vendor/lib:/opt/ros/galactic/lib/x86_64-linux-gnu:/opt/ros/galactic/lib PYTHONPATH=/home/field/MANOS/build/host_listener_package/prefix_override:/home/field/MANOS/install/host_listener_package/lib/python3.8/site-packages:/home/field/MANOS/install/custom_msg/lib/python3.8/site-packages:/home/field/MANOS/install/servo_control/lib/python3.8/site-packages:/home/field/MANOS/install/manos_manager/lib/python3.8/site-packages:/home/field/MANOS/install/host_listener_package/lib/python3.8/site-packages:/home/field/MANOS/install/hand_detector/lib/python3.8/site-packages:/home/field/MANOS/install/custom_ros_controller/lib/python3.8/site-packages:/home/field/MANOS/install/castelet/lib/python3.8/site-packages:/home/field/MANOS/install/camera/lib/python3.8/site-packages:/opt/ros/galactic/lib/python3.8/site-packages /usr/bin/python3 setup.py egg_info --egg-base ../../build/host_listener_package build --build-base /home/field/MANOS/build/host_listener_package/build install --record /home/field/MANOS/build/host_listener_package/install.log --single-version-externally-managed
