[1.696s] Invoking command in '/home/keny/MANOS_ws/src/CustomRosController': PYTHONPATH=/home/keny/MANOS_ws/build/CustomRosController/prefix_override:/home/keny/MANOS_ws/install/CustomRosController/lib/python3.8/site-packages:${PYTHONPATH} /usr/bin/python3 setup.py egg_info --egg-base ../../build/CustomRosController build --build-base /home/keny/MANOS_ws/build/CustomRosController/build install --record /home/keny/MANOS_ws/build/CustomRosController/install.log --single-version-externally-managed
[1.930s] running egg_info
[1.931s] writing ../../build/CustomRosController/CustomRosController.egg-info/PKG-INFO
[1.931s] writing dependency_links to ../../build/CustomRosController/CustomRosController.egg-info/dependency_links.txt
[1.931s] writing entry points to ../../build/CustomRosController/CustomRosController.egg-info/entry_points.txt
[1.931s] writing requirements to ../../build/CustomRosController/CustomRosController.egg-info/requires.txt
[1.931s] writing top-level names to ../../build/CustomRosController/CustomRosController.egg-info/top_level.txt
[1.960s] reading manifest file '../../build/CustomRosController/CustomRosController.egg-info/SOURCES.txt'
[1.961s] writing manifest file '../../build/CustomRosController/CustomRosController.egg-info/SOURCES.txt'
[1.961s] running build
[1.961s] running build_py
[1.961s] running install
[1.962s] running install_lib
[1.963s] running install_data
[1.963s] running install_egg_info
[1.965s] removing '/home/keny/MANOS_ws/install/CustomRosController/lib/python3.8/site-packages/CustomRosController-0.0.0-py3.8.egg-info' (and everything under it)
[1.965s] Copying ../../build/CustomRosController/CustomRosController.egg-info to /home/keny/MANOS_ws/install/CustomRosController/lib/python3.8/site-packages/CustomRosController-0.0.0-py3.8.egg-info
[1.966s] running install_scripts
[1.980s] writing list of installed files to '/home/keny/MANOS_ws/build/CustomRosController/install.log'
[2.004s] Invoked command in '/home/keny/MANOS_ws/src/CustomRosController' returned '0': PYTHONPATH=/home/keny/MANOS_ws/build/CustomRosController/prefix_override:/home/keny/MANOS_ws/install/CustomRosController/lib/python3.8/site-packages:${PYTHONPATH} /usr/bin/python3 setup.py egg_info --egg-base ../../build/CustomRosController build --build-base /home/keny/MANOS_ws/build/CustomRosController/build install --record /home/keny/MANOS_ws/build/CustomRosController/install.log --single-version-externally-managed
