[0.159s] DEBUG:colcon:Command line arguments: ['/usr/bin/colcon', 'build']
[0.159s] DEBUG:colcon:Parsed command line arguments: Namespace(allow_overriding=[], ament_cmake_args=None, base_paths=['.'], build_base='build', catkin_cmake_args=None, catkin_skip_building_tests=False, cmake_args=None, cmake_clean_cache=False, cmake_clean_first=False, cmake_force_configure=False, cmake_target=None, cmake_target_skip_unavailable=False, continue_on_error=False, event_handlers=None, executor='parallel', ignore_user_meta=False, install_base='install', log_base=None, log_level=None, main=<bound method BuildVerb.main of <colcon_core.verb.build.BuildVerb object at 0x7f54b26dce20>>, merge_install=False, metas=['./colcon.meta'], packages_above=None, packages_above_and_dependencies=None, packages_above_depth=None, packages_end=None, packages_ignore=None, packages_ignore_regex=None, packages_select=None, packages_select_build_failed=False, packages_select_by_dep=None, packages_select_regex=None, packages_select_test_failures=False, packages_skip=None, packages_skip_build_finished=False, packages_skip_by_dep=None, packages_skip_regex=None, packages_skip_test_passed=False, packages_skip_up_to=None, packages_start=None, packages_up_to=None, packages_up_to_regex=None, parallel_workers=16, paths=None, symlink_install=False, test_result_base=None, verb_extension=<colcon_core.verb.build.BuildVerb object at 0x7f54b26dce20>, verb_name='build', verb_parser=<colcon_defaults.argument_parser.defaults.DefaultArgumentsDecorator object at 0x7f54b26e43d0>)
[0.189s] Level 1:colcon.colcon_core.package_discovery:discover_packages(colcon_meta) check parameters
[0.189s] Level 1:colcon.colcon_core.package_discovery:discover_packages(recursive) check parameters
[0.189s] Level 1:colcon.colcon_core.package_discovery:discover_packages(ignore) check parameters
[0.189s] Level 1:colcon.colcon_core.package_discovery:discover_packages(path) check parameters
[0.189s] Level 1:colcon.colcon_core.package_discovery:discover_packages(colcon_meta) discover
[0.189s] Level 1:colcon.colcon_core.package_discovery:discover_packages(recursive) discover
[0.189s] INFO:colcon.colcon_core.package_discovery:Crawling recursively for packages in '/home/keny/MANOS_ws'
[0.189s] Level 1:colcon.colcon_core.package_identification:_identify(.) by extensions ['ignore', 'ignore_ament_install']
[0.189s] Level 1:colcon.colcon_core.package_identification:_identify(.) by extension 'ignore'
[0.189s] Level 1:colcon.colcon_core.package_identification:_identify(.) by extension 'ignore_ament_install'
[0.189s] Level 1:colcon.colcon_core.package_identification:_identify(.) by extensions ['colcon_pkg']
[0.189s] Level 1:colcon.colcon_core.package_identification:_identify(.) by extension 'colcon_pkg'
[0.189s] Level 1:colcon.colcon_core.package_identification:_identify(.) by extensions ['colcon_meta']
[0.189s] Level 1:colcon.colcon_core.package_identification:_identify(.) by extension 'colcon_meta'
[0.189s] Level 1:colcon.colcon_core.package_identification:_identify(.) by extensions ['ros']
[0.189s] Level 1:colcon.colcon_core.package_identification:_identify(.) by extension 'ros'
[0.198s] Level 1:colcon.colcon_core.package_identification:_identify(.) by extensions ['cmake', 'python']
[0.198s] Level 1:colcon.colcon_core.package_identification:_identify(.) by extension 'cmake'
[0.198s] Level 1:colcon.colcon_core.package_identification:_identify(.) by extension 'python'
[0.198s] Level 1:colcon.colcon_core.package_identification:_identify(.) by extensions ['python_setup_py']
[0.198s] Level 1:colcon.colcon_core.package_identification:_identify(.) by extension 'python_setup_py'
[0.199s] Level 1:colcon.colcon_core.package_identification:_identify(build) by extensions ['ignore', 'ignore_ament_install']
[0.199s] Level 1:colcon.colcon_core.package_identification:_identify(build) by extension 'ignore'
[0.199s] Level 1:colcon.colcon_core.package_identification:_identify(build) ignored
[0.199s] Level 1:colcon.colcon_core.package_identification:_identify(install) by extensions ['ignore', 'ignore_ament_install']
[0.199s] Level 1:colcon.colcon_core.package_identification:_identify(install) by extension 'ignore'
[0.199s] Level 1:colcon.colcon_core.package_identification:_identify(install) ignored
[0.199s] Level 1:colcon.colcon_core.package_identification:_identify(log) by extensions ['ignore', 'ignore_ament_install']
[0.199s] Level 1:colcon.colcon_core.package_identification:_identify(log) by extension 'ignore'
[0.199s] Level 1:colcon.colcon_core.package_identification:_identify(log) ignored
[0.199s] Level 1:colcon.colcon_core.package_identification:_identify(src) by extensions ['ignore', 'ignore_ament_install']
[0.199s] Level 1:colcon.colcon_core.package_identification:_identify(src) by extension 'ignore'
[0.199s] Level 1:colcon.colcon_core.package_identification:_identify(src) by extension 'ignore_ament_install'
[0.200s] Level 1:colcon.colcon_core.package_identification:_identify(src) by extensions ['colcon_pkg']
[0.200s] Level 1:colcon.colcon_core.package_identification:_identify(src) by extension 'colcon_pkg'
[0.200s] Level 1:colcon.colcon_core.package_identification:_identify(src) by extensions ['colcon_meta']
[0.200s] Level 1:colcon.colcon_core.package_identification:_identify(src) by extension 'colcon_meta'
[0.200s] Level 1:colcon.colcon_core.package_identification:_identify(src) by extensions ['ros']
[0.200s] Level 1:colcon.colcon_core.package_identification:_identify(src) by extension 'ros'
[0.200s] Level 1:colcon.colcon_core.package_identification:_identify(src) by extensions ['cmake', 'python']
[0.200s] Level 1:colcon.colcon_core.package_identification:_identify(src) by extension 'cmake'
[0.200s] Level 1:colcon.colcon_core.package_identification:_identify(src) by extension 'python'
[0.200s] Level 1:colcon.colcon_core.package_identification:_identify(src) by extensions ['python_setup_py']
[0.200s] Level 1:colcon.colcon_core.package_identification:_identify(src) by extension 'python_setup_py'
[0.200s] Level 1:colcon.colcon_core.package_identification:_identify(src/camera) by extensions ['ignore', 'ignore_ament_install']
[0.200s] Level 1:colcon.colcon_core.package_identification:_identify(src/camera) by extension 'ignore'
[0.200s] Level 1:colcon.colcon_core.package_identification:_identify(src/camera) by extension 'ignore_ament_install'
[0.200s] Level 1:colcon.colcon_core.package_identification:_identify(src/camera) by extensions ['colcon_pkg']
[0.200s] Level 1:colcon.colcon_core.package_identification:_identify(src/camera) by extension 'colcon_pkg'
[0.200s] Level 1:colcon.colcon_core.package_identification:_identify(src/camera) by extensions ['colcon_meta']
[0.200s] Level 1:colcon.colcon_core.package_identification:_identify(src/camera) by extension 'colcon_meta'
[0.200s] Level 1:colcon.colcon_core.package_identification:_identify(src/camera) by extensions ['ros']
[0.200s] Level 1:colcon.colcon_core.package_identification:_identify(src/camera) by extension 'ros'
[0.203s] DEBUG:colcon.colcon_core.package_identification:Package 'src/camera' with type 'ros.ament_python' and name 'camera'
[0.203s] Level 1:colcon.colcon_core.package_identification:_identify(src/castelet) by extensions ['ignore', 'ignore_ament_install']
[0.203s] Level 1:colcon.colcon_core.package_identification:_identify(src/castelet) by extension 'ignore'
[0.203s] Level 1:colcon.colcon_core.package_identification:_identify(src/castelet) by extension 'ignore_ament_install'
[0.203s] Level 1:colcon.colcon_core.package_identification:_identify(src/castelet) by extensions ['colcon_pkg']
[0.203s] Level 1:colcon.colcon_core.package_identification:_identify(src/castelet) by extension 'colcon_pkg'
[0.203s] Level 1:colcon.colcon_core.package_identification:_identify(src/castelet) by extensions ['colcon_meta']
[0.203s] Level 1:colcon.colcon_core.package_identification:_identify(src/castelet) by extension 'colcon_meta'
[0.203s] Level 1:colcon.colcon_core.package_identification:_identify(src/castelet) by extensions ['ros']
[0.203s] Level 1:colcon.colcon_core.package_identification:_identify(src/castelet) by extension 'ros'
[0.204s] DEBUG:colcon.colcon_core.package_identification:Package 'src/castelet' with type 'ros.ament_python' and name 'castelet'
[0.204s] Level 1:colcon.colcon_core.package_identification:_identify(src/custom_msg) by extensions ['ignore', 'ignore_ament_install']
[0.204s] Level 1:colcon.colcon_core.package_identification:_identify(src/custom_msg) by extension 'ignore'
[0.204s] Level 1:colcon.colcon_core.package_identification:_identify(src/custom_msg) by extension 'ignore_ament_install'
[0.205s] Level 1:colcon.colcon_core.package_identification:_identify(src/custom_msg) by extensions ['colcon_pkg']
[0.205s] Level 1:colcon.colcon_core.package_identification:_identify(src/custom_msg) by extension 'colcon_pkg'
[0.205s] Level 1:colcon.colcon_core.package_identification:_identify(src/custom_msg) by extensions ['colcon_meta']
[0.205s] Level 1:colcon.colcon_core.package_identification:_identify(src/custom_msg) by extension 'colcon_meta'
[0.205s] Level 1:colcon.colcon_core.package_identification:_identify(src/custom_msg) by extensions ['ros']
[0.205s] Level 1:colcon.colcon_core.package_identification:_identify(src/custom_msg) by extension 'ros'
[0.205s] DEBUG:colcon.colcon_core.package_identification:Package 'src/custom_msg' with type 'ros.ament_cmake' and name 'custom_msg'
[0.205s] Level 1:colcon.colcon_core.package_identification:_identify(src/hand_detector) by extensions ['ignore', 'ignore_ament_install']
[0.205s] Level 1:colcon.colcon_core.package_identification:_identify(src/hand_detector) by extension 'ignore'
[0.206s] Level 1:colcon.colcon_core.package_identification:_identify(src/hand_detector) by extension 'ignore_ament_install'
[0.206s] Level 1:colcon.colcon_core.package_identification:_identify(src/hand_detector) by extensions ['colcon_pkg']
[0.206s] Level 1:colcon.colcon_core.package_identification:_identify(src/hand_detector) by extension 'colcon_pkg'
[0.206s] Level 1:colcon.colcon_core.package_identification:_identify(src/hand_detector) by extensions ['colcon_meta']
[0.206s] Level 1:colcon.colcon_core.package_identification:_identify(src/hand_detector) by extension 'colcon_meta'
[0.206s] Level 1:colcon.colcon_core.package_identification:_identify(src/hand_detector) by extensions ['ros']
[0.206s] Level 1:colcon.colcon_core.package_identification:_identify(src/hand_detector) by extension 'ros'
[0.206s] DEBUG:colcon.colcon_core.package_identification:Package 'src/hand_detector' with type 'ros.ament_python' and name 'hand_detector'
[0.207s] Level 1:colcon.colcon_core.package_identification:_identify(src/host_listener_package) by extensions ['ignore', 'ignore_ament_install']
[0.207s] Level 1:colcon.colcon_core.package_identification:_identify(src/host_listener_package) by extension 'ignore'
[0.207s] Level 1:colcon.colcon_core.package_identification:_identify(src/host_listener_package) by extension 'ignore_ament_install'
[0.207s] Level 1:colcon.colcon_core.package_identification:_identify(src/host_listener_package) by extensions ['colcon_pkg']
[0.207s] Level 1:colcon.colcon_core.package_identification:_identify(src/host_listener_package) by extension 'colcon_pkg'
[0.207s] Level 1:colcon.colcon_core.package_identification:_identify(src/host_listener_package) by extensions ['colcon_meta']
[0.207s] Level 1:colcon.colcon_core.package_identification:_identify(src/host_listener_package) by extension 'colcon_meta'
[0.207s] Level 1:colcon.colcon_core.package_identification:_identify(src/host_listener_package) by extensions ['ros']
[0.207s] Level 1:colcon.colcon_core.package_identification:_identify(src/host_listener_package) by extension 'ros'
[0.208s] DEBUG:colcon.colcon_core.package_identification:Package 'src/host_listener_package' with type 'ros.ament_python' and name 'host_listener_package'
[0.208s] Level 1:colcon.colcon_core.package_discovery:discover_packages(recursive) using defaults
[0.208s] Level 1:colcon.colcon_core.package_discovery:discover_packages(ignore) discover
[0.208s] Level 1:colcon.colcon_core.package_discovery:discover_packages(ignore) using defaults
[0.208s] Level 1:colcon.colcon_core.package_discovery:discover_packages(path) discover
[0.208s] Level 1:colcon.colcon_core.package_discovery:discover_packages(path) using defaults
[0.231s] Level 1:colcon.colcon_core.package_discovery:discover_packages(prefix_path) check parameters
[0.231s] Level 1:colcon.colcon_core.package_discovery:discover_packages(prefix_path) discover
[0.234s] DEBUG:colcon.colcon_installed_package_information.package_discovery:Found 5 installed packages in /home/keny/MANOS_ws/install
[0.236s] DEBUG:colcon.colcon_installed_package_information.package_discovery:Found 279 installed packages in /opt/ros/galactic
[0.238s] Level 1:colcon.colcon_core.package_discovery:discover_packages(prefix_path) using defaults
[0.307s] Level 5:colcon.colcon_core.verb:set package 'custom_msg' build argument 'cmake_args' from command line to 'None'
[0.307s] Level 5:colcon.colcon_core.verb:set package 'custom_msg' build argument 'cmake_target' from command line to 'None'
[0.307s] Level 5:colcon.colcon_core.verb:set package 'custom_msg' build argument 'cmake_target_skip_unavailable' from command line to 'False'
[0.307s] Level 5:colcon.colcon_core.verb:set package 'custom_msg' build argument 'cmake_clean_cache' from command line to 'False'
[0.307s] Level 5:colcon.colcon_core.verb:set package 'custom_msg' build argument 'cmake_clean_first' from command line to 'False'
[0.307s] Level 5:colcon.colcon_core.verb:set package 'custom_msg' build argument 'cmake_force_configure' from command line to 'False'
[0.307s] Level 5:colcon.colcon_core.verb:set package 'custom_msg' build argument 'ament_cmake_args' from command line to 'None'
[0.307s] Level 5:colcon.colcon_core.verb:set package 'custom_msg' build argument 'catkin_cmake_args' from command line to 'None'
[0.307s] Level 5:colcon.colcon_core.verb:set package 'custom_msg' build argument 'catkin_skip_building_tests' from command line to 'False'
[0.307s] DEBUG:colcon.colcon_core.verb:Building package 'custom_msg' with the following arguments: {'ament_cmake_args': None, 'build_base': '/home/keny/MANOS_ws/build/custom_msg', 'catkin_cmake_args': None, 'catkin_skip_building_tests': False, 'cmake_args': None, 'cmake_clean_cache': False, 'cmake_clean_first': False, 'cmake_force_configure': False, 'cmake_target': None, 'cmake_target_skip_unavailable': False, 'install_base': '/home/keny/MANOS_ws/install/custom_msg', 'merge_install': False, 'path': '/home/keny/MANOS_ws/src/custom_msg', 'symlink_install': False, 'test_result_base': None}
[0.309s] Level 5:colcon.colcon_core.verb:set package 'camera' build argument 'cmake_args' from command line to 'None'
[0.309s] Level 5:colcon.colcon_core.verb:set package 'camera' build argument 'cmake_target' from command line to 'None'
[0.309s] Level 5:colcon.colcon_core.verb:set package 'camera' build argument 'cmake_target_skip_unavailable' from command line to 'False'
[0.309s] Level 5:colcon.colcon_core.verb:set package 'camera' build argument 'cmake_clean_cache' from command line to 'False'
[0.309s] Level 5:colcon.colcon_core.verb:set package 'camera' build argument 'cmake_clean_first' from command line to 'False'
[0.309s] Level 5:colcon.colcon_core.verb:set package 'camera' build argument 'cmake_force_configure' from command line to 'False'
[0.309s] Level 5:colcon.colcon_core.verb:set package 'camera' build argument 'ament_cmake_args' from command line to 'None'
[0.309s] Level 5:colcon.colcon_core.verb:set package 'camera' build argument 'catkin_cmake_args' from command line to 'None'
[0.309s] Level 5:colcon.colcon_core.verb:set package 'camera' build argument 'catkin_skip_building_tests' from command line to 'False'
[0.309s] DEBUG:colcon.colcon_core.verb:Building package 'camera' with the following arguments: {'ament_cmake_args': None, 'build_base': '/home/keny/MANOS_ws/build/camera', 'catkin_cmake_args': None, 'catkin_skip_building_tests': False, 'cmake_args': None, 'cmake_clean_cache': False, 'cmake_clean_first': False, 'cmake_force_configure': False, 'cmake_target': None, 'cmake_target_skip_unavailable': False, 'install_base': '/home/keny/MANOS_ws/install/camera', 'merge_install': False, 'path': '/home/keny/MANOS_ws/src/camera', 'symlink_install': False, 'test_result_base': None}
[0.311s] Level 5:colcon.colcon_core.verb:set package 'castelet' build argument 'cmake_args' from command line to 'None'
[0.311s] Level 5:colcon.colcon_core.verb:set package 'castelet' build argument 'cmake_target' from command line to 'None'
[0.311s] Level 5:colcon.colcon_core.verb:set package 'castelet' build argument 'cmake_target_skip_unavailable' from command line to 'False'
[0.311s] Level 5:colcon.colcon_core.verb:set package 'castelet' build argument 'cmake_clean_cache' from command line to 'False'
[0.311s] Level 5:colcon.colcon_core.verb:set package 'castelet' build argument 'cmake_clean_first' from command line to 'False'
[0.311s] Level 5:colcon.colcon_core.verb:set package 'castelet' build argument 'cmake_force_configure' from command line to 'False'
[0.311s] Level 5:colcon.colcon_core.verb:set package 'castelet' build argument 'ament_cmake_args' from command line to 'None'
[0.311s] Level 5:colcon.colcon_core.verb:set package 'castelet' build argument 'catkin_cmake_args' from command line to 'None'
[0.311s] Level 5:colcon.colcon_core.verb:set package 'castelet' build argument 'catkin_skip_building_tests' from command line to 'False'
[0.311s] DEBUG:colcon.colcon_core.verb:Building package 'castelet' with the following arguments: {'ament_cmake_args': None, 'build_base': '/home/keny/MANOS_ws/build/castelet', 'catkin_cmake_args': None, 'catkin_skip_building_tests': False, 'cmake_args': None, 'cmake_clean_cache': False, 'cmake_clean_first': False, 'cmake_force_configure': False, 'cmake_target': None, 'cmake_target_skip_unavailable': False, 'install_base': '/home/keny/MANOS_ws/install/castelet', 'merge_install': False, 'path': '/home/keny/MANOS_ws/src/castelet', 'symlink_install': False, 'test_result_base': None}
[0.313s] Level 5:colcon.colcon_core.verb:set package 'hand_detector' build argument 'cmake_args' from command line to 'None'
[0.313s] Level 5:colcon.colcon_core.verb:set package 'hand_detector' build argument 'cmake_target' from command line to 'None'
[0.313s] Level 5:colcon.colcon_core.verb:set package 'hand_detector' build argument 'cmake_target_skip_unavailable' from command line to 'False'
[0.313s] Level 5:colcon.colcon_core.verb:set package 'hand_detector' build argument 'cmake_clean_cache' from command line to 'False'
[0.313s] Level 5:colcon.colcon_core.verb:set package 'hand_detector' build argument 'cmake_clean_first' from command line to 'False'
[0.313s] Level 5:colcon.colcon_core.verb:set package 'hand_detector' build argument 'cmake_force_configure' from command line to 'False'
[0.313s] Level 5:colcon.colcon_core.verb:set package 'hand_detector' build argument 'ament_cmake_args' from command line to 'None'
[0.313s] Level 5:colcon.colcon_core.verb:set package 'hand_detector' build argument 'catkin_cmake_args' from command line to 'None'
[0.313s] Level 5:colcon.colcon_core.verb:set package 'hand_detector' build argument 'catkin_skip_building_tests' from command line to 'False'
[0.313s] DEBUG:colcon.colcon_core.verb:Building package 'hand_detector' with the following arguments: {'ament_cmake_args': None, 'build_base': '/home/keny/MANOS_ws/build/hand_detector', 'catkin_cmake_args': None, 'catkin_skip_building_tests': False, 'cmake_args': None, 'cmake_clean_cache': False, 'cmake_clean_first': False, 'cmake_force_configure': False, 'cmake_target': None, 'cmake_target_skip_unavailable': False, 'install_base': '/home/keny/MANOS_ws/install/hand_detector', 'merge_install': False, 'path': '/home/keny/MANOS_ws/src/hand_detector', 'symlink_install': False, 'test_result_base': None}
[0.314s] Level 5:colcon.colcon_core.verb:set package 'host_listener_package' build argument 'cmake_args' from command line to 'None'
[0.315s] Level 5:colcon.colcon_core.verb:set package 'host_listener_package' build argument 'cmake_target' from command line to 'None'
[0.315s] Level 5:colcon.colcon_core.verb:set package 'host_listener_package' build argument 'cmake_target_skip_unavailable' from command line to 'False'
[0.315s] Level 5:colcon.colcon_core.verb:set package 'host_listener_package' build argument 'cmake_clean_cache' from command line to 'False'
[0.315s] Level 5:colcon.colcon_core.verb:set package 'host_listener_package' build argument 'cmake_clean_first' from command line to 'False'
[0.315s] Level 5:colcon.colcon_core.verb:set package 'host_listener_package' build argument 'cmake_force_configure' from command line to 'False'
[0.315s] Level 5:colcon.colcon_core.verb:set package 'host_listener_package' build argument 'ament_cmake_args' from command line to 'None'
[0.315s] Level 5:colcon.colcon_core.verb:set package 'host_listener_package' build argument 'catkin_cmake_args' from command line to 'None'
[0.315s] Level 5:colcon.colcon_core.verb:set package 'host_listener_package' build argument 'catkin_skip_building_tests' from command line to 'False'
[0.315s] DEBUG:colcon.colcon_core.verb:Building package 'host_listener_package' with the following arguments: {'ament_cmake_args': None, 'build_base': '/home/keny/MANOS_ws/build/host_listener_package', 'catkin_cmake_args': None, 'catkin_skip_building_tests': False, 'cmake_args': None, 'cmake_clean_cache': False, 'cmake_clean_first': False, 'cmake_force_configure': False, 'cmake_target': None, 'cmake_target_skip_unavailable': False, 'install_base': '/home/keny/MANOS_ws/install/host_listener_package', 'merge_install': False, 'path': '/home/keny/MANOS_ws/src/host_listener_package', 'symlink_install': False, 'test_result_base': None}
[0.316s] INFO:colcon.colcon_core.executor:Executing jobs using 'parallel' executor
[0.322s] DEBUG:colcon.colcon_parallel_executor.executor.parallel:run_until_complete
[0.323s] INFO:colcon.colcon_ros.task.ament_cmake.build:Building ROS package in '/home/keny/MANOS_ws/src/custom_msg' with build type 'ament_cmake'
[0.323s] INFO:colcon.colcon_cmake.task.cmake.build:Building CMake package in '/home/keny/MANOS_ws/src/custom_msg'
[0.328s] INFO:colcon.colcon_core.plugin_system:Skipping extension 'colcon_core.shell.bat': Not used on non-Windows systems
[0.328s] INFO:colcon.colcon_core.shell:Skip shell extension 'powershell' for command environment: Not usable outside of PowerShell
[0.328s] DEBUG:colcon.colcon_core.shell:Skip shell extension 'dsv' for command environment
[0.339s] DEBUG:colcon.colcon_core.event_handler.log_command:Invoking command in '/home/keny/MANOS_ws/build/custom_msg': CMAKE_PREFIX_PATH=${CMAKE_PREFIX_PATH}:/home/keny/MANOS_ws/install/host_listener_package:/home/keny/MANOS_ws/install/hand_detector:/home/keny/MANOS_ws/install/castelet:/home/keny/MANOS_ws/install/camera:/opt/ros/galactic /usr/bin/cmake --build /home/keny/MANOS_ws/build/custom_msg -- -j16 -l16
[0.410s] DEBUG:colcon.colcon_core.event_handler.log_command:Invoked command in '/home/keny/MANOS_ws/build/custom_msg' returned '0': CMAKE_PREFIX_PATH=${CMAKE_PREFIX_PATH}:/home/keny/MANOS_ws/install/host_listener_package:/home/keny/MANOS_ws/install/hand_detector:/home/keny/MANOS_ws/install/castelet:/home/keny/MANOS_ws/install/camera:/opt/ros/galactic /usr/bin/cmake --build /home/keny/MANOS_ws/build/custom_msg -- -j16 -l16
[0.456s] DEBUG:colcon.colcon_core.event_handler.log_command:Invoking command in '/home/keny/MANOS_ws/build/custom_msg': CMAKE_PREFIX_PATH=${CMAKE_PREFIX_PATH}:/home/keny/MANOS_ws/install/host_listener_package:/home/keny/MANOS_ws/install/hand_detector:/home/keny/MANOS_ws/install/castelet:/home/keny/MANOS_ws/install/camera:/opt/ros/galactic /usr/bin/cmake --install /home/keny/MANOS_ws/build/custom_msg
[0.495s] Level 1:colcon.colcon_core.environment:create_environment_scripts_only(custom_msg)
[0.502s] DEBUG:colcon.colcon_core.event_handler.log_command:Invoked command in '/home/keny/MANOS_ws/build/custom_msg' returned '0': CMAKE_PREFIX_PATH=${CMAKE_PREFIX_PATH}:/home/keny/MANOS_ws/install/host_listener_package:/home/keny/MANOS_ws/install/hand_detector:/home/keny/MANOS_ws/install/castelet:/home/keny/MANOS_ws/install/camera:/opt/ros/galactic /usr/bin/cmake --install /home/keny/MANOS_ws/build/custom_msg
[0.503s] Level 1:colcon.colcon_core.environment:checking '/home/keny/MANOS_ws/install/custom_msg' for CMake module files
[0.504s] Level 1:colcon.colcon_core.environment:checking '/home/keny/MANOS_ws/install/custom_msg' for CMake config files
[0.504s] Level 1:colcon.colcon_core.shell:create_environment_hook('custom_msg', 'cmake_prefix_path')
[0.507s] INFO:colcon.colcon_core.shell:Creating environment hook '/home/keny/MANOS_ws/install/custom_msg/share/custom_msg/hook/cmake_prefix_path.ps1'
[0.507s] INFO:colcon.colcon_core.shell:Creating environment descriptor '/home/keny/MANOS_ws/install/custom_msg/share/custom_msg/hook/cmake_prefix_path.dsv'
[0.508s] INFO:colcon.colcon_core.shell:Creating environment hook '/home/keny/MANOS_ws/install/custom_msg/share/custom_msg/hook/cmake_prefix_path.sh'
[0.508s] Level 1:colcon.colcon_core.environment:checking '/home/keny/MANOS_ws/install/custom_msg/lib'
[0.508s] Level 1:colcon.colcon_core.shell:create_environment_hook('custom_msg', 'ld_library_path_lib')
[0.511s] INFO:colcon.colcon_core.shell:Creating environment hook '/home/keny/MANOS_ws/install/custom_msg/share/custom_msg/hook/ld_library_path_lib.ps1'
[0.512s] INFO:colcon.colcon_core.shell:Creating environment descriptor '/home/keny/MANOS_ws/install/custom_msg/share/custom_msg/hook/ld_library_path_lib.dsv'
[0.512s] INFO:colcon.colcon_core.shell:Creating environment hook '/home/keny/MANOS_ws/install/custom_msg/share/custom_msg/hook/ld_library_path_lib.sh'
[0.512s] Level 1:colcon.colcon_core.environment:checking '/home/keny/MANOS_ws/install/custom_msg/bin'
[0.512s] Level 1:colcon.colcon_core.environment:checking '/home/keny/MANOS_ws/install/custom_msg/lib/pkgconfig/custom_msg.pc'
[0.512s] Level 1:colcon.colcon_core.environment:checking '/home/keny/MANOS_ws/install/custom_msg/lib/python3.8/site-packages'
[0.512s] Level 1:colcon.colcon_core.shell:create_environment_hook('custom_msg', 'pythonpath')
[0.515s] INFO:colcon.colcon_core.shell:Creating environment hook '/home/keny/MANOS_ws/install/custom_msg/share/custom_msg/hook/pythonpath.ps1'
[0.516s] INFO:colcon.colcon_core.shell:Creating environment descriptor '/home/keny/MANOS_ws/install/custom_msg/share/custom_msg/hook/pythonpath.dsv'
[0.516s] INFO:colcon.colcon_core.shell:Creating environment hook '/home/keny/MANOS_ws/install/custom_msg/share/custom_msg/hook/pythonpath.sh'
[0.516s] Level 1:colcon.colcon_core.environment:checking '/home/keny/MANOS_ws/install/custom_msg/bin'
[0.519s] INFO:colcon.colcon_core.shell:Creating package script '/home/keny/MANOS_ws/install/custom_msg/share/custom_msg/package.ps1'
[0.520s] INFO:colcon.colcon_core.shell:Creating package descriptor '/home/keny/MANOS_ws/install/custom_msg/share/custom_msg/package.dsv'
[0.520s] INFO:colcon.colcon_core.shell:Creating package script '/home/keny/MANOS_ws/install/custom_msg/share/custom_msg/package.sh'
[0.521s] INFO:colcon.colcon_core.shell:Creating package script '/home/keny/MANOS_ws/install/custom_msg/share/custom_msg/package.bash'
[0.521s] INFO:colcon.colcon_core.shell:Creating package script '/home/keny/MANOS_ws/install/custom_msg/share/custom_msg/package.zsh'
[0.522s] Level 1:colcon.colcon_core.environment:create_file_with_runtime_dependencies(/home/keny/MANOS_ws/install/custom_msg/share/colcon-core/packages/custom_msg)
[0.565s] Level 1:colcon.colcon_core.environment:create_environment_scripts_only(custom_msg)
[0.569s] Level 1:colcon.colcon_core.environment:checking '/home/keny/MANOS_ws/install/custom_msg' for CMake module files
[0.570s] Level 1:colcon.colcon_core.environment:checking '/home/keny/MANOS_ws/install/custom_msg' for CMake config files
[0.570s] Level 1:colcon.colcon_core.shell:create_environment_hook('custom_msg', 'cmake_prefix_path')
[0.573s] INFO:colcon.colcon_core.shell:Creating environment hook '/home/keny/MANOS_ws/install/custom_msg/share/custom_msg/hook/cmake_prefix_path.ps1'
[0.573s] INFO:colcon.colcon_core.shell:Creating environment descriptor '/home/keny/MANOS_ws/install/custom_msg/share/custom_msg/hook/cmake_prefix_path.dsv'
[0.574s] INFO:colcon.colcon_core.shell:Creating environment hook '/home/keny/MANOS_ws/install/custom_msg/share/custom_msg/hook/cmake_prefix_path.sh'
[0.574s] Level 1:colcon.colcon_core.environment:checking '/home/keny/MANOS_ws/install/custom_msg/lib'
[0.574s] Level 1:colcon.colcon_core.shell:create_environment_hook('custom_msg', 'ld_library_path_lib')
[0.577s] INFO:colcon.colcon_core.shell:Creating environment hook '/home/keny/MANOS_ws/install/custom_msg/share/custom_msg/hook/ld_library_path_lib.ps1'
[0.577s] INFO:colcon.colcon_core.shell:Creating environment descriptor '/home/keny/MANOS_ws/install/custom_msg/share/custom_msg/hook/ld_library_path_lib.dsv'
[0.578s] INFO:colcon.colcon_core.shell:Creating environment hook '/home/keny/MANOS_ws/install/custom_msg/share/custom_msg/hook/ld_library_path_lib.sh'
[0.578s] Level 1:colcon.colcon_core.environment:checking '/home/keny/MANOS_ws/install/custom_msg/bin'
[0.578s] Level 1:colcon.colcon_core.environment:checking '/home/keny/MANOS_ws/install/custom_msg/lib/pkgconfig/custom_msg.pc'
[0.578s] Level 1:colcon.colcon_core.environment:checking '/home/keny/MANOS_ws/install/custom_msg/lib/python3.8/site-packages'
[0.578s] Level 1:colcon.colcon_core.shell:create_environment_hook('custom_msg', 'pythonpath')
[0.583s] INFO:colcon.colcon_core.shell:Creating environment hook '/home/keny/MANOS_ws/install/custom_msg/share/custom_msg/hook/pythonpath.ps1'
[0.584s] INFO:colcon.colcon_core.shell:Creating environment descriptor '/home/keny/MANOS_ws/install/custom_msg/share/custom_msg/hook/pythonpath.dsv'
[0.584s] INFO:colcon.colcon_core.shell:Creating environment hook '/home/keny/MANOS_ws/install/custom_msg/share/custom_msg/hook/pythonpath.sh'
[0.585s] Level 1:colcon.colcon_core.environment:checking '/home/keny/MANOS_ws/install/custom_msg/bin'
[0.589s] INFO:colcon.colcon_core.shell:Creating package script '/home/keny/MANOS_ws/install/custom_msg/share/custom_msg/package.ps1'
[0.590s] INFO:colcon.colcon_core.shell:Creating package descriptor '/home/keny/MANOS_ws/install/custom_msg/share/custom_msg/package.dsv'
[0.590s] INFO:colcon.colcon_core.shell:Creating package script '/home/keny/MANOS_ws/install/custom_msg/share/custom_msg/package.sh'
[0.591s] INFO:colcon.colcon_core.shell:Creating package script '/home/keny/MANOS_ws/install/custom_msg/share/custom_msg/package.bash'
[0.591s] INFO:colcon.colcon_core.shell:Creating package script '/home/keny/MANOS_ws/install/custom_msg/share/custom_msg/package.zsh'
[0.592s] Level 1:colcon.colcon_core.environment:create_file_with_runtime_dependencies(/home/keny/MANOS_ws/install/custom_msg/share/colcon-core/packages/custom_msg)
[0.592s] INFO:colcon.colcon_ros.task.ament_python.build:Building ROS package in '/home/keny/MANOS_ws/src/camera' with build type 'ament_python'
[0.592s] Level 1:colcon.colcon_core.shell:create_environment_hook('camera', 'ament_prefix_path')
[0.597s] INFO:colcon.colcon_core.shell:Creating environment hook '/home/keny/MANOS_ws/install/camera/share/camera/hook/ament_prefix_path.ps1'
[0.597s] INFO:colcon.colcon_core.shell:Creating environment descriptor '/home/keny/MANOS_ws/install/camera/share/camera/hook/ament_prefix_path.dsv'
[0.598s] INFO:colcon.colcon_core.shell:Creating environment hook '/home/keny/MANOS_ws/install/camera/share/camera/hook/ament_prefix_path.sh'
[0.602s] INFO:colcon.colcon_core.shell:Skip shell extension 'powershell' for command environment: Not usable outside of PowerShell
[0.603s] DEBUG:colcon.colcon_core.shell:Skip shell extension 'dsv' for command environment
[0.612s] INFO:colcon.colcon_ros.task.ament_python.build:Building ROS package in '/home/keny/MANOS_ws/src/castelet' with build type 'ament_python'
[0.612s] Level 1:colcon.colcon_core.shell:create_environment_hook('castelet', 'ament_prefix_path')
[0.616s] INFO:colcon.colcon_core.shell:Creating environment hook '/home/keny/MANOS_ws/install/castelet/share/castelet/hook/ament_prefix_path.ps1'
[0.617s] INFO:colcon.colcon_core.shell:Creating environment descriptor '/home/keny/MANOS_ws/install/castelet/share/castelet/hook/ament_prefix_path.dsv'
[0.618s] INFO:colcon.colcon_core.shell:Creating environment hook '/home/keny/MANOS_ws/install/castelet/share/castelet/hook/ament_prefix_path.sh'
[0.622s] INFO:colcon.colcon_core.shell:Skip shell extension 'powershell' for command environment: Not usable outside of PowerShell
[0.622s] DEBUG:colcon.colcon_core.shell:Skip shell extension 'dsv' for command environment
[0.629s] INFO:colcon.colcon_ros.task.ament_python.build:Building ROS package in '/home/keny/MANOS_ws/src/hand_detector' with build type 'ament_python'
[0.629s] Level 1:colcon.colcon_core.shell:create_environment_hook('hand_detector', 'ament_prefix_path')
[0.633s] INFO:colcon.colcon_core.shell:Creating environment hook '/home/keny/MANOS_ws/install/hand_detector/share/hand_detector/hook/ament_prefix_path.ps1'
[0.634s] INFO:colcon.colcon_core.shell:Creating environment descriptor '/home/keny/MANOS_ws/install/hand_detector/share/hand_detector/hook/ament_prefix_path.dsv'
[0.634s] INFO:colcon.colcon_core.shell:Creating environment hook '/home/keny/MANOS_ws/install/hand_detector/share/hand_detector/hook/ament_prefix_path.sh'
[0.638s] INFO:colcon.colcon_core.shell:Skip shell extension 'powershell' for command environment: Not usable outside of PowerShell
[0.638s] DEBUG:colcon.colcon_core.shell:Skip shell extension 'dsv' for command environment
[0.645s] INFO:colcon.colcon_ros.task.ament_python.build:Building ROS package in '/home/keny/MANOS_ws/src/host_listener_package' with build type 'ament_python'
[0.646s] Level 1:colcon.colcon_core.shell:create_environment_hook('host_listener_package', 'ament_prefix_path')
[0.649s] INFO:colcon.colcon_core.shell:Creating environment hook '/home/keny/MANOS_ws/install/host_listener_package/share/host_listener_package/hook/ament_prefix_path.ps1'
[0.650s] INFO:colcon.colcon_core.shell:Creating environment descriptor '/home/keny/MANOS_ws/install/host_listener_package/share/host_listener_package/hook/ament_prefix_path.dsv'
[0.651s] INFO:colcon.colcon_core.shell:Creating environment hook '/home/keny/MANOS_ws/install/host_listener_package/share/host_listener_package/hook/ament_prefix_path.sh'
[0.655s] INFO:colcon.colcon_core.shell:Skip shell extension 'powershell' for command environment: Not usable outside of PowerShell
[0.655s] DEBUG:colcon.colcon_core.shell:Skip shell extension 'dsv' for command environment
[0.924s] INFO:colcon.colcon_core.task.python.build:Building Python package in '/home/keny/MANOS_ws/src/camera'
[0.927s] INFO:colcon.colcon_core.shell:Skip shell extension 'powershell' for command environment: Not usable outside of PowerShell
[0.927s] DEBUG:colcon.colcon_core.shell:Skip shell extension 'dsv' for command environment
[1.197s] INFO:colcon.colcon_core.task.python.build:Building Python package in '/home/keny/MANOS_ws/src/castelet'
[1.202s] INFO:colcon.colcon_core.shell:Skip shell extension 'powershell' for command environment: Not usable outside of PowerShell
[1.202s] DEBUG:colcon.colcon_core.shell:Skip shell extension 'dsv' for command environment
[1.464s] INFO:colcon.colcon_core.task.python.build:Building Python package in '/home/keny/MANOS_ws/src/hand_detector'
[1.468s] INFO:colcon.colcon_core.shell:Skip shell extension 'powershell' for command environment: Not usable outside of PowerShell
[1.469s] DEBUG:colcon.colcon_core.shell:Skip shell extension 'dsv' for command environment
[1.729s] INFO:colcon.colcon_core.task.python.build:Building Python package in '/home/keny/MANOS_ws/src/host_listener_package'
[1.732s] INFO:colcon.colcon_core.shell:Skip shell extension 'powershell' for command environment: Not usable outside of PowerShell
[1.732s] DEBUG:colcon.colcon_core.shell:Skip shell extension 'dsv' for command environment
[2.188s] DEBUG:colcon.colcon_core.event_handler.log_command:Invoking command in '/home/keny/MANOS_ws/src/castelet': PYTHONPATH=/home/keny/MANOS_ws/build/castelet/prefix_override:/home/keny/MANOS_ws/install/castelet/lib/python3.8/site-packages:/home/keny/MANOS_ws/install/custom_msg/lib/python3.8/site-packages:/home/keny/MANOS_ws/install/host_listener_package/lib/python3.8/site-packages:/home/keny/MANOS_ws/install/hand_detector/lib/python3.8/site-packages:/home/keny/MANOS_ws/install/castelet/lib/python3.8/site-packages:/home/keny/MANOS_ws/install/camera/lib/python3.8/site-packages:/opt/ros/galactic/lib/python3.8/site-packages:/home/keny/acs/src/behaviors/ /usr/bin/python3 setup.py egg_info --egg-base ../../build/castelet build --build-base /home/keny/MANOS_ws/build/castelet/build install --record /home/keny/MANOS_ws/build/castelet/install.log --single-version-externally-managed
[2.247s] DEBUG:colcon.colcon_core.event_handler.log_command:Invoking command in '/home/keny/MANOS_ws/src/host_listener_package': PYTHONPATH=/home/keny/MANOS_ws/build/host_listener_package/prefix_override:/home/keny/MANOS_ws/install/host_listener_package/lib/python3.8/site-packages:/home/keny/MANOS_ws/install/custom_msg/lib/python3.8/site-packages:/home/keny/MANOS_ws/install/host_listener_package/lib/python3.8/site-packages:/home/keny/MANOS_ws/install/hand_detector/lib/python3.8/site-packages:/home/keny/MANOS_ws/install/castelet/lib/python3.8/site-packages:/home/keny/MANOS_ws/install/camera/lib/python3.8/site-packages:/opt/ros/galactic/lib/python3.8/site-packages:/home/keny/acs/src/behaviors/ /usr/bin/python3 setup.py egg_info --egg-base ../../build/host_listener_package build --build-base /home/keny/MANOS_ws/build/host_listener_package/build install --record /home/keny/MANOS_ws/build/host_listener_package/install.log --single-version-externally-managed
[2.258s] DEBUG:colcon.colcon_core.event_handler.log_command:Invoking command in '/home/keny/MANOS_ws/src/hand_detector': PYTHONPATH=/home/keny/MANOS_ws/build/hand_detector/prefix_override:/home/keny/MANOS_ws/install/hand_detector/lib/python3.8/site-packages:/home/keny/MANOS_ws/install/custom_msg/lib/python3.8/site-packages:/home/keny/MANOS_ws/install/host_listener_package/lib/python3.8/site-packages:/home/keny/MANOS_ws/install/hand_detector/lib/python3.8/site-packages:/home/keny/MANOS_ws/install/castelet/lib/python3.8/site-packages:/home/keny/MANOS_ws/install/camera/lib/python3.8/site-packages:/opt/ros/galactic/lib/python3.8/site-packages:/home/keny/acs/src/behaviors/ /usr/bin/python3 setup.py egg_info --egg-base ../../build/hand_detector build --build-base /home/keny/MANOS_ws/build/hand_detector/build install --record /home/keny/MANOS_ws/build/hand_detector/install.log --single-version-externally-managed
[2.264s] DEBUG:colcon.colcon_core.event_handler.log_command:Invoking command in '/home/keny/MANOS_ws/src/camera': PYTHONPATH=/home/keny/MANOS_ws/build/camera/prefix_override:/home/keny/MANOS_ws/install/camera/lib/python3.8/site-packages:/home/keny/MANOS_ws/install/custom_msg/lib/python3.8/site-packages:/home/keny/MANOS_ws/install/host_listener_package/lib/python3.8/site-packages:/home/keny/MANOS_ws/install/hand_detector/lib/python3.8/site-packages:/home/keny/MANOS_ws/install/castelet/lib/python3.8/site-packages:/home/keny/MANOS_ws/install/camera/lib/python3.8/site-packages:/opt/ros/galactic/lib/python3.8/site-packages:/home/keny/acs/src/behaviors/ /usr/bin/python3 setup.py egg_info --egg-base ../../build/camera build --build-base /home/keny/MANOS_ws/build/camera/build install --record /home/keny/MANOS_ws/build/camera/install.log --single-version-externally-managed
[2.576s] Level 1:colcon.colcon_core.environment:checking '/home/keny/MANOS_ws/install/castelet' for CMake module files
[2.577s] DEBUG:colcon.colcon_core.event_handler.log_command:Invoked command in '/home/keny/MANOS_ws/src/castelet' returned '0': PYTHONPATH=/home/keny/MANOS_ws/build/castelet/prefix_override:/home/keny/MANOS_ws/install/castelet/lib/python3.8/site-packages:/home/keny/MANOS_ws/install/custom_msg/lib/python3.8/site-packages:/home/keny/MANOS_ws/install/host_listener_package/lib/python3.8/site-packages:/home/keny/MANOS_ws/install/hand_detector/lib/python3.8/site-packages:/home/keny/MANOS_ws/install/castelet/lib/python3.8/site-packages:/home/keny/MANOS_ws/install/camera/lib/python3.8/site-packages:/opt/ros/galactic/lib/python3.8/site-packages:/home/keny/acs/src/behaviors/ /usr/bin/python3 setup.py egg_info --egg-base ../../build/castelet build --build-base /home/keny/MANOS_ws/build/castelet/build install --record /home/keny/MANOS_ws/build/castelet/install.log --single-version-externally-managed
[2.578s] Level 1:colcon.colcon_core.environment:checking '/home/keny/MANOS_ws/install/castelet' for CMake config files
[2.580s] Level 1:colcon.colcon_core.environment:checking '/home/keny/MANOS_ws/install/castelet/lib'
[2.580s] Level 1:colcon.colcon_core.environment:checking '/home/keny/MANOS_ws/install/castelet/bin'
[2.580s] Level 1:colcon.colcon_core.environment:checking '/home/keny/MANOS_ws/install/castelet/lib/pkgconfig/castelet.pc'
[2.580s] Level 1:colcon.colcon_core.environment:checking '/home/keny/MANOS_ws/install/castelet/lib/python3.8/site-packages'
[2.580s] Level 1:colcon.colcon_core.shell:create_environment_hook('castelet', 'pythonpath')
[2.584s] INFO:colcon.colcon_core.shell:Creating environment hook '/home/keny/MANOS_ws/install/castelet/share/castelet/hook/pythonpath.ps1'
[2.585s] INFO:colcon.colcon_core.shell:Creating environment descriptor '/home/keny/MANOS_ws/install/castelet/share/castelet/hook/pythonpath.dsv'
[2.585s] INFO:colcon.colcon_core.shell:Creating environment hook '/home/keny/MANOS_ws/install/castelet/share/castelet/hook/pythonpath.sh'
[2.586s] Level 1:colcon.colcon_core.environment:checking '/home/keny/MANOS_ws/install/castelet/bin'
[2.586s] Level 1:colcon.colcon_core.environment:create_environment_scripts_only(castelet)
[2.589s] INFO:colcon.colcon_core.shell:Creating package script '/home/keny/MANOS_ws/install/castelet/share/castelet/package.ps1'
[2.590s] INFO:colcon.colcon_core.shell:Creating package descriptor '/home/keny/MANOS_ws/install/castelet/share/castelet/package.dsv'
[2.590s] INFO:colcon.colcon_core.shell:Creating package script '/home/keny/MANOS_ws/install/castelet/share/castelet/package.sh'
[2.590s] INFO:colcon.colcon_core.shell:Creating package script '/home/keny/MANOS_ws/install/castelet/share/castelet/package.bash'
[2.590s] INFO:colcon.colcon_core.shell:Creating package script '/home/keny/MANOS_ws/install/castelet/share/castelet/package.zsh'
[2.591s] Level 1:colcon.colcon_core.environment:create_file_with_runtime_dependencies(/home/keny/MANOS_ws/install/castelet/share/colcon-core/packages/castelet)
[2.625s] Level 1:colcon.colcon_core.environment:checking '/home/keny/MANOS_ws/install/host_listener_package' for CMake module files
[2.626s] DEBUG:colcon.colcon_core.event_handler.log_command:Invoked command in '/home/keny/MANOS_ws/src/host_listener_package' returned '0': PYTHONPATH=/home/keny/MANOS_ws/build/host_listener_package/prefix_override:/home/keny/MANOS_ws/install/host_listener_package/lib/python3.8/site-packages:/home/keny/MANOS_ws/install/custom_msg/lib/python3.8/site-packages:/home/keny/MANOS_ws/install/host_listener_package/lib/python3.8/site-packages:/home/keny/MANOS_ws/install/hand_detector/lib/python3.8/site-packages:/home/keny/MANOS_ws/install/castelet/lib/python3.8/site-packages:/home/keny/MANOS_ws/install/camera/lib/python3.8/site-packages:/opt/ros/galactic/lib/python3.8/site-packages:/home/keny/acs/src/behaviors/ /usr/bin/python3 setup.py egg_info --egg-base ../../build/host_listener_package build --build-base /home/keny/MANOS_ws/build/host_listener_package/build install --record /home/keny/MANOS_ws/build/host_listener_package/install.log --single-version-externally-managed
[2.626s] Level 1:colcon.colcon_core.environment:checking '/home/keny/MANOS_ws/install/host_listener_package' for CMake config files
[2.627s] Level 1:colcon.colcon_core.environment:checking '/home/keny/MANOS_ws/install/host_listener_package/lib'
[2.627s] Level 1:colcon.colcon_core.environment:checking '/home/keny/MANOS_ws/install/host_listener_package/bin'
[2.627s] Level 1:colcon.colcon_core.environment:checking '/home/keny/MANOS_ws/install/host_listener_package/lib/pkgconfig/host_listener_package.pc'
[2.627s] Level 1:colcon.colcon_core.environment:checking '/home/keny/MANOS_ws/install/host_listener_package/lib/python3.8/site-packages'
[2.627s] Level 1:colcon.colcon_core.shell:create_environment_hook('host_listener_package', 'pythonpath')
[2.632s] INFO:colcon.colcon_core.shell:Creating environment hook '/home/keny/MANOS_ws/install/host_listener_package/share/host_listener_package/hook/pythonpath.ps1'
[2.633s] INFO:colcon.colcon_core.shell:Creating environment descriptor '/home/keny/MANOS_ws/install/host_listener_package/share/host_listener_package/hook/pythonpath.dsv'
[2.633s] INFO:colcon.colcon_core.shell:Creating environment hook '/home/keny/MANOS_ws/install/host_listener_package/share/host_listener_package/hook/pythonpath.sh'
[2.634s] Level 1:colcon.colcon_core.environment:checking '/home/keny/MANOS_ws/install/host_listener_package/bin'
[2.634s] Level 1:colcon.colcon_core.environment:create_environment_scripts_only(host_listener_package)
[2.638s] INFO:colcon.colcon_core.shell:Creating package script '/home/keny/MANOS_ws/install/host_listener_package/share/host_listener_package/package.ps1'
[2.639s] INFO:colcon.colcon_core.shell:Creating package descriptor '/home/keny/MANOS_ws/install/host_listener_package/share/host_listener_package/package.dsv'
[2.640s] INFO:colcon.colcon_core.shell:Creating package script '/home/keny/MANOS_ws/install/host_listener_package/share/host_listener_package/package.sh'
[2.640s] INFO:colcon.colcon_core.shell:Creating package script '/home/keny/MANOS_ws/install/host_listener_package/share/host_listener_package/package.bash'
[2.640s] INFO:colcon.colcon_core.shell:Creating package script '/home/keny/MANOS_ws/install/host_listener_package/share/host_listener_package/package.zsh'
[2.641s] Level 1:colcon.colcon_core.environment:create_file_with_runtime_dependencies(/home/keny/MANOS_ws/install/host_listener_package/share/colcon-core/packages/host_listener_package)
[2.646s] Level 1:colcon.colcon_core.environment:checking '/home/keny/MANOS_ws/install/hand_detector' for CMake module files
[2.646s] DEBUG:colcon.colcon_core.event_handler.log_command:Invoked command in '/home/keny/MANOS_ws/src/hand_detector' returned '0': PYTHONPATH=/home/keny/MANOS_ws/build/hand_detector/prefix_override:/home/keny/MANOS_ws/install/hand_detector/lib/python3.8/site-packages:/home/keny/MANOS_ws/install/custom_msg/lib/python3.8/site-packages:/home/keny/MANOS_ws/install/host_listener_package/lib/python3.8/site-packages:/home/keny/MANOS_ws/install/hand_detector/lib/python3.8/site-packages:/home/keny/MANOS_ws/install/castelet/lib/python3.8/site-packages:/home/keny/MANOS_ws/install/camera/lib/python3.8/site-packages:/opt/ros/galactic/lib/python3.8/site-packages:/home/keny/acs/src/behaviors/ /usr/bin/python3 setup.py egg_info --egg-base ../../build/hand_detector build --build-base /home/keny/MANOS_ws/build/hand_detector/build install --record /home/keny/MANOS_ws/build/hand_detector/install.log --single-version-externally-managed
[2.646s] Level 1:colcon.colcon_core.environment:checking '/home/keny/MANOS_ws/install/hand_detector' for CMake config files
[2.647s] Level 1:colcon.colcon_core.environment:checking '/home/keny/MANOS_ws/install/hand_detector/lib'
[2.647s] Level 1:colcon.colcon_core.environment:checking '/home/keny/MANOS_ws/install/hand_detector/bin'
[2.647s] Level 1:colcon.colcon_core.environment:checking '/home/keny/MANOS_ws/install/hand_detector/lib/pkgconfig/hand_detector.pc'
[2.647s] Level 1:colcon.colcon_core.environment:checking '/home/keny/MANOS_ws/install/hand_detector/lib/python3.8/site-packages'
[2.647s] Level 1:colcon.colcon_core.shell:create_environment_hook('hand_detector', 'pythonpath')
[2.650s] INFO:colcon.colcon_core.shell:Creating environment hook '/home/keny/MANOS_ws/install/hand_detector/share/hand_detector/hook/pythonpath.ps1'
[2.651s] INFO:colcon.colcon_core.shell:Creating environment descriptor '/home/keny/MANOS_ws/install/hand_detector/share/hand_detector/hook/pythonpath.dsv'
[2.651s] INFO:colcon.colcon_core.shell:Creating environment hook '/home/keny/MANOS_ws/install/hand_detector/share/hand_detector/hook/pythonpath.sh'
[2.651s] Level 1:colcon.colcon_core.environment:checking '/home/keny/MANOS_ws/install/hand_detector/bin'
[2.651s] Level 1:colcon.colcon_core.environment:create_environment_scripts_only(hand_detector)
[2.655s] INFO:colcon.colcon_core.shell:Creating package script '/home/keny/MANOS_ws/install/hand_detector/share/hand_detector/package.ps1'
[2.655s] INFO:colcon.colcon_core.shell:Creating package descriptor '/home/keny/MANOS_ws/install/hand_detector/share/hand_detector/package.dsv'
[2.655s] INFO:colcon.colcon_core.shell:Creating package script '/home/keny/MANOS_ws/install/hand_detector/share/hand_detector/package.sh'
[2.656s] INFO:colcon.colcon_core.shell:Creating package script '/home/keny/MANOS_ws/install/hand_detector/share/hand_detector/package.bash'
[2.656s] INFO:colcon.colcon_core.shell:Creating package script '/home/keny/MANOS_ws/install/hand_detector/share/hand_detector/package.zsh'
[2.656s] Level 1:colcon.colcon_core.environment:create_file_with_runtime_dependencies(/home/keny/MANOS_ws/install/hand_detector/share/colcon-core/packages/hand_detector)
[2.661s] Level 1:colcon.colcon_core.environment:checking '/home/keny/MANOS_ws/install/camera' for CMake module files
[2.661s] Level 1:colcon.colcon_core.environment:checking '/home/keny/MANOS_ws/install/camera' for CMake config files
[2.661s] DEBUG:colcon.colcon_core.event_handler.log_command:Invoked command in '/home/keny/MANOS_ws/src/camera' returned '0': PYTHONPATH=/home/keny/MANOS_ws/build/camera/prefix_override:/home/keny/MANOS_ws/install/camera/lib/python3.8/site-packages:/home/keny/MANOS_ws/install/custom_msg/lib/python3.8/site-packages:/home/keny/MANOS_ws/install/host_listener_package/lib/python3.8/site-packages:/home/keny/MANOS_ws/install/hand_detector/lib/python3.8/site-packages:/home/keny/MANOS_ws/install/castelet/lib/python3.8/site-packages:/home/keny/MANOS_ws/install/camera/lib/python3.8/site-packages:/opt/ros/galactic/lib/python3.8/site-packages:/home/keny/acs/src/behaviors/ /usr/bin/python3 setup.py egg_info --egg-base ../../build/camera build --build-base /home/keny/MANOS_ws/build/camera/build install --record /home/keny/MANOS_ws/build/camera/install.log --single-version-externally-managed
[2.662s] Level 1:colcon.colcon_core.environment:checking '/home/keny/MANOS_ws/install/camera/lib'
[2.662s] Level 1:colcon.colcon_core.environment:checking '/home/keny/MANOS_ws/install/camera/bin'
[2.662s] Level 1:colcon.colcon_core.environment:checking '/home/keny/MANOS_ws/install/camera/lib/pkgconfig/camera.pc'
[2.662s] Level 1:colcon.colcon_core.environment:checking '/home/keny/MANOS_ws/install/camera/lib/python3.8/site-packages'
[2.662s] Level 1:colcon.colcon_core.shell:create_environment_hook('camera', 'pythonpath')
[2.665s] INFO:colcon.colcon_core.shell:Creating environment hook '/home/keny/MANOS_ws/install/camera/share/camera/hook/pythonpath.ps1'
[2.665s] INFO:colcon.colcon_core.shell:Creating environment descriptor '/home/keny/MANOS_ws/install/camera/share/camera/hook/pythonpath.dsv'
[2.666s] INFO:colcon.colcon_core.shell:Creating environment hook '/home/keny/MANOS_ws/install/camera/share/camera/hook/pythonpath.sh'
[2.666s] Level 1:colcon.colcon_core.environment:checking '/home/keny/MANOS_ws/install/camera/bin'
[2.666s] Level 1:colcon.colcon_core.environment:create_environment_scripts_only(camera)
[2.669s] INFO:colcon.colcon_core.shell:Creating package script '/home/keny/MANOS_ws/install/camera/share/camera/package.ps1'
[2.670s] INFO:colcon.colcon_core.shell:Creating package descriptor '/home/keny/MANOS_ws/install/camera/share/camera/package.dsv'
[2.670s] INFO:colcon.colcon_core.shell:Creating package script '/home/keny/MANOS_ws/install/camera/share/camera/package.sh'
[2.670s] INFO:colcon.colcon_core.shell:Creating package script '/home/keny/MANOS_ws/install/camera/share/camera/package.bash'
[2.670s] INFO:colcon.colcon_core.shell:Creating package script '/home/keny/MANOS_ws/install/camera/share/camera/package.zsh'
[2.671s] Level 1:colcon.colcon_core.environment:create_file_with_runtime_dependencies(/home/keny/MANOS_ws/install/camera/share/colcon-core/packages/camera)
[2.671s] DEBUG:colcon.colcon_parallel_executor.executor.parallel:closing loop
[2.671s] DEBUG:colcon.colcon_parallel_executor.executor.parallel:loop closed
[2.671s] DEBUG:colcon.colcon_parallel_executor.executor.parallel:run_until_complete finished with '0'
[2.671s] DEBUG:colcon.colcon_core.event_reactor:joining thread
[2.677s] INFO:colcon.colcon_core.plugin_system:Skipping extension 'colcon_notification.desktop_notification.terminal_notifier': Not used on non-Darwin systems
[2.677s] INFO:colcon.colcon_core.plugin_system:Skipping extension 'colcon_notification.desktop_notification.win32': Not used on non-Windows systems
[2.677s] INFO:colcon.colcon_notification.desktop_notification:Sending desktop notification using 'notify2'
[2.690s] DEBUG:colcon.colcon_core.event_reactor:joined thread
[2.693s] INFO:colcon.colcon_core.shell:Creating prefix script '/home/keny/MANOS_ws/install/local_setup.ps1'
[2.694s] INFO:colcon.colcon_core.shell:Creating prefix util module '/home/keny/MANOS_ws/install/_local_setup_util_ps1.py'
[2.695s] INFO:colcon.colcon_core.shell:Creating prefix chain script '/home/keny/MANOS_ws/install/setup.ps1'
[2.697s] INFO:colcon.colcon_core.shell:Creating prefix script '/home/keny/MANOS_ws/install/local_setup.sh'
[2.698s] INFO:colcon.colcon_core.shell:Creating prefix util module '/home/keny/MANOS_ws/install/_local_setup_util_sh.py'
[2.698s] INFO:colcon.colcon_core.shell:Creating prefix chain script '/home/keny/MANOS_ws/install/setup.sh'
[2.700s] INFO:colcon.colcon_core.shell:Creating prefix script '/home/keny/MANOS_ws/install/local_setup.bash'
[2.700s] INFO:colcon.colcon_core.shell:Creating prefix chain script '/home/keny/MANOS_ws/install/setup.bash'
[2.702s] INFO:colcon.colcon_core.shell:Creating prefix script '/home/keny/MANOS_ws/install/local_setup.zsh'
[2.703s] INFO:colcon.colcon_core.shell:Creating prefix chain script '/home/keny/MANOS_ws/install/setup.zsh'
