[5.077s] Invoking command in '/home/keny/MANOS_ws/src/CustomRosController': PYTHONPATH=/home/keny/MANOS_ws/build/CustomRosController/prefix_override:/home/keny/MANOS_ws/install/CustomRosController/lib/python3.8/site-packages:${PYTHONPATH} /usr/bin/python3 setup.py egg_info --egg-base ../../build/CustomRosController build --build-base /home/keny/MANOS_ws/build/CustomRosController/build install --record /home/keny/MANOS_ws/build/CustomRosController/install.log --single-version-externally-managed
[5.805s] running egg_info
[5.807s] writing ../../build/CustomRosController/CustomRosController.egg-info/PKG-INFO
[5.808s] writing dependency_links to ../../build/CustomRosController/CustomRosController.egg-info/dependency_links.txt
[5.808s] writing entry points to ../../build/CustomRosController/CustomRosController.egg-info/entry_points.txt
[5.809s] writing requirements to ../../build/CustomRosController/CustomRosController.egg-info/requires.txt
[5.809s] writing top-level names to ../../build/CustomRosController/CustomRosController.egg-info/top_level.txt
[5.896s] reading manifest file '../../build/CustomRosController/CustomRosController.egg-info/SOURCES.txt'
[5.898s] writing manifest file '../../build/CustomRosController/CustomRosController.egg-info/SOURCES.txt'
[5.899s] running build
[5.899s] running build_py
[5.900s] copying CustomRosController/TurtleSimController.py -> /home/keny/MANOS_ws/build/CustomRosController/build/lib/CustomRosController
[5.900s] running install
[5.902s] running install_lib
[5.905s] copying /home/keny/MANOS_ws/build/CustomRosController/build/lib/CustomRosController/TurtleSimController.py -> /home/keny/MANOS_ws/install/CustomRosController/lib/python3.8/site-packages/CustomRosController
[5.906s] byte-compiling /home/keny/MANOS_ws/install/CustomRosController/lib/python3.8/site-packages/CustomRosController/TurtleSimController.py to TurtleSimController.cpython-38.pyc
[5.914s] running install_data
[5.916s] running install_egg_info
[5.921s] removing '/home/keny/MANOS_ws/install/CustomRosController/lib/python3.8/site-packages/CustomRosController-0.0.0-py3.8.egg-info' (and everything under it)
[5.922s] Copying ../../build/CustomRosController/CustomRosController.egg-info to /home/keny/MANOS_ws/install/CustomRosController/lib/python3.8/site-packages/CustomRosController-0.0.0-py3.8.egg-info
[5.924s] running install_scripts
[5.982s] writing list of installed files to '/home/keny/MANOS_ws/build/CustomRosController/install.log'
[6.027s] Invoked command in '/home/keny/MANOS_ws/src/CustomRosController' returned '0': PYTHONPATH=/home/keny/MANOS_ws/build/CustomRosController/prefix_override:/home/keny/MANOS_ws/install/CustomRosController/lib/python3.8/site-packages:${PYTHONPATH} /usr/bin/python3 setup.py egg_info --egg-base ../../build/CustomRosController build --build-base /home/keny/MANOS_ws/build/CustomRosController/build install --record /home/keny/MANOS_ws/build/CustomRosController/install.log --single-version-externally-managed
