[1.305s] [34mcolcon[0m [1;30mDEBUG[0m [32mCommand line arguments: ['/usr/bin/colcon', 'build'][0m
[1.305s] [34mcolcon[0m [1;30mDEBUG[0m [32mParsed command line arguments: Namespace(allow_overriding=[], ament_cmake_args=None, base_paths=['.'], build_base='build', catkin_cmake_args=None, catkin_skip_building_tests=False, cmake_args=None, cmake_clean_cache=False, cmake_clean_first=False, cmake_force_configure=False, cmake_target=None, cmake_target_skip_unavailable=False, continue_on_error=False, event_handlers=None, executor='parallel', ignore_user_meta=False, install_base='install', log_base=None, log_level=None, main=<bound method BuildVerb.main of <colcon_core.verb.build.BuildVerb object at 0x7f6a08ffbf40>>, merge_install=False, metas=['./colcon.meta'], packages_above=None, packages_above_and_dependencies=None, packages_above_depth=None, packages_end=None, packages_ignore=None, packages_ignore_regex=None, packages_select=None, packages_select_build_failed=False, packages_select_by_dep=None, packages_select_regex=None, packages_select_test_failures=False, packages_skip=None, packages_skip_build_finished=False, packages_skip_by_dep=None, packages_skip_regex=None, packages_skip_test_passed=False, packages_skip_up_to=None, packages_start=None, packages_up_to=None, packages_up_to_regex=None, parallel_workers=20, paths=None, symlink_install=False, test_result_base=None, verb_extension=<colcon_core.verb.build.BuildVerb object at 0x7f6a08ffbf40>, verb_name='build', verb_parser=<colcon_defaults.argument_parser.defaults.DefaultArgumentsDecorator object at 0x7f6a08c00ca0>)[0m
[1.357s] [34mcolcon.colcon_core.package_discovery[0m [1;30mLevel 1[0m discover_packages(colcon_meta) check parameters
[1.357s] [34mcolcon.colcon_core.package_discovery[0m [1;30mLevel 1[0m discover_packages(recursive) check parameters
[1.357s] [34mcolcon.colcon_core.package_discovery[0m [1;30mLevel 1[0m discover_packages(ignore) check parameters
[1.357s] [34mcolcon.colcon_core.package_discovery[0m [1;30mLevel 1[0m discover_packages(path) check parameters
[1.357s] [34mcolcon.colcon_core.package_discovery[0m [1;30mLevel 1[0m discover_packages(colcon_meta) discover
[1.357s] [34mcolcon.colcon_core.package_discovery[0m [1;30mLevel 1[0m discover_packages(recursive) discover
[1.357s] [34mcolcon.colcon_core.package_discovery[0m [1;30mINFO[0m Crawling recursively for packages in '/home/field/MANOS'
[1.357s] [34mcolcon.colcon_core.package_identification[0m [1;30mLevel 1[0m _identify(.) by extensions ['ignore', 'ignore_ament_install']
[1.357s] [34mcolcon.colcon_core.package_identification[0m [1;30mLevel 1[0m _identify(.) by extension 'ignore'
[1.357s] [34mcolcon.colcon_core.package_identification[0m [1;30mLevel 1[0m _identify(.) by extension 'ignore_ament_install'
[1.357s] [34mcolcon.colcon_core.package_identification[0m [1;30mLevel 1[0m _identify(.) by extensions ['colcon_pkg']
[1.357s] [34mcolcon.colcon_core.package_identification[0m [1;30mLevel 1[0m _identify(.) by extension 'colcon_pkg'
[1.357s] [34mcolcon.colcon_core.package_identification[0m [1;30mLevel 1[0m _identify(.) by extensions ['colcon_meta']
[1.357s] [34mcolcon.colcon_core.package_identification[0m [1;30mLevel 1[0m _identify(.) by extension 'colcon_meta'
[1.357s] [34mcolcon.colcon_core.package_identification[0m [1;30mLevel 1[0m _identify(.) by extensions ['ros']
[1.357s] [34mcolcon.colcon_core.package_identification[0m [1;30mLevel 1[0m _identify(.) by extension 'ros'
[1.364s] [34mcolcon.colcon_core.package_identification[0m [1;30mLevel 1[0m _identify(.) by extensions ['cmake', 'python']
[1.364s] [34mcolcon.colcon_core.package_identification[0m [1;30mLevel 1[0m _identify(.) by extension 'cmake'
[1.364s] [34mcolcon.colcon_core.package_identification[0m [1;30mLevel 1[0m _identify(.) by extension 'python'
[1.364s] [34mcolcon.colcon_core.package_identification[0m [1;30mLevel 1[0m _identify(.) by extensions ['python_setup_py']
[1.364s] [34mcolcon.colcon_core.package_identification[0m [1;30mLevel 1[0m _identify(.) by extension 'python_setup_py'
[1.364s] [34mcolcon.colcon_core.package_identification[0m [1;30mLevel 1[0m _identify(build) by extensions ['ignore', 'ignore_ament_install']
[1.364s] [34mcolcon.colcon_core.package_identification[0m [1;30mLevel 1[0m _identify(build) by extension 'ignore'
[1.364s] [34mcolcon.colcon_core.package_identification[0m [1;30mLevel 1[0m _identify(build) ignored
[1.364s] [34mcolcon.colcon_core.package_identification[0m [1;30mLevel 1[0m _identify(install) by extensions ['ignore', 'ignore_ament_install']
[1.364s] [34mcolcon.colcon_core.package_identification[0m [1;30mLevel 1[0m _identify(install) by extension 'ignore'
[1.364s] [34mcolcon.colcon_core.package_identification[0m [1;30mLevel 1[0m _identify(install) ignored
[1.364s] [34mcolcon.colcon_core.package_identification[0m [1;30mLevel 1[0m _identify(log) by extensions ['ignore', 'ignore_ament_install']
[1.364s] [34mcolcon.colcon_core.package_identification[0m [1;30mLevel 1[0m _identify(log) by extension 'ignore'
[1.364s] [34mcolcon.colcon_core.package_identification[0m [1;30mLevel 1[0m _identify(log) ignored
[1.364s] [34mcolcon.colcon_core.package_identification[0m [1;30mLevel 1[0m _identify(src) by extensions ['ignore', 'ignore_ament_install']
[1.364s] [34mcolcon.colcon_core.package_identification[0m [1;30mLevel 1[0m _identify(src) by extension 'ignore'
[1.365s] [34mcolcon.colcon_core.package_identification[0m [1;30mLevel 1[0m _identify(src) by extension 'ignore_ament_install'
[1.365s] [34mcolcon.colcon_core.package_identification[0m [1;30mLevel 1[0m _identify(src) by extensions ['colcon_pkg']
[1.365s] [34mcolcon.colcon_core.package_identification[0m [1;30mLevel 1[0m _identify(src) by extension 'colcon_pkg'
[1.365s] [34mcolcon.colcon_core.package_identification[0m [1;30mLevel 1[0m _identify(src) by extensions ['colcon_meta']
[1.365s] [34mcolcon.colcon_core.package_identification[0m [1;30mLevel 1[0m _identify(src) by extension 'colcon_meta'
[1.365s] [34mcolcon.colcon_core.package_identification[0m [1;30mLevel 1[0m _identify(src) by extensions ['ros']
[1.365s] [34mcolcon.colcon_core.package_identification[0m [1;30mLevel 1[0m _identify(src) by extension 'ros'
[1.365s] [34mcolcon.colcon_core.package_identification[0m [1;30mLevel 1[0m _identify(src) by extensions ['cmake', 'python']
[1.365s] [34mcolcon.colcon_core.package_identification[0m [1;30mLevel 1[0m _identify(src) by extension 'cmake'
[1.365s] [34mcolcon.colcon_core.package_identification[0m [1;30mLevel 1[0m _identify(src) by extension 'python'
[1.365s] [34mcolcon.colcon_core.package_identification[0m [1;30mLevel 1[0m _identify(src) by extensions ['python_setup_py']
[1.365s] [34mcolcon.colcon_core.package_identification[0m [1;30mLevel 1[0m _identify(src) by extension 'python_setup_py'
[1.365s] [34mcolcon.colcon_core.package_identification[0m [1;30mLevel 1[0m _identify(src/camera) by extensions ['ignore', 'ignore_ament_install']
[1.365s] [34mcolcon.colcon_core.package_identification[0m [1;30mLevel 1[0m _identify(src/camera) by extension 'ignore'
[1.365s] [34mcolcon.colcon_core.package_identification[0m [1;30mLevel 1[0m _identify(src/camera) by extension 'ignore_ament_install'
[1.365s] [34mcolcon.colcon_core.package_identification[0m [1;30mLevel 1[0m _identify(src/camera) by extensions ['colcon_pkg']
[1.365s] [34mcolcon.colcon_core.package_identification[0m [1;30mLevel 1[0m _identify(src/camera) by extension 'colcon_pkg'
[1.365s] [34mcolcon.colcon_core.package_identification[0m [1;30mLevel 1[0m _identify(src/camera) by extensions ['colcon_meta']
[1.365s] [34mcolcon.colcon_core.package_identification[0m [1;30mLevel 1[0m _identify(src/camera) by extension 'colcon_meta'
[1.365s] [34mcolcon.colcon_core.package_identification[0m [1;30mLevel 1[0m _identify(src/camera) by extensions ['ros']
[1.365s] [34mcolcon.colcon_core.package_identification[0m [1;30mLevel 1[0m _identify(src/camera) by extension 'ros'
[1.367s] [34mcolcon.colcon_core.package_identification[0m [1;30mDEBUG[0m [32mPackage 'src/camera' with type 'ros.ament_python' and name 'camera'[0m
[1.367s] [34mcolcon.colcon_core.package_identification[0m [1;30mLevel 1[0m _identify(src/castelet) by extensions ['ignore', 'ignore_ament_install']
[1.367s] [34mcolcon.colcon_core.package_identification[0m [1;30mLevel 1[0m _identify(src/castelet) by extension 'ignore'
[1.367s] [34mcolcon.colcon_core.package_identification[0m [1;30mLevel 1[0m _identify(src/castelet) by extension 'ignore_ament_install'
[1.367s] [34mcolcon.colcon_core.package_identification[0m [1;30mLevel 1[0m _identify(src/castelet) by extensions ['colcon_pkg']
[1.367s] [34mcolcon.colcon_core.package_identification[0m [1;30mLevel 1[0m _identify(src/castelet) by extension 'colcon_pkg'
[1.367s] [34mcolcon.colcon_core.package_identification[0m [1;30mLevel 1[0m _identify(src/castelet) by extensions ['colcon_meta']
[1.367s] [34mcolcon.colcon_core.package_identification[0m [1;30mLevel 1[0m _identify(src/castelet) by extension 'colcon_meta'
[1.367s] [34mcolcon.colcon_core.package_identification[0m [1;30mLevel 1[0m _identify(src/castelet) by extensions ['ros']
[1.367s] [34mcolcon.colcon_core.package_identification[0m [1;30mLevel 1[0m _identify(src/castelet) by extension 'ros'
[1.368s] [34mcolcon.colcon_core.package_identification[0m [1;30mDEBUG[0m [32mPackage 'src/castelet' with type 'ros.ament_python' and name 'castelet'[0m
[1.368s] [34mcolcon.colcon_core.package_identification[0m [1;30mLevel 1[0m _identify(src/custom_msg) by extensions ['ignore', 'ignore_ament_install']
[1.368s] [34mcolcon.colcon_core.package_identification[0m [1;30mLevel 1[0m _identify(src/custom_msg) by extension 'ignore'
[1.368s] [34mcolcon.colcon_core.package_identification[0m [1;30mLevel 1[0m _identify(src/custom_msg) by extension 'ignore_ament_install'
[1.368s] [34mcolcon.colcon_core.package_identification[0m [1;30mLevel 1[0m _identify(src/custom_msg) by extensions ['colcon_pkg']
[1.368s] [34mcolcon.colcon_core.package_identification[0m [1;30mLevel 1[0m _identify(src/custom_msg) by extension 'colcon_pkg'
[1.368s] [34mcolcon.colcon_core.package_identification[0m [1;30mLevel 1[0m _identify(src/custom_msg) by extensions ['colcon_meta']
[1.368s] [34mcolcon.colcon_core.package_identification[0m [1;30mLevel 1[0m _identify(src/custom_msg) by extension 'colcon_meta'
[1.368s] [34mcolcon.colcon_core.package_identification[0m [1;30mLevel 1[0m _identify(src/custom_msg) by extensions ['ros']
[1.368s] [34mcolcon.colcon_core.package_identification[0m [1;30mLevel 1[0m _identify(src/custom_msg) by extension 'ros'
[1.368s] [34mcolcon.colcon_core.package_identification[0m [1;30mDEBUG[0m [32mPackage 'src/custom_msg' with type 'ros.ament_cmake' and name 'custom_msg'[0m
[1.368s] [34mcolcon.colcon_core.package_identification[0m [1;30mLevel 1[0m _identify(src/custom_ros_controller) by extensions ['ignore', 'ignore_ament_install']
[1.368s] [34mcolcon.colcon_core.package_identification[0m [1;30mLevel 1[0m _identify(src/custom_ros_controller) by extension 'ignore'
[1.368s] [34mcolcon.colcon_core.package_identification[0m [1;30mLevel 1[0m _identify(src/custom_ros_controller) by extension 'ignore_ament_install'
[1.368s] [34mcolcon.colcon_core.package_identification[0m [1;30mLevel 1[0m _identify(src/custom_ros_controller) by extensions ['colcon_pkg']
[1.368s] [34mcolcon.colcon_core.package_identification[0m [1;30mLevel 1[0m _identify(src/custom_ros_controller) by extension 'colcon_pkg'
[1.368s] [34mcolcon.colcon_core.package_identification[0m [1;30mLevel 1[0m _identify(src/custom_ros_controller) by extensions ['colcon_meta']
[1.368s] [34mcolcon.colcon_core.package_identification[0m [1;30mLevel 1[0m _identify(src/custom_ros_controller) by extension 'colcon_meta'
[1.368s] [34mcolcon.colcon_core.package_identification[0m [1;30mLevel 1[0m _identify(src/custom_ros_controller) by extensions ['ros']
[1.369s] [34mcolcon.colcon_core.package_identification[0m [1;30mLevel 1[0m _identify(src/custom_ros_controller) by extension 'ros'
[1.369s] [34mcolcon.colcon_core.package_identification[0m [1;30mDEBUG[0m [32mPackage 'src/custom_ros_controller' with type 'ros.ament_python' and name 'custom_ros_controller'[0m
[1.369s] [34mcolcon.colcon_core.package_identification[0m [1;30mLevel 1[0m _identify(src/hand_detector) by extensions ['ignore', 'ignore_ament_install']
[1.369s] [34mcolcon.colcon_core.package_identification[0m [1;30mLevel 1[0m _identify(src/hand_detector) by extension 'ignore'
[1.369s] [34mcolcon.colcon_core.package_identification[0m [1;30mLevel 1[0m _identify(src/hand_detector) by extension 'ignore_ament_install'
[1.369s] [34mcolcon.colcon_core.package_identification[0m [1;30mLevel 1[0m _identify(src/hand_detector) by extensions ['colcon_pkg']
[1.369s] [34mcolcon.colcon_core.package_identification[0m [1;30mLevel 1[0m _identify(src/hand_detector) by extension 'colcon_pkg'
[1.369s] [34mcolcon.colcon_core.package_identification[0m [1;30mLevel 1[0m _identify(src/hand_detector) by extensions ['colcon_meta']
[1.369s] [34mcolcon.colcon_core.package_identification[0m [1;30mLevel 1[0m _identify(src/hand_detector) by extension 'colcon_meta'
[1.369s] [34mcolcon.colcon_core.package_identification[0m [1;30mLevel 1[0m _identify(src/hand_detector) by extensions ['ros']
[1.369s] [34mcolcon.colcon_core.package_identification[0m [1;30mLevel 1[0m _identify(src/hand_detector) by extension 'ros'
[1.370s] [34mcolcon.colcon_core.package_identification[0m [1;30mDEBUG[0m [32mPackage 'src/hand_detector' with type 'ros.ament_python' and name 'hand_detector'[0m
[1.370s] [34mcolcon.colcon_core.package_identification[0m [1;30mLevel 1[0m _identify(src/host_listener_package) by extensions ['ignore', 'ignore_ament_install']
[1.370s] [34mcolcon.colcon_core.package_identification[0m [1;30mLevel 1[0m _identify(src/host_listener_package) by extension 'ignore'
[1.370s] [34mcolcon.colcon_core.package_identification[0m [1;30mLevel 1[0m _identify(src/host_listener_package) by extension 'ignore_ament_install'
[1.370s] [34mcolcon.colcon_core.package_identification[0m [1;30mLevel 1[0m _identify(src/host_listener_package) by extensions ['colcon_pkg']
[1.370s] [34mcolcon.colcon_core.package_identification[0m [1;30mLevel 1[0m _identify(src/host_listener_package) by extension 'colcon_pkg'
[1.370s] [34mcolcon.colcon_core.package_identification[0m [1;30mLevel 1[0m _identify(src/host_listener_package) by extensions ['colcon_meta']
[1.370s] [34mcolcon.colcon_core.package_identification[0m [1;30mLevel 1[0m _identify(src/host_listener_package) by extension 'colcon_meta'
[1.370s] [34mcolcon.colcon_core.package_identification[0m [1;30mLevel 1[0m _identify(src/host_listener_package) by extensions ['ros']
[1.370s] [34mcolcon.colcon_core.package_identification[0m [1;30mLevel 1[0m _identify(src/host_listener_package) by extension 'ros'
[1.370s] [34mcolcon.colcon_core.package_identification[0m [1;30mDEBUG[0m [32mPackage 'src/host_listener_package' with type 'ros.ament_python' and name 'host_listener_package'[0m
[1.370s] [34mcolcon.colcon_core.package_identification[0m [1;30mLevel 1[0m _identify(src/launch) by extensions ['ignore', 'ignore_ament_install']
[1.370s] [34mcolcon.colcon_core.package_identification[0m [1;30mLevel 1[0m _identify(src/launch) by extension 'ignore'
[1.370s] [34mcolcon.colcon_core.package_identification[0m [1;30mLevel 1[0m _identify(src/launch) by extension 'ignore_ament_install'
[1.370s] [34mcolcon.colcon_core.package_identification[0m [1;30mLevel 1[0m _identify(src/launch) by extensions ['colcon_pkg']
[1.370s] [34mcolcon.colcon_core.package_identification[0m [1;30mLevel 1[0m _identify(src/launch) by extension 'colcon_pkg'
[1.370s] [34mcolcon.colcon_core.package_identification[0m [1;30mLevel 1[0m _identify(src/launch) by extensions ['colcon_meta']
[1.370s] [34mcolcon.colcon_core.package_identification[0m [1;30mLevel 1[0m _identify(src/launch) by extension 'colcon_meta'
[1.370s] [34mcolcon.colcon_core.package_identification[0m [1;30mLevel 1[0m _identify(src/launch) by extensions ['ros']
[1.370s] [34mcolcon.colcon_core.package_identification[0m [1;30mLevel 1[0m _identify(src/launch) by extension 'ros'
[1.371s] [34mcolcon.colcon_core.package_identification[0m [1;30mLevel 1[0m _identify(src/launch) by extensions ['cmake', 'python']
[1.371s] [34mcolcon.colcon_core.package_identification[0m [1;30mLevel 1[0m _identify(src/launch) by extension 'cmake'
[1.371s] [34mcolcon.colcon_core.package_identification[0m [1;30mLevel 1[0m _identify(src/launch) by extension 'python'
[1.371s] [34mcolcon.colcon_core.package_identification[0m [1;30mLevel 1[0m _identify(src/launch) by extensions ['python_setup_py']
[1.371s] [34mcolcon.colcon_core.package_identification[0m [1;30mLevel 1[0m _identify(src/launch) by extension 'python_setup_py'
[1.371s] [34mcolcon.colcon_core.package_identification[0m [1;30mLevel 1[0m _identify(src/launch/__pycache__) by extensions ['ignore', 'ignore_ament_install']
[1.371s] [34mcolcon.colcon_core.package_identification[0m [1;30mLevel 1[0m _identify(src/launch/__pycache__) by extension 'ignore'
[1.371s] [34mcolcon.colcon_core.package_identification[0m [1;30mLevel 1[0m _identify(src/launch/__pycache__) by extension 'ignore_ament_install'
[1.371s] [34mcolcon.colcon_core.package_identification[0m [1;30mLevel 1[0m _identify(src/launch/__pycache__) by extensions ['colcon_pkg']
[1.371s] [34mcolcon.colcon_core.package_identification[0m [1;30mLevel 1[0m _identify(src/launch/__pycache__) by extension 'colcon_pkg'
[1.371s] [34mcolcon.colcon_core.package_identification[0m [1;30mLevel 1[0m _identify(src/launch/__pycache__) by extensions ['colcon_meta']
[1.371s] [34mcolcon.colcon_core.package_identification[0m [1;30mLevel 1[0m _identify(src/launch/__pycache__) by extension 'colcon_meta'
[1.371s] [34mcolcon.colcon_core.package_identification[0m [1;30mLevel 1[0m _identify(src/launch/__pycache__) by extensions ['ros']
[1.371s] [34mcolcon.colcon_core.package_identification[0m [1;30mLevel 1[0m _identify(src/launch/__pycache__) by extension 'ros'
[1.371s] [34mcolcon.colcon_core.package_identification[0m [1;30mLevel 1[0m _identify(src/launch/__pycache__) by extensions ['cmake', 'python']
[1.371s] [34mcolcon.colcon_core.package_identification[0m [1;30mLevel 1[0m _identify(src/launch/__pycache__) by extension 'cmake'
[1.371s] [34mcolcon.colcon_core.package_identification[0m [1;30mLevel 1[0m _identify(src/launch/__pycache__) by extension 'python'
[1.371s] [34mcolcon.colcon_core.package_identification[0m [1;30mLevel 1[0m _identify(src/launch/__pycache__) by extensions ['python_setup_py']
[1.371s] [34mcolcon.colcon_core.package_identification[0m [1;30mLevel 1[0m _identify(src/launch/__pycache__) by extension 'python_setup_py'
[1.371s] [34mcolcon.colcon_core.package_identification[0m [1;30mLevel 1[0m _identify(src/manos_manager) by extensions ['ignore', 'ignore_ament_install']
[1.371s] [34mcolcon.colcon_core.package_identification[0m [1;30mLevel 1[0m _identify(src/manos_manager) by extension 'ignore'
[1.371s] [34mcolcon.colcon_core.package_identification[0m [1;30mLevel 1[0m _identify(src/manos_manager) by extension 'ignore_ament_install'
[1.371s] [34mcolcon.colcon_core.package_identification[0m [1;30mLevel 1[0m _identify(src/manos_manager) by extensions ['colcon_pkg']
[1.371s] [34mcolcon.colcon_core.package_identification[0m [1;30mLevel 1[0m _identify(src/manos_manager) by extension 'colcon_pkg'
[1.371s] [34mcolcon.colcon_core.package_identification[0m [1;30mLevel 1[0m _identify(src/manos_manager) by extensions ['colcon_meta']
[1.371s] [34mcolcon.colcon_core.package_identification[0m [1;30mLevel 1[0m _identify(src/manos_manager) by extension 'colcon_meta'
[1.371s] [34mcolcon.colcon_core.package_identification[0m [1;30mLevel 1[0m _identify(src/manos_manager) by extensions ['ros']
[1.371s] [34mcolcon.colcon_core.package_identification[0m [1;30mLevel 1[0m _identify(src/manos_manager) by extension 'ros'
[1.372s] [34mcolcon.colcon_core.package_identification[0m [1;30mDEBUG[0m [32mPackage 'src/manos_manager' with type 'ros.ament_python' and name 'manos_manager'[0m
[1.372s] [34mcolcon.colcon_core.package_discovery[0m [1;30mLevel 1[0m discover_packages(recursive) using defaults
[1.372s] [34mcolcon.colcon_core.package_discovery[0m [1;30mLevel 1[0m discover_packages(ignore) discover
[1.372s] [34mcolcon.colcon_core.package_discovery[0m [1;30mLevel 1[0m discover_packages(ignore) using defaults
[1.372s] [34mcolcon.colcon_core.package_discovery[0m [1;30mLevel 1[0m discover_packages(path) discover
[1.372s] [34mcolcon.colcon_core.package_discovery[0m [1;30mLevel 1[0m discover_packages(path) using defaults
[1.488s] [34mcolcon.colcon_core.package_discovery[0m [1;30mLevel 1[0m discover_packages(prefix_path) check parameters
[1.488s] [34mcolcon.colcon_core.package_discovery[0m [1;30mLevel 1[0m discover_packages(prefix_path) discover
[1.531s] [34mcolcon.colcon_installed_package_information.package_discovery[0m [1;30mDEBUG[0m [32mFound 7 installed packages in /home/field/MANOS/install[0m
[1.558s] [34mcolcon.colcon_installed_package_information.package_discovery[0m [1;30mDEBUG[0m [32mFound 268 installed packages in /opt/ros/galactic[0m
[1.559s] [34mcolcon.colcon_core.package_discovery[0m [1;30mLevel 1[0m discover_packages(prefix_path) using defaults
[1.644s] [34mcolcon.colcon_core.verb[0m [1;30mLevel 5[0m set package 'custom_msg' build argument 'cmake_args' from command line to 'None'
[1.644s] [34mcolcon.colcon_core.verb[0m [1;30mLevel 5[0m set package 'custom_msg' build argument 'cmake_target' from command line to 'None'
[1.644s] [34mcolcon.colcon_core.verb[0m [1;30mLevel 5[0m set package 'custom_msg' build argument 'cmake_target_skip_unavailable' from command line to 'False'
[1.644s] [34mcolcon.colcon_core.verb[0m [1;30mLevel 5[0m set package 'custom_msg' build argument 'cmake_clean_cache' from command line to 'False'
[1.644s] [34mcolcon.colcon_core.verb[0m [1;30mLevel 5[0m set package 'custom_msg' build argument 'cmake_clean_first' from command line to 'False'
[1.644s] [34mcolcon.colcon_core.verb[0m [1;30mLevel 5[0m set package 'custom_msg' build argument 'cmake_force_configure' from command line to 'False'
[1.644s] [34mcolcon.colcon_core.verb[0m [1;30mLevel 5[0m set package 'custom_msg' build argument 'ament_cmake_args' from command line to 'None'
[1.644s] [34mcolcon.colcon_core.verb[0m [1;30mLevel 5[0m set package 'custom_msg' build argument 'catkin_cmake_args' from command line to 'None'
[1.644s] [34mcolcon.colcon_core.verb[0m [1;30mLevel 5[0m set package 'custom_msg' build argument 'catkin_skip_building_tests' from command line to 'False'
[1.644s] [34mcolcon.colcon_core.verb[0m [1;30mDEBUG[0m [32mBuilding package 'custom_msg' with the following arguments: {'ament_cmake_args': None, 'build_base': '/home/field/MANOS/build/custom_msg', 'catkin_cmake_args': None, 'catkin_skip_building_tests': False, 'cmake_args': None, 'cmake_clean_cache': False, 'cmake_clean_first': False, 'cmake_force_configure': False, 'cmake_target': None, 'cmake_target_skip_unavailable': False, 'install_base': '/home/field/MANOS/install/custom_msg', 'merge_install': False, 'path': '/home/field/MANOS/src/custom_msg', 'symlink_install': False, 'test_result_base': None}[0m
[1.666s] [34mcolcon.colcon_core.verb[0m [1;30mLevel 5[0m set package 'camera' build argument 'cmake_args' from command line to 'None'
[1.666s] [34mcolcon.colcon_core.verb[0m [1;30mLevel 5[0m set package 'camera' build argument 'cmake_target' from command line to 'None'
[1.666s] [34mcolcon.colcon_core.verb[0m [1;30mLevel 5[0m set package 'camera' build argument 'cmake_target_skip_unavailable' from command line to 'False'
[1.666s] [34mcolcon.colcon_core.verb[0m [1;30mLevel 5[0m set package 'camera' build argument 'cmake_clean_cache' from command line to 'False'
[1.666s] [34mcolcon.colcon_core.verb[0m [1;30mLevel 5[0m set package 'camera' build argument 'cmake_clean_first' from command line to 'False'
[1.666s] [34mcolcon.colcon_core.verb[0m [1;30mLevel 5[0m set package 'camera' build argument 'cmake_force_configure' from command line to 'False'
[1.666s] [34mcolcon.colcon_core.verb[0m [1;30mLevel 5[0m set package 'camera' build argument 'ament_cmake_args' from command line to 'None'
[1.666s] [34mcolcon.colcon_core.verb[0m [1;30mLevel 5[0m set package 'camera' build argument 'catkin_cmake_args' from command line to 'None'
[1.666s] [34mcolcon.colcon_core.verb[0m [1;30mLevel 5[0m set package 'camera' build argument 'catkin_skip_building_tests' from command line to 'False'
[1.666s] [34mcolcon.colcon_core.verb[0m [1;30mDEBUG[0m [32mBuilding package 'camera' with the following arguments: {'ament_cmake_args': None, 'build_base': '/home/field/MANOS/build/camera', 'catkin_cmake_args': None, 'catkin_skip_building_tests': False, 'cmake_args': None, 'cmake_clean_cache': False, 'cmake_clean_first': False, 'cmake_force_configure': False, 'cmake_target': None, 'cmake_target_skip_unavailable': False, 'install_base': '/home/field/MANOS/install/camera', 'merge_install': False, 'path': '/home/field/MANOS/src/camera', 'symlink_install': False, 'test_result_base': None}[0m
[1.688s] [34mcolcon.colcon_core.verb[0m [1;30mLevel 5[0m set package 'castelet' build argument 'cmake_args' from command line to 'None'
[1.688s] [34mcolcon.colcon_core.verb[0m [1;30mLevel 5[0m set package 'castelet' build argument 'cmake_target' from command line to 'None'
[1.688s] [34mcolcon.colcon_core.verb[0m [1;30mLevel 5[0m set package 'castelet' build argument 'cmake_target_skip_unavailable' from command line to 'False'
[1.688s] [34mcolcon.colcon_core.verb[0m [1;30mLevel 5[0m set package 'castelet' build argument 'cmake_clean_cache' from command line to 'False'
[1.688s] [34mcolcon.colcon_core.verb[0m [1;30mLevel 5[0m set package 'castelet' build argument 'cmake_clean_first' from command line to 'False'
[1.688s] [34mcolcon.colcon_core.verb[0m [1;30mLevel 5[0m set package 'castelet' build argument 'cmake_force_configure' from command line to 'False'
[1.688s] [34mcolcon.colcon_core.verb[0m [1;30mLevel 5[0m set package 'castelet' build argument 'ament_cmake_args' from command line to 'None'
[1.688s] [34mcolcon.colcon_core.verb[0m [1;30mLevel 5[0m set package 'castelet' build argument 'catkin_cmake_args' from command line to 'None'
[1.688s] [34mcolcon.colcon_core.verb[0m [1;30mLevel 5[0m set package 'castelet' build argument 'catkin_skip_building_tests' from command line to 'False'
[1.688s] [34mcolcon.colcon_core.verb[0m [1;30mDEBUG[0m [32mBuilding package 'castelet' with the following arguments: {'ament_cmake_args': None, 'build_base': '/home/field/MANOS/build/castelet', 'catkin_cmake_args': None, 'catkin_skip_building_tests': False, 'cmake_args': None, 'cmake_clean_cache': False, 'cmake_clean_first': False, 'cmake_force_configure': False, 'cmake_target': None, 'cmake_target_skip_unavailable': False, 'install_base': '/home/field/MANOS/install/castelet', 'merge_install': False, 'path': '/home/field/MANOS/src/castelet', 'symlink_install': False, 'test_result_base': None}[0m
[1.709s] [34mcolcon.colcon_core.verb[0m [1;30mLevel 5[0m set package 'custom_ros_controller' build argument 'cmake_args' from command line to 'None'
[1.709s] [34mcolcon.colcon_core.verb[0m [1;30mLevel 5[0m set package 'custom_ros_controller' build argument 'cmake_target' from command line to 'None'
[1.709s] [34mcolcon.colcon_core.verb[0m [1;30mLevel 5[0m set package 'custom_ros_controller' build argument 'cmake_target_skip_unavailable' from command line to 'False'
[1.709s] [34mcolcon.colcon_core.verb[0m [1;30mLevel 5[0m set package 'custom_ros_controller' build argument 'cmake_clean_cache' from command line to 'False'
[1.709s] [34mcolcon.colcon_core.verb[0m [1;30mLevel 5[0m set package 'custom_ros_controller' build argument 'cmake_clean_first' from command line to 'False'
[1.709s] [34mcolcon.colcon_core.verb[0m [1;30mLevel 5[0m set package 'custom_ros_controller' build argument 'cmake_force_configure' from command line to 'False'
[1.709s] [34mcolcon.colcon_core.verb[0m [1;30mLevel 5[0m set package 'custom_ros_controller' build argument 'ament_cmake_args' from command line to 'None'
[1.709s] [34mcolcon.colcon_core.verb[0m [1;30mLevel 5[0m set package 'custom_ros_controller' build argument 'catkin_cmake_args' from command line to 'None'
[1.709s] [34mcolcon.colcon_core.verb[0m [1;30mLevel 5[0m set package 'custom_ros_controller' build argument 'catkin_skip_building_tests' from command line to 'False'
[1.709s] [34mcolcon.colcon_core.verb[0m [1;30mDEBUG[0m [32mBuilding package 'custom_ros_controller' with the following arguments: {'ament_cmake_args': None, 'build_base': '/home/field/MANOS/build/custom_ros_controller', 'catkin_cmake_args': None, 'catkin_skip_building_tests': False, 'cmake_args': None, 'cmake_clean_cache': False, 'cmake_clean_first': False, 'cmake_force_configure': False, 'cmake_target': None, 'cmake_target_skip_unavailable': False, 'install_base': '/home/field/MANOS/install/custom_ros_controller', 'merge_install': False, 'path': '/home/field/MANOS/src/custom_ros_controller', 'symlink_install': False, 'test_result_base': None}[0m
[1.731s] [34mcolcon.colcon_core.verb[0m [1;30mLevel 5[0m set package 'hand_detector' build argument 'cmake_args' from command line to 'None'
[1.731s] [34mcolcon.colcon_core.verb[0m [1;30mLevel 5[0m set package 'hand_detector' build argument 'cmake_target' from command line to 'None'
[1.731s] [34mcolcon.colcon_core.verb[0m [1;30mLevel 5[0m set package 'hand_detector' build argument 'cmake_target_skip_unavailable' from command line to 'False'
[1.731s] [34mcolcon.colcon_core.verb[0m [1;30mLevel 5[0m set package 'hand_detector' build argument 'cmake_clean_cache' from command line to 'False'
[1.731s] [34mcolcon.colcon_core.verb[0m [1;30mLevel 5[0m set package 'hand_detector' build argument 'cmake_clean_first' from command line to 'False'
[1.731s] [34mcolcon.colcon_core.verb[0m [1;30mLevel 5[0m set package 'hand_detector' build argument 'cmake_force_configure' from command line to 'False'
[1.731s] [34mcolcon.colcon_core.verb[0m [1;30mLevel 5[0m set package 'hand_detector' build argument 'ament_cmake_args' from command line to 'None'
[1.731s] [34mcolcon.colcon_core.verb[0m [1;30mLevel 5[0m set package 'hand_detector' build argument 'catkin_cmake_args' from command line to 'None'
[1.731s] [34mcolcon.colcon_core.verb[0m [1;30mLevel 5[0m set package 'hand_detector' build argument 'catkin_skip_building_tests' from command line to 'False'
[1.731s] [34mcolcon.colcon_core.verb[0m [1;30mDEBUG[0m [32mBuilding package 'hand_detector' with the following arguments: {'ament_cmake_args': None, 'build_base': '/home/field/MANOS/build/hand_detector', 'catkin_cmake_args': None, 'catkin_skip_building_tests': False, 'cmake_args': None, 'cmake_clean_cache': False, 'cmake_clean_first': False, 'cmake_force_configure': False, 'cmake_target': None, 'cmake_target_skip_unavailable': False, 'install_base': '/home/field/MANOS/install/hand_detector', 'merge_install': False, 'path': '/home/field/MANOS/src/hand_detector', 'symlink_install': False, 'test_result_base': None}[0m
[1.753s] [34mcolcon.colcon_core.verb[0m [1;30mLevel 5[0m set package 'host_listener_package' build argument 'cmake_args' from command line to 'None'
[1.754s] [34mcolcon.colcon_core.verb[0m [1;30mLevel 5[0m set package 'host_listener_package' build argument 'cmake_target' from command line to 'None'
[1.754s] [34mcolcon.colcon_core.verb[0m [1;30mLevel 5[0m set package 'host_listener_package' build argument 'cmake_target_skip_unavailable' from command line to 'False'
[1.754s] [34mcolcon.colcon_core.verb[0m [1;30mLevel 5[0m set package 'host_listener_package' build argument 'cmake_clean_cache' from command line to 'False'
[1.754s] [34mcolcon.colcon_core.verb[0m [1;30mLevel 5[0m set package 'host_listener_package' build argument 'cmake_clean_first' from command line to 'False'
[1.754s] [34mcolcon.colcon_core.verb[0m [1;30mLevel 5[0m set package 'host_listener_package' build argument 'cmake_force_configure' from command line to 'False'
[1.754s] [34mcolcon.colcon_core.verb[0m [1;30mLevel 5[0m set package 'host_listener_package' build argument 'ament_cmake_args' from command line to 'None'
[1.754s] [34mcolcon.colcon_core.verb[0m [1;30mLevel 5[0m set package 'host_listener_package' build argument 'catkin_cmake_args' from command line to 'None'
[1.754s] [34mcolcon.colcon_core.verb[0m [1;30mLevel 5[0m set package 'host_listener_package' build argument 'catkin_skip_building_tests' from command line to 'False'
[1.754s] [34mcolcon.colcon_core.verb[0m [1;30mDEBUG[0m [32mBuilding package 'host_listener_package' with the following arguments: {'ament_cmake_args': None, 'build_base': '/home/field/MANOS/build/host_listener_package', 'catkin_cmake_args': None, 'catkin_skip_building_tests': False, 'cmake_args': None, 'cmake_clean_cache': False, 'cmake_clean_first': False, 'cmake_force_configure': False, 'cmake_target': None, 'cmake_target_skip_unavailable': False, 'install_base': '/home/field/MANOS/install/host_listener_package', 'merge_install': False, 'path': '/home/field/MANOS/src/host_listener_package', 'symlink_install': False, 'test_result_base': None}[0m
[1.776s] [34mcolcon.colcon_core.verb[0m [1;30mLevel 5[0m set package 'manos_manager' build argument 'cmake_args' from command line to 'None'
[1.776s] [34mcolcon.colcon_core.verb[0m [1;30mLevel 5[0m set package 'manos_manager' build argument 'cmake_target' from command line to 'None'
[1.776s] [34mcolcon.colcon_core.verb[0m [1;30mLevel 5[0m set package 'manos_manager' build argument 'cmake_target_skip_unavailable' from command line to 'False'
[1.776s] [34mcolcon.colcon_core.verb[0m [1;30mLevel 5[0m set package 'manos_manager' build argument 'cmake_clean_cache' from command line to 'False'
[1.776s] [34mcolcon.colcon_core.verb[0m [1;30mLevel 5[0m set package 'manos_manager' build argument 'cmake_clean_first' from command line to 'False'
[1.776s] [34mcolcon.colcon_core.verb[0m [1;30mLevel 5[0m set package 'manos_manager' build argument 'cmake_force_configure' from command line to 'False'
[1.776s] [34mcolcon.colcon_core.verb[0m [1;30mLevel 5[0m set package 'manos_manager' build argument 'ament_cmake_args' from command line to 'None'
[1.776s] [34mcolcon.colcon_core.verb[0m [1;30mLevel 5[0m set package 'manos_manager' build argument 'catkin_cmake_args' from command line to 'None'
[1.776s] [34mcolcon.colcon_core.verb[0m [1;30mLevel 5[0m set package 'manos_manager' build argument 'catkin_skip_building_tests' from command line to 'False'
[1.776s] [34mcolcon.colcon_core.verb[0m [1;30mDEBUG[0m [32mBuilding package 'manos_manager' with the following arguments: {'ament_cmake_args': None, 'build_base': '/home/field/MANOS/build/manos_manager', 'catkin_cmake_args': None, 'catkin_skip_building_tests': False, 'cmake_args': None, 'cmake_clean_cache': False, 'cmake_clean_first': False, 'cmake_force_configure': False, 'cmake_target': None, 'cmake_target_skip_unavailable': False, 'install_base': '/home/field/MANOS/install/manos_manager', 'merge_install': False, 'path': '/home/field/MANOS/src/manos_manager', 'symlink_install': False, 'test_result_base': None}[0m
[1.798s] [34mcolcon.colcon_core.executor[0m [1;30mINFO[0m Executing jobs using 'parallel' executor
[1.820s] [34mcolcon.colcon_parallel_executor.executor.parallel[0m [1;30mDEBUG[0m [32mrun_until_complete[0m
[1.820s] [34mcolcon.colcon_ros.task.ament_cmake.build[0m [1;30mINFO[0m Building ROS package in '/home/field/MANOS/src/custom_msg' with build type 'ament_cmake'
[1.820s] [34mcolcon.colcon_cmake.task.cmake.build[0m [1;30mINFO[0m Building CMake package in '/home/field/MANOS/src/custom_msg'
[1.850s] [34mcolcon.colcon_core.plugin_system[0m [1;30mINFO[0m Skipping extension 'colcon_core.shell.bat': Not used on non-Windows systems
[1.850s] [34mcolcon.colcon_core.shell[0m [1;30mINFO[0m Skip shell extension 'powershell' for command environment: Not usable outside of PowerShell
[1.851s] [34mcolcon.colcon_core.shell[0m [1;30mDEBUG[0m [32mSkip shell extension 'dsv' for command environment[0m
[1.923s] [34mcolcon.colcon_core.event_handler.log_command[0m [1;30mDEBUG[0m [32mInvoking command in '/home/field/MANOS/build/custom_msg': CMAKE_PREFIX_PATH=${CMAKE_PREFIX_PATH}:/home/field/MANOS/install/manos_manager:/home/field/MANOS/install/host_listener_package:/home/field/MANOS/install/hand_detector:/home/field/MANOS/install/custom_ros_controller:/home/field/MANOS/install/castelet:/home/field/MANOS/install/camera:/opt/ros/galactic /home/field/.local/bin/cmake --build /home/field/MANOS/build/custom_msg -- -j20 -l20[0m
[2.002s] [34mcolcon.colcon_core.event_handler.log_command[0m [1;30mDEBUG[0m [32mInvoked command in '/home/field/MANOS/build/custom_msg' returned '0': CMAKE_PREFIX_PATH=${CMAKE_PREFIX_PATH}:/home/field/MANOS/install/manos_manager:/home/field/MANOS/install/host_listener_package:/home/field/MANOS/install/hand_detector:/home/field/MANOS/install/custom_ros_controller:/home/field/MANOS/install/castelet:/home/field/MANOS/install/camera:/opt/ros/galactic /home/field/.local/bin/cmake --build /home/field/MANOS/build/custom_msg -- -j20 -l20[0m
[2.079s] [34mcolcon.colcon_core.event_handler.log_command[0m [1;30mDEBUG[0m [32mInvoking command in '/home/field/MANOS/build/custom_msg': CMAKE_PREFIX_PATH=${CMAKE_PREFIX_PATH}:/home/field/MANOS/install/manos_manager:/home/field/MANOS/install/host_listener_package:/home/field/MANOS/install/hand_detector:/home/field/MANOS/install/custom_ros_controller:/home/field/MANOS/install/castelet:/home/field/MANOS/install/camera:/opt/ros/galactic /home/field/.local/bin/cmake --install /home/field/MANOS/build/custom_msg[0m
[2.126s] [34mcolcon.colcon_core.environment[0m [1;30mLevel 1[0m create_environment_scripts_only(custom_msg)
[2.126s] [34mcolcon.colcon_core.event_handler.log_command[0m [1;30mDEBUG[0m [32mInvoked command in '/home/field/MANOS/build/custom_msg' returned '0': CMAKE_PREFIX_PATH=${CMAKE_PREFIX_PATH}:/home/field/MANOS/install/manos_manager:/home/field/MANOS/install/host_listener_package:/home/field/MANOS/install/hand_detector:/home/field/MANOS/install/custom_ros_controller:/home/field/MANOS/install/castelet:/home/field/MANOS/install/camera:/opt/ros/galactic /home/field/.local/bin/cmake --install /home/field/MANOS/build/custom_msg[0m
[2.155s] [34mcolcon.colcon_core.environment[0m [1;30mLevel 1[0m checking '/home/field/MANOS/install/custom_msg' for CMake module files
[2.155s] [34mcolcon.colcon_core.environment[0m [1;30mLevel 1[0m checking '/home/field/MANOS/install/custom_msg' for CMake config files
[2.155s] [34mcolcon.colcon_core.shell[0m [1;30mLevel 1[0m create_environment_hook('custom_msg', 'cmake_prefix_path')
[2.177s] [34mcolcon.colcon_core.shell[0m [1;30mINFO[0m Creating environment hook '/home/field/MANOS/install/custom_msg/share/custom_msg/hook/cmake_prefix_path.ps1'
[2.177s] [34mcolcon.colcon_core.shell[0m [1;30mINFO[0m Creating environment descriptor '/home/field/MANOS/install/custom_msg/share/custom_msg/hook/cmake_prefix_path.dsv'
[2.178s] [34mcolcon.colcon_core.shell[0m [1;30mINFO[0m Creating environment hook '/home/field/MANOS/install/custom_msg/share/custom_msg/hook/cmake_prefix_path.sh'
[2.178s] [34mcolcon.colcon_core.environment[0m [1;30mLevel 1[0m checking '/home/field/MANOS/install/custom_msg/lib'
[2.178s] [34mcolcon.colcon_core.shell[0m [1;30mLevel 1[0m create_environment_hook('custom_msg', 'ld_library_path_lib')
[2.200s] [34mcolcon.colcon_core.shell[0m [1;30mINFO[0m Creating environment hook '/home/field/MANOS/install/custom_msg/share/custom_msg/hook/ld_library_path_lib.ps1'
[2.201s] [34mcolcon.colcon_core.shell[0m [1;30mINFO[0m Creating environment descriptor '/home/field/MANOS/install/custom_msg/share/custom_msg/hook/ld_library_path_lib.dsv'
[2.201s] [34mcolcon.colcon_core.shell[0m [1;30mINFO[0m Creating environment hook '/home/field/MANOS/install/custom_msg/share/custom_msg/hook/ld_library_path_lib.sh'
[2.201s] [34mcolcon.colcon_core.environment[0m [1;30mLevel 1[0m checking '/home/field/MANOS/install/custom_msg/bin'
[2.201s] [34mcolcon.colcon_core.environment[0m [1;30mLevel 1[0m checking '/home/field/MANOS/install/custom_msg/lib/pkgconfig/custom_msg.pc'
[2.201s] [34mcolcon.colcon_core.environment[0m [1;30mLevel 1[0m checking '/home/field/MANOS/install/custom_msg/lib/python3.8/site-packages'
[2.201s] [34mcolcon.colcon_core.shell[0m [1;30mLevel 1[0m create_environment_hook('custom_msg', 'pythonpath')
[2.224s] [34mcolcon.colcon_core.shell[0m [1;30mINFO[0m Creating environment hook '/home/field/MANOS/install/custom_msg/share/custom_msg/hook/pythonpath.ps1'
[2.225s] [34mcolcon.colcon_core.shell[0m [1;30mINFO[0m Creating environment descriptor '/home/field/MANOS/install/custom_msg/share/custom_msg/hook/pythonpath.dsv'
[2.225s] [34mcolcon.colcon_core.shell[0m [1;30mINFO[0m Creating environment hook '/home/field/MANOS/install/custom_msg/share/custom_msg/hook/pythonpath.sh'
[2.225s] [34mcolcon.colcon_core.environment[0m [1;30mLevel 1[0m checking '/home/field/MANOS/install/custom_msg/bin'
[2.246s] [34mcolcon.colcon_core.shell[0m [1;30mINFO[0m Creating package script '/home/field/MANOS/install/custom_msg/share/custom_msg/package.ps1'
[2.247s] [34mcolcon.colcon_core.shell[0m [1;30mINFO[0m Creating package descriptor '/home/field/MANOS/install/custom_msg/share/custom_msg/package.dsv'
[2.247s] [34mcolcon.colcon_core.shell[0m [1;30mINFO[0m Creating package script '/home/field/MANOS/install/custom_msg/share/custom_msg/package.sh'
[2.248s] [34mcolcon.colcon_core.shell[0m [1;30mINFO[0m Creating package script '/home/field/MANOS/install/custom_msg/share/custom_msg/package.bash'
[2.248s] [34mcolcon.colcon_core.shell[0m [1;30mINFO[0m Creating package script '/home/field/MANOS/install/custom_msg/share/custom_msg/package.zsh'
[2.248s] [34mcolcon.colcon_core.environment[0m [1;30mLevel 1[0m create_file_with_runtime_dependencies(/home/field/MANOS/install/custom_msg/share/colcon-core/packages/custom_msg)
[2.326s] [34mcolcon.colcon_core.environment[0m [1;30mLevel 1[0m create_environment_scripts_only(custom_msg)
[2.348s] [34mcolcon.colcon_core.environment[0m [1;30mLevel 1[0m checking '/home/field/MANOS/install/custom_msg' for CMake module files
[2.349s] [34mcolcon.colcon_core.environment[0m [1;30mLevel 1[0m checking '/home/field/MANOS/install/custom_msg' for CMake config files
[2.349s] [34mcolcon.colcon_core.shell[0m [1;30mLevel 1[0m create_environment_hook('custom_msg', 'cmake_prefix_path')
[2.372s] [34mcolcon.colcon_core.shell[0m [1;30mINFO[0m Creating environment hook '/home/field/MANOS/install/custom_msg/share/custom_msg/hook/cmake_prefix_path.ps1'
[2.373s] [34mcolcon.colcon_core.shell[0m [1;30mINFO[0m Creating environment descriptor '/home/field/MANOS/install/custom_msg/share/custom_msg/hook/cmake_prefix_path.dsv'
[2.373s] [34mcolcon.colcon_core.shell[0m [1;30mINFO[0m Creating environment hook '/home/field/MANOS/install/custom_msg/share/custom_msg/hook/cmake_prefix_path.sh'
[2.373s] [34mcolcon.colcon_core.environment[0m [1;30mLevel 1[0m checking '/home/field/MANOS/install/custom_msg/lib'
[2.373s] [34mcolcon.colcon_core.shell[0m [1;30mLevel 1[0m create_environment_hook('custom_msg', 'ld_library_path_lib')
[2.396s] [34mcolcon.colcon_core.shell[0m [1;30mINFO[0m Creating environment hook '/home/field/MANOS/install/custom_msg/share/custom_msg/hook/ld_library_path_lib.ps1'
[2.397s] [34mcolcon.colcon_core.shell[0m [1;30mINFO[0m Creating environment descriptor '/home/field/MANOS/install/custom_msg/share/custom_msg/hook/ld_library_path_lib.dsv'
[2.397s] [34mcolcon.colcon_core.shell[0m [1;30mINFO[0m Creating environment hook '/home/field/MANOS/install/custom_msg/share/custom_msg/hook/ld_library_path_lib.sh'
[2.397s] [34mcolcon.colcon_core.environment[0m [1;30mLevel 1[0m checking '/home/field/MANOS/install/custom_msg/bin'
[2.397s] [34mcolcon.colcon_core.environment[0m [1;30mLevel 1[0m checking '/home/field/MANOS/install/custom_msg/lib/pkgconfig/custom_msg.pc'
[2.397s] [34mcolcon.colcon_core.environment[0m [1;30mLevel 1[0m checking '/home/field/MANOS/install/custom_msg/lib/python3.8/site-packages'
[2.397s] [34mcolcon.colcon_core.shell[0m [1;30mLevel 1[0m create_environment_hook('custom_msg', 'pythonpath')
[2.420s] [34mcolcon.colcon_core.shell[0m [1;30mINFO[0m Creating environment hook '/home/field/MANOS/install/custom_msg/share/custom_msg/hook/pythonpath.ps1'
[2.421s] [34mcolcon.colcon_core.shell[0m [1;30mINFO[0m Creating environment descriptor '/home/field/MANOS/install/custom_msg/share/custom_msg/hook/pythonpath.dsv'
[2.421s] [34mcolcon.colcon_core.shell[0m [1;30mINFO[0m Creating environment hook '/home/field/MANOS/install/custom_msg/share/custom_msg/hook/pythonpath.sh'
[2.421s] [34mcolcon.colcon_core.environment[0m [1;30mLevel 1[0m checking '/home/field/MANOS/install/custom_msg/bin'
[2.444s] [34mcolcon.colcon_core.shell[0m [1;30mINFO[0m Creating package script '/home/field/MANOS/install/custom_msg/share/custom_msg/package.ps1'
[2.445s] [34mcolcon.colcon_core.shell[0m [1;30mINFO[0m Creating package descriptor '/home/field/MANOS/install/custom_msg/share/custom_msg/package.dsv'
[2.445s] [34mcolcon.colcon_core.shell[0m [1;30mINFO[0m Creating package script '/home/field/MANOS/install/custom_msg/share/custom_msg/package.sh'
[2.445s] [34mcolcon.colcon_core.shell[0m [1;30mINFO[0m Creating package script '/home/field/MANOS/install/custom_msg/share/custom_msg/package.bash'
[2.445s] [34mcolcon.colcon_core.shell[0m [1;30mINFO[0m Creating package script '/home/field/MANOS/install/custom_msg/share/custom_msg/package.zsh'
[2.446s] [34mcolcon.colcon_core.environment[0m [1;30mLevel 1[0m create_file_with_runtime_dependencies(/home/field/MANOS/install/custom_msg/share/colcon-core/packages/custom_msg)
[2.446s] [34mcolcon.colcon_ros.task.ament_python.build[0m [1;30mINFO[0m Building ROS package in '/home/field/MANOS/src/custom_ros_controller' with build type 'ament_python'
[2.446s] [34mcolcon.colcon_core.shell[0m [1;30mLevel 1[0m create_environment_hook('custom_ros_controller', 'ament_prefix_path')
[2.469s] [34mcolcon.colcon_core.shell[0m [1;30mINFO[0m Creating environment hook '/home/field/MANOS/install/custom_ros_controller/share/custom_ros_controller/hook/ament_prefix_path.ps1'
[2.469s] [34mcolcon.colcon_core.shell[0m [1;30mINFO[0m Creating environment descriptor '/home/field/MANOS/install/custom_ros_controller/share/custom_ros_controller/hook/ament_prefix_path.dsv'
[2.469s] [34mcolcon.colcon_core.shell[0m [1;30mINFO[0m Creating environment hook '/home/field/MANOS/install/custom_ros_controller/share/custom_ros_controller/hook/ament_prefix_path.sh'
[2.492s] [34mcolcon.colcon_core.shell[0m [1;30mINFO[0m Skip shell extension 'powershell' for command environment: Not usable outside of PowerShell
[2.492s] [34mcolcon.colcon_core.shell[0m [1;30mDEBUG[0m [32mSkip shell extension 'dsv' for command environment[0m
[2.561s] [34mcolcon.colcon_ros.task.ament_python.build[0m [1;30mINFO[0m Building ROS package in '/home/field/MANOS/src/camera' with build type 'ament_python'
[2.561s] [34mcolcon.colcon_core.shell[0m [1;30mLevel 1[0m create_environment_hook('camera', 'ament_prefix_path')
[2.584s] [34mcolcon.colcon_core.shell[0m [1;30mINFO[0m Creating environment hook '/home/field/MANOS/install/camera/share/camera/hook/ament_prefix_path.ps1'
[2.584s] [34mcolcon.colcon_core.shell[0m [1;30mINFO[0m Creating environment descriptor '/home/field/MANOS/install/camera/share/camera/hook/ament_prefix_path.dsv'
[2.584s] [34mcolcon.colcon_core.shell[0m [1;30mINFO[0m Creating environment hook '/home/field/MANOS/install/camera/share/camera/hook/ament_prefix_path.sh'
[2.607s] [34mcolcon.colcon_core.shell[0m [1;30mINFO[0m Skip shell extension 'powershell' for command environment: Not usable outside of PowerShell
[2.607s] [34mcolcon.colcon_core.shell[0m [1;30mDEBUG[0m [32mSkip shell extension 'dsv' for command environment[0m
[2.681s] [34mcolcon.colcon_ros.task.ament_python.build[0m [1;30mINFO[0m Building ROS package in '/home/field/MANOS/src/castelet' with build type 'ament_python'
[2.681s] [34mcolcon.colcon_core.shell[0m [1;30mLevel 1[0m create_environment_hook('castelet', 'ament_prefix_path')
[2.704s] [34mcolcon.colcon_core.shell[0m [1;30mINFO[0m Creating environment hook '/home/field/MANOS/install/castelet/share/castelet/hook/ament_prefix_path.ps1'
[2.704s] [34mcolcon.colcon_core.shell[0m [1;30mINFO[0m Creating environment descriptor '/home/field/MANOS/install/castelet/share/castelet/hook/ament_prefix_path.dsv'
[2.704s] [34mcolcon.colcon_core.shell[0m [1;30mINFO[0m Creating environment hook '/home/field/MANOS/install/castelet/share/castelet/hook/ament_prefix_path.sh'
[2.726s] [34mcolcon.colcon_core.shell[0m [1;30mINFO[0m Skip shell extension 'powershell' for command environment: Not usable outside of PowerShell
[2.726s] [34mcolcon.colcon_core.shell[0m [1;30mDEBUG[0m [32mSkip shell extension 'dsv' for command environment[0m
[2.795s] [34mcolcon.colcon_ros.task.ament_python.build[0m [1;30mINFO[0m Building ROS package in '/home/field/MANOS/src/hand_detector' with build type 'ament_python'
[2.795s] [34mcolcon.colcon_core.shell[0m [1;30mLevel 1[0m create_environment_hook('hand_detector', 'ament_prefix_path')
[2.817s] [34mcolcon.colcon_core.shell[0m [1;30mINFO[0m Creating environment hook '/home/field/MANOS/install/hand_detector/share/hand_detector/hook/ament_prefix_path.ps1'
[2.818s] [34mcolcon.colcon_core.shell[0m [1;30mINFO[0m Creating environment descriptor '/home/field/MANOS/install/hand_detector/share/hand_detector/hook/ament_prefix_path.dsv'
[2.818s] [34mcolcon.colcon_core.shell[0m [1;30mINFO[0m Creating environment hook '/home/field/MANOS/install/hand_detector/share/hand_detector/hook/ament_prefix_path.sh'
[2.840s] [34mcolcon.colcon_core.shell[0m [1;30mINFO[0m Skip shell extension 'powershell' for command environment: Not usable outside of PowerShell
[2.840s] [34mcolcon.colcon_core.shell[0m [1;30mDEBUG[0m [32mSkip shell extension 'dsv' for command environment[0m
[2.910s] [34mcolcon.colcon_ros.task.ament_python.build[0m [1;30mINFO[0m Building ROS package in '/home/field/MANOS/src/host_listener_package' with build type 'ament_python'
[2.910s] [34mcolcon.colcon_core.shell[0m [1;30mLevel 1[0m create_environment_hook('host_listener_package', 'ament_prefix_path')
[2.934s] [34mcolcon.colcon_core.shell[0m [1;30mINFO[0m Creating environment hook '/home/field/MANOS/install/host_listener_package/share/host_listener_package/hook/ament_prefix_path.ps1'
[2.934s] [34mcolcon.colcon_core.shell[0m [1;30mINFO[0m Creating environment descriptor '/home/field/MANOS/install/host_listener_package/share/host_listener_package/hook/ament_prefix_path.dsv'
[2.934s] [34mcolcon.colcon_core.shell[0m [1;30mINFO[0m Creating environment hook '/home/field/MANOS/install/host_listener_package/share/host_listener_package/hook/ament_prefix_path.sh'
[2.957s] [34mcolcon.colcon_core.shell[0m [1;30mINFO[0m Skip shell extension 'powershell' for command environment: Not usable outside of PowerShell
[2.957s] [34mcolcon.colcon_core.shell[0m [1;30mDEBUG[0m [32mSkip shell extension 'dsv' for command environment[0m
[3.182s] [34mcolcon.colcon_core.task.python.build[0m [1;30mINFO[0m Building Python package in '/home/field/MANOS/src/custom_ros_controller'
[3.207s] [34mcolcon.colcon_core.shell[0m [1;30mINFO[0m Skip shell extension 'powershell' for command environment: Not usable outside of PowerShell
[3.207s] [34mcolcon.colcon_core.shell[0m [1;30mDEBUG[0m [32mSkip shell extension 'dsv' for command environment[0m
[3.412s] [34mcolcon.colcon_core.task.python.build[0m [1;30mINFO[0m Building Python package in '/home/field/MANOS/src/camera'
[3.435s] [34mcolcon.colcon_core.shell[0m [1;30mINFO[0m Skip shell extension 'powershell' for command environment: Not usable outside of PowerShell
[3.435s] [34mcolcon.colcon_core.shell[0m [1;30mDEBUG[0m [32mSkip shell extension 'dsv' for command environment[0m
[3.650s] [34mcolcon.colcon_core.task.python.build[0m [1;30mINFO[0m Building Python package in '/home/field/MANOS/src/castelet'
[3.673s] [34mcolcon.colcon_core.shell[0m [1;30mINFO[0m Skip shell extension 'powershell' for command environment: Not usable outside of PowerShell
[3.673s] [34mcolcon.colcon_core.shell[0m [1;30mDEBUG[0m [32mSkip shell extension 'dsv' for command environment[0m
[3.882s] [34mcolcon.colcon_core.task.python.build[0m [1;30mINFO[0m Building Python package in '/home/field/MANOS/src/hand_detector'
[3.904s] [34mcolcon.colcon_core.shell[0m [1;30mINFO[0m Skip shell extension 'powershell' for command environment: Not usable outside of PowerShell
[3.904s] [34mcolcon.colcon_core.shell[0m [1;30mDEBUG[0m [32mSkip shell extension 'dsv' for command environment[0m
[4.110s] [34mcolcon.colcon_core.task.python.build[0m [1;30mINFO[0m Building Python package in '/home/field/MANOS/src/host_listener_package'
[4.134s] [34mcolcon.colcon_core.shell[0m [1;30mINFO[0m Skip shell extension 'powershell' for command environment: Not usable outside of PowerShell
[4.134s] [34mcolcon.colcon_core.shell[0m [1;30mDEBUG[0m [32mSkip shell extension 'dsv' for command environment[0m
[4.477s] [34mcolcon.colcon_core.event_handler.log_command[0m [1;30mDEBUG[0m [32mInvoking command in '/home/field/MANOS/src/custom_ros_controller': PYTHONPATH=/home/field/MANOS/build/custom_ros_controller/prefix_override:/home/field/MANOS/install/custom_ros_controller/lib/python3.8/site-packages:/home/field/MANOS/install/custom_msg/lib/python3.8/site-packages:/home/field/MANOS/install/manos_manager/lib/python3.8/site-packages:/home/field/MANOS/install/host_listener_package/lib/python3.8/site-packages:/home/field/MANOS/install/hand_detector/lib/python3.8/site-packages:/home/field/MANOS/install/custom_ros_controller/lib/python3.8/site-packages:/home/field/MANOS/install/castelet/lib/python3.8/site-packages:/home/field/MANOS/install/camera/lib/python3.8/site-packages:/opt/ros/galactic/lib/python3.8/site-packages /usr/bin/python3 setup.py egg_info --egg-base ../../build/custom_ros_controller build --build-base /home/field/MANOS/build/custom_ros_controller/build install --record /home/field/MANOS/build/custom_ros_controller/install.log --single-version-externally-managed[0m
[4.480s] [34mcolcon.colcon_core.event_handler.log_command[0m [1;30mDEBUG[0m [32mInvoking command in '/home/field/MANOS/src/hand_detector': PYTHONPATH=/home/field/MANOS/build/hand_detector/prefix_override:/home/field/MANOS/install/hand_detector/lib/python3.8/site-packages:/home/field/MANOS/install/custom_msg/lib/python3.8/site-packages:/home/field/MANOS/install/manos_manager/lib/python3.8/site-packages:/home/field/MANOS/install/host_listener_package/lib/python3.8/site-packages:/home/field/MANOS/install/hand_detector/lib/python3.8/site-packages:/home/field/MANOS/install/custom_ros_controller/lib/python3.8/site-packages:/home/field/MANOS/install/castelet/lib/python3.8/site-packages:/home/field/MANOS/install/camera/lib/python3.8/site-packages:/opt/ros/galactic/lib/python3.8/site-packages /usr/bin/python3 setup.py egg_info --egg-base ../../build/hand_detector build --build-base /home/field/MANOS/build/hand_detector/build install --record /home/field/MANOS/build/hand_detector/install.log --single-version-externally-managed[0m
[4.486s] [34mcolcon.colcon_core.event_handler.log_command[0m [1;30mDEBUG[0m [32mInvoking command in '/home/field/MANOS/src/camera': PYTHONPATH=/home/field/MANOS/build/camera/prefix_override:/home/field/MANOS/install/camera/lib/python3.8/site-packages:/home/field/MANOS/install/custom_msg/lib/python3.8/site-packages:/home/field/MANOS/install/manos_manager/lib/python3.8/site-packages:/home/field/MANOS/install/host_listener_package/lib/python3.8/site-packages:/home/field/MANOS/install/hand_detector/lib/python3.8/site-packages:/home/field/MANOS/install/custom_ros_controller/lib/python3.8/site-packages:/home/field/MANOS/install/castelet/lib/python3.8/site-packages:/home/field/MANOS/install/camera/lib/python3.8/site-packages:/opt/ros/galactic/lib/python3.8/site-packages /usr/bin/python3 setup.py egg_info --egg-base ../../build/camera build --build-base /home/field/MANOS/build/camera/build install --record /home/field/MANOS/build/camera/install.log --single-version-externally-managed[0m
[4.489s] [34mcolcon.colcon_core.event_handler.log_command[0m [1;30mDEBUG[0m [32mInvoking command in '/home/field/MANOS/src/castelet': PYTHONPATH=/home/field/MANOS/build/castelet/prefix_override:/home/field/MANOS/install/castelet/lib/python3.8/site-packages:/home/field/MANOS/install/custom_msg/lib/python3.8/site-packages:/home/field/MANOS/install/manos_manager/lib/python3.8/site-packages:/home/field/MANOS/install/host_listener_package/lib/python3.8/site-packages:/home/field/MANOS/install/hand_detector/lib/python3.8/site-packages:/home/field/MANOS/install/custom_ros_controller/lib/python3.8/site-packages:/home/field/MANOS/install/castelet/lib/python3.8/site-packages:/home/field/MANOS/install/camera/lib/python3.8/site-packages:/opt/ros/galactic/lib/python3.8/site-packages /usr/bin/python3 setup.py egg_info --egg-base ../../build/castelet build --build-base /home/field/MANOS/build/castelet/build install --record /home/field/MANOS/build/castelet/install.log --single-version-externally-managed[0m
[4.491s] [34mcolcon.colcon_core.event_handler.log_command[0m [1;30mDEBUG[0m [32mInvoking command in '/home/field/MANOS/src/host_listener_package': PYTHONPATH=/home/field/MANOS/build/host_listener_package/prefix_override:/home/field/MANOS/install/host_listener_package/lib/python3.8/site-packages:/home/field/MANOS/install/custom_msg/lib/python3.8/site-packages:/home/field/MANOS/install/manos_manager/lib/python3.8/site-packages:/home/field/MANOS/install/host_listener_package/lib/python3.8/site-packages:/home/field/MANOS/install/hand_detector/lib/python3.8/site-packages:/home/field/MANOS/install/custom_ros_controller/lib/python3.8/site-packages:/home/field/MANOS/install/castelet/lib/python3.8/site-packages:/home/field/MANOS/install/camera/lib/python3.8/site-packages:/opt/ros/galactic/lib/python3.8/site-packages /usr/bin/python3 setup.py egg_info --egg-base ../../build/host_listener_package build --build-base /home/field/MANOS/build/host_listener_package/build install --record /home/field/MANOS/build/host_listener_package/install.log --single-version-externally-managed[0m
[4.659s] [34mcolcon.colcon_core.event_handler.log_command[0m [1;30mDEBUG[0m [32mInvoked command in '/home/field/MANOS/src/custom_ros_controller' returned '0': PYTHONPATH=/home/field/MANOS/build/custom_ros_controller/prefix_override:/home/field/MANOS/install/custom_ros_controller/lib/python3.8/site-packages:/home/field/MANOS/install/custom_msg/lib/python3.8/site-packages:/home/field/MANOS/install/manos_manager/lib/python3.8/site-packages:/home/field/MANOS/install/host_listener_package/lib/python3.8/site-packages:/home/field/MANOS/install/hand_detector/lib/python3.8/site-packages:/home/field/MANOS/install/custom_ros_controller/lib/python3.8/site-packages:/home/field/MANOS/install/castelet/lib/python3.8/site-packages:/home/field/MANOS/install/camera/lib/python3.8/site-packages:/opt/ros/galactic/lib/python3.8/site-packages /usr/bin/python3 setup.py egg_info --egg-base ../../build/custom_ros_controller build --build-base /home/field/MANOS/build/custom_ros_controller/build install --record /home/field/MANOS/build/custom_ros_controller/install.log --single-version-externally-managed[0m
[4.682s] [34mcolcon.colcon_core.environment[0m [1;30mLevel 1[0m checking '/home/field/MANOS/install/custom_ros_controller' for CMake module files
[4.683s] [34mcolcon.colcon_core.environment[0m [1;30mLevel 1[0m checking '/home/field/MANOS/install/custom_ros_controller' for CMake config files
[4.683s] [34mcolcon.colcon_core.environment[0m [1;30mLevel 1[0m checking '/home/field/MANOS/install/custom_ros_controller/lib'
[4.683s] [34mcolcon.colcon_core.environment[0m [1;30mLevel 1[0m checking '/home/field/MANOS/install/custom_ros_controller/bin'
[4.683s] [34mcolcon.colcon_core.environment[0m [1;30mLevel 1[0m checking '/home/field/MANOS/install/custom_ros_controller/lib/pkgconfig/custom_ros_controller.pc'
[4.683s] [34mcolcon.colcon_core.environment[0m [1;30mLevel 1[0m checking '/home/field/MANOS/install/custom_ros_controller/lib/python3.8/site-packages'
[4.683s] [34mcolcon.colcon_core.shell[0m [1;30mLevel 1[0m create_environment_hook('custom_ros_controller', 'pythonpath')
[4.706s] [34mcolcon.colcon_core.shell[0m [1;30mINFO[0m Creating environment hook '/home/field/MANOS/install/custom_ros_controller/share/custom_ros_controller/hook/pythonpath.ps1'
[4.706s] [34mcolcon.colcon_core.shell[0m [1;30mINFO[0m Creating environment descriptor '/home/field/MANOS/install/custom_ros_controller/share/custom_ros_controller/hook/pythonpath.dsv'
[4.706s] [34mcolcon.colcon_core.shell[0m [1;30mINFO[0m Creating environment hook '/home/field/MANOS/install/custom_ros_controller/share/custom_ros_controller/hook/pythonpath.sh'
[4.707s] [34mcolcon.colcon_core.environment[0m [1;30mLevel 1[0m checking '/home/field/MANOS/install/custom_ros_controller/bin'
[4.707s] [34mcolcon.colcon_core.environment[0m [1;30mLevel 1[0m create_environment_scripts_only(custom_ros_controller)
[4.729s] [34mcolcon.colcon_core.shell[0m [1;30mINFO[0m Creating package script '/home/field/MANOS/install/custom_ros_controller/share/custom_ros_controller/package.ps1'
[4.730s] [34mcolcon.colcon_core.shell[0m [1;30mINFO[0m Creating package descriptor '/home/field/MANOS/install/custom_ros_controller/share/custom_ros_controller/package.dsv'
[4.730s] [34mcolcon.colcon_core.shell[0m [1;30mINFO[0m Creating package script '/home/field/MANOS/install/custom_ros_controller/share/custom_ros_controller/package.sh'
[4.730s] [34mcolcon.colcon_core.shell[0m [1;30mINFO[0m Creating package script '/home/field/MANOS/install/custom_ros_controller/share/custom_ros_controller/package.bash'
[4.731s] [34mcolcon.colcon_core.shell[0m [1;30mINFO[0m Creating package script '/home/field/MANOS/install/custom_ros_controller/share/custom_ros_controller/package.zsh'
[4.731s] [34mcolcon.colcon_core.environment[0m [1;30mLevel 1[0m create_file_with_runtime_dependencies(/home/field/MANOS/install/custom_ros_controller/share/colcon-core/packages/custom_ros_controller)
[4.732s] [34mcolcon.colcon_ros.task.ament_python.build[0m [1;30mINFO[0m Building ROS package in '/home/field/MANOS/src/manos_manager' with build type 'ament_python'
[4.732s] [34mcolcon.colcon_core.shell[0m [1;30mLevel 1[0m create_environment_hook('manos_manager', 'ament_prefix_path')
[4.755s] [34mcolcon.colcon_core.shell[0m [1;30mINFO[0m Creating environment hook '/home/field/MANOS/install/manos_manager/share/manos_manager/hook/ament_prefix_path.ps1'
[4.755s] [34mcolcon.colcon_core.shell[0m [1;30mINFO[0m Creating environment descriptor '/home/field/MANOS/install/manos_manager/share/manos_manager/hook/ament_prefix_path.dsv'
[4.755s] [34mcolcon.colcon_core.shell[0m [1;30mINFO[0m Creating environment hook '/home/field/MANOS/install/manos_manager/share/manos_manager/hook/ament_prefix_path.sh'
[4.777s] [34mcolcon.colcon_core.shell[0m [1;30mINFO[0m Skip shell extension 'powershell' for command environment: Not usable outside of PowerShell
[4.777s] [34mcolcon.colcon_core.shell[0m [1;30mDEBUG[0m [32mSkip shell extension 'dsv' for command environment[0m
[4.846s] [34mcolcon.colcon_core.event_handler.log_command[0m [1;30mDEBUG[0m [32mInvoked command in '/home/field/MANOS/src/camera' returned '0': PYTHONPATH=/home/field/MANOS/build/camera/prefix_override:/home/field/MANOS/install/camera/lib/python3.8/site-packages:/home/field/MANOS/install/custom_msg/lib/python3.8/site-packages:/home/field/MANOS/install/manos_manager/lib/python3.8/site-packages:/home/field/MANOS/install/host_listener_package/lib/python3.8/site-packages:/home/field/MANOS/install/hand_detector/lib/python3.8/site-packages:/home/field/MANOS/install/custom_ros_controller/lib/python3.8/site-packages:/home/field/MANOS/install/castelet/lib/python3.8/site-packages:/home/field/MANOS/install/camera/lib/python3.8/site-packages:/opt/ros/galactic/lib/python3.8/site-packages /usr/bin/python3 setup.py egg_info --egg-base ../../build/camera build --build-base /home/field/MANOS/build/camera/build install --record /home/field/MANOS/build/camera/install.log --single-version-externally-managed[0m
[4.868s] [34mcolcon.colcon_core.environment[0m [1;30mLevel 1[0m checking '/home/field/MANOS/install/camera' for CMake module files
[4.869s] [34mcolcon.colcon_core.environment[0m [1;30mLevel 1[0m checking '/home/field/MANOS/install/camera' for CMake config files
[4.869s] [34mcolcon.colcon_core.environment[0m [1;30mLevel 1[0m checking '/home/field/MANOS/install/camera/lib'
[4.869s] [34mcolcon.colcon_core.environment[0m [1;30mLevel 1[0m checking '/home/field/MANOS/install/camera/bin'
[4.869s] [34mcolcon.colcon_core.environment[0m [1;30mLevel 1[0m checking '/home/field/MANOS/install/camera/lib/pkgconfig/camera.pc'
[4.869s] [34mcolcon.colcon_core.environment[0m [1;30mLevel 1[0m checking '/home/field/MANOS/install/camera/lib/python3.8/site-packages'
[4.869s] [34mcolcon.colcon_core.shell[0m [1;30mLevel 1[0m create_environment_hook('camera', 'pythonpath')
[4.891s] [34mcolcon.colcon_core.shell[0m [1;30mINFO[0m Creating environment hook '/home/field/MANOS/install/camera/share/camera/hook/pythonpath.ps1'
[4.892s] [34mcolcon.colcon_core.shell[0m [1;30mINFO[0m Creating environment descriptor '/home/field/MANOS/install/camera/share/camera/hook/pythonpath.dsv'
[4.892s] [34mcolcon.colcon_core.shell[0m [1;30mINFO[0m Creating environment hook '/home/field/MANOS/install/camera/share/camera/hook/pythonpath.sh'
[4.892s] [34mcolcon.colcon_core.environment[0m [1;30mLevel 1[0m checking '/home/field/MANOS/install/camera/bin'
[4.892s] [34mcolcon.colcon_core.environment[0m [1;30mLevel 1[0m create_environment_scripts_only(camera)
[4.915s] [34mcolcon.colcon_core.shell[0m [1;30mINFO[0m Creating package script '/home/field/MANOS/install/camera/share/camera/package.ps1'
[4.915s] [34mcolcon.colcon_core.shell[0m [1;30mINFO[0m Creating package descriptor '/home/field/MANOS/install/camera/share/camera/package.dsv'
[4.915s] [34mcolcon.colcon_core.shell[0m [1;30mINFO[0m Creating package script '/home/field/MANOS/install/camera/share/camera/package.sh'
[4.916s] [34mcolcon.colcon_core.shell[0m [1;30mINFO[0m Creating package script '/home/field/MANOS/install/camera/share/camera/package.bash'
[4.916s] [34mcolcon.colcon_core.shell[0m [1;30mINFO[0m Creating package script '/home/field/MANOS/install/camera/share/camera/package.zsh'
[4.916s] [34mcolcon.colcon_core.environment[0m [1;30mLevel 1[0m create_file_with_runtime_dependencies(/home/field/MANOS/install/camera/share/colcon-core/packages/camera)
[4.917s] [34mcolcon.colcon_core.event_handler.log_command[0m [1;30mDEBUG[0m [32mInvoked command in '/home/field/MANOS/src/host_listener_package' returned '0': PYTHONPATH=/home/field/MANOS/build/host_listener_package/prefix_override:/home/field/MANOS/install/host_listener_package/lib/python3.8/site-packages:/home/field/MANOS/install/custom_msg/lib/python3.8/site-packages:/home/field/MANOS/install/manos_manager/lib/python3.8/site-packages:/home/field/MANOS/install/host_listener_package/lib/python3.8/site-packages:/home/field/MANOS/install/hand_detector/lib/python3.8/site-packages:/home/field/MANOS/install/custom_ros_controller/lib/python3.8/site-packages:/home/field/MANOS/install/castelet/lib/python3.8/site-packages:/home/field/MANOS/install/camera/lib/python3.8/site-packages:/opt/ros/galactic/lib/python3.8/site-packages /usr/bin/python3 setup.py egg_info --egg-base ../../build/host_listener_package build --build-base /home/field/MANOS/build/host_listener_package/build install --record /home/field/MANOS/build/host_listener_package/install.log --single-version-externally-managed[0m
[4.938s] [34mcolcon.colcon_core.environment[0m [1;30mLevel 1[0m checking '/home/field/MANOS/install/host_listener_package' for CMake module files
[4.938s] [34mcolcon.colcon_core.environment[0m [1;30mLevel 1[0m checking '/home/field/MANOS/install/host_listener_package' for CMake config files
[4.939s] [34mcolcon.colcon_core.environment[0m [1;30mLevel 1[0m checking '/home/field/MANOS/install/host_listener_package/lib'
[4.939s] [34mcolcon.colcon_core.environment[0m [1;30mLevel 1[0m checking '/home/field/MANOS/install/host_listener_package/bin'
[4.939s] [34mcolcon.colcon_core.environment[0m [1;30mLevel 1[0m checking '/home/field/MANOS/install/host_listener_package/lib/pkgconfig/host_listener_package.pc'
[4.939s] [34mcolcon.colcon_core.environment[0m [1;30mLevel 1[0m checking '/home/field/MANOS/install/host_listener_package/lib/python3.8/site-packages'
[4.939s] [34mcolcon.colcon_core.shell[0m [1;30mLevel 1[0m create_environment_hook('host_listener_package', 'pythonpath')
[4.967s] [34mcolcon.colcon_core.shell[0m [1;30mINFO[0m Creating environment hook '/home/field/MANOS/install/host_listener_package/share/host_listener_package/hook/pythonpath.ps1'
[4.968s] [34mcolcon.colcon_core.shell[0m [1;30mINFO[0m Creating environment descriptor '/home/field/MANOS/install/host_listener_package/share/host_listener_package/hook/pythonpath.dsv'
[4.968s] [34mcolcon.colcon_core.shell[0m [1;30mINFO[0m Creating environment hook '/home/field/MANOS/install/host_listener_package/share/host_listener_package/hook/pythonpath.sh'
[4.968s] [34mcolcon.colcon_core.environment[0m [1;30mLevel 1[0m checking '/home/field/MANOS/install/host_listener_package/bin'
[4.968s] [34mcolcon.colcon_core.environment[0m [1;30mLevel 1[0m create_environment_scripts_only(host_listener_package)
[4.989s] [34mcolcon.colcon_core.shell[0m [1;30mINFO[0m Creating package script '/home/field/MANOS/install/host_listener_package/share/host_listener_package/package.ps1'
[4.990s] [34mcolcon.colcon_core.shell[0m [1;30mINFO[0m Creating package descriptor '/home/field/MANOS/install/host_listener_package/share/host_listener_package/package.dsv'
[4.990s] [34mcolcon.colcon_core.shell[0m [1;30mINFO[0m Creating package script '/home/field/MANOS/install/host_listener_package/share/host_listener_package/package.sh'
[4.990s] [34mcolcon.colcon_core.shell[0m [1;30mINFO[0m Creating package script '/home/field/MANOS/install/host_listener_package/share/host_listener_package/package.bash'
[4.990s] [34mcolcon.colcon_core.shell[0m [1;30mINFO[0m Creating package script '/home/field/MANOS/install/host_listener_package/share/host_listener_package/package.zsh'
[4.990s] [34mcolcon.colcon_core.environment[0m [1;30mLevel 1[0m create_file_with_runtime_dependencies(/home/field/MANOS/install/host_listener_package/share/colcon-core/packages/host_listener_package)
[4.991s] [34mcolcon.colcon_core.event_handler.log_command[0m [1;30mDEBUG[0m [32mInvoked command in '/home/field/MANOS/src/hand_detector' returned '0': PYTHONPATH=/home/field/MANOS/build/hand_detector/prefix_override:/home/field/MANOS/install/hand_detector/lib/python3.8/site-packages:/home/field/MANOS/install/custom_msg/lib/python3.8/site-packages:/home/field/MANOS/install/manos_manager/lib/python3.8/site-packages:/home/field/MANOS/install/host_listener_package/lib/python3.8/site-packages:/home/field/MANOS/install/hand_detector/lib/python3.8/site-packages:/home/field/MANOS/install/custom_ros_controller/lib/python3.8/site-packages:/home/field/MANOS/install/castelet/lib/python3.8/site-packages:/home/field/MANOS/install/camera/lib/python3.8/site-packages:/opt/ros/galactic/lib/python3.8/site-packages /usr/bin/python3 setup.py egg_info --egg-base ../../build/hand_detector build --build-base /home/field/MANOS/build/hand_detector/build install --record /home/field/MANOS/build/hand_detector/install.log --single-version-externally-managed[0m
[5.011s] [34mcolcon.colcon_core.environment[0m [1;30mLevel 1[0m checking '/home/field/MANOS/install/hand_detector' for CMake module files
[5.012s] [34mcolcon.colcon_core.environment[0m [1;30mLevel 1[0m checking '/home/field/MANOS/install/hand_detector' for CMake config files
[5.012s] [34mcolcon.colcon_core.environment[0m [1;30mLevel 1[0m checking '/home/field/MANOS/install/hand_detector/lib'
[5.012s] [34mcolcon.colcon_core.environment[0m [1;30mLevel 1[0m checking '/home/field/MANOS/install/hand_detector/bin'
[5.012s] [34mcolcon.colcon_core.environment[0m [1;30mLevel 1[0m checking '/home/field/MANOS/install/hand_detector/lib/pkgconfig/hand_detector.pc'
[5.012s] [34mcolcon.colcon_core.environment[0m [1;30mLevel 1[0m checking '/home/field/MANOS/install/hand_detector/lib/python3.8/site-packages'
[5.012s] [34mcolcon.colcon_core.shell[0m [1;30mLevel 1[0m create_environment_hook('hand_detector', 'pythonpath')
[5.034s] [34mcolcon.colcon_core.shell[0m [1;30mINFO[0m Creating environment hook '/home/field/MANOS/install/hand_detector/share/hand_detector/hook/pythonpath.ps1'
[5.034s] [34mcolcon.colcon_core.shell[0m [1;30mINFO[0m Creating environment descriptor '/home/field/MANOS/install/hand_detector/share/hand_detector/hook/pythonpath.dsv'
[5.034s] [34mcolcon.colcon_core.shell[0m [1;30mINFO[0m Creating environment hook '/home/field/MANOS/install/hand_detector/share/hand_detector/hook/pythonpath.sh'
[5.035s] [34mcolcon.colcon_core.environment[0m [1;30mLevel 1[0m checking '/home/field/MANOS/install/hand_detector/bin'
[5.035s] [34mcolcon.colcon_core.environment[0m [1;30mLevel 1[0m create_environment_scripts_only(hand_detector)
[5.055s] [34mcolcon.colcon_core.shell[0m [1;30mINFO[0m Creating package script '/home/field/MANOS/install/hand_detector/share/hand_detector/package.ps1'
[5.056s] [34mcolcon.colcon_core.shell[0m [1;30mINFO[0m Creating package descriptor '/home/field/MANOS/install/hand_detector/share/hand_detector/package.dsv'
[5.056s] [34mcolcon.colcon_core.shell[0m [1;30mINFO[0m Creating package script '/home/field/MANOS/install/hand_detector/share/hand_detector/package.sh'
[5.056s] [34mcolcon.colcon_core.shell[0m [1;30mINFO[0m Creating package script '/home/field/MANOS/install/hand_detector/share/hand_detector/package.bash'
[5.056s] [34mcolcon.colcon_core.shell[0m [1;30mINFO[0m Creating package script '/home/field/MANOS/install/hand_detector/share/hand_detector/package.zsh'
[5.057s] [34mcolcon.colcon_core.environment[0m [1;30mLevel 1[0m create_file_with_runtime_dependencies(/home/field/MANOS/install/hand_detector/share/colcon-core/packages/hand_detector)
[5.057s] [34mcolcon.colcon_core.event_handler.log_command[0m [1;30mDEBUG[0m [32mInvoked command in '/home/field/MANOS/src/castelet' returned '0': PYTHONPATH=/home/field/MANOS/build/castelet/prefix_override:/home/field/MANOS/install/castelet/lib/python3.8/site-packages:/home/field/MANOS/install/custom_msg/lib/python3.8/site-packages:/home/field/MANOS/install/manos_manager/lib/python3.8/site-packages:/home/field/MANOS/install/host_listener_package/lib/python3.8/site-packages:/home/field/MANOS/install/hand_detector/lib/python3.8/site-packages:/home/field/MANOS/install/custom_ros_controller/lib/python3.8/site-packages:/home/field/MANOS/install/castelet/lib/python3.8/site-packages:/home/field/MANOS/install/camera/lib/python3.8/site-packages:/opt/ros/galactic/lib/python3.8/site-packages /usr/bin/python3 setup.py egg_info --egg-base ../../build/castelet build --build-base /home/field/MANOS/build/castelet/build install --record /home/field/MANOS/build/castelet/install.log --single-version-externally-managed[0m
[5.079s] [34mcolcon.colcon_core.environment[0m [1;30mLevel 1[0m checking '/home/field/MANOS/install/castelet' for CMake module files
[5.079s] [34mcolcon.colcon_core.environment[0m [1;30mLevel 1[0m checking '/home/field/MANOS/install/castelet' for CMake config files
[5.079s] [34mcolcon.colcon_core.environment[0m [1;30mLevel 1[0m checking '/home/field/MANOS/install/castelet/lib'
[5.079s] [34mcolcon.colcon_core.environment[0m [1;30mLevel 1[0m checking '/home/field/MANOS/install/castelet/bin'
[5.079s] [34mcolcon.colcon_core.environment[0m [1;30mLevel 1[0m checking '/home/field/MANOS/install/castelet/lib/pkgconfig/castelet.pc'
[5.079s] [34mcolcon.colcon_core.environment[0m [1;30mLevel 1[0m checking '/home/field/MANOS/install/castelet/lib/python3.8/site-packages'
[5.079s] [34mcolcon.colcon_core.shell[0m [1;30mLevel 1[0m create_environment_hook('castelet', 'pythonpath')
[5.102s] [34mcolcon.colcon_core.shell[0m [1;30mINFO[0m Creating environment hook '/home/field/MANOS/install/castelet/share/castelet/hook/pythonpath.ps1'
[5.102s] [34mcolcon.colcon_core.shell[0m [1;30mINFO[0m Creating environment descriptor '/home/field/MANOS/install/castelet/share/castelet/hook/pythonpath.dsv'
[5.102s] [34mcolcon.colcon_core.shell[0m [1;30mINFO[0m Creating environment hook '/home/field/MANOS/install/castelet/share/castelet/hook/pythonpath.sh'
[5.103s] [34mcolcon.colcon_core.environment[0m [1;30mLevel 1[0m checking '/home/field/MANOS/install/castelet/bin'
[5.103s] [34mcolcon.colcon_core.environment[0m [1;30mLevel 1[0m create_environment_scripts_only(castelet)
[5.125s] [34mcolcon.colcon_core.shell[0m [1;30mINFO[0m Creating package script '/home/field/MANOS/install/castelet/share/castelet/package.ps1'
[5.126s] [34mcolcon.colcon_core.shell[0m [1;30mINFO[0m Creating package descriptor '/home/field/MANOS/install/castelet/share/castelet/package.dsv'
[5.126s] [34mcolcon.colcon_core.shell[0m [1;30mINFO[0m Creating package script '/home/field/MANOS/install/castelet/share/castelet/package.sh'
[5.126s] [34mcolcon.colcon_core.shell[0m [1;30mINFO[0m Creating package script '/home/field/MANOS/install/castelet/share/castelet/package.bash'
[5.126s] [34mcolcon.colcon_core.shell[0m [1;30mINFO[0m Creating package script '/home/field/MANOS/install/castelet/share/castelet/package.zsh'
[5.126s] [34mcolcon.colcon_core.environment[0m [1;30mLevel 1[0m create_file_with_runtime_dependencies(/home/field/MANOS/install/castelet/share/colcon-core/packages/castelet)
[5.267s] [34mcolcon.colcon_core.task.python.build[0m [1;30mINFO[0m Building Python package in '/home/field/MANOS/src/manos_manager'
[5.289s] [34mcolcon.colcon_core.shell[0m [1;30mINFO[0m Skip shell extension 'powershell' for command environment: Not usable outside of PowerShell
[5.289s] [34mcolcon.colcon_core.shell[0m [1;30mDEBUG[0m [32mSkip shell extension 'dsv' for command environment[0m
[5.598s] [34mcolcon.colcon_core.event_handler.log_command[0m [1;30mDEBUG[0m [32mInvoking command in '/home/field/MANOS/src/manos_manager': AMENT_PREFIX_PATH=/home/field/MANOS/install/custom_ros_controller:/home/field/MANOS/install/manos_manager:/home/field/MANOS/install/host_listener_package:/home/field/MANOS/install/hand_detector:/home/field/MANOS/install/castelet:/home/field/MANOS/install/camera:/home/field/MANOS/install/custom_msg:/opt/ros/galactic PYTHONPATH=/home/field/MANOS/build/manos_manager/prefix_override:/home/field/MANOS/install/manos_manager/lib/python3.8/site-packages:/home/field/MANOS/install/custom_ros_controller/lib/python3.8/site-packages:/home/field/MANOS/install/custom_msg/lib/python3.8/site-packages:/home/field/MANOS/install/manos_manager/lib/python3.8/site-packages:/home/field/MANOS/install/host_listener_package/lib/python3.8/site-packages:/home/field/MANOS/install/hand_detector/lib/python3.8/site-packages:/home/field/MANOS/install/castelet/lib/python3.8/site-packages:/home/field/MANOS/install/camera/lib/python3.8/site-packages:/opt/ros/galactic/lib/python3.8/site-packages /usr/bin/python3 setup.py egg_info --egg-base ../../build/manos_manager build --build-base /home/field/MANOS/build/manos_manager/build install --record /home/field/MANOS/build/manos_manager/install.log --single-version-externally-managed[0m
[5.767s] [34mcolcon.colcon_core.event_handler.log_command[0m [1;30mDEBUG[0m [32mInvoked command in '/home/field/MANOS/src/manos_manager' returned '0': AMENT_PREFIX_PATH=/home/field/MANOS/install/custom_ros_controller:/home/field/MANOS/install/manos_manager:/home/field/MANOS/install/host_listener_package:/home/field/MANOS/install/hand_detector:/home/field/MANOS/install/castelet:/home/field/MANOS/install/camera:/home/field/MANOS/install/custom_msg:/opt/ros/galactic PYTHONPATH=/home/field/MANOS/build/manos_manager/prefix_override:/home/field/MANOS/install/manos_manager/lib/python3.8/site-packages:/home/field/MANOS/install/custom_ros_controller/lib/python3.8/site-packages:/home/field/MANOS/install/custom_msg/lib/python3.8/site-packages:/home/field/MANOS/install/manos_manager/lib/python3.8/site-packages:/home/field/MANOS/install/host_listener_package/lib/python3.8/site-packages:/home/field/MANOS/install/hand_detector/lib/python3.8/site-packages:/home/field/MANOS/install/castelet/lib/python3.8/site-packages:/home/field/MANOS/install/camera/lib/python3.8/site-packages:/opt/ros/galactic/lib/python3.8/site-packages /usr/bin/python3 setup.py egg_info --egg-base ../../build/manos_manager build --build-base /home/field/MANOS/build/manos_manager/build install --record /home/field/MANOS/build/manos_manager/install.log --single-version-externally-managed[0m
[5.788s] [34mcolcon.colcon_core.environment[0m [1;30mLevel 1[0m checking '/home/field/MANOS/install/manos_manager' for CMake module files
[5.788s] [34mcolcon.colcon_core.environment[0m [1;30mLevel 1[0m checking '/home/field/MANOS/install/manos_manager' for CMake config files
[5.789s] [34mcolcon.colcon_core.environment[0m [1;30mLevel 1[0m checking '/home/field/MANOS/install/manos_manager/lib'
[5.789s] [34mcolcon.colcon_core.environment[0m [1;30mLevel 1[0m checking '/home/field/MANOS/install/manos_manager/bin'
[5.789s] [34mcolcon.colcon_core.environment[0m [1;30mLevel 1[0m checking '/home/field/MANOS/install/manos_manager/lib/pkgconfig/manos_manager.pc'
[5.789s] [34mcolcon.colcon_core.environment[0m [1;30mLevel 1[0m checking '/home/field/MANOS/install/manos_manager/lib/python3.8/site-packages'
[5.789s] [34mcolcon.colcon_core.shell[0m [1;30mLevel 1[0m create_environment_hook('manos_manager', 'pythonpath')
[5.810s] [34mcolcon.colcon_core.shell[0m [1;30mINFO[0m Creating environment hook '/home/field/MANOS/install/manos_manager/share/manos_manager/hook/pythonpath.ps1'
[5.810s] [34mcolcon.colcon_core.shell[0m [1;30mINFO[0m Creating environment descriptor '/home/field/MANOS/install/manos_manager/share/manos_manager/hook/pythonpath.dsv'
[5.810s] [34mcolcon.colcon_core.shell[0m [1;30mINFO[0m Creating environment hook '/home/field/MANOS/install/manos_manager/share/manos_manager/hook/pythonpath.sh'
[5.811s] [34mcolcon.colcon_core.environment[0m [1;30mLevel 1[0m checking '/home/field/MANOS/install/manos_manager/bin'
[5.811s] [34mcolcon.colcon_core.environment[0m [1;30mLevel 1[0m create_environment_scripts_only(manos_manager)
[5.832s] [34mcolcon.colcon_core.shell[0m [1;30mINFO[0m Creating package script '/home/field/MANOS/install/manos_manager/share/manos_manager/package.ps1'
[5.833s] [34mcolcon.colcon_core.shell[0m [1;30mINFO[0m Creating package descriptor '/home/field/MANOS/install/manos_manager/share/manos_manager/package.dsv'
[5.833s] [34mcolcon.colcon_core.shell[0m [1;30mINFO[0m Creating package script '/home/field/MANOS/install/manos_manager/share/manos_manager/package.sh'
[5.833s] [34mcolcon.colcon_core.shell[0m [1;30mINFO[0m Creating package script '/home/field/MANOS/install/manos_manager/share/manos_manager/package.bash'
[5.833s] [34mcolcon.colcon_core.shell[0m [1;30mINFO[0m Creating package script '/home/field/MANOS/install/manos_manager/share/manos_manager/package.zsh'
[5.833s] [34mcolcon.colcon_core.environment[0m [1;30mLevel 1[0m create_file_with_runtime_dependencies(/home/field/MANOS/install/manos_manager/share/colcon-core/packages/manos_manager)
[5.834s] [34mcolcon.colcon_parallel_executor.executor.parallel[0m [1;30mDEBUG[0m [32mclosing loop[0m
[5.834s] [34mcolcon.colcon_parallel_executor.executor.parallel[0m [1;30mDEBUG[0m [32mloop closed[0m
[5.834s] [34mcolcon.colcon_parallel_executor.executor.parallel[0m [1;30mDEBUG[0m [32mrun_until_complete finished with '0'[0m
[5.834s] [34mcolcon.colcon_core.event_reactor[0m [1;30mDEBUG[0m [32mjoining thread[0m
[5.859s] [34mcolcon.colcon_core.plugin_system[0m [1;30mINFO[0m Skipping extension 'colcon_notification.desktop_notification.terminal_notifier': Not used on non-Darwin systems
[5.859s] [34mcolcon.colcon_core.plugin_system[0m [1;30mINFO[0m Skipping extension 'colcon_notification.desktop_notification.win32': Not used on non-Windows systems
[5.859s] [34mcolcon.colcon_notification.desktop_notification[0m [1;30mINFO[0m Sending desktop notification using 'notify2'
[5.869s] [34mcolcon.colcon_core.event_reactor[0m [1;30mDEBUG[0m [32mjoined thread[0m
[5.890s] [34mcolcon.colcon_core.shell[0m [1;30mINFO[0m Creating prefix script '/home/field/MANOS/install/local_setup.ps1'
[5.891s] [34mcolcon.colcon_core.shell[0m [1;30mINFO[0m Creating prefix util module '/home/field/MANOS/install/_local_setup_util_ps1.py'
[5.892s] [34mcolcon.colcon_core.shell[0m [1;30mINFO[0m Creating prefix chain script '/home/field/MANOS/install/setup.ps1'
[5.914s] [34mcolcon.colcon_core.shell[0m [1;30mINFO[0m Creating prefix script '/home/field/MANOS/install/local_setup.sh'
[5.914s] [34mcolcon.colcon_core.shell[0m [1;30mINFO[0m Creating prefix util module '/home/field/MANOS/install/_local_setup_util_sh.py'
[5.914s] [34mcolcon.colcon_core.shell[0m [1;30mINFO[0m Creating prefix chain script '/home/field/MANOS/install/setup.sh'
[5.937s] [34mcolcon.colcon_core.shell[0m [1;30mINFO[0m Creating prefix script '/home/field/MANOS/install/local_setup.bash'
[5.937s] [34mcolcon.colcon_core.shell[0m [1;30mINFO[0m Creating prefix chain script '/home/field/MANOS/install/setup.bash'
[5.961s] [34mcolcon.colcon_core.shell[0m [1;30mINFO[0m Creating prefix script '/home/field/MANOS/install/local_setup.zsh'
[5.961s] [34mcolcon.colcon_core.shell[0m [1;30mINFO[0m Creating prefix chain script '/home/field/MANOS/install/setup.zsh'
