[1.106s] DEBUG:colcon:Command line arguments: ['/usr/bin/colcon', 'build']
[1.106s] DEBUG:colcon:Parsed command line arguments: Namespace(allow_overriding=[], ament_cmake_args=None, base_paths=['.'], build_base='build', catkin_cmake_args=None, catkin_skip_building_tests=False, cmake_args=None, cmake_clean_cache=False, cmake_clean_first=False, cmake_force_configure=False, cmake_target=None, cmake_target_skip_unavailable=False, continue_on_error=False, event_handlers=None, executor='parallel', ignore_user_meta=False, install_base='install', log_base=None, log_level=None, main=<bound method BuildVerb.main of <colcon_core.verb.build.BuildVerb object at 0x7f48afa5da60>>, merge_install=False, metas=['./colcon.meta'], packages_above=None, packages_above_and_dependencies=None, packages_above_depth=None, packages_end=None, packages_ignore=None, packages_ignore_regex=None, packages_select=None, packages_select_build_failed=False, packages_select_by_dep=None, packages_select_regex=None, packages_select_test_failures=False, packages_skip=None, packages_skip_build_finished=False, packages_skip_by_dep=None, packages_skip_regex=None, packages_skip_test_passed=False, packages_skip_up_to=None, packages_start=None, packages_up_to=None, packages_up_to_regex=None, parallel_workers=20, paths=None, symlink_install=False, test_result_base=None, verb_extension=<colcon_core.verb.build.BuildVerb object at 0x7f48afa5da60>, verb_name='build', verb_parser=<colcon_defaults.argument_parser.defaults.DefaultArgumentsDecorator object at 0x7f48af98c850>)
[1.154s] Level 1:colcon.colcon_core.package_discovery:discover_packages(colcon_meta) check parameters
[1.154s] Level 1:colcon.colcon_core.package_discovery:discover_packages(recursive) check parameters
[1.154s] Level 1:colcon.colcon_core.package_discovery:discover_packages(ignore) check parameters
[1.154s] Level 1:colcon.colcon_core.package_discovery:discover_packages(path) check parameters
[1.154s] Level 1:colcon.colcon_core.package_discovery:discover_packages(colcon_meta) discover
[1.154s] Level 1:colcon.colcon_core.package_discovery:discover_packages(recursive) discover
[1.154s] INFO:colcon.colcon_core.package_discovery:Crawling recursively for packages in '/home/field/MANOS'
[1.154s] Level 1:colcon.colcon_core.package_identification:_identify(.) by extensions ['ignore', 'ignore_ament_install']
[1.154s] Level 1:colcon.colcon_core.package_identification:_identify(.) by extension 'ignore'
[1.154s] Level 1:colcon.colcon_core.package_identification:_identify(.) by extension 'ignore_ament_install'
[1.154s] Level 1:colcon.colcon_core.package_identification:_identify(.) by extensions ['colcon_pkg']
[1.154s] Level 1:colcon.colcon_core.package_identification:_identify(.) by extension 'colcon_pkg'
[1.154s] Level 1:colcon.colcon_core.package_identification:_identify(.) by extensions ['colcon_meta']
[1.154s] Level 1:colcon.colcon_core.package_identification:_identify(.) by extension 'colcon_meta'
[1.155s] Level 1:colcon.colcon_core.package_identification:_identify(.) by extensions ['ros']
[1.155s] Level 1:colcon.colcon_core.package_identification:_identify(.) by extension 'ros'
[1.161s] Level 1:colcon.colcon_core.package_identification:_identify(.) by extensions ['cmake', 'python']
[1.161s] Level 1:colcon.colcon_core.package_identification:_identify(.) by extension 'cmake'
[1.161s] Level 1:colcon.colcon_core.package_identification:_identify(.) by extension 'python'
[1.161s] Level 1:colcon.colcon_core.package_identification:_identify(.) by extensions ['python_setup_py']
[1.161s] Level 1:colcon.colcon_core.package_identification:_identify(.) by extension 'python_setup_py'
[1.161s] Level 1:colcon.colcon_core.package_identification:_identify(build) by extensions ['ignore', 'ignore_ament_install']
[1.161s] Level 1:colcon.colcon_core.package_identification:_identify(build) by extension 'ignore'
[1.161s] Level 1:colcon.colcon_core.package_identification:_identify(build) ignored
[1.161s] Level 1:colcon.colcon_core.package_identification:_identify(install) by extensions ['ignore', 'ignore_ament_install']
[1.161s] Level 1:colcon.colcon_core.package_identification:_identify(install) by extension 'ignore'
[1.161s] Level 1:colcon.colcon_core.package_identification:_identify(install) ignored
[1.161s] Level 1:colcon.colcon_core.package_identification:_identify(log) by extensions ['ignore', 'ignore_ament_install']
[1.161s] Level 1:colcon.colcon_core.package_identification:_identify(log) by extension 'ignore'
[1.161s] Level 1:colcon.colcon_core.package_identification:_identify(log) ignored
[1.161s] Level 1:colcon.colcon_core.package_identification:_identify(src) by extensions ['ignore', 'ignore_ament_install']
[1.161s] Level 1:colcon.colcon_core.package_identification:_identify(src) by extension 'ignore'
[1.161s] Level 1:colcon.colcon_core.package_identification:_identify(src) by extension 'ignore_ament_install'
[1.161s] Level 1:colcon.colcon_core.package_identification:_identify(src) by extensions ['colcon_pkg']
[1.161s] Level 1:colcon.colcon_core.package_identification:_identify(src) by extension 'colcon_pkg'
[1.161s] Level 1:colcon.colcon_core.package_identification:_identify(src) by extensions ['colcon_meta']
[1.161s] Level 1:colcon.colcon_core.package_identification:_identify(src) by extension 'colcon_meta'
[1.161s] Level 1:colcon.colcon_core.package_identification:_identify(src) by extensions ['ros']
[1.161s] Level 1:colcon.colcon_core.package_identification:_identify(src) by extension 'ros'
[1.161s] Level 1:colcon.colcon_core.package_identification:_identify(src) by extensions ['cmake', 'python']
[1.161s] Level 1:colcon.colcon_core.package_identification:_identify(src) by extension 'cmake'
[1.161s] Level 1:colcon.colcon_core.package_identification:_identify(src) by extension 'python'
[1.161s] Level 1:colcon.colcon_core.package_identification:_identify(src) by extensions ['python_setup_py']
[1.161s] Level 1:colcon.colcon_core.package_identification:_identify(src) by extension 'python_setup_py'
[1.161s] Level 1:colcon.colcon_core.package_identification:_identify(src/camera) by extensions ['ignore', 'ignore_ament_install']
[1.162s] Level 1:colcon.colcon_core.package_identification:_identify(src/camera) by extension 'ignore'
[1.162s] Level 1:colcon.colcon_core.package_identification:_identify(src/camera) by extension 'ignore_ament_install'
[1.162s] Level 1:colcon.colcon_core.package_identification:_identify(src/camera) by extensions ['colcon_pkg']
[1.162s] Level 1:colcon.colcon_core.package_identification:_identify(src/camera) by extension 'colcon_pkg'
[1.162s] Level 1:colcon.colcon_core.package_identification:_identify(src/camera) by extensions ['colcon_meta']
[1.162s] Level 1:colcon.colcon_core.package_identification:_identify(src/camera) by extension 'colcon_meta'
[1.162s] Level 1:colcon.colcon_core.package_identification:_identify(src/camera) by extensions ['ros']
[1.162s] Level 1:colcon.colcon_core.package_identification:_identify(src/camera) by extension 'ros'
[1.163s] DEBUG:colcon.colcon_core.package_identification:Package 'src/camera' with type 'ros.ament_python' and name 'camera'
[1.163s] Level 1:colcon.colcon_core.package_identification:_identify(src/castelet) by extensions ['ignore', 'ignore_ament_install']
[1.163s] Level 1:colcon.colcon_core.package_identification:_identify(src/castelet) by extension 'ignore'
[1.163s] Level 1:colcon.colcon_core.package_identification:_identify(src/castelet) by extension 'ignore_ament_install'
[1.163s] Level 1:colcon.colcon_core.package_identification:_identify(src/castelet) by extensions ['colcon_pkg']
[1.163s] Level 1:colcon.colcon_core.package_identification:_identify(src/castelet) by extension 'colcon_pkg'
[1.163s] Level 1:colcon.colcon_core.package_identification:_identify(src/castelet) by extensions ['colcon_meta']
[1.163s] Level 1:colcon.colcon_core.package_identification:_identify(src/castelet) by extension 'colcon_meta'
[1.163s] Level 1:colcon.colcon_core.package_identification:_identify(src/castelet) by extensions ['ros']
[1.163s] Level 1:colcon.colcon_core.package_identification:_identify(src/castelet) by extension 'ros'
[1.164s] DEBUG:colcon.colcon_core.package_identification:Package 'src/castelet' with type 'ros.ament_python' and name 'castelet'
[1.164s] Level 1:colcon.colcon_core.package_identification:_identify(src/custom_msg) by extensions ['ignore', 'ignore_ament_install']
[1.164s] Level 1:colcon.colcon_core.package_identification:_identify(src/custom_msg) by extension 'ignore'
[1.164s] Level 1:colcon.colcon_core.package_identification:_identify(src/custom_msg) by extension 'ignore_ament_install'
[1.164s] Level 1:colcon.colcon_core.package_identification:_identify(src/custom_msg) by extensions ['colcon_pkg']
[1.164s] Level 1:colcon.colcon_core.package_identification:_identify(src/custom_msg) by extension 'colcon_pkg'
[1.164s] Level 1:colcon.colcon_core.package_identification:_identify(src/custom_msg) by extensions ['colcon_meta']
[1.164s] Level 1:colcon.colcon_core.package_identification:_identify(src/custom_msg) by extension 'colcon_meta'
[1.164s] Level 1:colcon.colcon_core.package_identification:_identify(src/custom_msg) by extensions ['ros']
[1.164s] Level 1:colcon.colcon_core.package_identification:_identify(src/custom_msg) by extension 'ros'
[1.164s] DEBUG:colcon.colcon_core.package_identification:Package 'src/custom_msg' with type 'ros.ament_cmake' and name 'custom_msg'
[1.164s] Level 1:colcon.colcon_core.package_identification:_identify(src/hand_detector) by extensions ['ignore', 'ignore_ament_install']
[1.164s] Level 1:colcon.colcon_core.package_identification:_identify(src/hand_detector) by extension 'ignore'
[1.164s] Level 1:colcon.colcon_core.package_identification:_identify(src/hand_detector) by extension 'ignore_ament_install'
[1.164s] Level 1:colcon.colcon_core.package_identification:_identify(src/hand_detector) by extensions ['colcon_pkg']
[1.164s] Level 1:colcon.colcon_core.package_identification:_identify(src/hand_detector) by extension 'colcon_pkg'
[1.164s] Level 1:colcon.colcon_core.package_identification:_identify(src/hand_detector) by extensions ['colcon_meta']
[1.164s] Level 1:colcon.colcon_core.package_identification:_identify(src/hand_detector) by extension 'colcon_meta'
[1.164s] Level 1:colcon.colcon_core.package_identification:_identify(src/hand_detector) by extensions ['ros']
[1.164s] Level 1:colcon.colcon_core.package_identification:_identify(src/hand_detector) by extension 'ros'
[1.165s] DEBUG:colcon.colcon_core.package_identification:Package 'src/hand_detector' with type 'ros.ament_python' and name 'hand_detector'
[1.165s] Level 1:colcon.colcon_core.package_identification:_identify(src/host_listener_package) by extensions ['ignore', 'ignore_ament_install']
[1.165s] Level 1:colcon.colcon_core.package_identification:_identify(src/host_listener_package) by extension 'ignore'
[1.165s] Level 1:colcon.colcon_core.package_identification:_identify(src/host_listener_package) by extension 'ignore_ament_install'
[1.165s] Level 1:colcon.colcon_core.package_identification:_identify(src/host_listener_package) by extensions ['colcon_pkg']
[1.165s] Level 1:colcon.colcon_core.package_identification:_identify(src/host_listener_package) by extension 'colcon_pkg'
[1.165s] Level 1:colcon.colcon_core.package_identification:_identify(src/host_listener_package) by extensions ['colcon_meta']
[1.165s] Level 1:colcon.colcon_core.package_identification:_identify(src/host_listener_package) by extension 'colcon_meta'
[1.165s] Level 1:colcon.colcon_core.package_identification:_identify(src/host_listener_package) by extensions ['ros']
[1.165s] Level 1:colcon.colcon_core.package_identification:_identify(src/host_listener_package) by extension 'ros'
[1.165s] DEBUG:colcon.colcon_core.package_identification:Package 'src/host_listener_package' with type 'ros.ament_python' and name 'host_listener_package'
[1.165s] Level 1:colcon.colcon_core.package_identification:_identify(src/launch) by extensions ['ignore', 'ignore_ament_install']
[1.166s] Level 1:colcon.colcon_core.package_identification:_identify(src/launch) by extension 'ignore'
[1.166s] Level 1:colcon.colcon_core.package_identification:_identify(src/launch) by extension 'ignore_ament_install'
[1.166s] Level 1:colcon.colcon_core.package_identification:_identify(src/launch) by extensions ['colcon_pkg']
[1.166s] Level 1:colcon.colcon_core.package_identification:_identify(src/launch) by extension 'colcon_pkg'
[1.166s] Level 1:colcon.colcon_core.package_identification:_identify(src/launch) by extensions ['colcon_meta']
[1.166s] Level 1:colcon.colcon_core.package_identification:_identify(src/launch) by extension 'colcon_meta'
[1.166s] Level 1:colcon.colcon_core.package_identification:_identify(src/launch) by extensions ['ros']
[1.166s] Level 1:colcon.colcon_core.package_identification:_identify(src/launch) by extension 'ros'
[1.166s] Level 1:colcon.colcon_core.package_identification:_identify(src/launch) by extensions ['cmake', 'python']
[1.166s] Level 1:colcon.colcon_core.package_identification:_identify(src/launch) by extension 'cmake'
[1.166s] Level 1:colcon.colcon_core.package_identification:_identify(src/launch) by extension 'python'
[1.166s] Level 1:colcon.colcon_core.package_identification:_identify(src/launch) by extensions ['python_setup_py']
[1.166s] Level 1:colcon.colcon_core.package_identification:_identify(src/launch) by extension 'python_setup_py'
[1.166s] Level 1:colcon.colcon_core.package_identification:_identify(src/launch/__pycache__) by extensions ['ignore', 'ignore_ament_install']
[1.166s] Level 1:colcon.colcon_core.package_identification:_identify(src/launch/__pycache__) by extension 'ignore'
[1.166s] Level 1:colcon.colcon_core.package_identification:_identify(src/launch/__pycache__) by extension 'ignore_ament_install'
[1.166s] Level 1:colcon.colcon_core.package_identification:_identify(src/launch/__pycache__) by extensions ['colcon_pkg']
[1.166s] Level 1:colcon.colcon_core.package_identification:_identify(src/launch/__pycache__) by extension 'colcon_pkg'
[1.166s] Level 1:colcon.colcon_core.package_identification:_identify(src/launch/__pycache__) by extensions ['colcon_meta']
[1.166s] Level 1:colcon.colcon_core.package_identification:_identify(src/launch/__pycache__) by extension 'colcon_meta'
[1.166s] Level 1:colcon.colcon_core.package_identification:_identify(src/launch/__pycache__) by extensions ['ros']
[1.166s] Level 1:colcon.colcon_core.package_identification:_identify(src/launch/__pycache__) by extension 'ros'
[1.166s] Level 1:colcon.colcon_core.package_identification:_identify(src/launch/__pycache__) by extensions ['cmake', 'python']
[1.166s] Level 1:colcon.colcon_core.package_identification:_identify(src/launch/__pycache__) by extension 'cmake'
[1.166s] Level 1:colcon.colcon_core.package_identification:_identify(src/launch/__pycache__) by extension 'python'
[1.166s] Level 1:colcon.colcon_core.package_identification:_identify(src/launch/__pycache__) by extensions ['python_setup_py']
[1.166s] Level 1:colcon.colcon_core.package_identification:_identify(src/launch/__pycache__) by extension 'python_setup_py'
[1.166s] Level 1:colcon.colcon_core.package_discovery:discover_packages(recursive) using defaults
[1.166s] Level 1:colcon.colcon_core.package_discovery:discover_packages(ignore) discover
[1.166s] Level 1:colcon.colcon_core.package_discovery:discover_packages(ignore) using defaults
[1.166s] Level 1:colcon.colcon_core.package_discovery:discover_packages(path) discover
[1.166s] Level 1:colcon.colcon_core.package_discovery:discover_packages(path) using defaults
[1.270s] Level 1:colcon.colcon_core.package_discovery:discover_packages(prefix_path) check parameters
[1.271s] Level 1:colcon.colcon_core.package_discovery:discover_packages(prefix_path) discover
[1.308s] DEBUG:colcon.colcon_installed_package_information.package_discovery:Found 5 installed packages in /home/field/MANOS/install
[1.326s] DEBUG:colcon.colcon_installed_package_information.package_discovery:Found 268 installed packages in /opt/ros/galactic
[1.327s] Level 1:colcon.colcon_core.package_discovery:discover_packages(prefix_path) using defaults
[1.406s] Level 5:colcon.colcon_core.verb:set package 'custom_msg' build argument 'cmake_args' from command line to 'None'
[1.406s] Level 5:colcon.colcon_core.verb:set package 'custom_msg' build argument 'cmake_target' from command line to 'None'
[1.406s] Level 5:colcon.colcon_core.verb:set package 'custom_msg' build argument 'cmake_target_skip_unavailable' from command line to 'False'
[1.406s] Level 5:colcon.colcon_core.verb:set package 'custom_msg' build argument 'cmake_clean_cache' from command line to 'False'
[1.406s] Level 5:colcon.colcon_core.verb:set package 'custom_msg' build argument 'cmake_clean_first' from command line to 'False'
[1.406s] Level 5:colcon.colcon_core.verb:set package 'custom_msg' build argument 'cmake_force_configure' from command line to 'False'
[1.406s] Level 5:colcon.colcon_core.verb:set package 'custom_msg' build argument 'ament_cmake_args' from command line to 'None'
[1.406s] Level 5:colcon.colcon_core.verb:set package 'custom_msg' build argument 'catkin_cmake_args' from command line to 'None'
[1.406s] Level 5:colcon.colcon_core.verb:set package 'custom_msg' build argument 'catkin_skip_building_tests' from command line to 'False'
[1.406s] DEBUG:colcon.colcon_core.verb:Building package 'custom_msg' with the following arguments: {'ament_cmake_args': None, 'build_base': '/home/field/MANOS/build/custom_msg', 'catkin_cmake_args': None, 'catkin_skip_building_tests': False, 'cmake_args': None, 'cmake_clean_cache': False, 'cmake_clean_first': False, 'cmake_force_configure': False, 'cmake_target': None, 'cmake_target_skip_unavailable': False, 'install_base': '/home/field/MANOS/install/custom_msg', 'merge_install': False, 'path': '/home/field/MANOS/src/custom_msg', 'symlink_install': False, 'test_result_base': None}
[1.425s] Level 5:colcon.colcon_core.verb:set package 'camera' build argument 'cmake_args' from command line to 'None'
[1.425s] Level 5:colcon.colcon_core.verb:set package 'camera' build argument 'cmake_target' from command line to 'None'
[1.425s] Level 5:colcon.colcon_core.verb:set package 'camera' build argument 'cmake_target_skip_unavailable' from command line to 'False'
[1.425s] Level 5:colcon.colcon_core.verb:set package 'camera' build argument 'cmake_clean_cache' from command line to 'False'
[1.425s] Level 5:colcon.colcon_core.verb:set package 'camera' build argument 'cmake_clean_first' from command line to 'False'
[1.425s] Level 5:colcon.colcon_core.verb:set package 'camera' build argument 'cmake_force_configure' from command line to 'False'
[1.425s] Level 5:colcon.colcon_core.verb:set package 'camera' build argument 'ament_cmake_args' from command line to 'None'
[1.425s] Level 5:colcon.colcon_core.verb:set package 'camera' build argument 'catkin_cmake_args' from command line to 'None'
[1.425s] Level 5:colcon.colcon_core.verb:set package 'camera' build argument 'catkin_skip_building_tests' from command line to 'False'
[1.425s] DEBUG:colcon.colcon_core.verb:Building package 'camera' with the following arguments: {'ament_cmake_args': None, 'build_base': '/home/field/MANOS/build/camera', 'catkin_cmake_args': None, 'catkin_skip_building_tests': False, 'cmake_args': None, 'cmake_clean_cache': False, 'cmake_clean_first': False, 'cmake_force_configure': False, 'cmake_target': None, 'cmake_target_skip_unavailable': False, 'install_base': '/home/field/MANOS/install/camera', 'merge_install': False, 'path': '/home/field/MANOS/src/camera', 'symlink_install': False, 'test_result_base': None}
[1.443s] Level 5:colcon.colcon_core.verb:set package 'castelet' build argument 'cmake_args' from command line to 'None'
[1.443s] Level 5:colcon.colcon_core.verb:set package 'castelet' build argument 'cmake_target' from command line to 'None'
[1.443s] Level 5:colcon.colcon_core.verb:set package 'castelet' build argument 'cmake_target_skip_unavailable' from command line to 'False'
[1.443s] Level 5:colcon.colcon_core.verb:set package 'castelet' build argument 'cmake_clean_cache' from command line to 'False'
[1.443s] Level 5:colcon.colcon_core.verb:set package 'castelet' build argument 'cmake_clean_first' from command line to 'False'
[1.443s] Level 5:colcon.colcon_core.verb:set package 'castelet' build argument 'cmake_force_configure' from command line to 'False'
[1.443s] Level 5:colcon.colcon_core.verb:set package 'castelet' build argument 'ament_cmake_args' from command line to 'None'
[1.443s] Level 5:colcon.colcon_core.verb:set package 'castelet' build argument 'catkin_cmake_args' from command line to 'None'
[1.443s] Level 5:colcon.colcon_core.verb:set package 'castelet' build argument 'catkin_skip_building_tests' from command line to 'False'
[1.443s] DEBUG:colcon.colcon_core.verb:Building package 'castelet' with the following arguments: {'ament_cmake_args': None, 'build_base': '/home/field/MANOS/build/castelet', 'catkin_cmake_args': None, 'catkin_skip_building_tests': False, 'cmake_args': None, 'cmake_clean_cache': False, 'cmake_clean_first': False, 'cmake_force_configure': False, 'cmake_target': None, 'cmake_target_skip_unavailable': False, 'install_base': '/home/field/MANOS/install/castelet', 'merge_install': False, 'path': '/home/field/MANOS/src/castelet', 'symlink_install': False, 'test_result_base': None}
[1.461s] Level 5:colcon.colcon_core.verb:set package 'hand_detector' build argument 'cmake_args' from command line to 'None'
[1.461s] Level 5:colcon.colcon_core.verb:set package 'hand_detector' build argument 'cmake_target' from command line to 'None'
[1.461s] Level 5:colcon.colcon_core.verb:set package 'hand_detector' build argument 'cmake_target_skip_unavailable' from command line to 'False'
[1.461s] Level 5:colcon.colcon_core.verb:set package 'hand_detector' build argument 'cmake_clean_cache' from command line to 'False'
[1.461s] Level 5:colcon.colcon_core.verb:set package 'hand_detector' build argument 'cmake_clean_first' from command line to 'False'
[1.461s] Level 5:colcon.colcon_core.verb:set package 'hand_detector' build argument 'cmake_force_configure' from command line to 'False'
[1.461s] Level 5:colcon.colcon_core.verb:set package 'hand_detector' build argument 'ament_cmake_args' from command line to 'None'
[1.461s] Level 5:colcon.colcon_core.verb:set package 'hand_detector' build argument 'catkin_cmake_args' from command line to 'None'
[1.461s] Level 5:colcon.colcon_core.verb:set package 'hand_detector' build argument 'catkin_skip_building_tests' from command line to 'False'
[1.461s] DEBUG:colcon.colcon_core.verb:Building package 'hand_detector' with the following arguments: {'ament_cmake_args': None, 'build_base': '/home/field/MANOS/build/hand_detector', 'catkin_cmake_args': None, 'catkin_skip_building_tests': False, 'cmake_args': None, 'cmake_clean_cache': False, 'cmake_clean_first': False, 'cmake_force_configure': False, 'cmake_target': None, 'cmake_target_skip_unavailable': False, 'install_base': '/home/field/MANOS/install/hand_detector', 'merge_install': False, 'path': '/home/field/MANOS/src/hand_detector', 'symlink_install': False, 'test_result_base': None}
[1.480s] Level 5:colcon.colcon_core.verb:set package 'host_listener_package' build argument 'cmake_args' from command line to 'None'
[1.480s] Level 5:colcon.colcon_core.verb:set package 'host_listener_package' build argument 'cmake_target' from command line to 'None'
[1.480s] Level 5:colcon.colcon_core.verb:set package 'host_listener_package' build argument 'cmake_target_skip_unavailable' from command line to 'False'
[1.480s] Level 5:colcon.colcon_core.verb:set package 'host_listener_package' build argument 'cmake_clean_cache' from command line to 'False'
[1.480s] Level 5:colcon.colcon_core.verb:set package 'host_listener_package' build argument 'cmake_clean_first' from command line to 'False'
[1.480s] Level 5:colcon.colcon_core.verb:set package 'host_listener_package' build argument 'cmake_force_configure' from command line to 'False'
[1.480s] Level 5:colcon.colcon_core.verb:set package 'host_listener_package' build argument 'ament_cmake_args' from command line to 'None'
[1.480s] Level 5:colcon.colcon_core.verb:set package 'host_listener_package' build argument 'catkin_cmake_args' from command line to 'None'
[1.480s] Level 5:colcon.colcon_core.verb:set package 'host_listener_package' build argument 'catkin_skip_building_tests' from command line to 'False'
[1.480s] DEBUG:colcon.colcon_core.verb:Building package 'host_listener_package' with the following arguments: {'ament_cmake_args': None, 'build_base': '/home/field/MANOS/build/host_listener_package', 'catkin_cmake_args': None, 'catkin_skip_building_tests': False, 'cmake_args': None, 'cmake_clean_cache': False, 'cmake_clean_first': False, 'cmake_force_configure': False, 'cmake_target': None, 'cmake_target_skip_unavailable': False, 'install_base': '/home/field/MANOS/install/host_listener_package', 'merge_install': False, 'path': '/home/field/MANOS/src/host_listener_package', 'symlink_install': False, 'test_result_base': None}
[1.498s] INFO:colcon.colcon_core.executor:Executing jobs using 'parallel' executor
[1.516s] DEBUG:colcon.colcon_parallel_executor.executor.parallel:run_until_complete
[1.516s] INFO:colcon.colcon_ros.task.ament_cmake.build:Building ROS package in '/home/field/MANOS/src/custom_msg' with build type 'ament_cmake'
[1.516s] INFO:colcon.colcon_cmake.task.cmake.build:Building CMake package in '/home/field/MANOS/src/custom_msg'
[1.536s] INFO:colcon.colcon_core.plugin_system:Skipping extension 'colcon_core.shell.bat': Not used on non-Windows systems
[1.537s] INFO:colcon.colcon_core.shell:Skip shell extension 'powershell' for command environment: Not usable outside of PowerShell
[1.537s] DEBUG:colcon.colcon_core.shell:Skip shell extension 'dsv' for command environment
[1.598s] DEBUG:colcon.colcon_core.event_handler.log_command:Invoking command in '/home/field/MANOS/build/custom_msg': CMAKE_PREFIX_PATH=${CMAKE_PREFIX_PATH}:/home/field/MANOS/install/host_listener_package:/home/field/MANOS/install/hand_detector:/home/field/MANOS/install/castelet:/home/field/MANOS/install/camera:/opt/ros/galactic /usr/bin/cmake --build /home/field/MANOS/build/custom_msg -- -j20 -l20
[1.717s] DEBUG:colcon.colcon_core.event_handler.log_command:Invoked command in '/home/field/MANOS/build/custom_msg' returned '0': CMAKE_PREFIX_PATH=${CMAKE_PREFIX_PATH}:/home/field/MANOS/install/host_listener_package:/home/field/MANOS/install/hand_detector:/home/field/MANOS/install/castelet:/home/field/MANOS/install/camera:/opt/ros/galactic /usr/bin/cmake --build /home/field/MANOS/build/custom_msg -- -j20 -l20
[1.756s] DEBUG:colcon.colcon_core.event_handler.log_command:Invoking command in '/home/field/MANOS/build/custom_msg': CMAKE_PREFIX_PATH=${CMAKE_PREFIX_PATH}:/home/field/MANOS/install/host_listener_package:/home/field/MANOS/install/hand_detector:/home/field/MANOS/install/castelet:/home/field/MANOS/install/camera:/opt/ros/galactic /usr/bin/cmake --install /home/field/MANOS/build/custom_msg
[1.787s] Level 1:colcon.colcon_core.environment:create_environment_scripts_only(custom_msg)
[1.787s] DEBUG:colcon.colcon_core.event_handler.log_command:Invoked command in '/home/field/MANOS/build/custom_msg' returned '0': CMAKE_PREFIX_PATH=${CMAKE_PREFIX_PATH}:/home/field/MANOS/install/host_listener_package:/home/field/MANOS/install/hand_detector:/home/field/MANOS/install/castelet:/home/field/MANOS/install/camera:/opt/ros/galactic /usr/bin/cmake --install /home/field/MANOS/build/custom_msg
[1.808s] Level 1:colcon.colcon_core.environment:checking '/home/field/MANOS/install/custom_msg' for CMake module files
[1.809s] Level 1:colcon.colcon_core.environment:checking '/home/field/MANOS/install/custom_msg' for CMake config files
[1.809s] Level 1:colcon.colcon_core.shell:create_environment_hook('custom_msg', 'cmake_prefix_path')
[1.828s] INFO:colcon.colcon_core.shell:Creating environment hook '/home/field/MANOS/install/custom_msg/share/custom_msg/hook/cmake_prefix_path.ps1'
[1.829s] INFO:colcon.colcon_core.shell:Creating environment descriptor '/home/field/MANOS/install/custom_msg/share/custom_msg/hook/cmake_prefix_path.dsv'
[1.829s] INFO:colcon.colcon_core.shell:Creating environment hook '/home/field/MANOS/install/custom_msg/share/custom_msg/hook/cmake_prefix_path.sh'
[1.829s] Level 1:colcon.colcon_core.environment:checking '/home/field/MANOS/install/custom_msg/lib'
[1.830s] Level 1:colcon.colcon_core.shell:create_environment_hook('custom_msg', 'ld_library_path_lib')
[1.848s] INFO:colcon.colcon_core.shell:Creating environment hook '/home/field/MANOS/install/custom_msg/share/custom_msg/hook/ld_library_path_lib.ps1'
[1.848s] INFO:colcon.colcon_core.shell:Creating environment descriptor '/home/field/MANOS/install/custom_msg/share/custom_msg/hook/ld_library_path_lib.dsv'
[1.848s] INFO:colcon.colcon_core.shell:Creating environment hook '/home/field/MANOS/install/custom_msg/share/custom_msg/hook/ld_library_path_lib.sh'
[1.849s] Level 1:colcon.colcon_core.environment:checking '/home/field/MANOS/install/custom_msg/bin'
[1.849s] Level 1:colcon.colcon_core.environment:checking '/home/field/MANOS/install/custom_msg/lib/pkgconfig/custom_msg.pc'
[1.849s] Level 1:colcon.colcon_core.environment:checking '/home/field/MANOS/install/custom_msg/lib/python3.8/site-packages'
[1.849s] Level 1:colcon.colcon_core.shell:create_environment_hook('custom_msg', 'pythonpath')
[1.867s] INFO:colcon.colcon_core.shell:Creating environment hook '/home/field/MANOS/install/custom_msg/share/custom_msg/hook/pythonpath.ps1'
[1.867s] INFO:colcon.colcon_core.shell:Creating environment descriptor '/home/field/MANOS/install/custom_msg/share/custom_msg/hook/pythonpath.dsv'
[1.867s] INFO:colcon.colcon_core.shell:Creating environment hook '/home/field/MANOS/install/custom_msg/share/custom_msg/hook/pythonpath.sh'
[1.867s] Level 1:colcon.colcon_core.environment:checking '/home/field/MANOS/install/custom_msg/bin'
[1.886s] INFO:colcon.colcon_core.shell:Creating package script '/home/field/MANOS/install/custom_msg/share/custom_msg/package.ps1'
[1.887s] INFO:colcon.colcon_core.shell:Creating package descriptor '/home/field/MANOS/install/custom_msg/share/custom_msg/package.dsv'
[1.887s] INFO:colcon.colcon_core.shell:Creating package script '/home/field/MANOS/install/custom_msg/share/custom_msg/package.sh'
[1.887s] INFO:colcon.colcon_core.shell:Creating package script '/home/field/MANOS/install/custom_msg/share/custom_msg/package.bash'
[1.888s] INFO:colcon.colcon_core.shell:Creating package script '/home/field/MANOS/install/custom_msg/share/custom_msg/package.zsh'
[1.888s] Level 1:colcon.colcon_core.environment:create_file_with_runtime_dependencies(/home/field/MANOS/install/custom_msg/share/colcon-core/packages/custom_msg)
[1.939s] Level 1:colcon.colcon_core.environment:create_environment_scripts_only(custom_msg)
[1.957s] Level 1:colcon.colcon_core.environment:checking '/home/field/MANOS/install/custom_msg' for CMake module files
[1.957s] Level 1:colcon.colcon_core.environment:checking '/home/field/MANOS/install/custom_msg' for CMake config files
[1.957s] Level 1:colcon.colcon_core.shell:create_environment_hook('custom_msg', 'cmake_prefix_path')
[1.976s] INFO:colcon.colcon_core.shell:Creating environment hook '/home/field/MANOS/install/custom_msg/share/custom_msg/hook/cmake_prefix_path.ps1'
[1.976s] INFO:colcon.colcon_core.shell:Creating environment descriptor '/home/field/MANOS/install/custom_msg/share/custom_msg/hook/cmake_prefix_path.dsv'
[1.976s] INFO:colcon.colcon_core.shell:Creating environment hook '/home/field/MANOS/install/custom_msg/share/custom_msg/hook/cmake_prefix_path.sh'
[1.977s] Level 1:colcon.colcon_core.environment:checking '/home/field/MANOS/install/custom_msg/lib'
[1.977s] Level 1:colcon.colcon_core.shell:create_environment_hook('custom_msg', 'ld_library_path_lib')
[1.995s] INFO:colcon.colcon_core.shell:Creating environment hook '/home/field/MANOS/install/custom_msg/share/custom_msg/hook/ld_library_path_lib.ps1'
[1.995s] INFO:colcon.colcon_core.shell:Creating environment descriptor '/home/field/MANOS/install/custom_msg/share/custom_msg/hook/ld_library_path_lib.dsv'
[1.995s] INFO:colcon.colcon_core.shell:Creating environment hook '/home/field/MANOS/install/custom_msg/share/custom_msg/hook/ld_library_path_lib.sh'
[1.995s] Level 1:colcon.colcon_core.environment:checking '/home/field/MANOS/install/custom_msg/bin'
[1.995s] Level 1:colcon.colcon_core.environment:checking '/home/field/MANOS/install/custom_msg/lib/pkgconfig/custom_msg.pc'
[1.995s] Level 1:colcon.colcon_core.environment:checking '/home/field/MANOS/install/custom_msg/lib/python3.8/site-packages'
[1.996s] Level 1:colcon.colcon_core.shell:create_environment_hook('custom_msg', 'pythonpath')
[2.013s] INFO:colcon.colcon_core.shell:Creating environment hook '/home/field/MANOS/install/custom_msg/share/custom_msg/hook/pythonpath.ps1'
[2.013s] INFO:colcon.colcon_core.shell:Creating environment descriptor '/home/field/MANOS/install/custom_msg/share/custom_msg/hook/pythonpath.dsv'
[2.014s] INFO:colcon.colcon_core.shell:Creating environment hook '/home/field/MANOS/install/custom_msg/share/custom_msg/hook/pythonpath.sh'
[2.014s] Level 1:colcon.colcon_core.environment:checking '/home/field/MANOS/install/custom_msg/bin'
[2.033s] INFO:colcon.colcon_core.shell:Creating package script '/home/field/MANOS/install/custom_msg/share/custom_msg/package.ps1'
[2.034s] INFO:colcon.colcon_core.shell:Creating package descriptor '/home/field/MANOS/install/custom_msg/share/custom_msg/package.dsv'
[2.034s] INFO:colcon.colcon_core.shell:Creating package script '/home/field/MANOS/install/custom_msg/share/custom_msg/package.sh'
[2.034s] INFO:colcon.colcon_core.shell:Creating package script '/home/field/MANOS/install/custom_msg/share/custom_msg/package.bash'
[2.034s] INFO:colcon.colcon_core.shell:Creating package script '/home/field/MANOS/install/custom_msg/share/custom_msg/package.zsh'
[2.034s] Level 1:colcon.colcon_core.environment:create_file_with_runtime_dependencies(/home/field/MANOS/install/custom_msg/share/colcon-core/packages/custom_msg)
[2.035s] INFO:colcon.colcon_ros.task.ament_python.build:Building ROS package in '/home/field/MANOS/src/camera' with build type 'ament_python'
[2.035s] Level 1:colcon.colcon_core.shell:create_environment_hook('camera', 'ament_prefix_path')
[2.053s] INFO:colcon.colcon_core.shell:Creating environment hook '/home/field/MANOS/install/camera/share/camera/hook/ament_prefix_path.ps1'
[2.054s] INFO:colcon.colcon_core.shell:Creating environment descriptor '/home/field/MANOS/install/camera/share/camera/hook/ament_prefix_path.dsv'
[2.054s] INFO:colcon.colcon_core.shell:Creating environment hook '/home/field/MANOS/install/camera/share/camera/hook/ament_prefix_path.sh'
[2.073s] INFO:colcon.colcon_core.shell:Skip shell extension 'powershell' for command environment: Not usable outside of PowerShell
[2.073s] DEBUG:colcon.colcon_core.shell:Skip shell extension 'dsv' for command environment
[2.133s] INFO:colcon.colcon_ros.task.ament_python.build:Building ROS package in '/home/field/MANOS/src/castelet' with build type 'ament_python'
[2.134s] Level 1:colcon.colcon_core.shell:create_environment_hook('castelet', 'ament_prefix_path')
[2.153s] INFO:colcon.colcon_core.shell:Creating environment hook '/home/field/MANOS/install/castelet/share/castelet/hook/ament_prefix_path.ps1'
[2.154s] INFO:colcon.colcon_core.shell:Creating environment descriptor '/home/field/MANOS/install/castelet/share/castelet/hook/ament_prefix_path.dsv'
[2.154s] INFO:colcon.colcon_core.shell:Creating environment hook '/home/field/MANOS/install/castelet/share/castelet/hook/ament_prefix_path.sh'
[2.172s] INFO:colcon.colcon_core.shell:Skip shell extension 'powershell' for command environment: Not usable outside of PowerShell
[2.172s] DEBUG:colcon.colcon_core.shell:Skip shell extension 'dsv' for command environment
[2.240s] INFO:colcon.colcon_ros.task.ament_python.build:Building ROS package in '/home/field/MANOS/src/hand_detector' with build type 'ament_python'
[2.240s] Level 1:colcon.colcon_core.shell:create_environment_hook('hand_detector', 'ament_prefix_path')
[2.259s] INFO:colcon.colcon_core.shell:Creating environment hook '/home/field/MANOS/install/hand_detector/share/hand_detector/hook/ament_prefix_path.ps1'
[2.259s] INFO:colcon.colcon_core.shell:Creating environment descriptor '/home/field/MANOS/install/hand_detector/share/hand_detector/hook/ament_prefix_path.dsv'
[2.260s] INFO:colcon.colcon_core.shell:Creating environment hook '/home/field/MANOS/install/hand_detector/share/hand_detector/hook/ament_prefix_path.sh'
[2.279s] INFO:colcon.colcon_core.shell:Skip shell extension 'powershell' for command environment: Not usable outside of PowerShell
[2.279s] DEBUG:colcon.colcon_core.shell:Skip shell extension 'dsv' for command environment
[2.338s] INFO:colcon.colcon_ros.task.ament_python.build:Building ROS package in '/home/field/MANOS/src/host_listener_package' with build type 'ament_python'
[2.338s] Level 1:colcon.colcon_core.shell:create_environment_hook('host_listener_package', 'ament_prefix_path')
[2.357s] INFO:colcon.colcon_core.shell:Creating environment hook '/home/field/MANOS/install/host_listener_package/share/host_listener_package/hook/ament_prefix_path.ps1'
[2.358s] INFO:colcon.colcon_core.shell:Creating environment descriptor '/home/field/MANOS/install/host_listener_package/share/host_listener_package/hook/ament_prefix_path.dsv'
[2.358s] INFO:colcon.colcon_core.shell:Creating environment hook '/home/field/MANOS/install/host_listener_package/share/host_listener_package/hook/ament_prefix_path.sh'
[2.377s] INFO:colcon.colcon_core.shell:Skip shell extension 'powershell' for command environment: Not usable outside of PowerShell
[2.377s] DEBUG:colcon.colcon_core.shell:Skip shell extension 'dsv' for command environment
[2.559s] INFO:colcon.colcon_core.task.python.build:Building Python package in '/home/field/MANOS/src/camera'
[2.579s] INFO:colcon.colcon_core.shell:Skip shell extension 'powershell' for command environment: Not usable outside of PowerShell
[2.579s] DEBUG:colcon.colcon_core.shell:Skip shell extension 'dsv' for command environment
[2.763s] INFO:colcon.colcon_core.task.python.build:Building Python package in '/home/field/MANOS/src/castelet'
[2.783s] INFO:colcon.colcon_core.shell:Skip shell extension 'powershell' for command environment: Not usable outside of PowerShell
[2.783s] DEBUG:colcon.colcon_core.shell:Skip shell extension 'dsv' for command environment
[2.965s] INFO:colcon.colcon_core.task.python.build:Building Python package in '/home/field/MANOS/src/hand_detector'
[2.985s] INFO:colcon.colcon_core.shell:Skip shell extension 'powershell' for command environment: Not usable outside of PowerShell
[2.985s] DEBUG:colcon.colcon_core.shell:Skip shell extension 'dsv' for command environment
[3.167s] INFO:colcon.colcon_core.task.python.build:Building Python package in '/home/field/MANOS/src/host_listener_package'
[3.187s] INFO:colcon.colcon_core.shell:Skip shell extension 'powershell' for command environment: Not usable outside of PowerShell
[3.188s] DEBUG:colcon.colcon_core.shell:Skip shell extension 'dsv' for command environment
[3.490s] DEBUG:colcon.colcon_core.event_handler.log_command:Invoking command in '/home/field/MANOS/src/castelet': PYTHONPATH=/home/field/MANOS/build/castelet/prefix_override:/home/field/MANOS/install/castelet/lib/python3.8/site-packages:/home/field/MANOS/install/custom_msg/lib/python3.8/site-packages:/home/field/MANOS/install/host_listener_package/lib/python3.8/site-packages:/home/field/MANOS/install/hand_detector/lib/python3.8/site-packages:/home/field/MANOS/install/castelet/lib/python3.8/site-packages:/home/field/MANOS/install/camera/lib/python3.8/site-packages:/opt/ros/galactic/lib/python3.8/site-packages:/home/field/acs/src/behaviors/ /usr/bin/python3 setup.py egg_info --egg-base ../../build/castelet build --build-base /home/field/MANOS/build/castelet/build install --record /home/field/MANOS/build/castelet/install.log --single-version-externally-managed
[3.495s] DEBUG:colcon.colcon_core.event_handler.log_command:Invoking command in '/home/field/MANOS/src/camera': PYTHONPATH=/home/field/MANOS/build/camera/prefix_override:/home/field/MANOS/install/camera/lib/python3.8/site-packages:/home/field/MANOS/install/custom_msg/lib/python3.8/site-packages:/home/field/MANOS/install/host_listener_package/lib/python3.8/site-packages:/home/field/MANOS/install/hand_detector/lib/python3.8/site-packages:/home/field/MANOS/install/castelet/lib/python3.8/site-packages:/home/field/MANOS/install/camera/lib/python3.8/site-packages:/opt/ros/galactic/lib/python3.8/site-packages:/home/field/acs/src/behaviors/ /usr/bin/python3 setup.py egg_info --egg-base ../../build/camera build --build-base /home/field/MANOS/build/camera/build install --record /home/field/MANOS/build/camera/install.log --single-version-externally-managed
[3.497s] DEBUG:colcon.colcon_core.event_handler.log_command:Invoking command in '/home/field/MANOS/src/hand_detector': PYTHONPATH=/home/field/MANOS/build/hand_detector/prefix_override:/home/field/MANOS/install/hand_detector/lib/python3.8/site-packages:/home/field/MANOS/install/custom_msg/lib/python3.8/site-packages:/home/field/MANOS/install/host_listener_package/lib/python3.8/site-packages:/home/field/MANOS/install/hand_detector/lib/python3.8/site-packages:/home/field/MANOS/install/castelet/lib/python3.8/site-packages:/home/field/MANOS/install/camera/lib/python3.8/site-packages:/opt/ros/galactic/lib/python3.8/site-packages:/home/field/acs/src/behaviors/ /usr/bin/python3 setup.py egg_info --egg-base ../../build/hand_detector build --build-base /home/field/MANOS/build/hand_detector/build install --record /home/field/MANOS/build/hand_detector/install.log --single-version-externally-managed
[3.501s] DEBUG:colcon.colcon_core.event_handler.log_command:Invoking command in '/home/field/MANOS/src/host_listener_package': PYTHONPATH=/home/field/MANOS/build/host_listener_package/prefix_override:/home/field/MANOS/install/host_listener_package/lib/python3.8/site-packages:/home/field/MANOS/install/custom_msg/lib/python3.8/site-packages:/home/field/MANOS/install/host_listener_package/lib/python3.8/site-packages:/home/field/MANOS/install/hand_detector/lib/python3.8/site-packages:/home/field/MANOS/install/castelet/lib/python3.8/site-packages:/home/field/MANOS/install/camera/lib/python3.8/site-packages:/opt/ros/galactic/lib/python3.8/site-packages:/home/field/acs/src/behaviors/ /usr/bin/python3 setup.py egg_info --egg-base ../../build/host_listener_package build --build-base /home/field/MANOS/build/host_listener_package/build install --record /home/field/MANOS/build/host_listener_package/install.log --single-version-externally-managed
[3.663s] DEBUG:colcon.colcon_core.event_handler.log_command:Invoked command in '/home/field/MANOS/src/camera' returned '0': PYTHONPATH=/home/field/MANOS/build/camera/prefix_override:/home/field/MANOS/install/camera/lib/python3.8/site-packages:/home/field/MANOS/install/custom_msg/lib/python3.8/site-packages:/home/field/MANOS/install/host_listener_package/lib/python3.8/site-packages:/home/field/MANOS/install/hand_detector/lib/python3.8/site-packages:/home/field/MANOS/install/castelet/lib/python3.8/site-packages:/home/field/MANOS/install/camera/lib/python3.8/site-packages:/opt/ros/galactic/lib/python3.8/site-packages:/home/field/acs/src/behaviors/ /usr/bin/python3 setup.py egg_info --egg-base ../../build/camera build --build-base /home/field/MANOS/build/camera/build install --record /home/field/MANOS/build/camera/install.log --single-version-externally-managed
[3.683s] Level 1:colcon.colcon_core.environment:checking '/home/field/MANOS/install/camera' for CMake module files
[3.683s] Level 1:colcon.colcon_core.environment:checking '/home/field/MANOS/install/camera' for CMake config files
[3.683s] Level 1:colcon.colcon_core.environment:checking '/home/field/MANOS/install/camera/lib'
[3.683s] Level 1:colcon.colcon_core.environment:checking '/home/field/MANOS/install/camera/bin'
[3.683s] Level 1:colcon.colcon_core.environment:checking '/home/field/MANOS/install/camera/lib/pkgconfig/camera.pc'
[3.684s] Level 1:colcon.colcon_core.environment:checking '/home/field/MANOS/install/camera/lib/python3.8/site-packages'
[3.684s] Level 1:colcon.colcon_core.shell:create_environment_hook('camera', 'pythonpath')
[3.702s] INFO:colcon.colcon_core.shell:Creating environment hook '/home/field/MANOS/install/camera/share/camera/hook/pythonpath.ps1'
[3.702s] INFO:colcon.colcon_core.shell:Creating environment descriptor '/home/field/MANOS/install/camera/share/camera/hook/pythonpath.dsv'
[3.702s] INFO:colcon.colcon_core.shell:Creating environment hook '/home/field/MANOS/install/camera/share/camera/hook/pythonpath.sh'
[3.703s] Level 1:colcon.colcon_core.environment:checking '/home/field/MANOS/install/camera/bin'
[3.703s] Level 1:colcon.colcon_core.environment:create_environment_scripts_only(camera)
[3.728s] INFO:colcon.colcon_core.shell:Creating package script '/home/field/MANOS/install/camera/share/camera/package.ps1'
[3.728s] INFO:colcon.colcon_core.shell:Creating package descriptor '/home/field/MANOS/install/camera/share/camera/package.dsv'
[3.728s] INFO:colcon.colcon_core.shell:Creating package script '/home/field/MANOS/install/camera/share/camera/package.sh'
[3.728s] INFO:colcon.colcon_core.shell:Creating package script '/home/field/MANOS/install/camera/share/camera/package.bash'
[3.728s] INFO:colcon.colcon_core.shell:Creating package script '/home/field/MANOS/install/camera/share/camera/package.zsh'
[3.729s] Level 1:colcon.colcon_core.environment:create_file_with_runtime_dependencies(/home/field/MANOS/install/camera/share/colcon-core/packages/camera)
[3.730s] DEBUG:colcon.colcon_core.event_handler.log_command:Invoked command in '/home/field/MANOS/src/hand_detector' returned '0': PYTHONPATH=/home/field/MANOS/build/hand_detector/prefix_override:/home/field/MANOS/install/hand_detector/lib/python3.8/site-packages:/home/field/MANOS/install/custom_msg/lib/python3.8/site-packages:/home/field/MANOS/install/host_listener_package/lib/python3.8/site-packages:/home/field/MANOS/install/hand_detector/lib/python3.8/site-packages:/home/field/MANOS/install/castelet/lib/python3.8/site-packages:/home/field/MANOS/install/camera/lib/python3.8/site-packages:/opt/ros/galactic/lib/python3.8/site-packages:/home/field/acs/src/behaviors/ /usr/bin/python3 setup.py egg_info --egg-base ../../build/hand_detector build --build-base /home/field/MANOS/build/hand_detector/build install --record /home/field/MANOS/build/hand_detector/install.log --single-version-externally-managed
[3.750s] Level 1:colcon.colcon_core.environment:checking '/home/field/MANOS/install/hand_detector' for CMake module files
[3.750s] Level 1:colcon.colcon_core.environment:checking '/home/field/MANOS/install/hand_detector' for CMake config files
[3.750s] Level 1:colcon.colcon_core.environment:checking '/home/field/MANOS/install/hand_detector/lib'
[3.750s] Level 1:colcon.colcon_core.environment:checking '/home/field/MANOS/install/hand_detector/bin'
[3.750s] Level 1:colcon.colcon_core.environment:checking '/home/field/MANOS/install/hand_detector/lib/pkgconfig/hand_detector.pc'
[3.750s] Level 1:colcon.colcon_core.environment:checking '/home/field/MANOS/install/hand_detector/lib/python3.8/site-packages'
[3.750s] Level 1:colcon.colcon_core.shell:create_environment_hook('hand_detector', 'pythonpath')
[3.769s] INFO:colcon.colcon_core.shell:Creating environment hook '/home/field/MANOS/install/hand_detector/share/hand_detector/hook/pythonpath.ps1'
[3.769s] INFO:colcon.colcon_core.shell:Creating environment descriptor '/home/field/MANOS/install/hand_detector/share/hand_detector/hook/pythonpath.dsv'
[3.769s] INFO:colcon.colcon_core.shell:Creating environment hook '/home/field/MANOS/install/hand_detector/share/hand_detector/hook/pythonpath.sh'
[3.769s] Level 1:colcon.colcon_core.environment:checking '/home/field/MANOS/install/hand_detector/bin'
[3.769s] Level 1:colcon.colcon_core.environment:create_environment_scripts_only(hand_detector)
[3.789s] INFO:colcon.colcon_core.shell:Creating package script '/home/field/MANOS/install/hand_detector/share/hand_detector/package.ps1'
[3.789s] INFO:colcon.colcon_core.shell:Creating package descriptor '/home/field/MANOS/install/hand_detector/share/hand_detector/package.dsv'
[3.789s] INFO:colcon.colcon_core.shell:Creating package script '/home/field/MANOS/install/hand_detector/share/hand_detector/package.sh'
[3.789s] INFO:colcon.colcon_core.shell:Creating package script '/home/field/MANOS/install/hand_detector/share/hand_detector/package.bash'
[3.790s] INFO:colcon.colcon_core.shell:Creating package script '/home/field/MANOS/install/hand_detector/share/hand_detector/package.zsh'
[3.790s] Level 1:colcon.colcon_core.environment:create_file_with_runtime_dependencies(/home/field/MANOS/install/hand_detector/share/colcon-core/packages/hand_detector)
[3.790s] DEBUG:colcon.colcon_core.event_handler.log_command:Invoked command in '/home/field/MANOS/src/host_listener_package' returned '0': PYTHONPATH=/home/field/MANOS/build/host_listener_package/prefix_override:/home/field/MANOS/install/host_listener_package/lib/python3.8/site-packages:/home/field/MANOS/install/custom_msg/lib/python3.8/site-packages:/home/field/MANOS/install/host_listener_package/lib/python3.8/site-packages:/home/field/MANOS/install/hand_detector/lib/python3.8/site-packages:/home/field/MANOS/install/castelet/lib/python3.8/site-packages:/home/field/MANOS/install/camera/lib/python3.8/site-packages:/opt/ros/galactic/lib/python3.8/site-packages:/home/field/acs/src/behaviors/ /usr/bin/python3 setup.py egg_info --egg-base ../../build/host_listener_package build --build-base /home/field/MANOS/build/host_listener_package/build install --record /home/field/MANOS/build/host_listener_package/install.log --single-version-externally-managed
[3.809s] Level 1:colcon.colcon_core.environment:checking '/home/field/MANOS/install/host_listener_package' for CMake module files
[3.809s] Level 1:colcon.colcon_core.environment:checking '/home/field/MANOS/install/host_listener_package' for CMake config files
[3.809s] Level 1:colcon.colcon_core.environment:checking '/home/field/MANOS/install/host_listener_package/lib'
[3.809s] Level 1:colcon.colcon_core.environment:checking '/home/field/MANOS/install/host_listener_package/bin'
[3.809s] Level 1:colcon.colcon_core.environment:checking '/home/field/MANOS/install/host_listener_package/lib/pkgconfig/host_listener_package.pc'
[3.809s] Level 1:colcon.colcon_core.environment:checking '/home/field/MANOS/install/host_listener_package/lib/python3.8/site-packages'
[3.809s] Level 1:colcon.colcon_core.shell:create_environment_hook('host_listener_package', 'pythonpath')
[3.828s] INFO:colcon.colcon_core.shell:Creating environment hook '/home/field/MANOS/install/host_listener_package/share/host_listener_package/hook/pythonpath.ps1'
[3.828s] INFO:colcon.colcon_core.shell:Creating environment descriptor '/home/field/MANOS/install/host_listener_package/share/host_listener_package/hook/pythonpath.dsv'
[3.828s] INFO:colcon.colcon_core.shell:Creating environment hook '/home/field/MANOS/install/host_listener_package/share/host_listener_package/hook/pythonpath.sh'
[3.829s] Level 1:colcon.colcon_core.environment:checking '/home/field/MANOS/install/host_listener_package/bin'
[3.829s] Level 1:colcon.colcon_core.environment:create_environment_scripts_only(host_listener_package)
[3.848s] INFO:colcon.colcon_core.shell:Creating package script '/home/field/MANOS/install/host_listener_package/share/host_listener_package/package.ps1'
[3.848s] INFO:colcon.colcon_core.shell:Creating package descriptor '/home/field/MANOS/install/host_listener_package/share/host_listener_package/package.dsv'
[3.848s] INFO:colcon.colcon_core.shell:Creating package script '/home/field/MANOS/install/host_listener_package/share/host_listener_package/package.sh'
[3.849s] INFO:colcon.colcon_core.shell:Creating package script '/home/field/MANOS/install/host_listener_package/share/host_listener_package/package.bash'
[3.849s] INFO:colcon.colcon_core.shell:Creating package script '/home/field/MANOS/install/host_listener_package/share/host_listener_package/package.zsh'
[3.849s] Level 1:colcon.colcon_core.environment:create_file_with_runtime_dependencies(/home/field/MANOS/install/host_listener_package/share/colcon-core/packages/host_listener_package)
[3.850s] DEBUG:colcon.colcon_core.event_handler.log_command:Invoked command in '/home/field/MANOS/src/castelet' returned '0': PYTHONPATH=/home/field/MANOS/build/castelet/prefix_override:/home/field/MANOS/install/castelet/lib/python3.8/site-packages:/home/field/MANOS/install/custom_msg/lib/python3.8/site-packages:/home/field/MANOS/install/host_listener_package/lib/python3.8/site-packages:/home/field/MANOS/install/hand_detector/lib/python3.8/site-packages:/home/field/MANOS/install/castelet/lib/python3.8/site-packages:/home/field/MANOS/install/camera/lib/python3.8/site-packages:/opt/ros/galactic/lib/python3.8/site-packages:/home/field/acs/src/behaviors/ /usr/bin/python3 setup.py egg_info --egg-base ../../build/castelet build --build-base /home/field/MANOS/build/castelet/build install --record /home/field/MANOS/build/castelet/install.log --single-version-externally-managed
[3.867s] Level 1:colcon.colcon_core.environment:checking '/home/field/MANOS/install/castelet' for CMake module files
[3.868s] Level 1:colcon.colcon_core.environment:checking '/home/field/MANOS/install/castelet' for CMake config files
[3.868s] Level 1:colcon.colcon_core.environment:checking '/home/field/MANOS/install/castelet/lib'
[3.868s] Level 1:colcon.colcon_core.environment:checking '/home/field/MANOS/install/castelet/bin'
[3.868s] Level 1:colcon.colcon_core.environment:checking '/home/field/MANOS/install/castelet/lib/pkgconfig/castelet.pc'
[3.868s] Level 1:colcon.colcon_core.environment:checking '/home/field/MANOS/install/castelet/lib/python3.8/site-packages'
[3.868s] Level 1:colcon.colcon_core.shell:create_environment_hook('castelet', 'pythonpath')
[3.887s] INFO:colcon.colcon_core.shell:Creating environment hook '/home/field/MANOS/install/castelet/share/castelet/hook/pythonpath.ps1'
[3.887s] INFO:colcon.colcon_core.shell:Creating environment descriptor '/home/field/MANOS/install/castelet/share/castelet/hook/pythonpath.dsv'
[3.888s] INFO:colcon.colcon_core.shell:Creating environment hook '/home/field/MANOS/install/castelet/share/castelet/hook/pythonpath.sh'
[3.888s] Level 1:colcon.colcon_core.environment:checking '/home/field/MANOS/install/castelet/bin'
[3.888s] Level 1:colcon.colcon_core.environment:create_environment_scripts_only(castelet)
[3.906s] INFO:colcon.colcon_core.shell:Creating package script '/home/field/MANOS/install/castelet/share/castelet/package.ps1'
[3.907s] INFO:colcon.colcon_core.shell:Creating package descriptor '/home/field/MANOS/install/castelet/share/castelet/package.dsv'
[3.907s] INFO:colcon.colcon_core.shell:Creating package script '/home/field/MANOS/install/castelet/share/castelet/package.sh'
[3.907s] INFO:colcon.colcon_core.shell:Creating package script '/home/field/MANOS/install/castelet/share/castelet/package.bash'
[3.907s] INFO:colcon.colcon_core.shell:Creating package script '/home/field/MANOS/install/castelet/share/castelet/package.zsh'
[3.907s] Level 1:colcon.colcon_core.environment:create_file_with_runtime_dependencies(/home/field/MANOS/install/castelet/share/colcon-core/packages/castelet)
[3.908s] DEBUG:colcon.colcon_parallel_executor.executor.parallel:closing loop
[3.908s] DEBUG:colcon.colcon_parallel_executor.executor.parallel:loop closed
[3.908s] DEBUG:colcon.colcon_parallel_executor.executor.parallel:run_until_complete finished with '0'
[3.908s] DEBUG:colcon.colcon_core.event_reactor:joining thread
[3.930s] INFO:colcon.colcon_core.plugin_system:Skipping extension 'colcon_notification.desktop_notification.terminal_notifier': Not used on non-Darwin systems
[3.930s] INFO:colcon.colcon_core.plugin_system:Skipping extension 'colcon_notification.desktop_notification.win32': Not used on non-Windows systems
[3.930s] INFO:colcon.colcon_notification.desktop_notification:Sending desktop notification using 'notify2'
[3.941s] DEBUG:colcon.colcon_core.event_reactor:joined thread
[3.959s] INFO:colcon.colcon_core.shell:Creating prefix script '/home/field/MANOS/install/local_setup.ps1'
[3.960s] INFO:colcon.colcon_core.shell:Creating prefix util module '/home/field/MANOS/install/_local_setup_util_ps1.py'
[3.960s] INFO:colcon.colcon_core.shell:Creating prefix chain script '/home/field/MANOS/install/setup.ps1'
[3.979s] INFO:colcon.colcon_core.shell:Creating prefix script '/home/field/MANOS/install/local_setup.sh'
[3.979s] INFO:colcon.colcon_core.shell:Creating prefix util module '/home/field/MANOS/install/_local_setup_util_sh.py'
[3.979s] INFO:colcon.colcon_core.shell:Creating prefix chain script '/home/field/MANOS/install/setup.sh'
[3.999s] INFO:colcon.colcon_core.shell:Creating prefix script '/home/field/MANOS/install/local_setup.bash'
[4.000s] INFO:colcon.colcon_core.shell:Creating prefix chain script '/home/field/MANOS/install/setup.bash'
[4.019s] INFO:colcon.colcon_core.shell:Creating prefix script '/home/field/MANOS/install/local_setup.zsh'
[4.019s] INFO:colcon.colcon_core.shell:Creating prefix chain script '/home/field/MANOS/install/setup.zsh'
