[4.750s] Invoking command in '/home/keny/MANOS_ws/src/CustomRosController': PYTHONPATH=/home/keny/MANOS_ws/build/CustomRosController/prefix_override:/home/keny/MANOS_ws/install/CustomRosController/lib/python3.8/site-packages:${PYTHONPATH} /usr/bin/python3 setup.py egg_info --egg-base ../../build/CustomRosController build --build-base /home/keny/MANOS_ws/build/CustomRosController/build install --record /home/keny/MANOS_ws/build/CustomRosController/install.log --single-version-externally-managed
[5.483s] running egg_info
[5.485s] writing ../../build/CustomRosController/CustomRosController.egg-info/PKG-INFO
[5.486s] writing dependency_links to ../../build/CustomRosController/CustomRosController.egg-info/dependency_links.txt
[5.487s] writing entry points to ../../build/CustomRosController/CustomRosController.egg-info/entry_points.txt
[5.487s] writing requirements to ../../build/CustomRosController/CustomRosController.egg-info/requires.txt
[5.488s] writing top-level names to ../../build/CustomRosController/CustomRosController.egg-info/top_level.txt
[5.573s] reading manifest file '../../build/CustomRosController/CustomRosController.egg-info/SOURCES.txt'
[5.576s] writing manifest file '../../build/CustomRosController/CustomRosController.egg-info/SOURCES.txt'
[5.576s] running build
[5.577s] running build_py
[5.577s] running install
[5.579s] running install_lib
[5.582s] running install_data
[5.583s] running install_egg_info
[5.587s] removing '/home/keny/MANOS_ws/install/CustomRosController/lib/python3.8/site-packages/CustomRosController-0.0.0-py3.8.egg-info' (and everything under it)
[5.588s] Copying ../../build/CustomRosController/CustomRosController.egg-info to /home/keny/MANOS_ws/install/CustomRosController/lib/python3.8/site-packages/CustomRosController-0.0.0-py3.8.egg-info
[5.590s] running install_scripts
[5.636s] writing list of installed files to '/home/keny/MANOS_ws/build/CustomRosController/install.log'
[5.707s] Invoked command in '/home/keny/MANOS_ws/src/CustomRosController' returned '0': PYTHONPATH=/home/keny/MANOS_ws/build/CustomRosController/prefix_override:/home/keny/MANOS_ws/install/CustomRosController/lib/python3.8/site-packages:${PYTHONPATH} /usr/bin/python3 setup.py egg_info --egg-base ../../build/CustomRosController build --build-base /home/keny/MANOS_ws/build/CustomRosController/build install --record /home/keny/MANOS_ws/build/CustomRosController/install.log --single-version-externally-managed
